wandb: [wandb.login()] Loaded credentials for https://api.wandb.ai from /home/users/am1015/.netrc.
wandb: Currently logged in as: arjun-mahesh (arjun-mahesh-duke-university) to https://api.wandb.ai. Use `wandb login --relogin` to force relogin
wandb: setting up run ludtv8jt
wandb: Tracking run with wandb version 0.25.0
wandb: Run data is saved locally in /home/users/am1015/cleanrl/wandb/run-20260222_211538-ludtv8jt
wandb: Run `wandb offline` to turn off syncing.
wandb: Syncing run s4_vanilla_nominal
wandb: ⭐️ View project at https://wandb.ai/arjun-mahesh-duke-university/cleanrl
wandb: 🚀 View run at https://wandb.ai/arjun-mahesh-duke-university/cleanrl/runs/ludtv8jt
/home/users/am1015/cleanrl/.venv/lib/python3.11/site-packages/gymnasium/envs/registration.py:512: DeprecationWarning: [33mWARN: The environment Walker2d-v4 is out of date. You should consider upgrading to version `v5`.[0m
  logger.deprecation(
/home/users/am1015/cleanrl/evaluate_ppo_robust.py:162: FutureWarning: You are using `torch.load` with `weights_only=False` (the current default value), which uses the default pickle module implicitly. It is possible to construct malicious pickle data which will execute arbitrary code during unpickling (See https://github.com/pytorch/pytorch/blob/main/SECURITY.md#untrusted-models for more details). In a future release, the default value for `weights_only` will be flipped to `True`. This limits the functions that could be executed during unpickling. Arbitrary objects will no longer be allowed to be loaded via this mode unless they are explicitly allowlisted by the user via `torch.serialization.add_safe_globals`. We recommend you start setting `weights_only=True` for any use case where you don't have full control of the loaded file. Please open an issue on GitHub for any issues related to this experimental feature.
  agent.load_state_dict(torch.load(args.model_path, map_location=device))
wandb: updating run metadata
wandb: uploading history steps 0-100, summary, console lines 97-110
wandb: 
wandb: Run history:
wandb:         eval/episode ▁▁▁▂▂▂▂▂▂▂▂▃▃▃▃▃▄▄▄▄▄▄▄▅▅▆▆▆▆▇▇▇▇▇██████
wandb: eval/episodic_return ▇▆▄▃▆▃▄▅▁▄▃▃▃▃▂▄▁▆▂▇▄█▇▇▆▅▂▇▄▁▅▁▃█▆█▂▂▅▃
wandb:   eval/eval_episodes ▁
wandb:      eval/iqm_return ▁
wandb:    eval/is_perturbed ▁
wandb:      eval/max_return ▁
wandb:     eval/mean_return ▁
wandb:   eval/median_return ▁
wandb:      eval/min_return ▁
wandb:      eval/std_return ▁
wandb: 
wandb: Run summary:
wandb:         eval/episode 99
wandb: eval/episodic_return 1821.90582
wandb:   eval/eval_episodes 100
wandb:      eval/iqm_return 2821.16553
wandb:    eval/is_perturbed 0
wandb:      eval/max_return 4909.51745
wandb:     eval/mean_return 2870.01397
wandb:   eval/median_return 2769.38642
wandb:      eval/min_return 372.2209
wandb:      eval/std_return 1203.65827
wandb: 
wandb: 🚀 View run s4_vanilla_nominal at: https://wandb.ai/arjun-mahesh-duke-university/cleanrl/runs/ludtv8jt
wandb: ⭐️ View project at: https://wandb.ai/arjun-mahesh-duke-university/cleanrl
wandb: Synced 5 W&B file(s), 0 media file(s), 0 artifact file(s) and 0 other file(s)
wandb: Find logs at: ./wandb/run-20260222_211538-ludtv8jt/logs
loaded normalization stats from /home/users/am1015/rl_runs/Walker2d-v4__ppo_cont_vanilla_final__4__1771811166/ppo_cont_vanilla_final.cleanrl_model.norm_stats.npz
eval_episode=0, episodic_return=4474.788532206744
eval_episode=1, episodic_return=3703.9804897880476
eval_episode=2, episodic_return=2502.999096909154
eval_episode=3, episodic_return=3237.750743543795
eval_episode=4, episodic_return=2303.520828888166
eval_episode=5, episodic_return=2187.9794149056015
eval_episode=6, episodic_return=3373.6233998581097
eval_episode=7, episodic_return=3663.266495051377
eval_episode=8, episodic_return=2653.1568705163436
eval_episode=9, episodic_return=2406.1436183690066
eval_episode=10, episodic_return=2059.404331339075
eval_episode=11, episodic_return=1337.010362005822
eval_episode=12, episodic_return=1334.5215828905366
eval_episode=13, episodic_return=2729.4808812550646
eval_episode=14, episodic_return=3377.1991825963396
eval_episode=15, episodic_return=3768.2082294433985
eval_episode=16, episodic_return=3894.8519403153928
eval_episode=17, episodic_return=1395.4642804992504
eval_episode=18, episodic_return=2809.29195788282
eval_episode=19, episodic_return=1446.9829447212462
eval_episode=20, episodic_return=4522.760058545848
eval_episode=21, episodic_return=1064.8526638349344
eval_episode=22, episodic_return=2455.7648212194317
eval_episode=23, episodic_return=372.2208954156612
eval_episode=24, episodic_return=4698.34206062631
eval_episode=25, episodic_return=1355.9042904314624
eval_episode=26, episodic_return=4572.183353426767
eval_episode=27, episodic_return=3049.560941629394
eval_episode=28, episodic_return=2475.2394159304686
eval_episode=29, episodic_return=1550.7553562515689
eval_episode=30, episodic_return=2092.852850281398
eval_episode=31, episodic_return=2200.7335373172114
eval_episode=32, episodic_return=4406.616894237857
eval_episode=33, episodic_return=4122.0917658552435
eval_episode=34, episodic_return=4615.220113897202
eval_episode=35, episodic_return=2075.4892770946617
eval_episode=36, episodic_return=2022.8618643802533
eval_episode=37, episodic_return=1857.7354731346647
eval_episode=38, episodic_return=1118.2464829769438
eval_episode=39, episodic_return=2942.109558255175
eval_episode=40, episodic_return=3261.3155180042636
eval_episode=41, episodic_return=4704.661895680884
eval_episode=42, episodic_return=1039.119200825107
eval_episode=43, episodic_return=3669.1050096389813
eval_episode=44, episodic_return=3001.8398080975385
eval_episode=45, episodic_return=1619.9837517994556
eval_episode=46, episodic_return=4617.307496799332
eval_episode=47, episodic_return=3499.7835713023137
eval_episode=48, episodic_return=3294.688580673698
eval_episode=49, episodic_return=1906.6668715732646
eval_episode=50, episodic_return=1258.6606026419477
eval_episode=51, episodic_return=4708.3539279053975
eval_episode=52, episodic_return=2657.9219173760057
eval_episode=53, episodic_return=4656.10812295715
eval_episode=54, episodic_return=4626.367164219532
eval_episode=55, episodic_return=4264.2793100481695
eval_episode=56, episodic_return=1996.1893902432432
eval_episode=57, episodic_return=3771.189156341992
eval_episode=58, episodic_return=3760.4077639047246
eval_episode=59, episodic_return=4223.861489696849
eval_episode=60, episodic_return=4397.704843023059
eval_episode=61, episodic_return=1378.4289652277719
eval_episode=62, episodic_return=3274.834554407838
eval_episode=63, episodic_return=1389.6238500582815
eval_episode=64, episodic_return=1799.5143449871011
eval_episode=65, episodic_return=4562.658409434375
eval_episode=66, episodic_return=2533.0050162433035
eval_episode=67, episodic_return=3238.1557870925153
eval_episode=68, episodic_return=1276.187945393503
eval_episode=69, episodic_return=4646.20277484204
eval_episode=70, episodic_return=3118.865594252334
eval_episode=71, episodic_return=2337.6433933836156
eval_episode=72, episodic_return=3612.471545684858
eval_episode=73, episodic_return=1543.0509694522234
eval_episode=74, episodic_return=3828.3818795719517
eval_episode=75, episodic_return=1315.0147923763107
eval_episode=76, episodic_return=2024.228858900715
eval_episode=77, episodic_return=1655.5362813669526
eval_episode=78, episodic_return=4909.517447848205
eval_episode=79, episodic_return=1754.0879466631284
eval_episode=80, episodic_return=1541.9708712838965
eval_episode=81, episodic_return=3894.0031347688355
eval_episode=82, episodic_return=2597.6520195759745
eval_episode=83, episodic_return=2416.741569149108
eval_episode=84, episodic_return=3418.028006011593
eval_episode=85, episodic_return=4669.72455544358
eval_episode=86, episodic_return=1691.7569863509946
eval_episode=87, episodic_return=1531.8658997844757
eval_episode=88, episodic_return=4589.028174174462
eval_episode=89, episodic_return=2275.3131303097166
eval_episode=90, episodic_return=1696.8317136151984
eval_episode=91, episodic_return=3223.89043496965
eval_episode=92, episodic_return=3283.146687942622
eval_episode=93, episodic_return=3800.788549705079
eval_episode=94, episodic_return=848.1874212050404
eval_episode=95, episodic_return=4664.838158965636
eval_episode=96, episodic_return=1948.2283077268007
eval_episode=97, episodic_return=4357.487005493239
eval_episode=98, episodic_return=3365.9163266017167
eval_episode=99, episodic_return=1821.905824267567
mean_return=2870.0140
std_return=1203.6583
median_return=2769.3864
iqm_return=2821.1655
min_return=372.2209
max_return=4909.5174
metrics appended to /home/users/am1015/cleanrl/sweeps/metrics/seed_4.csv
wandb: [wandb.login()] Loaded credentials for https://api.wandb.ai from /home/users/am1015/.netrc.
wandb: Currently logged in as: arjun-mahesh (arjun-mahesh-duke-university) to https://api.wandb.ai. Use `wandb login --relogin` to force relogin
wandb: Tracking run with wandb version 0.25.0
wandb: Run data is saved locally in /home/users/am1015/cleanrl/wandb/run-20260222_211632-0cwvuiyl
wandb: Run `wandb offline` to turn off syncing.
wandb: Syncing run s4_tv_nominal
wandb: ⭐️ View project at https://wandb.ai/arjun-mahesh-duke-university/cleanrl
wandb: 🚀 View run at https://wandb.ai/arjun-mahesh-duke-university/cleanrl/runs/0cwvuiyl
/home/users/am1015/cleanrl/.venv/lib/python3.11/site-packages/gymnasium/envs/registration.py:512: DeprecationWarning: [33mWARN: The environment Walker2d-v4 is out of date. You should consider upgrading to version `v5`.[0m
  logger.deprecation(
/home/users/am1015/cleanrl/evaluate_ppo_robust.py:162: FutureWarning: You are using `torch.load` with `weights_only=False` (the current default value), which uses the default pickle module implicitly. It is possible to construct malicious pickle data which will execute arbitrary code during unpickling (See https://github.com/pytorch/pytorch/blob/main/SECURITY.md#untrusted-models for more details). In a future release, the default value for `weights_only` will be flipped to `True`. This limits the functions that could be executed during unpickling. Arbitrary objects will no longer be allowed to be loaded via this mode unless they are explicitly allowlisted by the user via `torch.serialization.add_safe_globals`. We recommend you start setting `weights_only=True` for any use case where you don't have full control of the loaded file. Please open an issue on GitHub for any issues related to this experimental feature.
  agent.load_state_dict(torch.load(args.model_path, map_location=device))
wandb: updating run metadata
wandb: uploading history steps 0-100, summary, console lines 93-110
wandb: 
wandb: Run history:
wandb:         eval/episode ▁▁▂▂▂▂▂▃▃▃▃▃▄▄▄▄▄▄▄▄▅▅▅▅▅▅▅▅▆▆▆▇▇▇▇▇▇███
wandb: eval/episodic_return █▆▂▁██▃▇▆▄▂▆▇▂▇▃▂▇▅▃█▅█▆█▄▄▇▆▆▄▂▃█▇██▃▁▃
wandb:   eval/eval_episodes ▁
wandb:      eval/iqm_return ▁
wandb:    eval/is_perturbed ▁
wandb:      eval/max_return ▁
wandb:     eval/mean_return ▁
wandb:   eval/median_return ▁
wandb:      eval/min_return ▁
wandb:      eval/std_return ▁
wandb: 
wandb: Run summary:
wandb:         eval/episode 99
wandb: eval/episodic_return 1291.6364
wandb:   eval/eval_episodes 100
wandb:      eval/iqm_return 2991.24619
wandb:    eval/is_perturbed 0
wandb:      eval/max_return 4840.13368
wandb:     eval/mean_return 2981.24167
wandb:   eval/median_return 2915.69489
wandb:      eval/min_return 332.02998
wandb:      eval/std_return 1305.20092
wandb: 
wandb: 🚀 View run s4_tv_nominal at: https://wandb.ai/arjun-mahesh-duke-university/cleanrl/runs/0cwvuiyl
wandb: ⭐️ View project at: https://wandb.ai/arjun-mahesh-duke-university/cleanrl
wandb: Synced 5 W&B file(s), 0 media file(s), 0 artifact file(s) and 0 other file(s)
wandb: Find logs at: ./wandb/run-20260222_211632-0cwvuiyl/logs
loaded normalization stats from /home/users/am1015/rl_runs/Walker2d-v4__ppo_cont_tv_final_cap3500__4__1771811496/ppo_cont_tv_final_cap3500.cleanrl_model.norm_stats.npz
eval_episode=0, episodic_return=4815.624415613527
eval_episode=1, episodic_return=1172.6379826848593
eval_episode=2, episodic_return=1853.0942747132976
eval_episode=3, episodic_return=4551.761180875954
eval_episode=4, episodic_return=2972.9120929852643
eval_episode=5, episodic_return=3591.8772332946833
eval_episode=6, episodic_return=1789.6565821720542
eval_episode=7, episodic_return=1680.7893444889974
eval_episode=8, episodic_return=886.0612389311343
eval_episode=9, episodic_return=3420.1814138414356
eval_episode=10, episodic_return=4559.582191422245
eval_episode=11, episodic_return=4611.925772965929
eval_episode=12, episodic_return=4577.725262952763
eval_episode=13, episodic_return=4795.761362455283
eval_episode=14, episodic_return=1791.2865070629614
eval_episode=15, episodic_return=4189.07883082465
eval_episode=16, episodic_return=4247.808918974088
eval_episode=17, episodic_return=3485.4350752807204
eval_episode=18, episodic_return=2543.6213975164824
eval_episode=19, episodic_return=2234.308776492974
eval_episode=20, episodic_return=4840.13368478082
eval_episode=21, episodic_return=2175.8630902081627
eval_episode=22, episodic_return=1328.8372797497464
eval_episode=23, episodic_return=4535.292004241414
eval_episode=24, episodic_return=3766.9057537838703
eval_episode=25, episodic_return=4440.009675260205
eval_episode=26, episodic_return=1246.240085459459
eval_episode=27, episodic_return=4581.277966188585
eval_episode=28, episodic_return=4032.821056265021
eval_episode=29, episodic_return=4650.8910120409455
eval_episode=30, episodic_return=3798.667485925632
eval_episode=31, episodic_return=4692.304127677261
eval_episode=32, episodic_return=4639.978166187091
eval_episode=33, episodic_return=2190.5848001672043
eval_episode=34, episodic_return=4511.200564738811
eval_episode=35, episodic_return=2363.3188848360787
eval_episode=36, episodic_return=2205.66935109807
eval_episode=37, episodic_return=1818.3063997622169
eval_episode=38, episodic_return=4406.874156475011
eval_episode=39, episodic_return=2132.2729566619323
eval_episode=40, episodic_return=1389.5932687236752
eval_episode=41, episodic_return=4354.038697909575
eval_episode=42, episodic_return=2929.819667141018
eval_episode=43, episodic_return=1694.015348358775
eval_episode=44, episodic_return=1747.5053962780278
eval_episode=45, episodic_return=2249.0752081544438
eval_episode=46, episodic_return=4537.014327123588
eval_episode=47, episodic_return=2901.5701223459855
eval_episode=48, episodic_return=3075.265633485234
eval_episode=49, episodic_return=1215.3894079248325
eval_episode=50, episodic_return=4702.777458395347
eval_episode=51, episodic_return=3179.774914638089
eval_episode=52, episodic_return=3439.521376729669
eval_episode=53, episodic_return=2856.3018994724735
eval_episode=54, episodic_return=1323.0335107779292
eval_episode=55, episodic_return=4646.020724953881
eval_episode=56, episodic_return=2142.154193820923
eval_episode=57, episodic_return=2748.8311659616293
eval_episode=58, episodic_return=332.0299788968844
eval_episode=59, episodic_return=2626.708537383973
eval_episode=60, episodic_return=3984.6714367759055
eval_episode=61, episodic_return=3172.334709981496
eval_episode=62, episodic_return=2655.241604462384
eval_episode=63, episodic_return=2485.0991834156976
eval_episode=64, episodic_return=3858.658179055188
eval_episode=65, episodic_return=3797.3783557068064
eval_episode=66, episodic_return=4373.532951396769
eval_episode=67, episodic_return=3567.8250987066635
eval_episode=68, episodic_return=1373.2271798313527
eval_episode=69, episodic_return=3744.5905963235077
eval_episode=70, episodic_return=3673.153045409293
eval_episode=71, episodic_return=1158.3907733794945
eval_episode=72, episodic_return=2402.7977858285353
eval_episode=73, episodic_return=2488.508967081384
eval_episode=74, episodic_return=3433.611964263668
eval_episode=75, episodic_return=1720.189019781548
eval_episode=76, episodic_return=1333.1521212189687
eval_episode=77, episodic_return=1856.5927867472678
eval_episode=78, episodic_return=1553.5236501767658
eval_episode=79, episodic_return=1866.322863538289
eval_episode=80, episodic_return=4690.102022531882
eval_episode=81, episodic_return=4343.0078126636145
eval_episode=82, episodic_return=4551.243178445917
eval_episode=83, episodic_return=1907.795819255844
eval_episode=84, episodic_return=4835.34067662662
eval_episode=85, episodic_return=3751.8767794853507
eval_episode=86, episodic_return=1717.7730562862646
eval_episode=87, episodic_return=4610.584374324748
eval_episode=88, episodic_return=4605.222048505841
eval_episode=89, episodic_return=2302.544919906861
eval_episode=90, episodic_return=3619.4304648908374
eval_episode=91, episodic_return=2089.381246085278
eval_episode=92, episodic_return=335.4650433522496
eval_episode=93, episodic_return=1161.867053732905
eval_episode=94, episodic_return=2814.189899716185
eval_episode=95, episodic_return=4642.063116416132
eval_episode=96, episodic_return=1563.4808591827857
eval_episode=97, episodic_return=2039.8131348378984
eval_episode=98, episodic_return=533.5274882285679
eval_episode=99, episodic_return=1291.6363956621947
mean_return=2981.2417
std_return=1305.2009
median_return=2915.6949
iqm_return=2991.2462
min_return=332.0300
max_return=4840.1337
metrics appended to /home/users/am1015/cleanrl/sweeps/metrics/seed_4.csv
wandb: [wandb.login()] Loaded credentials for https://api.wandb.ai from /home/users/am1015/.netrc.
wandb: Currently logged in as: arjun-mahesh (arjun-mahesh-duke-university) to https://api.wandb.ai. Use `wandb login --relogin` to force relogin
wandb: setting up run j2h78bm6
wandb: Tracking run with wandb version 0.25.0
wandb: Run data is saved locally in /home/users/am1015/cleanrl/wandb/run-20260222_211726-j2h78bm6
wandb: Run `wandb offline` to turn off syncing.
wandb: Syncing run s4_vanilla_friction_1p0
wandb: ⭐️ View project at https://wandb.ai/arjun-mahesh-duke-university/cleanrl
wandb: 🚀 View run at https://wandb.ai/arjun-mahesh-duke-university/cleanrl/runs/j2h78bm6
/home/users/am1015/cleanrl/.venv/lib/python3.11/site-packages/gymnasium/envs/registration.py:512: DeprecationWarning: [33mWARN: The environment Walker2d-v4 is out of date. You should consider upgrading to version `v5`.[0m
  logger.deprecation(
/home/users/am1015/cleanrl/evaluate_ppo_robust.py:162: FutureWarning: You are using `torch.load` with `weights_only=False` (the current default value), which uses the default pickle module implicitly. It is possible to construct malicious pickle data which will execute arbitrary code during unpickling (See https://github.com/pytorch/pytorch/blob/main/SECURITY.md#untrusted-models for more details). In a future release, the default value for `weights_only` will be flipped to `True`. This limits the functions that could be executed during unpickling. Arbitrary objects will no longer be allowed to be loaded via this mode unless they are explicitly allowlisted by the user via `torch.serialization.add_safe_globals`. We recommend you start setting `weights_only=True` for any use case where you don't have full control of the loaded file. Please open an issue on GitHub for any issues related to this experimental feature.
  agent.load_state_dict(torch.load(args.model_path, map_location=device))
wandb: updating run metadata
wandb: uploading output.log; uploading wandb-summary.json; uploading config.yaml
wandb: 
wandb: Run history:
wandb:         eval/episode ▁▁▁▁▂▂▂▂▂▂▃▃▃▃▃▄▄▄▄▄▄▅▅▅▅▅▆▆▆▆▇▇▇▇▇▇▇███
wandb: eval/episodic_return ▃▃▂▂▆▂▃█▂▄▂▃▂▁▃▃▂▃▂▃▁▂▃▄▆▃▁▃▂▆▂▃▅▃▄▂▅▂▃▄
wandb:   eval/eval_episodes ▁
wandb:      eval/iqm_return ▁
wandb:    eval/is_perturbed ▁
wandb:      eval/max_return ▁
wandb:     eval/mean_return ▁
wandb:   eval/median_return ▁
wandb:      eval/min_return ▁
wandb:      eval/std_return ▁
wandb: 
wandb: Run summary:
wandb:         eval/episode 99
wandb: eval/episodic_return 3969.135
wandb:   eval/eval_episodes 100
wandb:      eval/iqm_return 2495.60845
wandb:    eval/is_perturbed 1
wandb:      eval/max_return 9975.46494
wandb:     eval/mean_return 2913.59464
wandb:   eval/median_return 2448.27494
wandb:      eval/min_return 287.88471
wandb:      eval/std_return 1974.53139
wandb: 
wandb: 🚀 View run s4_vanilla_friction_1p0 at: https://wandb.ai/arjun-mahesh-duke-university/cleanrl/runs/j2h78bm6
wandb: ⭐️ View project at: https://wandb.ai/arjun-mahesh-duke-university/cleanrl
wandb: Synced 5 W&B file(s), 0 media file(s), 0 artifact file(s) and 0 other file(s)
wandb: Find logs at: ./wandb/run-20260222_211726-j2h78bm6/logs
loaded normalization stats from /home/users/am1015/rl_runs/Walker2d-v4__ppo_cont_vanilla_final__4__1771811166/ppo_cont_vanilla_final.cleanrl_model.norm_stats.npz
eval_episode=0, episodic_return=2324.8903423476895
eval_episode=1, episodic_return=2607.3033055401206
eval_episode=2, episodic_return=5522.533640596156
eval_episode=3, episodic_return=1324.0666395260848
eval_episode=4, episodic_return=1977.7875014945264
eval_episode=5, episodic_return=1594.6876900334998
eval_episode=6, episodic_return=3449.076536695344
eval_episode=7, episodic_return=962.7954202899624
eval_episode=8, episodic_return=387.43713674534933
eval_episode=9, episodic_return=1042.5187619377798
eval_episode=10, episodic_return=7892.431368602453
eval_episode=11, episodic_return=6827.377261034805
eval_episode=12, episodic_return=327.04558875501914
eval_episode=13, episodic_return=1086.8492721412429
eval_episode=14, episodic_return=2452.8686569688784
eval_episode=15, episodic_return=3222.4777231254347
eval_episode=16, episodic_return=7728.6773259926995
eval_episode=17, episodic_return=1964.6473760607719
eval_episode=18, episodic_return=9552.581867080611
eval_episode=19, episodic_return=1279.5941392664674
eval_episode=20, episodic_return=4633.577142506458
eval_episode=21, episodic_return=1676.117998967972
eval_episode=22, episodic_return=1756.6504717884354
eval_episode=23, episodic_return=1149.93605091086
eval_episode=24, episodic_return=3457.9381439850827
eval_episode=25, episodic_return=1339.1561987726336
eval_episode=26, episodic_return=1728.6283588847393
eval_episode=27, episodic_return=287.8847107993127
eval_episode=28, episodic_return=3368.4469756931376
eval_episode=29, episodic_return=1392.8338110831853
eval_episode=30, episodic_return=6098.353752332774
eval_episode=31, episodic_return=3419.036892467009
eval_episode=32, episodic_return=9975.464939703365
eval_episode=33, episodic_return=1000.343359992201
eval_episode=34, episodic_return=329.95093593128587
eval_episode=35, episodic_return=2304.8039472424744
eval_episode=36, episodic_return=2499.575778345149
eval_episode=37, episodic_return=4623.694619989733
eval_episode=38, episodic_return=1514.6107982143499
eval_episode=39, episodic_return=2044.57791685059
eval_episode=40, episodic_return=2661.3397273945297
eval_episode=41, episodic_return=4777.826940115282
eval_episode=42, episodic_return=2613.6376691118426
eval_episode=43, episodic_return=2443.681231726666
eval_episode=44, episodic_return=4348.588043105311
eval_episode=45, episodic_return=710.8056362260206
eval_episode=46, episodic_return=1835.4694979006479
eval_episode=47, episodic_return=2766.067099053471
eval_episode=48, episodic_return=4050.892152578565
eval_episode=49, episodic_return=1930.0605371563793
eval_episode=50, episodic_return=1887.9314471647044
eval_episode=51, episodic_return=4060.9767951473896
eval_episode=52, episodic_return=6729.662949648263
eval_episode=53, episodic_return=3636.2736372235972
eval_episode=54, episodic_return=4362.293405820753
eval_episode=55, episodic_return=2668.6144934625036
eval_episode=56, episodic_return=1585.509243525776
eval_episode=57, episodic_return=507.88273865954005
eval_episode=58, episodic_return=2112.8059551263973
eval_episode=59, episodic_return=3769.7314650083777
eval_episode=60, episodic_return=2895.4985469625603
eval_episode=61, episodic_return=1986.4862200631428
eval_episode=62, episodic_return=7240.895860238559
eval_episode=63, episodic_return=2705.1072057297
eval_episode=64, episodic_return=289.6996053979021
eval_episode=65, episodic_return=1489.8281636008612
eval_episode=66, episodic_return=3549.621054659894
eval_episode=67, episodic_return=3049.8992898932297
eval_episode=68, episodic_return=5089.389988911304
eval_episode=69, episodic_return=2644.358930042221
eval_episode=70, episodic_return=5602.499165751195
eval_episode=71, episodic_return=1976.734024218396
eval_episode=72, episodic_return=2638.439671427227
eval_episode=73, episodic_return=3837.0014854690057
eval_episode=74, episodic_return=5488.559690546313
eval_episode=75, episodic_return=3423.592430707914
eval_episode=76, episodic_return=2431.774616207293
eval_episode=77, episodic_return=1295.621811706253
eval_episode=78, episodic_return=2337.6354357205987
eval_episode=79, episodic_return=4161.483774098121
eval_episode=80, episodic_return=1125.1417159744638
eval_episode=81, episodic_return=1255.4147541908892
eval_episode=82, episodic_return=3937.4745838429862
eval_episode=83, episodic_return=5695.336099441944
eval_episode=84, episodic_return=1986.6009795774935
eval_episode=85, episodic_return=3269.401008192619
eval_episode=86, episodic_return=2612.5639251015987
eval_episode=87, episodic_return=1091.8090822194163
eval_episode=88, episodic_return=1319.4194440788926
eval_episode=89, episodic_return=1845.127322523424
eval_episode=90, episodic_return=5456.466643876942
eval_episode=91, episodic_return=1298.1046458574808
eval_episode=92, episodic_return=2574.536192746379
eval_episode=93, episodic_return=1318.1441015145388
eval_episode=94, episodic_return=1882.8442881207075
eval_episode=95, episodic_return=3759.3686248577883
eval_episode=96, episodic_return=2079.4638992117734
eval_episode=97, episodic_return=1856.120489514666
eval_episode=98, episodic_return=1303.5832926098947
eval_episode=99, episodic_return=3969.1349967749034
mean_return=2913.5946
std_return=1974.5314
median_return=2448.2749
iqm_return=2495.6085
min_return=287.8847
max_return=9975.4649
metrics appended to /home/users/am1015/cleanrl/sweeps/metrics/seed_4.csv
wandb: [wandb.login()] Loaded credentials for https://api.wandb.ai from /home/users/am1015/.netrc.
wandb: Currently logged in as: arjun-mahesh (arjun-mahesh-duke-university) to https://api.wandb.ai. Use `wandb login --relogin` to force relogin
wandb: setting up run pvv46ww1
wandb: Tracking run with wandb version 0.25.0
wandb: Run data is saved locally in /home/users/am1015/cleanrl/wandb/run-20260222_211821-pvv46ww1
wandb: Run `wandb offline` to turn off syncing.
wandb: Syncing run s4_tv_friction_1p0
wandb: ⭐️ View project at https://wandb.ai/arjun-mahesh-duke-university/cleanrl
wandb: 🚀 View run at https://wandb.ai/arjun-mahesh-duke-university/cleanrl/runs/pvv46ww1
/home/users/am1015/cleanrl/.venv/lib/python3.11/site-packages/gymnasium/envs/registration.py:512: DeprecationWarning: [33mWARN: The environment Walker2d-v4 is out of date. You should consider upgrading to version `v5`.[0m
  logger.deprecation(
/home/users/am1015/cleanrl/evaluate_ppo_robust.py:162: FutureWarning: You are using `torch.load` with `weights_only=False` (the current default value), which uses the default pickle module implicitly. It is possible to construct malicious pickle data which will execute arbitrary code during unpickling (See https://github.com/pytorch/pytorch/blob/main/SECURITY.md#untrusted-models for more details). In a future release, the default value for `weights_only` will be flipped to `True`. This limits the functions that could be executed during unpickling. Arbitrary objects will no longer be allowed to be loaded via this mode unless they are explicitly allowlisted by the user via `torch.serialization.add_safe_globals`. We recommend you start setting `weights_only=True` for any use case where you don't have full control of the loaded file. Please open an issue on GitHub for any issues related to this experimental feature.
  agent.load_state_dict(torch.load(args.model_path, map_location=device))
wandb: updating run metadata
wandb: uploading history steps 0-100, summary, console lines 93-110
wandb: 
wandb: Run history:
wandb:         eval/episode ▁▁▁▁▂▂▂▃▃▃▃▃▃▃▃▄▄▄▄▅▅▆▆▆▆▆▆▆▆▆▇▇▇▇▇▇▇███
wandb: eval/episodic_return ▂▂▂▂▂▂▃▁▅▂▄▂▃▂▆▆▁▁▂▂▂▃▂▄▆▃▂▂▂▂█▂▂▁▂▃▂▃▂▁
wandb:   eval/eval_episodes ▁
wandb:      eval/iqm_return ▁
wandb:    eval/is_perturbed ▁
wandb:      eval/max_return ▁
wandb:     eval/mean_return ▁
wandb:   eval/median_return ▁
wandb:      eval/min_return ▁
wandb:      eval/std_return ▁
wandb: 
wandb: Run summary:
wandb:         eval/episode 99
wandb: eval/episodic_return 1153.06392
wandb:   eval/eval_episodes 100
wandb:      eval/iqm_return 2378.34035
wandb:    eval/is_perturbed 1
wandb:      eval/max_return 11689.20969
wandb:     eval/mean_return 2927.64135
wandb:   eval/median_return 2248.72591
wandb:      eval/min_return 287.06656
wandb:      eval/std_return 2082.17244
wandb: 
wandb: 🚀 View run s4_tv_friction_1p0 at: https://wandb.ai/arjun-mahesh-duke-university/cleanrl/runs/pvv46ww1
wandb: ⭐️ View project at: https://wandb.ai/arjun-mahesh-duke-university/cleanrl
wandb: Synced 5 W&B file(s), 0 media file(s), 0 artifact file(s) and 0 other file(s)
wandb: Find logs at: ./wandb/run-20260222_211821-pvv46ww1/logs
loaded normalization stats from /home/users/am1015/rl_runs/Walker2d-v4__ppo_cont_tv_final_cap3500__4__1771811496/ppo_cont_tv_final_cap3500.cleanrl_model.norm_stats.npz
eval_episode=0, episodic_return=5749.440094639596
eval_episode=1, episodic_return=1739.2250365348025
eval_episode=2, episodic_return=2231.424225474622
eval_episode=3, episodic_return=1328.699652605905
eval_episode=4, episodic_return=1555.5325799925906
eval_episode=5, episodic_return=1246.7903326047883
eval_episode=6, episodic_return=2479.3117636372094
eval_episode=7, episodic_return=3673.817727173976
eval_episode=8, episodic_return=2268.060170600809
eval_episode=9, episodic_return=2558.0941653849823
eval_episode=10, episodic_return=6052.87635496844
eval_episode=11, episodic_return=3863.9137068546206
eval_episode=12, episodic_return=351.5541954933542
eval_episode=13, episodic_return=6528.987509315456
eval_episode=14, episodic_return=1696.426580114705
eval_episode=15, episodic_return=1669.0183223467284
eval_episode=16, episodic_return=1584.6801381770474
eval_episode=17, episodic_return=5540.295845875539
eval_episode=18, episodic_return=1260.1359338475474
eval_episode=19, episodic_return=2719.310265361115
eval_episode=20, episodic_return=1233.5099485810945
eval_episode=21, episodic_return=372.3445312844548
eval_episode=22, episodic_return=3369.8484609297807
eval_episode=23, episodic_return=2579.1866803898733
eval_episode=24, episodic_return=9059.327280545143
eval_episode=25, episodic_return=1068.865748880091
eval_episode=26, episodic_return=3055.7489554540343
eval_episode=27, episodic_return=3088.671544316192
eval_episode=28, episodic_return=8332.955339260141
eval_episode=29, episodic_return=998.9656445981179
eval_episode=30, episodic_return=3823.616799225911
eval_episode=31, episodic_return=514.9244840343063
eval_episode=32, episodic_return=1460.8631316419728
eval_episode=33, episodic_return=6123.402059697241
eval_episode=34, episodic_return=2603.3868383470667
eval_episode=35, episodic_return=2082.0875865540047
eval_episode=36, episodic_return=1775.6973006765695
eval_episode=37, episodic_return=5686.264078895112
eval_episode=38, episodic_return=1364.2428765099846
eval_episode=39, episodic_return=1622.4631729532236
eval_episode=40, episodic_return=4376.008544766792
eval_episode=41, episodic_return=1818.943212786708
eval_episode=42, episodic_return=1354.5892308794844
eval_episode=43, episodic_return=1698.5295728601513
eval_episode=44, episodic_return=3500.4017556290946
eval_episode=45, episodic_return=1982.1463587469211
eval_episode=46, episodic_return=6938.854835780472
eval_episode=47, episodic_return=1280.7231161203053
eval_episode=48, episodic_return=1484.8344503537942
eval_episode=49, episodic_return=4788.210561072952
eval_episode=50, episodic_return=1620.9766280670258
eval_episode=51, episodic_return=4610.643836492484
eval_episode=52, episodic_return=1353.1985731788789
eval_episode=53, episodic_return=7811.122776590701
eval_episode=54, episodic_return=3014.5673071182214
eval_episode=55, episodic_return=3076.3165909146464
eval_episode=56, episodic_return=1358.0846084804973
eval_episode=57, episodic_return=2444.214667734484
eval_episode=58, episodic_return=2184.4939920344987
eval_episode=59, episodic_return=1684.2480681859424
eval_episode=60, episodic_return=3751.034053287377
eval_episode=61, episodic_return=1219.149985346464
eval_episode=62, episodic_return=1760.5103994950343
eval_episode=63, episodic_return=1482.2853926558341
eval_episode=64, episodic_return=4213.954679226576
eval_episode=65, episodic_return=1927.8087630133434
eval_episode=66, episodic_return=3532.014245363298
eval_episode=67, episodic_return=1110.9058085545803
eval_episode=68, episodic_return=2658.216093973021
eval_episode=69, episodic_return=287.0665645961206
eval_episode=70, episodic_return=5317.022524744695
eval_episode=71, episodic_return=11689.209688043304
eval_episode=72, episodic_return=2266.0276041930642
eval_episode=73, episodic_return=2554.1946823633393
eval_episode=74, episodic_return=2169.9130465980234
eval_episode=75, episodic_return=1764.3744746793443
eval_episode=76, episodic_return=5814.1521142905685
eval_episode=77, episodic_return=1730.023904192876
eval_episode=78, episodic_return=945.3298821253597
eval_episode=79, episodic_return=3333.778016432676
eval_episode=80, episodic_return=8991.942808646541
eval_episode=81, episodic_return=5597.299425626105
eval_episode=82, episodic_return=2106.483954605497
eval_episode=83, episodic_return=2369.688118416103
eval_episode=84, episodic_return=3426.9388274460025
eval_episode=85, episodic_return=1752.4859176161576
eval_episode=86, episodic_return=3197.0295905373
eval_episode=87, episodic_return=3685.5721294504788
eval_episode=88, episodic_return=3200.021970533763
eval_episode=89, episodic_return=1945.1058875803706
eval_episode=90, episodic_return=1394.2275606274718
eval_episode=91, episodic_return=3265.8847528483097
eval_episode=92, episodic_return=1994.5227419805212
eval_episode=93, episodic_return=3585.2857252007852
eval_episode=94, episodic_return=1062.0188649844667
eval_episode=95, episodic_return=2418.493999985649
eval_episode=96, episodic_return=1627.2762436706537
eval_episode=97, episodic_return=2203.445165797649
eval_episode=98, episodic_return=3565.299841560031
eval_episode=99, episodic_return=1153.0639165041973
mean_return=2927.6414
std_return=2082.1724
median_return=2248.7259
iqm_return=2378.3404
min_return=287.0666
max_return=11689.2097
metrics appended to /home/users/am1015/cleanrl/sweeps/metrics/seed_4.csv
wandb: [wandb.login()] Loaded credentials for https://api.wandb.ai from /home/users/am1015/.netrc.
wandb: Currently logged in as: arjun-mahesh (arjun-mahesh-duke-university) to https://api.wandb.ai. Use `wandb login --relogin` to force relogin
wandb: setting up run rtkbim9k
wandb: Tracking run with wandb version 0.25.0
wandb: Run data is saved locally in /home/users/am1015/cleanrl/wandb/run-20260222_211915-rtkbim9k
wandb: Run `wandb offline` to turn off syncing.
wandb: Syncing run s4_vanilla_friction_1p1
wandb: ⭐️ View project at https://wandb.ai/arjun-mahesh-duke-university/cleanrl
wandb: 🚀 View run at https://wandb.ai/arjun-mahesh-duke-university/cleanrl/runs/rtkbim9k
/home/users/am1015/cleanrl/.venv/lib/python3.11/site-packages/gymnasium/envs/registration.py:512: DeprecationWarning: [33mWARN: The environment Walker2d-v4 is out of date. You should consider upgrading to version `v5`.[0m
  logger.deprecation(
/home/users/am1015/cleanrl/evaluate_ppo_robust.py:162: FutureWarning: You are using `torch.load` with `weights_only=False` (the current default value), which uses the default pickle module implicitly. It is possible to construct malicious pickle data which will execute arbitrary code during unpickling (See https://github.com/pytorch/pytorch/blob/main/SECURITY.md#untrusted-models for more details). In a future release, the default value for `weights_only` will be flipped to `True`. This limits the functions that could be executed during unpickling. Arbitrary objects will no longer be allowed to be loaded via this mode unless they are explicitly allowlisted by the user via `torch.serialization.add_safe_globals`. We recommend you start setting `weights_only=True` for any use case where you don't have full control of the loaded file. Please open an issue on GitHub for any issues related to this experimental feature.
  agent.load_state_dict(torch.load(args.model_path, map_location=device))
wandb: updating run metadata
wandb: uploading history steps 0-100, summary, console lines 98-110
wandb: 
wandb: Run history:
wandb:         eval/episode ▁▁▁▁▂▂▂▂▂▂▃▃▃▃▃▄▄▄▄▄▄▅▅▅▅▆▆▆▆▆▆▆▇▇▇▇████
wandb: eval/episodic_return ▂▂▄▂▂▃▂▃▂▆▂▂▃▁▂▄▃▃▂▂▄▂▃▅▃▂▃▂▇▆▃▃▅▄▃▃▄▁▂█
wandb:   eval/eval_episodes ▁
wandb:      eval/iqm_return ▁
wandb:    eval/is_perturbed ▁
wandb:      eval/max_return ▁
wandb:     eval/mean_return ▁
wandb:   eval/median_return ▁
wandb:      eval/min_return ▁
wandb:      eval/std_return ▁
wandb: 
wandb: Run summary:
wandb:         eval/episode 99
wandb: eval/episodic_return 4471.0993
wandb:   eval/eval_episodes 100
wandb:      eval/iqm_return 2457.53951
wandb:    eval/is_perturbed 1
wandb:      eval/max_return 10255.05513
wandb:     eval/mean_return 2904.68477
wandb:   eval/median_return 2413.86459
wandb:      eval/min_return 229.20667
wandb:      eval/std_return 1889.33682
wandb: 
wandb: 🚀 View run s4_vanilla_friction_1p1 at: https://wandb.ai/arjun-mahesh-duke-university/cleanrl/runs/rtkbim9k
wandb: ⭐️ View project at: https://wandb.ai/arjun-mahesh-duke-university/cleanrl
wandb: Synced 5 W&B file(s), 0 media file(s), 0 artifact file(s) and 0 other file(s)
wandb: Find logs at: ./wandb/run-20260222_211915-rtkbim9k/logs
loaded normalization stats from /home/users/am1015/rl_runs/Walker2d-v4__ppo_cont_vanilla_final__4__1771811166/ppo_cont_vanilla_final.cleanrl_model.norm_stats.npz
eval_episode=0, episodic_return=4022.8273174082865
eval_episode=1, episodic_return=2542.8360217684653
eval_episode=2, episodic_return=1350.9039116785625
eval_episode=3, episodic_return=2284.207228985444
eval_episode=4, episodic_return=1707.3520193735787
eval_episode=5, episodic_return=3737.8839258482453
eval_episode=6, episodic_return=1763.8356253624158
eval_episode=7, episodic_return=342.3597503242832
eval_episode=8, episodic_return=4593.017117789614
eval_episode=9, episodic_return=5040.745807265864
eval_episode=10, episodic_return=2548.6752338680503
eval_episode=11, episodic_return=1844.3001354418348
eval_episode=12, episodic_return=1914.3863509969933
eval_episode=13, episodic_return=2029.4556977695088
eval_episode=14, episodic_return=3182.8083412086057
eval_episode=15, episodic_return=1289.0996778427148
eval_episode=16, episodic_return=2628.6608705769486
eval_episode=17, episodic_return=358.2031834614935
eval_episode=18, episodic_return=2347.164280444461
eval_episode=19, episodic_return=2034.8694054130297
eval_episode=20, episodic_return=3157.266557014858
eval_episode=21, episodic_return=1816.353859858939
eval_episode=22, episodic_return=7049.849353614513
eval_episode=23, episodic_return=2378.7749428679394
eval_episode=24, episodic_return=4699.21570007228
eval_episode=25, episodic_return=1646.3965744481623
eval_episode=26, episodic_return=1649.1329440183858
eval_episode=27, episodic_return=3253.8040621641153
eval_episode=28, episodic_return=1547.3776024814977
eval_episode=29, episodic_return=229.2066743034515
eval_episode=30, episodic_return=2081.510261082539
eval_episode=31, episodic_return=1420.2382181151138
eval_episode=32, episodic_return=8669.128187866378
eval_episode=33, episodic_return=4741.165569523544
eval_episode=34, episodic_return=2581.8529084673596
eval_episode=35, episodic_return=359.8295835145448
eval_episode=36, episodic_return=4691.562266646024
eval_episode=37, episodic_return=1569.9004959434583
eval_episode=38, episodic_return=2432.270108926233
eval_episode=39, episodic_return=3898.5110306566157
eval_episode=40, episodic_return=2877.079856235172
eval_episode=41, episodic_return=3185.70779182019
eval_episode=42, episodic_return=4907.635127310277
eval_episode=43, episodic_return=2396.657558300056
eval_episode=44, episodic_return=1295.2045714270905
eval_episode=45, episodic_return=3132.114377854903
eval_episode=46, episodic_return=1595.4989299889294
eval_episode=47, episodic_return=1775.8194537343736
eval_episode=48, episodic_return=4299.438052611022
eval_episode=49, episodic_return=1386.8274427488673
eval_episode=50, episodic_return=2234.5842383227405
eval_episode=51, episodic_return=5603.571389052125
eval_episode=52, episodic_return=1644.2037244642727
eval_episode=53, episodic_return=2508.474461050384
eval_episode=54, episodic_return=2535.0007805530295
eval_episode=55, episodic_return=1471.1794571558496
eval_episode=56, episodic_return=3636.703701712299
eval_episode=57, episodic_return=6374.247431997245
eval_episode=58, episodic_return=2619.7256636359934
eval_episode=59, episodic_return=2426.77743820187
eval_episode=60, episodic_return=3133.298603582488
eval_episode=61, episodic_return=1818.146005831807
eval_episode=62, episodic_return=10255.055133992877
eval_episode=63, episodic_return=3488.9787798869907
eval_episode=64, episodic_return=1410.7584419808773
eval_episode=65, episodic_return=279.42981447115045
eval_episode=66, episodic_return=1648.7570780934138
eval_episode=67, episodic_return=1618.016153117437
eval_episode=68, episodic_return=7559.4820747076055
eval_episode=69, episodic_return=2338.4966971481854
eval_episode=70, episodic_return=6219.111770331063
eval_episode=71, episodic_return=1426.2675435541087
eval_episode=72, episodic_return=2291.650667656102
eval_episode=73, episodic_return=1966.550633331694
eval_episode=74, episodic_return=2825.3912023331764
eval_episode=75, episodic_return=2454.9820131207093
eval_episode=76, episodic_return=1329.2418914996842
eval_episode=77, episodic_return=3408.889783901736
eval_episode=78, episodic_return=2511.6720243747804
eval_episode=79, episodic_return=5496.263144437878
eval_episode=80, episodic_return=3627.470512358556
eval_episode=81, episodic_return=3583.153729063037
eval_episode=82, episodic_return=1614.4450745221875
eval_episode=83, episodic_return=2268.8396289342195
eval_episode=84, episodic_return=4503.8761706029345
eval_episode=85, episodic_return=2738.079637745585
eval_episode=86, episodic_return=1278.7224308097536
eval_episode=87, episodic_return=1337.496981688637
eval_episode=88, episodic_return=3936.966253534488
eval_episode=89, episodic_return=1333.1652959943544
eval_episode=90, episodic_return=2400.951743312543
eval_episode=91, episodic_return=6305.157402749912
eval_episode=92, episodic_return=2577.3825923914533
eval_episode=93, episodic_return=3720.7613023719045
eval_episode=94, episodic_return=641.0224957761493
eval_episode=95, episodic_return=1808.179815799807
eval_episode=96, episodic_return=1995.999332789156
eval_episode=97, episodic_return=2118.6466909889955
eval_episode=98, episodic_return=9383.23077294641
eval_episode=99, episodic_return=4471.099303603677
mean_return=2904.6848
std_return=1889.3368
median_return=2413.8646
iqm_return=2457.5395
min_return=229.2067
max_return=10255.0551
metrics appended to /home/users/am1015/cleanrl/sweeps/metrics/seed_4.csv
wandb: [wandb.login()] Loaded credentials for https://api.wandb.ai from /home/users/am1015/.netrc.
wandb: Currently logged in as: arjun-mahesh (arjun-mahesh-duke-university) to https://api.wandb.ai. Use `wandb login --relogin` to force relogin
wandb: setting up run s7tc3whk
wandb: Tracking run with wandb version 0.25.0
wandb: Run data is saved locally in /home/users/am1015/cleanrl/wandb/run-20260222_212009-s7tc3whk
wandb: Run `wandb offline` to turn off syncing.
wandb: Syncing run s4_tv_friction_1p1
wandb: ⭐️ View project at https://wandb.ai/arjun-mahesh-duke-university/cleanrl
wandb: 🚀 View run at https://wandb.ai/arjun-mahesh-duke-university/cleanrl/runs/s7tc3whk
/home/users/am1015/cleanrl/.venv/lib/python3.11/site-packages/gymnasium/envs/registration.py:512: DeprecationWarning: [33mWARN: The environment Walker2d-v4 is out of date. You should consider upgrading to version `v5`.[0m
  logger.deprecation(
/home/users/am1015/cleanrl/evaluate_ppo_robust.py:162: FutureWarning: You are using `torch.load` with `weights_only=False` (the current default value), which uses the default pickle module implicitly. It is possible to construct malicious pickle data which will execute arbitrary code during unpickling (See https://github.com/pytorch/pytorch/blob/main/SECURITY.md#untrusted-models for more details). In a future release, the default value for `weights_only` will be flipped to `True`. This limits the functions that could be executed during unpickling. Arbitrary objects will no longer be allowed to be loaded via this mode unless they are explicitly allowlisted by the user via `torch.serialization.add_safe_globals`. We recommend you start setting `weights_only=True` for any use case where you don't have full control of the loaded file. Please open an issue on GitHub for any issues related to this experimental feature.
  agent.load_state_dict(torch.load(args.model_path, map_location=device))
wandb: updating run metadata
wandb: uploading history steps 0-100, summary, console lines 101-110
wandb: 
wandb: Run history:
wandb:         eval/episode ▁▁▁▁▂▂▂▂▂▂▂▂▂▃▃▃▃▃▄▄▄▅▅▅▅▆▆▆▆▆▇▇▇▇▇▇▇███
wandb: eval/episodic_return ▃█▃▅▂▃▃▃▂▂▃▂▃▃▇▁▃▂▂▂▂▅▅▁▄▂▂▇▃▄▂▂▃▃▃▂▁▂▂▂
wandb:   eval/eval_episodes ▁
wandb:      eval/iqm_return ▁
wandb:    eval/is_perturbed ▁
wandb:      eval/max_return ▁
wandb:     eval/mean_return ▁
wandb:   eval/median_return ▁
wandb:      eval/min_return ▁
wandb:      eval/std_return ▁
wandb: 
wandb: Run summary:
wandb:         eval/episode 99
wandb: eval/episodic_return 4396.89512
wandb:   eval/eval_episodes 100
wandb:      eval/iqm_return 2448.98131
wandb:    eval/is_perturbed 1
wandb:      eval/max_return 10089.94583
wandb:     eval/mean_return 2861.09664
wandb:   eval/median_return 2503.11571
wandb:      eval/min_return 264.62775
wandb:      eval/std_return 1984.46338
wandb: 
wandb: 🚀 View run s4_tv_friction_1p1 at: https://wandb.ai/arjun-mahesh-duke-university/cleanrl/runs/s7tc3whk
wandb: ⭐️ View project at: https://wandb.ai/arjun-mahesh-duke-university/cleanrl
wandb: Synced 5 W&B file(s), 0 media file(s), 0 artifact file(s) and 0 other file(s)
wandb: Find logs at: ./wandb/run-20260222_212009-s7tc3whk/logs
loaded normalization stats from /home/users/am1015/rl_runs/Walker2d-v4__ppo_cont_tv_final_cap3500__4__1771811496/ppo_cont_tv_final_cap3500.cleanrl_model.norm_stats.npz
eval_episode=0, episodic_return=3855.814315380287
eval_episode=1, episodic_return=1929.1461779344338
eval_episode=2, episodic_return=2941.6213996455144
eval_episode=3, episodic_return=9151.738941781276
eval_episode=4, episodic_return=2177.9930976164997
eval_episode=5, episodic_return=553.8157125547365
eval_episode=6, episodic_return=10089.945834249747
eval_episode=7, episodic_return=4846.0790346985605
eval_episode=8, episodic_return=2494.590383064883
eval_episode=9, episodic_return=1675.1436402691215
eval_episode=10, episodic_return=1858.7354110350104
eval_episode=11, episodic_return=1385.8507268427277
eval_episode=12, episodic_return=2779.04393051895
eval_episode=13, episodic_return=3114.604275480729
eval_episode=14, episodic_return=3412.20963761012
eval_episode=15, episodic_return=1882.0232795603308
eval_episode=16, episodic_return=1622.1023570277239
eval_episode=17, episodic_return=1756.8335274527333
eval_episode=18, episodic_return=3189.103629531512
eval_episode=19, episodic_return=1534.8973955156957
eval_episode=20, episodic_return=3404.9006710353433
eval_episode=21, episodic_return=2413.0366104181926
eval_episode=22, episodic_return=5039.365944242834
eval_episode=23, episodic_return=3029.4363554231477
eval_episode=24, episodic_return=1351.8175996645296
eval_episode=25, episodic_return=2961.849368638903
eval_episode=26, episodic_return=7465.502027155583
eval_episode=27, episodic_return=1312.796540517498
eval_episode=28, episodic_return=3143.1553748419465
eval_episode=29, episodic_return=3498.4542469671273
eval_episode=30, episodic_return=1162.2733120469823
eval_episode=31, episodic_return=1028.624722190754
eval_episode=32, episodic_return=264.6277522908613
eval_episode=33, episodic_return=2636.3822719584086
eval_episode=34, episodic_return=1835.0880644509602
eval_episode=35, episodic_return=1216.2291183443451
eval_episode=36, episodic_return=9766.458578455151
eval_episode=37, episodic_return=283.12562593994267
eval_episode=38, episodic_return=2950.839217885034
eval_episode=39, episodic_return=1921.7720890950327
eval_episode=40, episodic_return=5116.754900433001
eval_episode=41, episodic_return=1769.8063745362283
eval_episode=42, episodic_return=1695.8705264565358
eval_episode=43, episodic_return=1284.282815469698
eval_episode=44, episodic_return=3421.059077332385
eval_episode=45, episodic_return=1351.7479460477662
eval_episode=46, episodic_return=5949.844388145201
eval_episode=47, episodic_return=1058.781780600508
eval_episode=48, episodic_return=4755.888681151662
eval_episode=49, episodic_return=1929.8333730524487
eval_episode=50, episodic_return=401.3591274810395
eval_episode=51, episodic_return=3299.3874685616474
eval_episode=52, episodic_return=4292.286483815497
eval_episode=53, episodic_return=302.2859923380195
eval_episode=54, episodic_return=1977.5248608338952
eval_episode=55, episodic_return=1832.8452170108455
eval_episode=56, episodic_return=3266.6128789181907
eval_episode=57, episodic_return=3035.4001965093444
eval_episode=58, episodic_return=1748.5228722427973
eval_episode=59, episodic_return=296.02709183713546
eval_episode=60, episodic_return=4531.150680253962
eval_episode=61, episodic_return=1343.6994123307409
eval_episode=62, episodic_return=8279.862835167318
eval_episode=63, episodic_return=4950.220456677418
eval_episode=64, episodic_return=1042.8227449554643
eval_episode=65, episodic_return=2754.1309478488597
eval_episode=66, episodic_return=2754.836133273185
eval_episode=67, episodic_return=404.25302770484365
eval_episode=68, episodic_return=3861.1624684909343
eval_episode=69, episodic_return=1379.0533734232813
eval_episode=70, episodic_return=5415.899781180575
eval_episode=71, episodic_return=1398.5858128511315
eval_episode=72, episodic_return=4866.657035597784
eval_episode=73, episodic_return=3493.486687725992
eval_episode=74, episodic_return=1112.7001305778142
eval_episode=75, episodic_return=2251.2972857544783
eval_episode=76, episodic_return=5064.090699761922
eval_episode=77, episodic_return=2633.262034997669
eval_episode=78, episodic_return=2051.043932918901
eval_episode=79, episodic_return=3160.619586952116
eval_episode=80, episodic_return=2511.641045867985
eval_episode=81, episodic_return=1964.3947050502516
eval_episode=82, episodic_return=2682.0662509000404
eval_episode=83, episodic_return=2573.462201824441
eval_episode=84, episodic_return=2816.9343435550345
eval_episode=85, episodic_return=1674.6591547399885
eval_episode=86, episodic_return=4745.373813961912
eval_episode=87, episodic_return=3208.613771017865
eval_episode=88, episodic_return=1632.8235827903013
eval_episode=89, episodic_return=775.364119780073
eval_episode=90, episodic_return=1852.25112641367
eval_episode=91, episodic_return=1397.9962085588759
eval_episode=92, episodic_return=3573.7649170482277
eval_episode=93, episodic_return=4421.38547428448
eval_episode=94, episodic_return=1792.171542973755
eval_episode=95, episodic_return=1439.5540284221827
eval_episode=96, episodic_return=5277.94485728476
eval_episode=97, episodic_return=6075.010637119703
eval_episode=98, episodic_return=825.371568772655
eval_episode=99, episodic_return=4396.895122968505
mean_return=2861.0966
std_return=1984.4634
median_return=2503.1157
iqm_return=2448.9813
min_return=264.6278
max_return=10089.9458
metrics appended to /home/users/am1015/cleanrl/sweeps/metrics/seed_4.csv
wandb: [wandb.login()] Loaded credentials for https://api.wandb.ai from /home/users/am1015/.netrc.
wandb: Currently logged in as: arjun-mahesh (arjun-mahesh-duke-university) to https://api.wandb.ai. Use `wandb login --relogin` to force relogin
wandb: setting up run eb90lenw
wandb: Tracking run with wandb version 0.25.0
wandb: Run data is saved locally in /home/users/am1015/cleanrl/wandb/run-20260222_212101-eb90lenw
wandb: Run `wandb offline` to turn off syncing.
wandb: Syncing run s4_vanilla_friction_1p2
wandb: ⭐️ View project at https://wandb.ai/arjun-mahesh-duke-university/cleanrl
wandb: 🚀 View run at https://wandb.ai/arjun-mahesh-duke-university/cleanrl/runs/eb90lenw
/home/users/am1015/cleanrl/.venv/lib/python3.11/site-packages/gymnasium/envs/registration.py:512: DeprecationWarning: [33mWARN: The environment Walker2d-v4 is out of date. You should consider upgrading to version `v5`.[0m
  logger.deprecation(
/home/users/am1015/cleanrl/evaluate_ppo_robust.py:162: FutureWarning: You are using `torch.load` with `weights_only=False` (the current default value), which uses the default pickle module implicitly. It is possible to construct malicious pickle data which will execute arbitrary code during unpickling (See https://github.com/pytorch/pytorch/blob/main/SECURITY.md#untrusted-models for more details). In a future release, the default value for `weights_only` will be flipped to `True`. This limits the functions that could be executed during unpickling. Arbitrary objects will no longer be allowed to be loaded via this mode unless they are explicitly allowlisted by the user via `torch.serialization.add_safe_globals`. We recommend you start setting `weights_only=True` for any use case where you don't have full control of the loaded file. Please open an issue on GitHub for any issues related to this experimental feature.
  agent.load_state_dict(torch.load(args.model_path, map_location=device))
wandb: updating run metadata
wandb: uploading output.log; uploading wandb-summary.json; uploading config.yaml
wandb: 
wandb: Run history:
wandb:         eval/episode ▁▁▁▁▁▂▂▂▂▂▂▂▃▃▃▃▃▄▄▄▄▄▅▅▅▅▅▆▆▆▆▆▆▇▇▇████
wandb: eval/episodic_return ▃▁▂▂▂▃▂▅▁▂▃▃▂▁▃▂▅▂█▁▂▂▂▃▁▁▃▂▆▄▆▂▃▂▃▂▁▆▁▂
wandb:   eval/eval_episodes ▁
wandb:      eval/iqm_return ▁
wandb:    eval/is_perturbed ▁
wandb:      eval/max_return ▁
wandb:     eval/mean_return ▁
wandb:   eval/median_return ▁
wandb:      eval/min_return ▁
wandb:      eval/std_return ▁
wandb: 
wandb: Run summary:
wandb:         eval/episode 99
wandb: eval/episodic_return 2535.89102
wandb:   eval/eval_episodes 100
wandb:      eval/iqm_return 2934.68624
wandb:    eval/is_perturbed 1
wandb:      eval/max_return 13802.13157
wandb:     eval/mean_return 3687.28559
wandb:   eval/median_return 2728.20709
wandb:      eval/min_return 587.51943
wandb:      eval/std_return 2686.11563
wandb: 
wandb: 🚀 View run s4_vanilla_friction_1p2 at: https://wandb.ai/arjun-mahesh-duke-university/cleanrl/runs/eb90lenw
wandb: ⭐️ View project at: https://wandb.ai/arjun-mahesh-duke-university/cleanrl
wandb: Synced 5 W&B file(s), 0 media file(s), 0 artifact file(s) and 0 other file(s)
wandb: Find logs at: ./wandb/run-20260222_212101-eb90lenw/logs
loaded normalization stats from /home/users/am1015/rl_runs/Walker2d-v4__ppo_cont_vanilla_final__4__1771811166/ppo_cont_vanilla_final.cleanrl_model.norm_stats.npz
eval_episode=0, episodic_return=1915.7036162532881
eval_episode=1, episodic_return=3780.720187400461
eval_episode=2, episodic_return=1675.476760809625
eval_episode=3, episodic_return=2304.289694718649
eval_episode=4, episodic_return=3080.4573261470287
eval_episode=5, episodic_return=2459.9282374537256
eval_episode=6, episodic_return=5189.548262595875
eval_episode=7, episodic_return=4896.519032767431
eval_episode=8, episodic_return=9865.337561953616
eval_episode=9, episodic_return=5109.829636615471
eval_episode=10, episodic_return=2407.6607547499266
eval_episode=11, episodic_return=8103.258419575891
eval_episode=12, episodic_return=1458.741415622541
eval_episode=13, episodic_return=2172.227677233953
eval_episode=14, episodic_return=6039.184486890461
eval_episode=15, episodic_return=2319.989410655165
eval_episode=16, episodic_return=2563.122701525645
eval_episode=17, episodic_return=10112.515394159223
eval_episode=18, episodic_return=2084.841073251966
eval_episode=19, episodic_return=4045.002327499205
eval_episode=20, episodic_return=3435.2898596967243
eval_episode=21, episodic_return=1680.7617250891444
eval_episode=22, episodic_return=3807.6333347622167
eval_episode=23, episodic_return=1324.604526996607
eval_episode=24, episodic_return=3196.1010824693294
eval_episode=25, episodic_return=1940.4471006525341
eval_episode=26, episodic_return=5810.557457543214
eval_episode=27, episodic_return=2628.7849537451953
eval_episode=28, episodic_return=1434.135154888843
eval_episode=29, episodic_return=4946.921273805655
eval_episode=30, episodic_return=2973.037801679786
eval_episode=31, episodic_return=6311.186232076247
eval_episode=32, episodic_return=5088.314155923782
eval_episode=33, episodic_return=2998.816552870168
eval_episode=34, episodic_return=2652.7559428279174
eval_episode=35, episodic_return=7317.195462843086
eval_episode=36, episodic_return=7023.707352317775
eval_episode=37, episodic_return=2228.748144342198
eval_episode=38, episodic_return=2821.9294227552014
eval_episode=39, episodic_return=12789.577123987789
eval_episode=40, episodic_return=1406.4951333731049
eval_episode=41, episodic_return=1405.0980441858228
eval_episode=42, episodic_return=845.0274260797773
eval_episode=43, episodic_return=1810.3605900259424
eval_episode=44, episodic_return=1207.556121612601
eval_episode=45, episodic_return=2648.7999652382828
eval_episode=46, episodic_return=2448.270134958934
eval_episode=47, episodic_return=2241.347329548493
eval_episode=48, episodic_return=4162.3169602906155
eval_episode=49, episodic_return=3862.955501543049
eval_episode=50, episodic_return=4268.24472764922
eval_episode=51, episodic_return=3361.2307323661307
eval_episode=52, episodic_return=3223.460127988421
eval_episode=53, episodic_return=1808.2105267617894
eval_episode=54, episodic_return=5014.243341608588
eval_episode=55, episodic_return=6400.045326818554
eval_episode=56, episodic_return=1658.4956580926712
eval_episode=57, episodic_return=5319.91591633449
eval_episode=58, episodic_return=2803.6582311869306
eval_episode=59, episodic_return=4169.802544618413
eval_episode=60, episodic_return=1234.2441842406045
eval_episode=61, episodic_return=3326.2671811899468
eval_episode=62, episodic_return=3782.571113047288
eval_episode=63, episodic_return=3873.0905312049454
eval_episode=64, episodic_return=3607.1251045286126
eval_episode=65, episodic_return=1892.2742844079737
eval_episode=66, episodic_return=9295.431515850609
eval_episode=67, episodic_return=5871.159569180322
eval_episode=68, episodic_return=587.5194321228992
eval_episode=69, episodic_return=2514.908812470928
eval_episode=70, episodic_return=1718.4923309432845
eval_episode=71, episodic_return=3164.0028812429896
eval_episode=72, episodic_return=1615.5777062308912
eval_episode=73, episodic_return=8668.19054761784
eval_episode=74, episodic_return=1952.355409138388
eval_episode=75, episodic_return=2523.472470393215
eval_episode=76, episodic_return=4344.858377925866
eval_episode=77, episodic_return=2031.6914242407388
eval_episode=78, episodic_return=5545.247855781388
eval_episode=79, episodic_return=1368.0047495685762
eval_episode=80, episodic_return=1494.0894231382542
eval_episode=81, episodic_return=3321.253256466281
eval_episode=82, episodic_return=4878.586549407688
eval_episode=83, episodic_return=1523.368908040335
eval_episode=84, episodic_return=1315.4865307937876
eval_episode=85, episodic_return=2420.1190667091746
eval_episode=86, episodic_return=13176.515063462743
eval_episode=87, episodic_return=13802.131568857865
eval_episode=88, episodic_return=2156.38109255807
eval_episode=89, episodic_return=1266.6908181229073
eval_episode=90, episodic_return=2328.1188392613726
eval_episode=91, episodic_return=1410.95996291827
eval_episode=92, episodic_return=2494.9243984704085
eval_episode=93, episodic_return=9290.8630845393
eval_episode=94, episodic_return=3654.07142299517
eval_episode=95, episodic_return=3256.122937239438
eval_episode=96, episodic_return=1885.1021996541288
eval_episode=97, episodic_return=2439.5131964736765
eval_episode=98, episodic_return=1101.491160951876
eval_episode=99, episodic_return=2535.891016108314
mean_return=3687.2856
std_return=2686.1156
median_return=2728.2071
iqm_return=2934.6862
min_return=587.5194
max_return=13802.1316
metrics appended to /home/users/am1015/cleanrl/sweeps/metrics/seed_4.csv
wandb: [wandb.login()] Loaded credentials for https://api.wandb.ai from /home/users/am1015/.netrc.
wandb: Currently logged in as: arjun-mahesh (arjun-mahesh-duke-university) to https://api.wandb.ai. Use `wandb login --relogin` to force relogin
wandb: setting up run f6sh1sqx
wandb: Tracking run with wandb version 0.25.0
wandb: Run data is saved locally in /home/users/am1015/cleanrl/wandb/run-20260222_212205-f6sh1sqx
wandb: Run `wandb offline` to turn off syncing.
wandb: Syncing run s4_tv_friction_1p2
wandb: ⭐️ View project at https://wandb.ai/arjun-mahesh-duke-university/cleanrl
wandb: 🚀 View run at https://wandb.ai/arjun-mahesh-duke-university/cleanrl/runs/f6sh1sqx
/home/users/am1015/cleanrl/.venv/lib/python3.11/site-packages/gymnasium/envs/registration.py:512: DeprecationWarning: [33mWARN: The environment Walker2d-v4 is out of date. You should consider upgrading to version `v5`.[0m
  logger.deprecation(
/home/users/am1015/cleanrl/evaluate_ppo_robust.py:162: FutureWarning: You are using `torch.load` with `weights_only=False` (the current default value), which uses the default pickle module implicitly. It is possible to construct malicious pickle data which will execute arbitrary code during unpickling (See https://github.com/pytorch/pytorch/blob/main/SECURITY.md#untrusted-models for more details). In a future release, the default value for `weights_only` will be flipped to `True`. This limits the functions that could be executed during unpickling. Arbitrary objects will no longer be allowed to be loaded via this mode unless they are explicitly allowlisted by the user via `torch.serialization.add_safe_globals`. We recommend you start setting `weights_only=True` for any use case where you don't have full control of the loaded file. Please open an issue on GitHub for any issues related to this experimental feature.
  agent.load_state_dict(torch.load(args.model_path, map_location=device))
wandb: updating run metadata
wandb: uploading history steps 0-100, summary, console lines 102-110
wandb: 
wandb: Run history:
wandb:         eval/episode ▁▂▂▂▂▂▂▃▃▃▃▃▃▄▄▄▄▄▄▄▅▅▅▅▅▅▆▆▆▆▆▆▇▇▇▇▇███
wandb: eval/episodic_return ▃▁▃▂▂▆▆▁▂▃▃▄▂▃█▂▃▂▅▂▂▂▂▃▂▆▂▂▂▂▂▂▃▂▂▅▂▂▅▂
wandb:   eval/eval_episodes ▁
wandb:      eval/iqm_return ▁
wandb:    eval/is_perturbed ▁
wandb:      eval/max_return ▁
wandb:     eval/mean_return ▁
wandb:   eval/median_return ▁
wandb:      eval/min_return ▁
wandb:      eval/std_return ▁
wandb: 
wandb: Run summary:
wandb:         eval/episode 99
wandb: eval/episodic_return 2493.02127
wandb:   eval/eval_episodes 100
wandb:      eval/iqm_return 2591.05762
wandb:    eval/is_perturbed 1
wandb:      eval/max_return 16792.72484
wandb:     eval/mean_return 3245.09256
wandb:   eval/median_return 2429.27886
wandb:      eval/min_return 274.03656
wandb:      eval/std_return 2506.80682
wandb: 
wandb: 🚀 View run s4_tv_friction_1p2 at: https://wandb.ai/arjun-mahesh-duke-university/cleanrl/runs/f6sh1sqx
wandb: ⭐️ View project at: https://wandb.ai/arjun-mahesh-duke-university/cleanrl
wandb: Synced 5 W&B file(s), 0 media file(s), 0 artifact file(s) and 0 other file(s)
wandb: Find logs at: ./wandb/run-20260222_212205-f6sh1sqx/logs
loaded normalization stats from /home/users/am1015/rl_runs/Walker2d-v4__ppo_cont_tv_final_cap3500__4__1771811496/ppo_cont_tv_final_cap3500.cleanrl_model.norm_stats.npz
eval_episode=0, episodic_return=2083.8866433014587
eval_episode=1, episodic_return=2463.756942933441
eval_episode=2, episodic_return=3603.2938566736293
eval_episode=3, episodic_return=274.0365565471499
eval_episode=4, episodic_return=2456.836441879936
eval_episode=5, episodic_return=1627.269057457253
eval_episode=6, episodic_return=1050.2516998618587
eval_episode=7, episodic_return=1602.1045838114278
eval_episode=8, episodic_return=2316.8629667085665
eval_episode=9, episodic_return=3744.3256563578507
eval_episode=10, episodic_return=1769.2070285199657
eval_episode=11, episodic_return=3640.8265387355705
eval_episode=12, episodic_return=6476.078572741762
eval_episode=13, episodic_return=1376.2067273643936
eval_episode=14, episodic_return=6468.456485439616
eval_episode=15, episodic_return=1579.8809119301677
eval_episode=16, episodic_return=3337.631871760487
eval_episode=17, episodic_return=1656.8287410654368
eval_episode=18, episodic_return=7228.884859548222
eval_episode=19, episodic_return=2988.055336567448
eval_episode=20, episodic_return=1054.812691924522
eval_episode=21, episodic_return=2414.733970590274
eval_episode=22, episodic_return=407.62078839111535
eval_episode=23, episodic_return=1102.5122059417208
eval_episode=24, episodic_return=2989.7886701625935
eval_episode=25, episodic_return=2075.959532751834
eval_episode=26, episodic_return=3235.309220825424
eval_episode=27, episodic_return=5309.569956074672
eval_episode=28, episodic_return=4839.459567109793
eval_episode=29, episodic_return=2287.887604754751
eval_episode=30, episodic_return=3550.6536805966275
eval_episode=31, episodic_return=530.0201879422676
eval_episode=32, episodic_return=3395.903654417036
eval_episode=33, episodic_return=2493.792261697177
eval_episode=34, episodic_return=2070.8190949555687
eval_episode=35, episodic_return=9788.357608411427
eval_episode=36, episodic_return=2916.7121942285503
eval_episode=37, episodic_return=4785.791420331611
eval_episode=38, episodic_return=2889.7528463810727
eval_episode=39, episodic_return=2239.3720989357944
eval_episode=40, episodic_return=3490.513281284437
eval_episode=41, episodic_return=3224.500177514987
eval_episode=42, episodic_return=1173.0192655093979
eval_episode=43, episodic_return=5515.001909218328
eval_episode=44, episodic_return=4588.617630493972
eval_episode=45, episodic_return=7440.635166621671
eval_episode=46, episodic_return=4374.801110324606
eval_episode=47, episodic_return=1927.1078731965154
eval_episode=48, episodic_return=7397.409161838521
eval_episode=49, episodic_return=1865.976994019795
eval_episode=50, episodic_return=3200.066230953363
eval_episode=51, episodic_return=1283.545137525448
eval_episode=52, episodic_return=2170.2207350806525
eval_episode=53, episodic_return=9012.748440711535
eval_episode=54, episodic_return=1191.560951088744
eval_episode=55, episodic_return=3556.4457981890064
eval_episode=56, episodic_return=2205.754984347273
eval_episode=57, episodic_return=2079.311857531314
eval_episode=58, episodic_return=16792.7248443823
eval_episode=59, episodic_return=6657.645913802661
eval_episode=60, episodic_return=5087.014515256367
eval_episode=61, episodic_return=4664.562011594224
eval_episode=62, episodic_return=1513.5324767227826
eval_episode=63, episodic_return=1402.9248222505264
eval_episode=64, episodic_return=1873.2312507854233
eval_episode=65, episodic_return=2128.5946083252356
eval_episode=66, episodic_return=2246.454920214319
eval_episode=67, episodic_return=396.72576791655706
eval_episode=68, episodic_return=10994.080580640351
eval_episode=69, episodic_return=1837.5660451555186
eval_episode=70, episodic_return=1474.9822880167553
eval_episode=71, episodic_return=1650.9464305124031
eval_episode=72, episodic_return=3626.724783873113
eval_episode=73, episodic_return=1769.4782061278129
eval_episode=74, episodic_return=3407.77284751084
eval_episode=75, episodic_return=1277.0015795261413
eval_episode=76, episodic_return=4237.8657385304605
eval_episode=77, episodic_return=2443.8237431895463
eval_episode=78, episodic_return=3498.386607605517
eval_episode=79, episodic_return=2397.0026096965275
eval_episode=80, episodic_return=6060.461572801295
eval_episode=81, episodic_return=1376.16095807031
eval_episode=82, episodic_return=1740.1974069154346
eval_episode=83, episodic_return=2601.5988029666823
eval_episode=84, episodic_return=3222.0215565793546
eval_episode=85, episodic_return=1310.8707765904562
eval_episode=86, episodic_return=5288.5410151999085
eval_episode=87, episodic_return=2279.6553324775487
eval_episode=88, episodic_return=6721.776867854853
eval_episode=89, episodic_return=2061.372376719555
eval_episode=90, episodic_return=1395.331742270076
eval_episode=91, episodic_return=1329.7554773215522
eval_episode=92, episodic_return=7014.504138530159
eval_episode=93, episodic_return=1076.5682906147183
eval_episode=94, episodic_return=1932.9373293335439
eval_episode=95, episodic_return=3838.9950810920427
eval_episode=96, episodic_return=1642.8130237993103
eval_episode=97, episodic_return=859.0553642648403
eval_episode=98, episodic_return=5063.827733463426
eval_episode=99, episodic_return=2493.0212696686954
mean_return=3245.0926
std_return=2506.8068
median_return=2429.2789
iqm_return=2591.0576
min_return=274.0366
max_return=16792.7248
metrics appended to /home/users/am1015/cleanrl/sweeps/metrics/seed_4.csv
wandb: [wandb.login()] Loaded credentials for https://api.wandb.ai from /home/users/am1015/.netrc.
wandb: Currently logged in as: arjun-mahesh (arjun-mahesh-duke-university) to https://api.wandb.ai. Use `wandb login --relogin` to force relogin
wandb: Tracking run with wandb version 0.25.0
wandb: Run data is saved locally in /home/users/am1015/cleanrl/wandb/run-20260222_212312-9wskqe63
wandb: Run `wandb offline` to turn off syncing.
wandb: Syncing run s4_vanilla_friction_1p3
wandb: ⭐️ View project at https://wandb.ai/arjun-mahesh-duke-university/cleanrl
wandb: 🚀 View run at https://wandb.ai/arjun-mahesh-duke-university/cleanrl/runs/9wskqe63
/home/users/am1015/cleanrl/.venv/lib/python3.11/site-packages/gymnasium/envs/registration.py:512: DeprecationWarning: [33mWARN: The environment Walker2d-v4 is out of date. You should consider upgrading to version `v5`.[0m
  logger.deprecation(
/home/users/am1015/cleanrl/evaluate_ppo_robust.py:162: FutureWarning: You are using `torch.load` with `weights_only=False` (the current default value), which uses the default pickle module implicitly. It is possible to construct malicious pickle data which will execute arbitrary code during unpickling (See https://github.com/pytorch/pytorch/blob/main/SECURITY.md#untrusted-models for more details). In a future release, the default value for `weights_only` will be flipped to `True`. This limits the functions that could be executed during unpickling. Arbitrary objects will no longer be allowed to be loaded via this mode unless they are explicitly allowlisted by the user via `torch.serialization.add_safe_globals`. We recommend you start setting `weights_only=True` for any use case where you don't have full control of the loaded file. Please open an issue on GitHub for any issues related to this experimental feature.
  agent.load_state_dict(torch.load(args.model_path, map_location=device))
wandb: updating run metadata
wandb: uploading output.log; uploading wandb-summary.json; uploading config.yaml
wandb: 
wandb: Run history:
wandb:         eval/episode ▁▁▁▁▁▂▂▂▂▂▃▃▃▃▃▄▄▄▄▄▄▅▅▅▅▅▆▆▆▆▆▇▇▇▇▇▇███
wandb: eval/episodic_return ▁▁▁▁▁▁▁▁▁▁▁▁▁▁▁▂▁▁▁▁█▁▁▁▁▁▁▁▆▁▁▁▁▁▁▁▁▁▁▁
wandb:   eval/eval_episodes ▁
wandb:      eval/iqm_return ▁
wandb:    eval/is_perturbed ▁
wandb:      eval/max_return ▁
wandb:     eval/mean_return ▁
wandb:   eval/median_return ▁
wandb:      eval/min_return ▁
wandb:      eval/std_return ▁
wandb: 
wandb: Run summary:
wandb:         eval/episode 99
wandb: eval/episodic_return -40.75628
wandb:   eval/eval_episodes 100
wandb:      eval/iqm_return 809.75107
wandb:    eval/is_perturbed 1
wandb:      eval/max_return 24757023.6662
wandb:     eval/mean_return 563836.03555
wandb:   eval/median_return 302.82184
wandb:      eval/min_return -62.09823
wandb:      eval/std_return 3197775.56796
wandb: 
wandb: 🚀 View run s4_vanilla_friction_1p3 at: https://wandb.ai/arjun-mahesh-duke-university/cleanrl/runs/9wskqe63
wandb: ⭐️ View project at: https://wandb.ai/arjun-mahesh-duke-university/cleanrl
wandb: Synced 5 W&B file(s), 0 media file(s), 0 artifact file(s) and 0 other file(s)
wandb: Find logs at: ./wandb/run-20260222_212312-9wskqe63/logs
loaded normalization stats from /home/users/am1015/rl_runs/Walker2d-v4__ppo_cont_vanilla_final__4__1771811166/ppo_cont_vanilla_final.cleanrl_model.norm_stats.npz
eval_episode=0, episodic_return=2931.9845736894695
eval_episode=1, episodic_return=2790.9437964324784
eval_episode=2, episodic_return=102657.6631686159
eval_episode=3, episodic_return=2353.2768083846095
eval_episode=4, episodic_return=1467.7542309576202
eval_episode=5, episodic_return=6574.924587623173
eval_episode=6, episodic_return=1575.285901758192
eval_episode=7, episodic_return=3710.794785694755
eval_episode=8, episodic_return=2182.28971327945
eval_episode=9, episodic_return=5044.277495355223
eval_episode=10, episodic_return=2055.4921724451956
eval_episode=11, episodic_return=2339.8273968604917
eval_episode=12, episodic_return=5197.401964778379
eval_episode=13, episodic_return=5997.33413310568
eval_episode=14, episodic_return=1563.4553136416737
eval_episode=15, episodic_return=938.7366853445847
eval_episode=16, episodic_return=4364.666127935687
eval_episode=17, episodic_return=1781.8955295577618
eval_episode=18, episodic_return=3423.8409848656643
eval_episode=19, episodic_return=2166.1125879434076
eval_episode=20, episodic_return=2378.232616711924
eval_episode=21, episodic_return=1892.0014055638703
eval_episode=22, episodic_return=292.8443272365856
eval_episode=23, episodic_return=2336.9512512707897
eval_episode=24, episodic_return=2989.062966991352
eval_episode=25, episodic_return=2838.7580186858863
eval_episode=26, episodic_return=2595.615781988138
eval_episode=27, episodic_return=409.58020066028746
eval_episode=28, episodic_return=1591.2630940049626
eval_episode=29, episodic_return=2159.7673313716546
eval_episode=30, episodic_return=4713.324346464776
eval_episode=31, episodic_return=6417.0829491710665
eval_episode=32, episodic_return=1981.9460068845601
eval_episode=33, episodic_return=1673.6165679202393
eval_episode=34, episodic_return=5006.468907089334
eval_episode=35, episodic_return=6634.538697564199
eval_episode=36, episodic_return=318.32926383501035
eval_episode=37, episodic_return=3533.8022554799827
eval_episode=38, episodic_return=1525.7293520593262
eval_episode=39, episodic_return=3196.7073256329845
eval_episode=40, episodic_return=1668.3081888725192
eval_episode=41, episodic_return=1916.1646928284265
eval_episode=42, episodic_return=4171509.7129950467
eval_episode=43, episodic_return=-7.384678388861028
eval_episode=44, episodic_return=9.91756989229403
eval_episode=45, episodic_return=81.93597489459721
eval_episode=46, episodic_return=7.82155087088813
eval_episode=47, episodic_return=16.987180274858865
eval_episode=48, episodic_return=2.180972867508445
eval_episode=49, episodic_return=7.50003732521759
eval_episode=50, episodic_return=7.326107229686458
eval_episode=51, episodic_return=24757023.66619524
eval_episode=52, episodic_return=-29.643724043216036
eval_episode=53, episodic_return=71.21665669887093
eval_episode=54, episodic_return=-20.097097623581256
eval_episode=55, episodic_return=-21.106151237985472
eval_episode=56, episodic_return=-41.18088580784906
eval_episode=57, episodic_return=272.3444409940442
eval_episode=58, episodic_return=-6.7720261445476755
eval_episode=59, episodic_return=15.729116311055748
eval_episode=60, episodic_return=-33.112909216616785
eval_episode=61, episodic_return=-8.61222116234374
eval_episode=62, episodic_return=-11.787292963092375
eval_episode=63, episodic_return=-14.370119997739586
eval_episode=64, episodic_return=-24.302859185057304
eval_episode=65, episodic_return=-30.097485784602352
eval_episode=66, episodic_return=-28.99256781023298
eval_episode=67, episodic_return=255.45565911875258
eval_episode=68, episodic_return=312.7993489627209
eval_episode=69, episodic_return=19143368.765546918
eval_episode=70, episodic_return=1000545.41263904
eval_episode=71, episodic_return=-24.77592138117107
eval_episode=72, episodic_return=288806.4413173786
eval_episode=73, episodic_return=-24.980799785477995
eval_episode=74, episodic_return=-10.914700198617552
eval_episode=75, episodic_return=128.94767525683528
eval_episode=76, episodic_return=343.48022957766756
eval_episode=77, episodic_return=-20.457086759548126
eval_episode=78, episodic_return=-29.15733346035538
eval_episode=79, episodic_return=-31.446968729447956
eval_episode=80, episodic_return=372.9103373958938
eval_episode=81, episodic_return=-6.1140207886542655
eval_episode=82, episodic_return=-40.21408076331405
eval_episode=83, episodic_return=-32.359382342249916
eval_episode=84, episodic_return=2.2248477310032406
eval_episode=85, episodic_return=-33.25754127423046
eval_episode=86, episodic_return=-5.495459534049231
eval_episode=87, episodic_return=39.358185085046465
eval_episode=88, episodic_return=-19.94317243550156
eval_episode=89, episodic_return=-28.539000751901234
eval_episode=90, episodic_return=20.330624540210962
eval_episode=91, episodic_return=7.859031961770274
eval_episode=92, episodic_return=-5.1600286906186446
eval_episode=93, episodic_return=-62.09823169866865
eval_episode=94, episodic_return=-22.754797895892704
eval_episode=95, episodic_return=6801943.1720160525
eval_episode=96, episodic_return=-15.819818823598354
eval_episode=97, episodic_return=-7.17948440957281
eval_episode=98, episodic_return=-19.110358897894287
eval_episode=99, episodic_return=-40.75628010501806
mean_return=563836.0356
std_return=3197775.5680
median_return=302.8218
iqm_return=809.7511
min_return=-62.0982
max_return=24757023.6662
metrics appended to /home/users/am1015/cleanrl/sweeps/metrics/seed_4.csv
wandb: [wandb.login()] Loaded credentials for https://api.wandb.ai from /home/users/am1015/.netrc.
wandb: Currently logged in as: arjun-mahesh (arjun-mahesh-duke-university) to https://api.wandb.ai. Use `wandb login --relogin` to force relogin
wandb: setting up run aorl4di4
wandb: Tracking run with wandb version 0.25.0
wandb: Run data is saved locally in /home/users/am1015/cleanrl/wandb/run-20260223_093430-aorl4di4
wandb: Run `wandb offline` to turn off syncing.
wandb: Syncing run s4_tv_friction_1p3
wandb: ⭐️ View project at https://wandb.ai/arjun-mahesh-duke-university/cleanrl
wandb: 🚀 View run at https://wandb.ai/arjun-mahesh-duke-university/cleanrl/runs/aorl4di4
/home/users/am1015/cleanrl/.venv/lib/python3.11/site-packages/gymnasium/envs/registration.py:512: DeprecationWarning: [33mWARN: The environment Walker2d-v4 is out of date. You should consider upgrading to version `v5`.[0m
  logger.deprecation(
/home/users/am1015/cleanrl/evaluate_ppo_robust.py:162: FutureWarning: You are using `torch.load` with `weights_only=False` (the current default value), which uses the default pickle module implicitly. It is possible to construct malicious pickle data which will execute arbitrary code during unpickling (See https://github.com/pytorch/pytorch/blob/main/SECURITY.md#untrusted-models for more details). In a future release, the default value for `weights_only` will be flipped to `True`. This limits the functions that could be executed during unpickling. Arbitrary objects will no longer be allowed to be loaded via this mode unless they are explicitly allowlisted by the user via `torch.serialization.add_safe_globals`. We recommend you start setting `weights_only=True` for any use case where you don't have full control of the loaded file. Please open an issue on GitHub for any issues related to this experimental feature.
  agent.load_state_dict(torch.load(args.model_path, map_location=device))
wandb: updating run metadata
wandb: uploading output.log; uploading wandb-summary.json; uploading config.yaml
wandb: 
wandb: Run history:
wandb:         eval/episode ▁▁▁▂▂▃▃▃▃▃▄▄▄▄▄▄▄▄▅▅▅▅▅▆▆▆▆▆▆▆▇▇▇▇▇▇▇███
wandb: eval/episodic_return ▁▁▁▁▁▁▁▁▁▁▁▁▁▁▁▁▁▁█▁▁▁▁▁▁▁▁▁▁▁▁▁▁▁▁▁▁▁▄▁
wandb:   eval/eval_episodes ▁
wandb:      eval/iqm_return ▁
wandb:    eval/is_perturbed ▁
wandb:      eval/max_return ▁
wandb:     eval/mean_return ▁
wandb:   eval/median_return ▁
wandb:      eval/min_return ▁
wandb:      eval/std_return ▁
wandb: 
wandb: Run summary:
wandb:         eval/episode 99
wandb: eval/episodic_return -36.23958
wandb:   eval/eval_episodes 100
wandb:      eval/iqm_return 626.23138
wandb:    eval/is_perturbed 1
wandb:      eval/max_return 33650483.7894
wandb:     eval/mean_return 484018.01009
wandb:   eval/median_return 70.68525
wandb:      eval/min_return -48.30738
wandb:      eval/std_return 3459891.90262
wandb: 
wandb: 🚀 View run s4_tv_friction_1p3 at: https://wandb.ai/arjun-mahesh-duke-university/cleanrl/runs/aorl4di4
wandb: ⭐️ View project at: https://wandb.ai/arjun-mahesh-duke-university/cleanrl
wandb: Synced 5 W&B file(s), 0 media file(s), 0 artifact file(s) and 0 other file(s)
wandb: Find logs at: ./wandb/run-20260223_093430-aorl4di4/logs
loaded normalization stats from /home/users/am1015/rl_runs/Walker2d-v4__ppo_cont_tv_final_cap3500__4__1771811496/ppo_cont_tv_final_cap3500.cleanrl_model.norm_stats.npz
eval_episode=0, episodic_return=1613.9504421782892
eval_episode=1, episodic_return=1496.407054830739
eval_episode=2, episodic_return=2203.9245540860807
eval_episode=3, episodic_return=1403.4670210216445
eval_episode=4, episodic_return=1496.6924288642435
eval_episode=5, episodic_return=1864.1067522614853
eval_episode=6, episodic_return=3102.7193645793623
eval_episode=7, episodic_return=5885.07569411967
eval_episode=8, episodic_return=1802.8655727652776
eval_episode=9, episodic_return=2563.777428686813
eval_episode=10, episodic_return=3610.50822339824
eval_episode=11, episodic_return=4659.0933900933205
eval_episode=12, episodic_return=1462.7067341397028
eval_episode=13, episodic_return=6699.072461937542
eval_episode=14, episodic_return=3244.855736398343
eval_episode=15, episodic_return=4910.360169215242
eval_episode=16, episodic_return=6487.9166683274225
eval_episode=17, episodic_return=355.02259975196387
eval_episode=18, episodic_return=1487.082967761539
eval_episode=19, episodic_return=7095.156784594189
eval_episode=20, episodic_return=4115.665231303987
eval_episode=21, episodic_return=2314.2273374232864
eval_episode=22, episodic_return=4084.176958403258
eval_episode=23, episodic_return=2234.943239709186
eval_episode=24, episodic_return=1368.8838109006433
eval_episode=25, episodic_return=1812.0546073160322
eval_episode=26, episodic_return=1292.435361144762
eval_episode=27, episodic_return=1928.1733078377667
eval_episode=28, episodic_return=4094.450256733702
eval_episode=29, episodic_return=1252.5808862447993
eval_episode=30, episodic_return=3693.5220629898035
eval_episode=31, episodic_return=1830.1292631811764
eval_episode=32, episodic_return=3593.038100046257
eval_episode=33, episodic_return=3176.1330776085956
eval_episode=34, episodic_return=7324.7983812459715
eval_episode=35, episodic_return=1627.7443572080497
eval_episode=36, episodic_return=3428.8691991598293
eval_episode=37, episodic_return=866.9877092803495
eval_episode=38, episodic_return=2285.55661416363
eval_episode=39, episodic_return=4358758.059556797
eval_episode=40, episodic_return=12.117293757874407
eval_episode=41, episodic_return=10.206358529067654
eval_episode=42, episodic_return=-7.320004237234681
eval_episode=43, episodic_return=-0.4134311558727406
eval_episode=44, episodic_return=5.230097653543017
eval_episode=45, episodic_return=-2.620771811071635
eval_episode=46, episodic_return=11.693238581251329
eval_episode=47, episodic_return=24.936223096245435
eval_episode=48, episodic_return=5.378049505494392
eval_episode=49, episodic_return=24.051615095122916
eval_episode=50, episodic_return=14.05486112463836
eval_episode=51, episodic_return=18.199382024934053
eval_episode=52, episodic_return=27.50546346112552
eval_episode=53, episodic_return=55.66338803639602
eval_episode=54, episodic_return=2.511923274511794
eval_episode=55, episodic_return=5.827222212193483
eval_episode=56, episodic_return=22.908548329891666
eval_episode=57, episodic_return=27.10316676243467
eval_episode=58, episodic_return=1148816.0997936702
eval_episode=59, episodic_return=-4.389491947022696
eval_episode=60, episodic_return=23.829852617800587
eval_episode=61, episodic_return=1.9797368113299352
eval_episode=62, episodic_return=-3.7198943880000828
eval_episode=63, episodic_return=5.400527187885227
eval_episode=64, episodic_return=18.278803156641068
eval_episode=65, episodic_return=6.596306575120852
eval_episode=66, episodic_return=11.172698526243991
eval_episode=67, episodic_return=6.460069144090252
eval_episode=68, episodic_return=-6.591763669333712
eval_episode=69, episodic_return=33650483.78939709
eval_episode=70, episodic_return=-27.687672050226443
eval_episode=71, episodic_return=341.05844797615333
eval_episode=72, episodic_return=331.18200718876477
eval_episode=73, episodic_return=-19.40410002430669
eval_episode=74, episodic_return=-17.84194368638407
eval_episode=75, episodic_return=-33.558985049924544
eval_episode=76, episodic_return=-32.82065683480083
eval_episode=77, episodic_return=361.97788159517177
eval_episode=78, episodic_return=-7.206664479822739
eval_episode=79, episodic_return=-22.949429665760075
eval_episode=80, episodic_return=-3.1997887073181617
eval_episode=81, episodic_return=-31.06631861124659
eval_episode=82, episodic_return=-13.393264379638643
eval_episode=83, episodic_return=-22.150148215441487
eval_episode=84, episodic_return=-5.945941897203371
eval_episode=85, episodic_return=179.51183273014254
eval_episode=86, episodic_return=-27.48059554119742
eval_episode=87, episodic_return=37.542318897299786
eval_episode=88, episodic_return=35.92902496329215
eval_episode=89, episodic_return=85.70710692583818
eval_episode=90, episodic_return=1896675.7861368996
eval_episode=91, episodic_return=-30.345236314108444
eval_episode=92, episodic_return=7229815.397691111
eval_episode=93, episodic_return=-2.240276322143502
eval_episode=94, episodic_return=197.81024890192188
eval_episode=95, episodic_return=-9.197374118012904
eval_episode=96, episodic_return=-4.8840798690466976
eval_episode=97, episodic_return=-8.104596115130407
eval_episode=98, episodic_return=-48.30738303547386
eval_episode=99, episodic_return=-36.239580253377554
mean_return=484018.0101
std_return=3459891.9026
median_return=70.6852
iqm_return=626.2314
min_return=-48.3074
max_return=33650483.7894
metrics appended to /home/users/am1015/cleanrl/sweeps/metrics/seed_4.csv
