wandb: [wandb.login()] Loaded credentials for https://api.wandb.ai from /home/users/am1015/.netrc.
wandb: Currently logged in as: arjun-mahesh (arjun-mahesh-duke-university) to https://api.wandb.ai. Use `wandb login --relogin` to force relogin
wandb: setting up run 6iln5frj
wandb: Tracking run with wandb version 0.25.0
wandb: Run data is saved locally in /home/users/am1015/cleanrl/wandb/run-20260222_211538-6iln5frj
wandb: Run `wandb offline` to turn off syncing.
wandb: Syncing run s3_vanilla_nominal
wandb: ⭐️ View project at https://wandb.ai/arjun-mahesh-duke-university/cleanrl
wandb: 🚀 View run at https://wandb.ai/arjun-mahesh-duke-university/cleanrl/runs/6iln5frj
/home/users/am1015/cleanrl/.venv/lib/python3.11/site-packages/gymnasium/envs/registration.py:512: DeprecationWarning: [33mWARN: The environment Walker2d-v4 is out of date. You should consider upgrading to version `v5`.[0m
  logger.deprecation(
/home/users/am1015/cleanrl/evaluate_ppo_robust.py:162: FutureWarning: You are using `torch.load` with `weights_only=False` (the current default value), which uses the default pickle module implicitly. It is possible to construct malicious pickle data which will execute arbitrary code during unpickling (See https://github.com/pytorch/pytorch/blob/main/SECURITY.md#untrusted-models for more details). In a future release, the default value for `weights_only` will be flipped to `True`. This limits the functions that could be executed during unpickling. Arbitrary objects will no longer be allowed to be loaded via this mode unless they are explicitly allowlisted by the user via `torch.serialization.add_safe_globals`. We recommend you start setting `weights_only=True` for any use case where you don't have full control of the loaded file. Please open an issue on GitHub for any issues related to this experimental feature.
  agent.load_state_dict(torch.load(args.model_path, map_location=device))
wandb: updating run metadata
wandb: uploading history steps 0-100, summary, console lines 97-110
wandb: 
wandb: Run history:
wandb:         eval/episode ▁▁▁▂▂▂▂▂▂▃▃▃▃▃▃▄▄▄▄▅▅▅▅▅▅▆▆▆▆▆▆▇▇▇▇▇▇▇██
wandb: eval/episodic_return ███████▇█▄▆▇███▄█▃▇▆█▇██▅▇▇█▇█▇█████▁▄██
wandb:   eval/eval_episodes ▁
wandb:      eval/iqm_return ▁
wandb:    eval/is_perturbed ▁
wandb:      eval/max_return ▁
wandb:     eval/mean_return ▁
wandb:   eval/median_return ▁
wandb:      eval/min_return ▁
wandb:      eval/std_return ▁
wandb: 
wandb: Run summary:
wandb:         eval/episode 99
wandb: eval/episodic_return 801.7178
wandb:   eval/eval_episodes 100
wandb:      eval/iqm_return 4153.49368
wandb:    eval/is_perturbed 0
wandb:      eval/max_return 4382.28062
wandb:     eval/mean_return 3732.18098
wandb:   eval/median_return 4186.24619
wandb:      eval/min_return 280.63694
wandb:      eval/std_return 961.63691
wandb: 
wandb: 🚀 View run s3_vanilla_nominal at: https://wandb.ai/arjun-mahesh-duke-university/cleanrl/runs/6iln5frj
wandb: ⭐️ View project at: https://wandb.ai/arjun-mahesh-duke-university/cleanrl
wandb: Synced 5 W&B file(s), 0 media file(s), 0 artifact file(s) and 0 other file(s)
wandb: Find logs at: ./wandb/run-20260222_211538-6iln5frj/logs
loaded normalization stats from /home/users/am1015/rl_runs/Walker2d-v4__ppo_cont_vanilla_final__3__1771811166/ppo_cont_vanilla_final.cleanrl_model.norm_stats.npz
eval_episode=0, episodic_return=4135.13081719492
eval_episode=1, episodic_return=4212.058560627971
eval_episode=2, episodic_return=4163.347316107966
eval_episode=3, episodic_return=4184.3888818992045
eval_episode=4, episodic_return=4123.192427536654
eval_episode=5, episodic_return=4145.728583674187
eval_episode=6, episodic_return=3336.000044158091
eval_episode=7, episodic_return=4210.016284526131
eval_episode=8, episodic_return=4244.2811612004625
eval_episode=9, episodic_return=4173.297861617225
eval_episode=10, episodic_return=4304.157300948941
eval_episode=11, episodic_return=4096.024593011823
eval_episode=12, episodic_return=4323.363377601711
eval_episode=13, episodic_return=4230.378349645618
eval_episode=14, episodic_return=4034.2603942197507
eval_episode=15, episodic_return=4091.363516941588
eval_episode=16, episodic_return=4294.210997606554
eval_episode=17, episodic_return=4309.650717329365
eval_episode=18, episodic_return=4195.145625225167
eval_episode=19, episodic_return=4234.680324927601
eval_episode=20, episodic_return=3422.4529133311094
eval_episode=21, episodic_return=2269.602315398828
eval_episode=22, episodic_return=3190.1212781413988
eval_episode=23, episodic_return=4242.479969652807
eval_episode=24, episodic_return=4210.733449960484
eval_episode=25, episodic_return=4277.658102903101
eval_episode=26, episodic_return=3939.43201960427
eval_episode=27, episodic_return=4225.759632689441
eval_episode=28, episodic_return=553.7996783398568
eval_episode=29, episodic_return=4316.289616998594
eval_episode=30, episodic_return=3143.3442981318926
eval_episode=31, episodic_return=4239.993710799762
eval_episode=32, episodic_return=4018.712623228171
eval_episode=33, episodic_return=2458.9665301336704
eval_episode=34, episodic_return=4245.017015178677
eval_episode=35, episodic_return=4285.157568366174
eval_episode=36, episodic_return=4231.235648725563
eval_episode=37, episodic_return=4177.121040956166
eval_episode=38, episodic_return=4184.857125366146
eval_episode=39, episodic_return=4282.234814172912
eval_episode=40, episodic_return=4280.44710638682
eval_episode=41, episodic_return=2199.1228365445754
eval_episode=42, episodic_return=4219.907171880365
eval_episode=43, episodic_return=1756.2536680837486
eval_episode=44, episodic_return=4187.635250491709
eval_episode=45, episodic_return=2589.399474505937
eval_episode=46, episodic_return=2150.4211439631504
eval_episode=47, episodic_return=4282.2741142602135
eval_episode=48, episodic_return=3001.5961455525967
eval_episode=49, episodic_return=4208.373020938888
eval_episode=50, episodic_return=1250.6562632748123
eval_episode=51, episodic_return=4077.664947169904
eval_episode=52, episodic_return=3094.751896494717
eval_episode=53, episodic_return=4218.061533865048
eval_episode=54, episodic_return=4193.618974519961
eval_episode=55, episodic_return=3596.7521793842607
eval_episode=56, episodic_return=4273.404549328093
eval_episode=57, episodic_return=4326.7464361106895
eval_episode=58, episodic_return=2664.176168902924
eval_episode=59, episodic_return=4230.332213443256
eval_episode=60, episodic_return=4208.610030811449
eval_episode=61, episodic_return=4188.5658452076705
eval_episode=62, episodic_return=2520.8536867098132
eval_episode=63, episodic_return=4364.46014047796
eval_episode=64, episodic_return=4304.525865609392
eval_episode=65, episodic_return=3987.2721369965943
eval_episode=66, episodic_return=4275.941290771605
eval_episode=67, episodic_return=4028.9412366232414
eval_episode=68, episodic_return=4382.28061731426
eval_episode=69, episodic_return=4127.394915706979
eval_episode=70, episodic_return=3818.8828804011737
eval_episode=71, episodic_return=4231.8993995126475
eval_episode=72, episodic_return=3849.913742470052
eval_episode=73, episodic_return=4380.390274629306
eval_episode=74, episodic_return=4244.2335633335615
eval_episode=75, episodic_return=4087.3230209699036
eval_episode=76, episodic_return=4238.921506138771
eval_episode=77, episodic_return=4247.7621665378365
eval_episode=78, episodic_return=4370.617917394419
eval_episode=79, episodic_return=4189.02153323376
eval_episode=80, episodic_return=4295.838479638334
eval_episode=81, episodic_return=4297.487695030588
eval_episode=82, episodic_return=4188.722280244073
eval_episode=83, episodic_return=4067.6781953051636
eval_episode=84, episodic_return=4291.215479234774
eval_episode=85, episodic_return=4183.752312476396
eval_episode=86, episodic_return=4203.625513429245
eval_episode=87, episodic_return=280.63694322396117
eval_episode=88, episodic_return=3920.0107125778513
eval_episode=89, episodic_return=2307.705972256977
eval_episode=90, episodic_return=4266.664257627168
eval_episode=91, episodic_return=2820.913548549399
eval_episode=92, episodic_return=4268.200932578536
eval_episode=93, episodic_return=4155.58090598769
eval_episode=94, episodic_return=2452.4172377441582
eval_episode=95, episodic_return=4163.542462868999
eval_episode=96, episodic_return=4130.46170018853
eval_episode=97, episodic_return=345.7766949040366
eval_episode=98, episodic_return=1971.0951877720668
eval_episode=99, episodic_return=801.7178025832422
mean_return=3732.1810
std_return=961.6369
median_return=4186.2462
iqm_return=4153.4937
min_return=280.6369
max_return=4382.2806
metrics appended to /home/users/am1015/cleanrl/sweeps/metrics/seed_3.csv
wandb: [wandb.login()] Loaded credentials for https://api.wandb.ai from /home/users/am1015/.netrc.
wandb: Currently logged in as: arjun-mahesh (arjun-mahesh-duke-university) to https://api.wandb.ai. Use `wandb login --relogin` to force relogin
wandb: setting up run 5760q5g3
wandb: Tracking run with wandb version 0.25.0
wandb: Run data is saved locally in /home/users/am1015/cleanrl/wandb/run-20260222_211703-5760q5g3
wandb: Run `wandb offline` to turn off syncing.
wandb: Syncing run s3_tv_nominal
wandb: ⭐️ View project at https://wandb.ai/arjun-mahesh-duke-university/cleanrl
wandb: 🚀 View run at https://wandb.ai/arjun-mahesh-duke-university/cleanrl/runs/5760q5g3
/home/users/am1015/cleanrl/.venv/lib/python3.11/site-packages/gymnasium/envs/registration.py:512: DeprecationWarning: [33mWARN: The environment Walker2d-v4 is out of date. You should consider upgrading to version `v5`.[0m
  logger.deprecation(
/home/users/am1015/cleanrl/evaluate_ppo_robust.py:162: FutureWarning: You are using `torch.load` with `weights_only=False` (the current default value), which uses the default pickle module implicitly. It is possible to construct malicious pickle data which will execute arbitrary code during unpickling (See https://github.com/pytorch/pytorch/blob/main/SECURITY.md#untrusted-models for more details). In a future release, the default value for `weights_only` will be flipped to `True`. This limits the functions that could be executed during unpickling. Arbitrary objects will no longer be allowed to be loaded via this mode unless they are explicitly allowlisted by the user via `torch.serialization.add_safe_globals`. We recommend you start setting `weights_only=True` for any use case where you don't have full control of the loaded file. Please open an issue on GitHub for any issues related to this experimental feature.
  agent.load_state_dict(torch.load(args.model_path, map_location=device))
wandb: updating run metadata
wandb: uploading history steps 0-100, summary, console lines 101-110
wandb: 
wandb: Run history:
wandb:         eval/episode ▁▁▁▁▂▂▂▂▃▃▃▃▃▃▃▃▄▄▄▄▄▄▄▅▅▅▅▅▆▆▆▆▆▆▇▇▇▇▇█
wandb: eval/episodic_return ███▆█████▁███▂▁███████▇████▁███▃▃████▇██
wandb:   eval/eval_episodes ▁
wandb:      eval/iqm_return ▁
wandb:    eval/is_perturbed ▁
wandb:      eval/max_return ▁
wandb:     eval/mean_return ▁
wandb:   eval/median_return ▁
wandb:      eval/min_return ▁
wandb:      eval/std_return ▁
wandb: 
wandb: Run summary:
wandb:         eval/episode 99
wandb: eval/episodic_return 4287.03907
wandb:   eval/eval_episodes 100
wandb:      eval/iqm_return 4151.54622
wandb:    eval/is_perturbed 0
wandb:      eval/max_return 4353.32682
wandb:     eval/mean_return 3623.95135
wandb:   eval/median_return 4162.56758
wandb:      eval/min_return 309.61056
wandb:      eval/std_return 1138.77166
wandb: 
wandb: 🚀 View run s3_tv_nominal at: https://wandb.ai/arjun-mahesh-duke-university/cleanrl/runs/5760q5g3
wandb: ⭐️ View project at: https://wandb.ai/arjun-mahesh-duke-university/cleanrl
wandb: Synced 5 W&B file(s), 0 media file(s), 0 artifact file(s) and 0 other file(s)
wandb: Find logs at: ./wandb/run-20260222_211703-5760q5g3/logs
loaded normalization stats from /home/users/am1015/rl_runs/Walker2d-v4__ppo_cont_tv_final_cap3500__3__1771811496/ppo_cont_tv_final_cap3500.cleanrl_model.norm_stats.npz
eval_episode=0, episodic_return=4258.168684794305
eval_episode=1, episodic_return=4201.509576788627
eval_episode=2, episodic_return=4215.23032909889
eval_episode=3, episodic_return=4308.63341802839
eval_episode=4, episodic_return=4246.694232304298
eval_episode=5, episodic_return=4174.726341510384
eval_episode=6, episodic_return=4153.160364484285
eval_episode=7, episodic_return=4200.952049250432
eval_episode=8, episodic_return=3211.003352685661
eval_episode=9, episodic_return=3361.2303838082
eval_episode=10, episodic_return=579.2882293220141
eval_episode=11, episodic_return=4163.769200050396
eval_episode=12, episodic_return=4264.934007608648
eval_episode=13, episodic_return=2002.0344396126677
eval_episode=14, episodic_return=4343.8203941135025
eval_episode=15, episodic_return=4248.681343247956
eval_episode=16, episodic_return=4133.669209327732
eval_episode=17, episodic_return=4060.350219216308
eval_episode=18, episodic_return=4185.004761419373
eval_episode=19, episodic_return=4198.566759631965
eval_episode=20, episodic_return=471.59111780388287
eval_episode=21, episodic_return=4314.099893329782
eval_episode=22, episodic_return=4114.604014509045
eval_episode=23, episodic_return=4123.338676130758
eval_episode=24, episodic_return=4068.6110906985195
eval_episode=25, episodic_return=4265.820354397885
eval_episode=26, episodic_return=4132.977863006191
eval_episode=27, episodic_return=4161.365961683732
eval_episode=28, episodic_return=4268.641843483979
eval_episode=29, episodic_return=1086.3139332161434
eval_episode=30, episodic_return=4249.648192438929
eval_episode=31, episodic_return=309.61056355050755
eval_episode=32, episodic_return=4147.178860962652
eval_episode=33, episodic_return=3005.571200468614
eval_episode=34, episodic_return=2801.545117641024
eval_episode=35, episodic_return=4290.263218692093
eval_episode=36, episodic_return=2325.026604215459
eval_episode=37, episodic_return=1135.6733221059803
eval_episode=38, episodic_return=3604.192784990172
eval_episode=39, episodic_return=4256.11973043427
eval_episode=40, episodic_return=4257.578076938075
eval_episode=41, episodic_return=4214.83021874962
eval_episode=42, episodic_return=4291.679293255522
eval_episode=43, episodic_return=4058.3602804932266
eval_episode=44, episodic_return=4244.572790222794
eval_episode=45, episodic_return=4305.456686552416
eval_episode=46, episodic_return=1957.1989619039514
eval_episode=47, episodic_return=4229.79401897467
eval_episode=48, episodic_return=4114.744112452158
eval_episode=49, episodic_return=4206.091476689051
eval_episode=50, episodic_return=4234.965034462378
eval_episode=51, episodic_return=4353.326822705346
eval_episode=52, episodic_return=2926.600738337001
eval_episode=53, episodic_return=4175.7588311492245
eval_episode=54, episodic_return=4258.731939245276
eval_episode=55, episodic_return=4284.591651308887
eval_episode=56, episodic_return=4267.298130222263
eval_episode=57, episodic_return=4238.709849375893
eval_episode=58, episodic_return=4143.854302317016
eval_episode=59, episodic_return=4268.810620844824
eval_episode=60, episodic_return=4049.6771661806533
eval_episode=61, episodic_return=4173.500420533833
eval_episode=62, episodic_return=4047.1221793057553
eval_episode=63, episodic_return=4119.813745348439
eval_episode=64, episodic_return=1977.4195507800996
eval_episode=65, episodic_return=4313.539442957117
eval_episode=66, episodic_return=4225.353457484238
eval_episode=67, episodic_return=4278.47865312592
eval_episode=68, episodic_return=1739.2960913938002
eval_episode=69, episodic_return=4291.012896714459
eval_episode=70, episodic_return=424.07519732912215
eval_episode=71, episodic_return=4181.008004468668
eval_episode=72, episodic_return=1935.4593936251217
eval_episode=73, episodic_return=4140.716823848768
eval_episode=74, episodic_return=3746.6556661860454
eval_episode=75, episodic_return=4255.540919770343
eval_episode=76, episodic_return=4152.435823982398
eval_episode=77, episodic_return=4059.9256437720655
eval_episode=78, episodic_return=4122.133589324297
eval_episode=79, episodic_return=3593.90580552532
eval_episode=80, episodic_return=1187.460146963629
eval_episode=81, episodic_return=4138.89331800704
eval_episode=82, episodic_return=1291.5258430523463
eval_episode=83, episodic_return=4285.574810824868
eval_episode=84, episodic_return=638.2793180931753
eval_episode=85, episodic_return=424.967930525428
eval_episode=86, episodic_return=3991.572933341045
eval_episode=87, episodic_return=4257.458121350318
eval_episode=88, episodic_return=4122.331285784408
eval_episode=89, episodic_return=4223.683621480661
eval_episode=90, episodic_return=2932.4533253694403
eval_episode=91, episodic_return=4209.893097805674
eval_episode=92, episodic_return=4344.334871463672
eval_episode=93, episodic_return=4244.978007153416
eval_episode=94, episodic_return=3946.105896187403
eval_episode=95, episodic_return=4296.824061916414
eval_episode=96, episodic_return=4128.129710848262
eval_episode=97, episodic_return=2670.0639092748725
eval_episode=98, episodic_return=4269.919706275419
eval_episode=99, episodic_return=4287.039065700097
mean_return=3623.9513
std_return=1138.7717
median_return=4162.5676
iqm_return=4151.5462
min_return=309.6106
max_return=4353.3268
metrics appended to /home/users/am1015/cleanrl/sweeps/metrics/seed_3.csv
wandb: [wandb.login()] Loaded credentials for https://api.wandb.ai from /home/users/am1015/.netrc.
wandb: Currently logged in as: arjun-mahesh (arjun-mahesh-duke-university) to https://api.wandb.ai. Use `wandb login --relogin` to force relogin
wandb: setting up run 4aitf122
wandb: Tracking run with wandb version 0.25.0
wandb: Run data is saved locally in /home/users/am1015/cleanrl/wandb/run-20260222_211826-4aitf122
wandb: Run `wandb offline` to turn off syncing.
wandb: Syncing run s3_vanilla_friction_1p0
wandb: ⭐️ View project at https://wandb.ai/arjun-mahesh-duke-university/cleanrl
wandb: 🚀 View run at https://wandb.ai/arjun-mahesh-duke-university/cleanrl/runs/4aitf122
/home/users/am1015/cleanrl/.venv/lib/python3.11/site-packages/gymnasium/envs/registration.py:512: DeprecationWarning: [33mWARN: The environment Walker2d-v4 is out of date. You should consider upgrading to version `v5`.[0m
  logger.deprecation(
/home/users/am1015/cleanrl/evaluate_ppo_robust.py:162: FutureWarning: You are using `torch.load` with `weights_only=False` (the current default value), which uses the default pickle module implicitly. It is possible to construct malicious pickle data which will execute arbitrary code during unpickling (See https://github.com/pytorch/pytorch/blob/main/SECURITY.md#untrusted-models for more details). In a future release, the default value for `weights_only` will be flipped to `True`. This limits the functions that could be executed during unpickling. Arbitrary objects will no longer be allowed to be loaded via this mode unless they are explicitly allowlisted by the user via `torch.serialization.add_safe_globals`. We recommend you start setting `weights_only=True` for any use case where you don't have full control of the loaded file. Please open an issue on GitHub for any issues related to this experimental feature.
  agent.load_state_dict(torch.load(args.model_path, map_location=device))
wandb: updating run metadata
wandb: uploading history steps 0-100, summary, console lines 97-110
wandb: 
wandb: Run history:
wandb:         eval/episode ▁▁▁▁▂▂▂▂▂▂▂▃▃▃▃▃▄▄▄▄▄▄▄▄▅▅▅▅▅▅▆▆▆▆▆▇▇▇▇█
wandb: eval/episodic_return █▁▁▁▆▄▄▄▄▁▂▃▄▃▁▃▄▃▂▄▅▁▅▂▃▂▁▂▂▂▂▂▂▂▂▁▃▂▃▂
wandb:   eval/eval_episodes ▁
wandb:      eval/iqm_return ▁
wandb:    eval/is_perturbed ▁
wandb:      eval/max_return ▁
wandb:     eval/mean_return ▁
wandb:   eval/median_return ▁
wandb:      eval/min_return ▁
wandb:      eval/std_return ▁
wandb: 
wandb: Run summary:
wandb:         eval/episode 99
wandb: eval/episodic_return 4404.28613
wandb:   eval/eval_episodes 100
wandb:      eval/iqm_return 4680.72992
wandb:    eval/is_perturbed 1
wandb:      eval/max_return 31086.83126
wandb:     eval/mean_return 6301.63497
wandb:   eval/median_return 4352.68494
wandb:      eval/min_return -4.82357
wandb:      eval/std_return 5936.50109
wandb: 
wandb: 🚀 View run s3_vanilla_friction_1p0 at: https://wandb.ai/arjun-mahesh-duke-university/cleanrl/runs/4aitf122
wandb: ⭐️ View project at: https://wandb.ai/arjun-mahesh-duke-university/cleanrl
wandb: Synced 5 W&B file(s), 0 media file(s), 0 artifact file(s) and 0 other file(s)
wandb: Find logs at: ./wandb/run-20260222_211826-4aitf122/logs
loaded normalization stats from /home/users/am1015/rl_runs/Walker2d-v4__ppo_cont_vanilla_final__3__1771811166/ppo_cont_vanilla_final.cleanrl_model.norm_stats.npz
eval_episode=0, episodic_return=31086.8312550369
eval_episode=1, episodic_return=1221.0385858282195
eval_episode=2, episodic_return=3546.0005900235537
eval_episode=3, episodic_return=1893.2429627735776
eval_episode=4, episodic_return=15389.387264448733
eval_episode=5, episodic_return=17592.900936572736
eval_episode=6, episodic_return=521.6870881677514
eval_episode=7, episodic_return=1134.0516362762612
eval_episode=8, episodic_return=6502.286653019218
eval_episode=9, episodic_return=22795.46150133588
eval_episode=10, episodic_return=4560.57483601655
eval_episode=11, episodic_return=12170.79639676627
eval_episode=12, episodic_return=3185.8768904536432
eval_episode=13, episodic_return=20941.988238321104
eval_episode=14, episodic_return=13720.270629978824
eval_episode=15, episodic_return=12366.130609293774
eval_episode=16, episodic_return=13468.526036766434
eval_episode=17, episodic_return=2423.604431949691
eval_episode=18, episodic_return=26305.575799337632
eval_episode=19, episodic_return=2933.021407669993
eval_episode=20, episodic_return=1870.9592257175157
eval_episode=21, episodic_return=8499.94373901051
eval_episode=22, episodic_return=1252.6494316588992
eval_episode=23, episodic_return=1345.2994817903348
eval_episode=24, episodic_return=1581.350130779049
eval_episode=25, episodic_return=4864.4658059140165
eval_episode=26, episodic_return=5493.529281094574
eval_episode=27, episodic_return=2746.072888403817
eval_episode=28, episodic_return=7400.043377173439
eval_episode=29, episodic_return=4943.706928902596
eval_episode=30, episodic_return=11811.992745929047
eval_episode=31, episodic_return=5788.380718523012
eval_episode=32, episodic_return=8095.130836918292
eval_episode=33, episodic_return=365.51430858099405
eval_episode=34, episodic_return=1378.1471627187132
eval_episode=35, episodic_return=8986.889664776816
eval_episode=36, episodic_return=-4.8235673203588165
eval_episode=37, episodic_return=8664.041818231934
eval_episode=38, episodic_return=13941.503124628525
eval_episode=39, episodic_return=7581.048399652381
eval_episode=40, episodic_return=4248.858354740092
eval_episode=41, episodic_return=2740.6355342864795
eval_episode=42, episodic_return=12135.348156888915
eval_episode=43, episodic_return=4390.46205499082
eval_episode=44, episodic_return=5114.254739526544
eval_episode=45, episodic_return=16703.40301057586
eval_episode=46, episodic_return=2091.988605151334
eval_episode=47, episodic_return=20100.829382226
eval_episode=48, episodic_return=57.94814417718307
eval_episode=49, episodic_return=3801.2411023288546
eval_episode=50, episodic_return=1759.3980364947213
eval_episode=51, episodic_return=4620.42693538665
eval_episode=52, episodic_return=311.00842265301145
eval_episode=53, episodic_return=9590.20078743048
eval_episode=54, episodic_return=1927.6481238876484
eval_episode=55, episodic_return=10915.7178073965
eval_episode=56, episodic_return=1365.1753471018797
eval_episode=57, episodic_return=4314.907827361031
eval_episode=58, episodic_return=1562.0767262138634
eval_episode=59, episodic_return=419.57674398507737
eval_episode=60, episodic_return=5834.410318850018
eval_episode=61, episodic_return=2261.7498305583044
eval_episode=62, episodic_return=4097.6858837375685
eval_episode=63, episodic_return=4970.412771794368
eval_episode=64, episodic_return=10748.210730417439
eval_episode=65, episodic_return=5265.486505781164
eval_episode=66, episodic_return=3747.6744343378423
eval_episode=67, episodic_return=3864.4316620510244
eval_episode=68, episodic_return=3349.471112286364
eval_episode=69, episodic_return=2125.1147981438107
eval_episode=70, episodic_return=3284.587665482035
eval_episode=71, episodic_return=6804.128708483035
eval_episode=72, episodic_return=3270.816911279106
eval_episode=73, episodic_return=2945.4187851261386
eval_episode=74, episodic_return=10399.240551680161
eval_episode=75, episodic_return=372.08314502956716
eval_episode=76, episodic_return=8224.937755233186
eval_episode=77, episodic_return=15445.765249812617
eval_episode=78, episodic_return=1267.790023501259
eval_episode=79, episodic_return=7152.423483700486
eval_episode=80, episodic_return=3198.0110613158713
eval_episode=81, episodic_return=3713.7386149068343
eval_episode=82, episodic_return=8498.906457923616
eval_episode=83, episodic_return=4141.600941806149
eval_episode=84, episodic_return=8178.900974212569
eval_episode=85, episodic_return=2406.940424286224
eval_episode=86, episodic_return=3240.191302447509
eval_episode=87, episodic_return=1963.9586558706046
eval_episode=88, episodic_return=7208.18742822964
eval_episode=89, episodic_return=6031.190755676949
eval_episode=90, episodic_return=2159.719146247969
eval_episode=91, episodic_return=1283.15075844478
eval_episode=92, episodic_return=3300.7351533210126
eval_episode=93, episodic_return=6865.143341639643
eval_episode=94, episodic_return=4822.793858481563
eval_episode=95, episodic_return=7871.77671319124
eval_episode=96, episodic_return=1819.1712180593568
eval_episode=97, episodic_return=1250.439488735577
eval_episode=98, episodic_return=13836.609188688826
eval_episode=99, episodic_return=4404.286126804726
mean_return=6301.6350
std_return=5936.5011
median_return=4352.6849
iqm_return=4680.7299
min_return=-4.8236
max_return=31086.8313
metrics appended to /home/users/am1015/cleanrl/sweeps/metrics/seed_3.csv
wandb: [wandb.login()] Loaded credentials for https://api.wandb.ai from /home/users/am1015/.netrc.
wandb: Currently logged in as: arjun-mahesh (arjun-mahesh-duke-university) to https://api.wandb.ai. Use `wandb login --relogin` to force relogin
wandb: setting up run hdn5lnww
wandb: Tracking run with wandb version 0.25.0
wandb: Run data is saved locally in /home/users/am1015/cleanrl/wandb/run-20260222_212040-hdn5lnww
wandb: Run `wandb offline` to turn off syncing.
wandb: Syncing run s3_tv_friction_1p0
wandb: ⭐️ View project at https://wandb.ai/arjun-mahesh-duke-university/cleanrl
wandb: 🚀 View run at https://wandb.ai/arjun-mahesh-duke-university/cleanrl/runs/hdn5lnww
/home/users/am1015/cleanrl/.venv/lib/python3.11/site-packages/gymnasium/envs/registration.py:512: DeprecationWarning: [33mWARN: The environment Walker2d-v4 is out of date. You should consider upgrading to version `v5`.[0m
  logger.deprecation(
/home/users/am1015/cleanrl/evaluate_ppo_robust.py:162: FutureWarning: You are using `torch.load` with `weights_only=False` (the current default value), which uses the default pickle module implicitly. It is possible to construct malicious pickle data which will execute arbitrary code during unpickling (See https://github.com/pytorch/pytorch/blob/main/SECURITY.md#untrusted-models for more details). In a future release, the default value for `weights_only` will be flipped to `True`. This limits the functions that could be executed during unpickling. Arbitrary objects will no longer be allowed to be loaded via this mode unless they are explicitly allowlisted by the user via `torch.serialization.add_safe_globals`. We recommend you start setting `weights_only=True` for any use case where you don't have full control of the loaded file. Please open an issue on GitHub for any issues related to this experimental feature.
  agent.load_state_dict(torch.load(args.model_path, map_location=device))
wandb: updating run metadata
wandb: uploading history steps 0-100, summary, console lines 102-110
wandb: 
wandb: Run history:
wandb:         eval/episode ▁▁▁▁▂▂▂▂▂▂▃▃▃▃▃▄▄▄▄▄▄▅▅▅▅▅▅▅▆▆▆▆▇▇▇▇▇▇██
wandb: eval/episodic_return ▅▇▇▄▁▅▁▇▂▇▇▆▁▁▂▄▁█▂▂▄▃▁█▃▃▁▁▂▃▅▂▂▃▃▂▁▄▂▅
wandb:   eval/eval_episodes ▁
wandb:      eval/iqm_return ▁
wandb:    eval/is_perturbed ▁
wandb:      eval/max_return ▁
wandb:     eval/mean_return ▁
wandb:   eval/median_return ▁
wandb:      eval/min_return ▁
wandb:      eval/std_return ▁
wandb: 
wandb: Run summary:
wandb:         eval/episode 99
wandb: eval/episodic_return 3373.29966
wandb:   eval/eval_episodes 100
wandb:      eval/iqm_return 5682.48216
wandb:    eval/is_perturbed 1
wandb:      eval/max_return 40350.71706
wandb:     eval/mean_return 7832.43347
wandb:   eval/median_return 5414.16154
wandb:      eval/min_return 274.80296
wandb:      eval/std_return 7810.21539
wandb: 
wandb: 🚀 View run s3_tv_friction_1p0 at: https://wandb.ai/arjun-mahesh-duke-university/cleanrl/runs/hdn5lnww
wandb: ⭐️ View project at: https://wandb.ai/arjun-mahesh-duke-university/cleanrl
wandb: Synced 5 W&B file(s), 0 media file(s), 0 artifact file(s) and 0 other file(s)
wandb: Find logs at: ./wandb/run-20260222_212040-hdn5lnww/logs
loaded normalization stats from /home/users/am1015/rl_runs/Walker2d-v4__ppo_cont_tv_final_cap3500__3__1771811496/ppo_cont_tv_final_cap3500.cleanrl_model.norm_stats.npz
eval_episode=0, episodic_return=13605.84354932465
eval_episode=1, episodic_return=10053.733972874317
eval_episode=2, episodic_return=19015.70096187677
eval_episode=3, episodic_return=9193.857067416697
eval_episode=4, episodic_return=18578.879609506395
eval_episode=5, episodic_return=11540.726350001229
eval_episode=6, episodic_return=2399.1909216566382
eval_episode=7, episodic_return=506.00679533506445
eval_episode=8, episodic_return=1545.4375510374252
eval_episode=9, episodic_return=9556.192556899367
eval_episode=10, episodic_return=12061.90138769083
eval_episode=11, episodic_return=1425.9430635260117
eval_episode=12, episodic_return=40350.717055250294
eval_episode=13, episodic_return=20521.81059952167
eval_episode=14, episodic_return=2924.4888549635066
eval_episode=15, episodic_return=16557.810886899777
eval_episode=16, episodic_return=9352.610157187664
eval_episode=17, episodic_return=5842.858298755882
eval_episode=18, episodic_return=19282.883007309356
eval_episode=19, episodic_return=4967.409747461904
eval_episode=20, episodic_return=1860.0883829584047
eval_episode=21, episodic_return=16817.27605117089
eval_episode=22, episodic_return=11440.77478499534
eval_episode=23, episodic_return=18368.0778920129
eval_episode=24, episodic_return=17479.313510753036
eval_episode=25, episodic_return=1279.1910530459522
eval_episode=26, episodic_return=450.2735435490606
eval_episode=27, episodic_return=29602.82785711453
eval_episode=28, episodic_return=4114.662479249676
eval_episode=29, episodic_return=18006.18663510873
eval_episode=30, episodic_return=5341.2884583167815
eval_episode=31, episodic_return=10596.012756455028
eval_episode=32, episodic_return=17427.52801230798
eval_episode=33, episodic_return=352.16959480594676
eval_episode=34, episodic_return=757.6065930669866
eval_episode=35, episodic_return=1815.246218347125
eval_episode=36, episodic_return=21387.765780763075
eval_episode=37, episodic_return=6718.517453267505
eval_episode=38, episodic_return=3314.012699955648
eval_episode=39, episodic_return=422.854087438836
eval_episode=40, episodic_return=2312.0247483365056
eval_episode=41, episodic_return=21175.929927780482
eval_episode=42, episodic_return=2018.688201267039
eval_episode=43, episodic_return=1999.792950616155
eval_episode=44, episodic_return=10088.63029677068
eval_episode=45, episodic_return=5377.035585189293
eval_episode=46, episodic_return=2629.519984267065
eval_episode=47, episodic_return=5648.031515040488
eval_episode=48, episodic_return=402.57413186713836
eval_episode=49, episodic_return=22902.06664667116
eval_episode=50, episodic_return=5897.762041544573
eval_episode=51, episodic_return=2421.482262235395
eval_episode=52, episodic_return=3417.5000941260005
eval_episode=53, episodic_return=1812.1309112515216
eval_episode=54, episodic_return=10259.360440940029
eval_episode=55, episodic_return=1428.5564695941523
eval_episode=56, episodic_return=1139.4565844838373
eval_episode=57, episodic_return=9991.880408142426
eval_episode=58, episodic_return=6219.602220069715
eval_episode=59, episodic_return=1878.7809285283677
eval_episode=60, episodic_return=2843.6975700758717
eval_episode=61, episodic_return=1866.990122164603
eval_episode=62, episodic_return=1566.2610358262334
eval_episode=63, episodic_return=7775.779850317741
eval_episode=64, episodic_return=36574.98799985572
eval_episode=65, episodic_return=344.0210324003125
eval_episode=66, episodic_return=3417.36810571352
eval_episode=67, episodic_return=5093.008324252331
eval_episode=68, episodic_return=8263.494443884369
eval_episode=69, episodic_return=373.46917280263096
eval_episode=70, episodic_return=5544.686953747553
eval_episode=71, episodic_return=3384.161430801626
eval_episode=72, episodic_return=13994.044326527066
eval_episode=73, episodic_return=2626.8553983090756
eval_episode=74, episodic_return=7918.207842486303
eval_episode=75, episodic_return=10167.205555864519
eval_episode=76, episodic_return=8627.87568410969
eval_episode=77, episodic_return=3868.6709715141683
eval_episode=78, episodic_return=2952.759218028096
eval_episode=79, episodic_return=4087.9089499915012
eval_episode=80, episodic_return=11337.394645440576
eval_episode=81, episodic_return=274.80295734549503
eval_episode=82, episodic_return=2129.6957295810826
eval_episode=83, episodic_return=7208.663214410358
eval_episode=84, episodic_return=8112.852359978209
eval_episode=85, episodic_return=5451.287502501701
eval_episode=86, episodic_return=1795.0933426732322
eval_episode=87, episodic_return=519.8955448125096
eval_episode=88, episodic_return=2428.1484948129237
eval_episode=89, episodic_return=1689.8215486576225
eval_episode=90, episodic_return=1233.4354269293847
eval_episode=91, episodic_return=8467.708376903656
eval_episode=92, episodic_return=6365.682470941379
eval_episode=93, episodic_return=17996.494477877342
eval_episode=94, episodic_return=8852.897800110813
eval_episode=95, episodic_return=2362.353498601634
eval_episode=96, episodic_return=3114.308623174726
eval_episode=97, episodic_return=9625.189409012875
eval_episode=98, episodic_return=13756.385116050245
eval_episode=99, episodic_return=3373.2996620482168
mean_return=7832.4335
std_return=7810.2154
median_return=5414.1615
iqm_return=5682.4822
min_return=274.8030
max_return=40350.7171
metrics appended to /home/users/am1015/cleanrl/sweeps/metrics/seed_3.csv
wandb: [wandb.login()] Loaded credentials for https://api.wandb.ai from /home/users/am1015/.netrc.
wandb: Currently logged in as: arjun-mahesh (arjun-mahesh-duke-university) to https://api.wandb.ai. Use `wandb login --relogin` to force relogin
wandb: setting up run poti573m
wandb: Tracking run with wandb version 0.25.0
wandb: Run data is saved locally in /home/users/am1015/cleanrl/wandb/run-20260222_212319-poti573m
wandb: Run `wandb offline` to turn off syncing.
wandb: Syncing run s3_vanilla_friction_1p1
wandb: ⭐️ View project at https://wandb.ai/arjun-mahesh-duke-university/cleanrl
wandb: 🚀 View run at https://wandb.ai/arjun-mahesh-duke-university/cleanrl/runs/poti573m
/home/users/am1015/cleanrl/.venv/lib/python3.11/site-packages/gymnasium/envs/registration.py:512: DeprecationWarning: [33mWARN: The environment Walker2d-v4 is out of date. You should consider upgrading to version `v5`.[0m
  logger.deprecation(
/home/users/am1015/cleanrl/evaluate_ppo_robust.py:162: FutureWarning: You are using `torch.load` with `weights_only=False` (the current default value), which uses the default pickle module implicitly. It is possible to construct malicious pickle data which will execute arbitrary code during unpickling (See https://github.com/pytorch/pytorch/blob/main/SECURITY.md#untrusted-models for more details). In a future release, the default value for `weights_only` will be flipped to `True`. This limits the functions that could be executed during unpickling. Arbitrary objects will no longer be allowed to be loaded via this mode unless they are explicitly allowlisted by the user via `torch.serialization.add_safe_globals`. We recommend you start setting `weights_only=True` for any use case where you don't have full control of the loaded file. Please open an issue on GitHub for any issues related to this experimental feature.
  agent.load_state_dict(torch.load(args.model_path, map_location=device))
wandb: updating run metadata
wandb: uploading history steps 0-100, summary, console lines 98-110
wandb: 
wandb: Run history:
wandb:         eval/episode ▁▁▁▁▂▂▂▂▃▃▃▃▃▃▄▄▄▄▄▄▅▅▅▅▅▅▅▆▆▆▆▆▆▇▇▇▇███
wandb: eval/episodic_return ▁▃▂▇▂▂▁▂▂▄▂▃▂▂▅█▃▃▂▁▂▂▃▁▂▁▄▁▃▂▁▁▂▃▂▁▁▁▂▁
wandb:   eval/eval_episodes ▁
wandb:      eval/iqm_return ▁
wandb:    eval/is_perturbed ▁
wandb:      eval/max_return ▁
wandb:     eval/mean_return ▁
wandb:   eval/median_return ▁
wandb:      eval/min_return ▁
wandb:      eval/std_return ▁
wandb: 
wandb: Run summary:
wandb:         eval/episode 99
wandb: eval/episodic_return 2316.76297
wandb:   eval/eval_episodes 100
wandb:      eval/iqm_return 6853.14422
wandb:    eval/is_perturbed 1
wandb:      eval/max_return 80477.26457
wandb:     eval/mean_return 10213.06722
wandb:   eval/median_return 6595.66518
wandb:      eval/min_return 384.18842
wandb:      eval/std_return 12463.35178
wandb: 
wandb: 🚀 View run s3_vanilla_friction_1p1 at: https://wandb.ai/arjun-mahesh-duke-university/cleanrl/runs/poti573m
wandb: ⭐️ View project at: https://wandb.ai/arjun-mahesh-duke-university/cleanrl
wandb: Synced 5 W&B file(s), 0 media file(s), 0 artifact file(s) and 0 other file(s)
wandb: Find logs at: ./wandb/run-20260222_212319-poti573m/logs
loaded normalization stats from /home/users/am1015/rl_runs/Walker2d-v4__ppo_cont_vanilla_final__3__1771811166/ppo_cont_vanilla_final.cleanrl_model.norm_stats.npz
eval_episode=0, episodic_return=16650.129180974
eval_episode=1, episodic_return=4753.142383137732
eval_episode=2, episodic_return=80477.26457159179
eval_episode=3, episodic_return=20359.583019498292
eval_episode=4, episodic_return=16229.759449739136
eval_episode=5, episodic_return=46861.83733179121
eval_episode=6, episodic_return=6809.782979460771
eval_episode=7, episodic_return=7454.638756902519
eval_episode=8, episodic_return=49524.52903211121
eval_episode=9, episodic_return=8355.213354904805
eval_episode=10, episodic_return=6935.061114171777
eval_episode=11, episodic_return=11182.552588692997
eval_episode=12, episodic_return=13826.27424845912
eval_episode=13, episodic_return=1911.9673089457372
eval_episode=14, episodic_return=24012.367643120608
eval_episode=15, episodic_return=6811.862777961437
eval_episode=16, episodic_return=786.3136796910576
eval_episode=17, episodic_return=6204.699578413877
eval_episode=18, episodic_return=2057.4685294310093
eval_episode=19, episodic_return=26247.402412989584
eval_episode=20, episodic_return=4648.678827010985
eval_episode=21, episodic_return=12442.266243731274
eval_episode=22, episodic_return=26060.573967311317
eval_episode=23, episodic_return=10682.1337535316
eval_episode=24, episodic_return=14869.665886319672
eval_episode=25, episodic_return=384.1884248472818
eval_episode=26, episodic_return=7910.090891053165
eval_episode=27, episodic_return=6074.939255161341
eval_episode=28, episodic_return=5647.222467853074
eval_episode=29, episodic_return=18849.72326830431
eval_episode=30, episodic_return=8326.012306275195
eval_episode=31, episodic_return=4109.419236229852
eval_episode=32, episodic_return=34618.10975419241
eval_episode=33, episodic_return=9796.06383400813
eval_episode=34, episodic_return=8624.29724286491
eval_episode=35, episodic_return=1767.2283030498497
eval_episode=36, episodic_return=58888.53698694901
eval_episode=37, episodic_return=14171.286642257553
eval_episode=38, episodic_return=17918.75661599401
eval_episode=39, episodic_return=12798.615164840705
eval_episode=40, episodic_return=11468.794909063992
eval_episode=41, episodic_return=4526.351633646118
eval_episode=42, episodic_return=2454.3087130098916
eval_episode=43, episodic_return=9585.483985423745
eval_episode=44, episodic_return=5470.6622248874555
eval_episode=45, episodic_return=14076.803107108613
eval_episode=46, episodic_return=30571.013715621673
eval_episode=47, episodic_return=2026.719634012436
eval_episode=48, episodic_return=898.206978897208
eval_episode=49, episodic_return=8079.2463093323495
eval_episode=50, episodic_return=2374.877529005686
eval_episode=51, episodic_return=1354.1446453331653
eval_episode=52, episodic_return=4542.346051113286
eval_episode=53, episodic_return=3892.3469443923677
eval_episode=54, episodic_return=13174.283598828464
eval_episode=55, episodic_return=3395.5512510323256
eval_episode=56, episodic_return=2325.1068552101096
eval_episode=57, episodic_return=10164.753758623245
eval_episode=58, episodic_return=5328.6831053051155
eval_episode=59, episodic_return=26792.271280872523
eval_episode=60, episodic_return=2232.7762858913375
eval_episode=61, episodic_return=1148.5596732201152
eval_episode=62, episodic_return=1403.652971868918
eval_episode=63, episodic_return=7453.852273996456
eval_episode=64, episodic_return=2226.562339312575
eval_episode=65, episodic_return=12393.84634255078
eval_episode=66, episodic_return=9491.598074463795
eval_episode=67, episodic_return=2759.213114897645
eval_episode=68, episodic_return=16935.600645197985
eval_episode=69, episodic_return=2413.178841448709
eval_episode=70, episodic_return=2729.990003604817
eval_episode=71, episodic_return=443.1188617353997
eval_episode=72, episodic_return=10594.97673744608
eval_episode=73, episodic_return=2763.854184170369
eval_episode=74, episodic_return=5001.1813302106575
eval_episode=75, episodic_return=1502.1732493737172
eval_episode=76, episodic_return=2876.2955676086426
eval_episode=77, episodic_return=4244.4811746253745
eval_episode=78, episodic_return=1643.2462264967157
eval_episode=79, episodic_return=7344.126034956524
eval_episode=80, episodic_return=8231.80622162502
eval_episode=81, episodic_return=2019.3955683898998
eval_episode=82, episodic_return=15849.346960615407
eval_episode=83, episodic_return=12950.978124009544
eval_episode=84, episodic_return=5119.226923072165
eval_episode=85, episodic_return=5571.159698363507
eval_episode=86, episodic_return=6709.719263803114
eval_episode=87, episodic_return=429.10483614285675
eval_episode=88, episodic_return=13480.974397403701
eval_episode=89, episodic_return=6481.6110954827345
eval_episode=90, episodic_return=8359.41396653289
eval_episode=91, episodic_return=5707.541848101572
eval_episode=92, episodic_return=5019.224042457996
eval_episode=93, episodic_return=3864.6815566091645
eval_episode=94, episodic_return=8579.59357110809
eval_episode=95, episodic_return=1128.5623988408959
eval_episode=96, episodic_return=2476.20938766743
eval_episode=97, episodic_return=5485.754111332062
eval_episode=98, episodic_return=5381.756016545167
eval_episode=99, episodic_return=2316.7629659500217
mean_return=10213.0672
std_return=12463.3518
median_return=6595.6652
iqm_return=6853.1442
min_return=384.1884
max_return=80477.2646
metrics appended to /home/users/am1015/cleanrl/sweeps/metrics/seed_3.csv
wandb: [wandb.login()] Loaded credentials for https://api.wandb.ai from /home/users/am1015/.netrc.
wandb: Currently logged in as: arjun-mahesh (arjun-mahesh-duke-university) to https://api.wandb.ai. Use `wandb login --relogin` to force relogin
wandb: Tracking run with wandb version 0.25.0
wandb: Run data is saved locally in /home/users/am1015/cleanrl/wandb/run-20260222_212645-f4x54mun
wandb: Run `wandb offline` to turn off syncing.
wandb: Syncing run s3_tv_friction_1p1
wandb: ⭐️ View project at https://wandb.ai/arjun-mahesh-duke-university/cleanrl
wandb: 🚀 View run at https://wandb.ai/arjun-mahesh-duke-university/cleanrl/runs/f4x54mun
/home/users/am1015/cleanrl/.venv/lib/python3.11/site-packages/gymnasium/envs/registration.py:512: DeprecationWarning: [33mWARN: The environment Walker2d-v4 is out of date. You should consider upgrading to version `v5`.[0m
  logger.deprecation(
/home/users/am1015/cleanrl/evaluate_ppo_robust.py:162: FutureWarning: You are using `torch.load` with `weights_only=False` (the current default value), which uses the default pickle module implicitly. It is possible to construct malicious pickle data which will execute arbitrary code during unpickling (See https://github.com/pytorch/pytorch/blob/main/SECURITY.md#untrusted-models for more details). In a future release, the default value for `weights_only` will be flipped to `True`. This limits the functions that could be executed during unpickling. Arbitrary objects will no longer be allowed to be loaded via this mode unless they are explicitly allowlisted by the user via `torch.serialization.add_safe_globals`. We recommend you start setting `weights_only=True` for any use case where you don't have full control of the loaded file. Please open an issue on GitHub for any issues related to this experimental feature.
  agent.load_state_dict(torch.load(args.model_path, map_location=device))
wandb: updating run metadata
wandb: uploading history steps 0-100, summary, console lines 101-110
wandb: 
wandb: Run history:
wandb:         eval/episode ▁▁▁▁▂▂▂▂▂▂▂▂▃▃▃▃▃▃▄▄▄▄▄▅▅▅▅▅▆▆▆▆▆▇▇▇▇▇▇█
wandb: eval/episodic_return ▂▂█▂▄▁▂▂▁▁▁▁▁▂▁▁▂▂▂▂▁▄▁▁▁▁▃▁▁▁▁▂▁▁▂▁▁▁▂▁
wandb:   eval/eval_episodes ▁
wandb:      eval/iqm_return ▁
wandb:    eval/is_perturbed ▁
wandb:      eval/max_return ▁
wandb:     eval/mean_return ▁
wandb:   eval/median_return ▁
wandb:      eval/min_return ▁
wandb:      eval/std_return ▁
wandb: 
wandb: Run summary:
wandb:         eval/episode 99
wandb: eval/episodic_return 21841.33046
wandb:   eval/eval_episodes 100
wandb:      eval/iqm_return 7686.22948
wandb:    eval/is_perturbed 1
wandb:      eval/max_return 103530.38568
wandb:     eval/mean_return 11130.05368
wandb:   eval/median_return 7038.69631
wandb:      eval/min_return 305.14103
wandb:      eval/std_return 14246.79046
wandb: 
wandb: 🚀 View run s3_tv_friction_1p1 at: https://wandb.ai/arjun-mahesh-duke-university/cleanrl/runs/f4x54mun
wandb: ⭐️ View project at: https://wandb.ai/arjun-mahesh-duke-university/cleanrl
wandb: Synced 5 W&B file(s), 0 media file(s), 0 artifact file(s) and 0 other file(s)
wandb: Find logs at: ./wandb/run-20260222_212645-f4x54mun/logs
loaded normalization stats from /home/users/am1015/rl_runs/Walker2d-v4__ppo_cont_tv_final_cap3500__3__1771811496/ppo_cont_tv_final_cap3500.cleanrl_model.norm_stats.npz
eval_episode=0, episodic_return=24717.219115859243
eval_episode=1, episodic_return=10165.273254739248
eval_episode=2, episodic_return=15533.318593218966
eval_episode=3, episodic_return=103530.3856753554
eval_episode=4, episodic_return=8074.220166771263
eval_episode=5, episodic_return=5416.874720572723
eval_episode=6, episodic_return=14009.911792916275
eval_episode=7, episodic_return=5841.389556341289
eval_episode=8, episodic_return=20209.69810277123
eval_episode=9, episodic_return=39381.33891333375
eval_episode=10, episodic_return=81106.20611313885
eval_episode=11, episodic_return=5648.616788833723
eval_episode=12, episodic_return=11185.856638916981
eval_episode=13, episodic_return=10189.840455700802
eval_episode=14, episodic_return=578.6519644088871
eval_episode=15, episodic_return=8592.49956304069
eval_episode=16, episodic_return=15931.223155988733
eval_episode=17, episodic_return=4346.02171784667
eval_episode=18, episodic_return=17525.34636925591
eval_episode=19, episodic_return=7839.82307759938
eval_episode=20, episodic_return=4338.7938035814705
eval_episode=21, episodic_return=19937.08021238805
eval_episode=22, episodic_return=3101.543288301966
eval_episode=23, episodic_return=12778.711058702376
eval_episode=24, episodic_return=691.3955298999299
eval_episode=25, episodic_return=7097.547246351241
eval_episode=26, episodic_return=6896.074316752328
eval_episode=27, episodic_return=305.1410334693032
eval_episode=28, episodic_return=7592.97038718949
eval_episode=29, episodic_return=5611.687042273018
eval_episode=30, episodic_return=13541.33057498909
eval_episode=31, episodic_return=2112.7680870993563
eval_episode=32, episodic_return=9267.37304458734
eval_episode=33, episodic_return=6979.84537768513
eval_episode=34, episodic_return=24859.269203845684
eval_episode=35, episodic_return=5680.403430791768
eval_episode=36, episodic_return=3604.960212153427
eval_episode=37, episodic_return=9727.90952820122
eval_episode=38, episodic_return=336.74555510644535
eval_episode=39, episodic_return=7591.913021892629
eval_episode=40, episodic_return=1258.3593807769166
eval_episode=41, episodic_return=8477.835853098653
eval_episode=42, episodic_return=12233.873182165526
eval_episode=43, episodic_return=2500.699624195155
eval_episode=44, episodic_return=20798.703180491942
eval_episode=45, episodic_return=10621.687185761637
eval_episode=46, episodic_return=6470.777478534104
eval_episode=47, episodic_return=18533.85226295908
eval_episode=48, episodic_return=11477.90085452974
eval_episode=49, episodic_return=13851.46972088227
eval_episode=50, episodic_return=5871.297524689054
eval_episode=51, episodic_return=10169.307450256578
eval_episode=52, episodic_return=12620.906190772133
eval_episode=53, episodic_return=5686.664172051139
eval_episode=54, episodic_return=3500.5871212574266
eval_episode=55, episodic_return=39428.80834089479
eval_episode=56, episodic_return=24575.91258419341
eval_episode=57, episodic_return=1791.6389554808723
eval_episode=58, episodic_return=4699.726979138357
eval_episode=59, episodic_return=2543.1735855061447
eval_episode=60, episodic_return=3789.709939936
eval_episode=61, episodic_return=2665.8444334389033
eval_episode=62, episodic_return=27262.16613694513
eval_episode=63, episodic_return=6111.991925640572
eval_episode=64, episodic_return=29230.668291461436
eval_episode=65, episodic_return=18502.64576198385
eval_episode=66, episodic_return=6312.685791553729
eval_episode=67, episodic_return=5922.573732503843
eval_episode=68, episodic_return=8439.310787936438
eval_episode=69, episodic_return=5122.312784467329
eval_episode=70, episodic_return=22387.27265727815
eval_episode=71, episodic_return=10095.8120086906
eval_episode=72, episodic_return=4567.179823381354
eval_episode=73, episodic_return=1511.6920476940425
eval_episode=74, episodic_return=16961.29651893376
eval_episode=75, episodic_return=11442.069663017539
eval_episode=76, episodic_return=2040.3112691284919
eval_episode=77, episodic_return=5054.961828283009
eval_episode=78, episodic_return=18912.037999005035
eval_episode=79, episodic_return=9846.726705005372
eval_episode=80, episodic_return=5858.577949539012
eval_episode=81, episodic_return=2383.989289900828
eval_episode=82, episodic_return=2444.198893322249
eval_episode=83, episodic_return=14960.009040185194
eval_episode=84, episodic_return=10609.95222030478
eval_episode=85, episodic_return=9032.743568518825
eval_episode=86, episodic_return=1628.8837770735224
eval_episode=87, episodic_return=1773.0980963322568
eval_episode=88, episodic_return=3093.565252352813
eval_episode=89, episodic_return=2396.8484590759776
eval_episode=90, episodic_return=641.3972781184118
eval_episode=91, episodic_return=3195.060268170066
eval_episode=92, episodic_return=2766.7959350630267
eval_episode=93, episodic_return=6557.845981773379
eval_episode=94, episodic_return=16316.547147566846
eval_episode=95, episodic_return=1639.909162985452
eval_episode=96, episodic_return=5270.323439223654
eval_episode=97, episodic_return=3936.784087396613
eval_episode=98, episodic_return=1487.8782702920062
eval_episode=99, episodic_return=21841.330457453823
mean_return=11130.0537
std_return=14246.7905
median_return=7038.6963
iqm_return=7686.2295
min_return=305.1410
max_return=103530.3857
metrics appended to /home/users/am1015/cleanrl/sweeps/metrics/seed_3.csv
wandb: [wandb.login()] Loaded credentials for https://api.wandb.ai from /home/users/am1015/.netrc.
wandb: Currently logged in as: arjun-mahesh (arjun-mahesh-duke-university) to https://api.wandb.ai. Use `wandb login --relogin` to force relogin
wandb: setting up run 3m7og5iz
wandb: Tracking run with wandb version 0.25.0
wandb: Run data is saved locally in /home/users/am1015/cleanrl/wandb/run-20260222_213025-3m7og5iz
wandb: Run `wandb offline` to turn off syncing.
wandb: Syncing run s3_vanilla_friction_1p2
wandb: ⭐️ View project at https://wandb.ai/arjun-mahesh-duke-university/cleanrl
wandb: 🚀 View run at https://wandb.ai/arjun-mahesh-duke-university/cleanrl/runs/3m7og5iz
/home/users/am1015/cleanrl/.venv/lib/python3.11/site-packages/gymnasium/envs/registration.py:512: DeprecationWarning: [33mWARN: The environment Walker2d-v4 is out of date. You should consider upgrading to version `v5`.[0m
  logger.deprecation(
/home/users/am1015/cleanrl/evaluate_ppo_robust.py:162: FutureWarning: You are using `torch.load` with `weights_only=False` (the current default value), which uses the default pickle module implicitly. It is possible to construct malicious pickle data which will execute arbitrary code during unpickling (See https://github.com/pytorch/pytorch/blob/main/SECURITY.md#untrusted-models for more details). In a future release, the default value for `weights_only` will be flipped to `True`. This limits the functions that could be executed during unpickling. Arbitrary objects will no longer be allowed to be loaded via this mode unless they are explicitly allowlisted by the user via `torch.serialization.add_safe_globals`. We recommend you start setting `weights_only=True` for any use case where you don't have full control of the loaded file. Please open an issue on GitHub for any issues related to this experimental feature.
  agent.load_state_dict(torch.load(args.model_path, map_location=device))
wandb: updating run metadata
wandb: uploading history steps 0-100, summary, console lines 96-110
wandb: 
wandb: Run history:
wandb:         eval/episode ▁▁▁▁▂▂▂▂▃▃▃▃▃▃▄▄▄▄▅▅▅▅▅▅▅▆▆▆▆▆▇▇▇▇▇▇▇███
wandb: eval/episodic_return ▃▃█▃▂▁▅▄▄▄▂▂▄▄▅▂▄▂▁▄▃▁▂▃▄▁▃▂▂▃▁▁▂▂▁▃▃▂▁▅
wandb:   eval/eval_episodes ▁
wandb:      eval/iqm_return ▁
wandb:    eval/is_perturbed ▁
wandb:      eval/max_return ▁
wandb:     eval/mean_return ▁
wandb:   eval/median_return ▁
wandb:      eval/min_return ▁
wandb:      eval/std_return ▁
wandb: 
wandb: Run summary:
wandb:         eval/episode 99
wandb: eval/episodic_return 20702.04367
wandb:   eval/eval_episodes 100
wandb:      eval/iqm_return 6697.40955
wandb:    eval/is_perturbed 1
wandb:      eval/max_return 56271.1335
wandb:     eval/mean_return 8647.80349
wandb:   eval/median_return 6150.89151
wandb:      eval/min_return 31.91883
wandb:      eval/std_return 8685.25886
wandb: 
wandb: 🚀 View run s3_vanilla_friction_1p2 at: https://wandb.ai/arjun-mahesh-duke-university/cleanrl/runs/3m7og5iz
wandb: ⭐️ View project at: https://wandb.ai/arjun-mahesh-duke-university/cleanrl
wandb: Synced 5 W&B file(s), 0 media file(s), 0 artifact file(s) and 0 other file(s)
wandb: Find logs at: ./wandb/run-20260222_213025-3m7og5iz/logs
loaded normalization stats from /home/users/am1015/rl_runs/Walker2d-v4__ppo_cont_vanilla_final__3__1771811166/ppo_cont_vanilla_final.cleanrl_model.norm_stats.npz
eval_episode=0, episodic_return=10206.370453473872
eval_episode=1, episodic_return=13307.45765936321
eval_episode=2, episodic_return=10439.825107382347
eval_episode=3, episodic_return=4715.661264159066
eval_episode=4, episodic_return=5917.546391934358
eval_episode=5, episodic_return=3827.3982130747354
eval_episode=6, episodic_return=35321.968682810846
eval_episode=7, episodic_return=10113.760605960053
eval_episode=8, episodic_return=30346.59380178653
eval_episode=9, episodic_return=4007.6145288517923
eval_episode=10, episodic_return=44732.39811140779
eval_episode=11, episodic_return=5103.8783201976685
eval_episode=12, episodic_return=9640.432176247345
eval_episode=13, episodic_return=6367.811969585037
eval_episode=14, episodic_return=56271.13350224498
eval_episode=15, episodic_return=2685.064716761194
eval_episode=16, episodic_return=2464.8574268333314
eval_episode=17, episodic_return=18717.481576882477
eval_episode=18, episodic_return=13269.867871488692
eval_episode=19, episodic_return=14449.658586545771
eval_episode=20, episodic_return=14396.627498939806
eval_episode=21, episodic_return=2825.258026599685
eval_episode=22, episodic_return=11470.657008675025
eval_episode=23, episodic_return=15887.857568488518
eval_episode=24, episodic_return=13801.906382719051
eval_episode=25, episodic_return=6698.093632014466
eval_episode=26, episodic_return=3686.3341309044768
eval_episode=27, episodic_return=4388.892474284989
eval_episode=28, episodic_return=16608.777971066953
eval_episode=29, episodic_return=14480.831935140024
eval_episode=30, episodic_return=13280.764243952515
eval_episode=31, episodic_return=3740.8756300127675
eval_episode=32, episodic_return=10597.512594734708
eval_episode=33, episodic_return=1476.1879134413052
eval_episode=34, episodic_return=20052.35651267099
eval_episode=35, episodic_return=16318.420061206118
eval_episode=36, episodic_return=67.13935279597513
eval_episode=37, episodic_return=18239.990239819985
eval_episode=38, episodic_return=3537.7018777219027
eval_episode=39, episodic_return=2609.362062879834
eval_episode=40, episodic_return=10077.803740887997
eval_episode=41, episodic_return=5761.405260923749
eval_episode=42, episodic_return=14607.472926406814
eval_episode=43, episodic_return=4350.286601010911
eval_episode=44, episodic_return=31.918826443819338
eval_episode=45, episodic_return=15223.982103327678
eval_episode=46, episodic_return=1930.9027082889759
eval_episode=47, episodic_return=9255.228550493328
eval_episode=48, episodic_return=8240.968782734217
eval_episode=49, episodic_return=10990.645680543956
eval_episode=50, episodic_return=9967.155079875054
eval_episode=51, episodic_return=2357.498472375514
eval_episode=52, episodic_return=8860.972806002233
eval_episode=53, episodic_return=3378.2575820372404
eval_episode=54, episodic_return=7661.786156176599
eval_episode=55, episodic_return=8172.572763647299
eval_episode=56, episodic_return=5933.97104201164
eval_episode=57, episodic_return=1988.9601104529186
eval_episode=58, episodic_return=15734.17106234342
eval_episode=59, episodic_return=8195.832584744518
eval_episode=60, episodic_return=1270.8863069621552
eval_episode=61, episodic_return=5312.7758548963375
eval_episode=62, episodic_return=6433.259744388712
eval_episode=63, episodic_return=1920.4294166171412
eval_episode=64, episodic_return=9766.467149368531
eval_episode=65, episodic_return=5124.2436212960465
eval_episode=66, episodic_return=12214.566032549765
eval_episode=67, episodic_return=3722.4309844591426
eval_episode=68, episodic_return=1628.9809305183235
eval_episode=69, episodic_return=2892.089320586725
eval_episode=70, episodic_return=11242.849273936836
eval_episode=71, episodic_return=12417.883725262946
eval_episode=72, episodic_return=2258.888294130081
eval_episode=73, episodic_return=1986.504897349556
eval_episode=74, episodic_return=6646.414721063997
eval_episode=75, episodic_return=7169.227039161354
eval_episode=76, episodic_return=3226.736691244432
eval_episode=77, episodic_return=32.931202044977404
eval_episode=78, episodic_return=2334.8865331387597
eval_episode=79, episodic_return=9752.202715430563
eval_episode=80, episodic_return=3270.8147662144593
eval_episode=81, episodic_return=1968.214394476306
eval_episode=82, episodic_return=4044.0959534274516
eval_episode=83, episodic_return=3864.0956952187635
eval_episode=84, episodic_return=2497.936004293284
eval_episode=85, episodic_return=3050.3307051589422
eval_episode=86, episodic_return=2310.231357618112
eval_episode=87, episodic_return=5696.441929553632
eval_episode=88, episodic_return=10459.575584964983
eval_episode=89, episodic_return=1954.3481007910177
eval_episode=90, episodic_return=10890.374370978518
eval_episode=91, episodic_return=4699.2443353649105
eval_episode=92, episodic_return=2247.9896802059984
eval_episode=93, episodic_return=4241.797753086421
eval_episode=94, episodic_return=11100.276828281549
eval_episode=95, episodic_return=2344.423570812967
eval_episode=96, episodic_return=726.2640112420406
eval_episode=97, episodic_return=3758.3306835807834
eval_episode=98, episodic_return=8804.744138777338
eval_episode=99, episodic_return=20702.04367304003
mean_return=8647.8035
std_return=8685.2589
median_return=6150.8915
iqm_return=6697.4095
min_return=31.9188
max_return=56271.1335
metrics appended to /home/users/am1015/cleanrl/sweeps/metrics/seed_3.csv
wandb: [wandb.login()] Loaded credentials for https://api.wandb.ai from /home/users/am1015/.netrc.
wandb: Currently logged in as: arjun-mahesh (arjun-mahesh-duke-university) to https://api.wandb.ai. Use `wandb login --relogin` to force relogin
wandb: setting up run ztqa4rrx
wandb: Tracking run with wandb version 0.25.0
wandb: Run data is saved locally in /home/users/am1015/cleanrl/wandb/run-20260222_213327-ztqa4rrx
wandb: Run `wandb offline` to turn off syncing.
wandb: Syncing run s3_tv_friction_1p2
wandb: ⭐️ View project at https://wandb.ai/arjun-mahesh-duke-university/cleanrl
wandb: 🚀 View run at https://wandb.ai/arjun-mahesh-duke-university/cleanrl/runs/ztqa4rrx
/home/users/am1015/cleanrl/.venv/lib/python3.11/site-packages/gymnasium/envs/registration.py:512: DeprecationWarning: [33mWARN: The environment Walker2d-v4 is out of date. You should consider upgrading to version `v5`.[0m
  logger.deprecation(
/home/users/am1015/cleanrl/evaluate_ppo_robust.py:162: FutureWarning: You are using `torch.load` with `weights_only=False` (the current default value), which uses the default pickle module implicitly. It is possible to construct malicious pickle data which will execute arbitrary code during unpickling (See https://github.com/pytorch/pytorch/blob/main/SECURITY.md#untrusted-models for more details). In a future release, the default value for `weights_only` will be flipped to `True`. This limits the functions that could be executed during unpickling. Arbitrary objects will no longer be allowed to be loaded via this mode unless they are explicitly allowlisted by the user via `torch.serialization.add_safe_globals`. We recommend you start setting `weights_only=True` for any use case where you don't have full control of the loaded file. Please open an issue on GitHub for any issues related to this experimental feature.
  agent.load_state_dict(torch.load(args.model_path, map_location=device))
wandb: uploading console lines 93-103; updating run metadata
wandb: uploading history steps 0-100, summary, console lines 104-110
wandb: 
wandb: Run history:
wandb:         eval/episode ▁▁▁▂▂▂▂▂▃▃▃▃▃▃▃▄▄▄▄▄▄▅▅▅▅▆▆▆▆▆▆▆▇▇▇▇▇███
wandb: eval/episodic_return ▁█▂▁▄▄▄▇█▁▂▃▁▁▄▁▃▁▅▃▄▁▂▅▂▁▂▂▅▃▇▂▄▂▁▇▅▄▃▆
wandb:   eval/eval_episodes ▁
wandb:      eval/iqm_return ▁
wandb:    eval/is_perturbed ▁
wandb:      eval/max_return ▁
wandb:     eval/mean_return ▁
wandb:   eval/median_return ▁
wandb:      eval/min_return ▁
wandb:      eval/std_return ▁
wandb: 
wandb: Run summary:
wandb:         eval/episode 99
wandb: eval/episodic_return 9980.18918
wandb:   eval/eval_episodes 100
wandb:      eval/iqm_return 6463.9307
wandb:    eval/is_perturbed 1
wandb:      eval/max_return 38518.99554
wandb:     eval/mean_return 8086.8639
wandb:   eval/median_return 6581.25932
wandb:      eval/min_return 286.07641
wandb:      eval/std_return 6764.22945
wandb: 
wandb: 🚀 View run s3_tv_friction_1p2 at: https://wandb.ai/arjun-mahesh-duke-university/cleanrl/runs/ztqa4rrx
wandb: ⭐️ View project at: https://wandb.ai/arjun-mahesh-duke-university/cleanrl
wandb: Synced 5 W&B file(s), 0 media file(s), 0 artifact file(s) and 0 other file(s)
wandb: Find logs at: ./wandb/run-20260222_213327-ztqa4rrx/logs
loaded normalization stats from /home/users/am1015/rl_runs/Walker2d-v4__ppo_cont_tv_final_cap3500__3__1771811496/ppo_cont_tv_final_cap3500.cleanrl_model.norm_stats.npz
eval_episode=0, episodic_return=2571.7453127937483
eval_episode=1, episodic_return=13710.641327589148
eval_episode=2, episodic_return=16372.25490746733
eval_episode=3, episodic_return=4295.484388862256
eval_episode=4, episodic_return=34991.29549811404
eval_episode=5, episodic_return=18696.51486044869
eval_episode=6, episodic_return=4391.874467891348
eval_episode=7, episodic_return=19684.66727527185
eval_episode=8, episodic_return=10560.656898185116
eval_episode=9, episodic_return=3305.911232530902
eval_episode=10, episodic_return=2423.855586825507
eval_episode=11, episodic_return=6194.229529069513
eval_episode=12, episodic_return=10439.949569100256
eval_episode=13, episodic_return=12255.145992224308
eval_episode=14, episodic_return=6555.932528083412
eval_episode=15, episodic_return=7461.918195692641
eval_episode=16, episodic_return=27994.50202880927
eval_episode=17, episodic_return=12862.875842690193
eval_episode=18, episodic_return=38518.99554134858
eval_episode=19, episodic_return=6606.586107077934
eval_episode=20, episodic_return=12914.266403511698
eval_episode=21, episodic_return=2008.5888121674184
eval_episode=22, episodic_return=20719.01475681392
eval_episode=23, episodic_return=11374.406634537907
eval_episode=24, episodic_return=731.733751526754
eval_episode=25, episodic_return=19035.83083868802
eval_episode=26, episodic_return=14162.622085454344
eval_episode=27, episodic_return=11638.436788450397
eval_episode=28, episodic_return=8804.758566398528
eval_episode=29, episodic_return=16606.076567059827
eval_episode=30, episodic_return=15713.73844115672
eval_episode=31, episodic_return=3147.649826385907
eval_episode=32, episodic_return=3609.8486502102896
eval_episode=33, episodic_return=6845.964724196833
eval_episode=34, episodic_return=4926.934167760842
eval_episode=35, episodic_return=5113.1537652892075
eval_episode=36, episodic_return=2683.223052361896
eval_episode=37, episodic_return=2579.2234129767817
eval_episode=38, episodic_return=15282.602229270244
eval_episode=39, episodic_return=18073.202631130353
eval_episode=40, episodic_return=6942.370365945867
eval_episode=41, episodic_return=286.07641019963927
eval_episode=42, episodic_return=15079.037934493597
eval_episode=43, episodic_return=2233.0370993298097
eval_episode=44, episodic_return=14228.534962987263
eval_episode=45, episodic_return=5220.07042145907
eval_episode=46, episodic_return=9757.593846722913
eval_episode=47, episodic_return=2827.329676206853
eval_episode=48, episodic_return=4400.553798015577
eval_episode=49, episodic_return=1902.4103497913925
eval_episode=50, episodic_return=8756.155128571108
eval_episode=51, episodic_return=5885.0165806270425
eval_episode=52, episodic_return=4673.792245356788
eval_episode=53, episodic_return=11515.574412904925
eval_episode=54, episodic_return=3721.0324893416073
eval_episode=55, episodic_return=1734.1292203024263
eval_episode=56, episodic_return=2513.2208302155545
eval_episode=57, episodic_return=7244.060853613406
eval_episode=58, episodic_return=7432.413125881203
eval_episode=59, episodic_return=4880.730852314416
eval_episode=60, episodic_return=2083.433538475015
eval_episode=61, episodic_return=1990.2251941129111
eval_episode=62, episodic_return=3235.42238140748
eval_episode=63, episodic_return=8238.069411976901
eval_episode=64, episodic_return=6423.0064944263895
eval_episode=65, episodic_return=3437.5204537677746
eval_episode=66, episodic_return=16121.105947260416
eval_episode=67, episodic_return=2122.85297312076
eval_episode=68, episodic_return=3300.2183653633147
eval_episode=69, episodic_return=3467.1040539559294
eval_episode=70, episodic_return=7603.714711374612
eval_episode=71, episodic_return=8064.4391043931555
eval_episode=72, episodic_return=2156.4616308233644
eval_episode=73, episodic_return=9940.778954439496
eval_episode=74, episodic_return=5021.265975024841
eval_episode=75, episodic_return=9110.029836573207
eval_episode=76, episodic_return=316.91018286744594
eval_episode=77, episodic_return=838.9616727434471
eval_episode=78, episodic_return=12411.507491899047
eval_episode=79, episodic_return=7152.643289765631
eval_episode=80, episodic_return=6488.658278315417
eval_episode=81, episodic_return=4169.540689785982
eval_episode=82, episodic_return=6666.411573812957
eval_episode=83, episodic_return=4229.178776956504
eval_episode=84, episodic_return=2720.5374980106626
eval_episode=85, episodic_return=6943.602142797434
eval_episode=86, episodic_return=3934.167847841038
eval_episode=87, episodic_return=2358.2458790346855
eval_episode=88, episodic_return=8559.2675982447
eval_episode=89, episodic_return=2218.7932437787767
eval_episode=90, episodic_return=2691.815726270416
eval_episode=91, episodic_return=2599.341181921777
eval_episode=92, episodic_return=5089.53402099826
eval_episode=93, episodic_return=12551.778577943554
eval_episode=94, episodic_return=9083.528398275297
eval_episode=95, episodic_return=6992.872284796041
eval_episode=96, episodic_return=5701.738172792656
eval_episode=97, episodic_return=8164.772146188015
eval_episode=98, episodic_return=7407.2909294666515
eval_episode=99, episodic_return=9980.1891825225
mean_return=8086.8639
std_return=6764.2294
median_return=6581.2593
iqm_return=6463.9307
min_return=286.0764
max_return=38518.9955
metrics appended to /home/users/am1015/cleanrl/sweeps/metrics/seed_3.csv
wandb: [wandb.login()] Loaded credentials for https://api.wandb.ai from /home/users/am1015/.netrc.
wandb: Currently logged in as: arjun-mahesh (arjun-mahesh-duke-university) to https://api.wandb.ai. Use `wandb login --relogin` to force relogin
wandb: setting up run waignfu6
wandb: Tracking run with wandb version 0.25.0
wandb: Run data is saved locally in /home/users/am1015/cleanrl/wandb/run-20260222_213617-waignfu6
wandb: Run `wandb offline` to turn off syncing.
wandb: Syncing run s3_vanilla_friction_1p3
wandb: ⭐️ View project at https://wandb.ai/arjun-mahesh-duke-university/cleanrl
wandb: 🚀 View run at https://wandb.ai/arjun-mahesh-duke-university/cleanrl/runs/waignfu6
/home/users/am1015/cleanrl/.venv/lib/python3.11/site-packages/gymnasium/envs/registration.py:512: DeprecationWarning: [33mWARN: The environment Walker2d-v4 is out of date. You should consider upgrading to version `v5`.[0m
  logger.deprecation(
/home/users/am1015/cleanrl/evaluate_ppo_robust.py:162: FutureWarning: You are using `torch.load` with `weights_only=False` (the current default value), which uses the default pickle module implicitly. It is possible to construct malicious pickle data which will execute arbitrary code during unpickling (See https://github.com/pytorch/pytorch/blob/main/SECURITY.md#untrusted-models for more details). In a future release, the default value for `weights_only` will be flipped to `True`. This limits the functions that could be executed during unpickling. Arbitrary objects will no longer be allowed to be loaded via this mode unless they are explicitly allowlisted by the user via `torch.serialization.add_safe_globals`. We recommend you start setting `weights_only=True` for any use case where you don't have full control of the loaded file. Please open an issue on GitHub for any issues related to this experimental feature.
  agent.load_state_dict(torch.load(args.model_path, map_location=device))
wandb: updating run metadata
wandb: uploading history steps 0-100, summary, console lines 95-110
wandb: 
wandb: Run history:
wandb:         eval/episode ▁▁▁▁▂▂▃▃▃▃▄▄▄▄▄▄▄▄▅▅▅▅▅▅▅▅▅▆▆▆▆▆▆▇▇▇▇▇██
wandb: eval/episodic_return ▃▁▇▆▄▂▆█▃█▂▃▃▃▂▂▃▂▂▅▁▅▃▄▂▃▂▁▂▄▂▃▃▃▂▃▂▂▂▁
wandb:   eval/eval_episodes ▁
wandb:      eval/iqm_return ▁
wandb:    eval/is_perturbed ▁
wandb:      eval/max_return ▁
wandb:     eval/mean_return ▁
wandb:   eval/median_return ▁
wandb:      eval/min_return ▁
wandb:      eval/std_return ▁
wandb: 
wandb: Run summary:
wandb:         eval/episode 99
wandb: eval/episodic_return 8584.3109
wandb:   eval/eval_episodes 100
wandb:      eval/iqm_return 5972.43353
wandb:    eval/is_perturbed 1
wandb:      eval/max_return 23030.14105
wandb:     eval/mean_return 7087.97731
wandb:   eval/median_return 5573.52708
wandb:      eval/min_return 347.98492
wandb:      eval/std_return 5053.74105
wandb: 
wandb: 🚀 View run s3_vanilla_friction_1p3 at: https://wandb.ai/arjun-mahesh-duke-university/cleanrl/runs/waignfu6
wandb: ⭐️ View project at: https://wandb.ai/arjun-mahesh-duke-university/cleanrl
wandb: Synced 5 W&B file(s), 0 media file(s), 0 artifact file(s) and 0 other file(s)
wandb: Find logs at: ./wandb/run-20260222_213617-waignfu6/logs
loaded normalization stats from /home/users/am1015/rl_runs/Walker2d-v4__ppo_cont_vanilla_final__3__1771811166/ppo_cont_vanilla_final.cleanrl_model.norm_stats.npz
eval_episode=0, episodic_return=5753.017593498909
eval_episode=1, episodic_return=1716.699341931289
eval_episode=2, episodic_return=18277.027837222075
eval_episode=3, episodic_return=13300.826582728087
eval_episode=4, episodic_return=13044.691440390723
eval_episode=5, episodic_return=9941.966326759775
eval_episode=6, episodic_return=15264.269824750365
eval_episode=7, episodic_return=10136.330419162286
eval_episode=8, episodic_return=17129.805889213523
eval_episode=9, episodic_return=14366.065541499856
eval_episode=10, episodic_return=3190.2262777597057
eval_episode=11, episodic_return=17814.93124280491
eval_episode=12, episodic_return=4482.386885788038
eval_episode=13, episodic_return=17333.30154538482
eval_episode=14, episodic_return=23030.141045541044
eval_episode=15, episodic_return=11351.348552800026
eval_episode=16, episodic_return=6471.982123675423
eval_episode=17, episodic_return=5479.592974828049
eval_episode=18, episodic_return=22313.0858487612
eval_episode=19, episodic_return=12433.85059747108
eval_episode=20, episodic_return=1727.3922411688084
eval_episode=21, episodic_return=4443.994868317452
eval_episode=22, episodic_return=5492.739903006547
eval_episode=23, episodic_return=12439.830201834524
eval_episode=24, episodic_return=7443.081208234514
eval_episode=25, episodic_return=5503.752302555634
eval_episode=26, episodic_return=3665.284677251136
eval_episode=27, episodic_return=3070.78760104727
eval_episode=28, episodic_return=3461.6721025768343
eval_episode=29, episodic_return=3824.448220589492
eval_episode=30, episodic_return=5611.883736559143
eval_episode=31, episodic_return=8471.263632777223
eval_episode=32, episodic_return=3544.616336843455
eval_episode=33, episodic_return=3856.106891659833
eval_episode=34, episodic_return=1503.5994138817255
eval_episode=35, episodic_return=11938.705712390143
eval_episode=36, episodic_return=9140.928663802599
eval_episode=37, episodic_return=4742.059134173175
eval_episode=38, episodic_return=5406.520241933648
eval_episode=39, episodic_return=7560.448818459266
eval_episode=40, episodic_return=3201.8955268109285
eval_episode=41, episodic_return=347.98492201369305
eval_episode=42, episodic_return=8292.961582965305
eval_episode=43, episodic_return=11811.16455075291
eval_episode=44, episodic_return=7634.80986903845
eval_episode=45, episodic_return=6972.500922455544
eval_episode=46, episodic_return=3080.388856929969
eval_episode=47, episodic_return=489.5795641250427
eval_episode=48, episodic_return=4971.1263079311175
eval_episode=49, episodic_return=9699.448254411156
eval_episode=50, episodic_return=8660.635817004426
eval_episode=51, episodic_return=3081.9954405121616
eval_episode=52, episodic_return=3562.400851780334
eval_episode=53, episodic_return=1798.5957653171477
eval_episode=54, episodic_return=11568.443833881092
eval_episode=55, episodic_return=2312.2261309344863
eval_episode=56, episodic_return=6661.5843895154
eval_episode=57, episodic_return=9378.530836898055
eval_episode=58, episodic_return=11290.096865167618
eval_episode=59, episodic_return=8108.271157809504
eval_episode=60, episodic_return=4227.900950497707
eval_episode=61, episodic_return=2438.7141704917008
eval_episode=62, episodic_return=6451.9746455056675
eval_episode=63, episodic_return=2370.931388405679
eval_episode=64, episodic_return=9346.78597167146
eval_episode=65, episodic_return=9397.515958661883
eval_episode=66, episodic_return=18369.61526781148
eval_episode=67, episodic_return=1632.898993674536
eval_episode=68, episodic_return=6941.352279148603
eval_episode=69, episodic_return=4120.719932426601
eval_episode=70, episodic_return=1491.7023358141769
eval_episode=71, episodic_return=8976.222691645633
eval_episode=72, episodic_return=8541.558947734267
eval_episode=73, episodic_return=5011.3395315319485
eval_episode=74, episodic_return=1274.1808019743642
eval_episode=75, episodic_return=10140.789306667528
eval_episode=76, episodic_return=22941.879143631508
eval_episode=77, episodic_return=3836.0834381828113
eval_episode=78, episodic_return=4198.264033551394
eval_episode=79, episodic_return=6759.335581072287
eval_episode=80, episodic_return=5764.761721060909
eval_episode=81, episodic_return=3737.452742154057
eval_episode=82, episodic_return=5535.170430081822
eval_episode=83, episodic_return=2428.54541217095
eval_episode=84, episodic_return=4046.952935306538
eval_episode=85, episodic_return=6211.062467713831
eval_episode=86, episodic_return=5839.165181385487
eval_episode=87, episodic_return=4597.283552211294
eval_episode=88, episodic_return=5727.084155840022
eval_episode=89, episodic_return=3787.352623112114
eval_episode=90, episodic_return=8675.639401030518
eval_episode=91, episodic_return=2776.938265066381
eval_episode=92, episodic_return=3024.183676872588
eval_episode=93, episodic_return=5485.040012976675
eval_episode=94, episodic_return=4626.400251502783
eval_episode=95, episodic_return=2078.2100229093317
eval_episode=96, episodic_return=5378.679233359218
eval_episode=97, episodic_return=1608.626550116848
eval_episode=98, episodic_return=1809.800740918773
eval_episode=99, episodic_return=8584.310896475865
mean_return=7087.9773
std_return=5053.7411
median_return=5573.5271
iqm_return=5972.4335
min_return=347.9849
max_return=23030.1410
metrics appended to /home/users/am1015/cleanrl/sweeps/metrics/seed_3.csv
wandb: [wandb.login()] Loaded credentials for https://api.wandb.ai from /home/users/am1015/.netrc.
wandb: Currently logged in as: arjun-mahesh (arjun-mahesh-duke-university) to https://api.wandb.ai. Use `wandb login --relogin` to force relogin
wandb: Tracking run with wandb version 0.25.0
wandb: Run data is saved locally in /home/users/am1015/cleanrl/wandb/run-20260222_213845-08n13die
wandb: Run `wandb offline` to turn off syncing.
wandb: Syncing run s3_tv_friction_1p3
wandb: ⭐️ View project at https://wandb.ai/arjun-mahesh-duke-university/cleanrl
wandb: 🚀 View run at https://wandb.ai/arjun-mahesh-duke-university/cleanrl/runs/08n13die
/home/users/am1015/cleanrl/.venv/lib/python3.11/site-packages/gymnasium/envs/registration.py:512: DeprecationWarning: [33mWARN: The environment Walker2d-v4 is out of date. You should consider upgrading to version `v5`.[0m
  logger.deprecation(
/home/users/am1015/cleanrl/evaluate_ppo_robust.py:162: FutureWarning: You are using `torch.load` with `weights_only=False` (the current default value), which uses the default pickle module implicitly. It is possible to construct malicious pickle data which will execute arbitrary code during unpickling (See https://github.com/pytorch/pytorch/blob/main/SECURITY.md#untrusted-models for more details). In a future release, the default value for `weights_only` will be flipped to `True`. This limits the functions that could be executed during unpickling. Arbitrary objects will no longer be allowed to be loaded via this mode unless they are explicitly allowlisted by the user via `torch.serialization.add_safe_globals`. We recommend you start setting `weights_only=True` for any use case where you don't have full control of the loaded file. Please open an issue on GitHub for any issues related to this experimental feature.
  agent.load_state_dict(torch.load(args.model_path, map_location=device))
wandb: updating run metadata
wandb: uploading history steps 0-100, summary, console lines 103-110
wandb: 
wandb: Run history:
wandb:         eval/episode ▁▁▁▁▁▂▂▂▃▃▃▃▃▄▄▄▄▄▄▅▅▅▅▅▅▅▆▆▆▆▇▇▇▇▇▇▇███
wandb: eval/episodic_return ▂▃▃▆▃▂█▁▂▂▃▃▅▄▃▅▂▂▂▁▁▂▁▁▄▁▁▃▄▂▁▂▁▃▃▂▁▂▂▂
wandb:   eval/eval_episodes ▁
wandb:      eval/iqm_return ▁
wandb:    eval/is_perturbed ▁
wandb:      eval/max_return ▁
wandb:     eval/mean_return ▁
wandb:   eval/median_return ▁
wandb:      eval/min_return ▁
wandb:      eval/std_return ▁
wandb: 
wandb: Run summary:
wandb:         eval/episode 99
wandb: eval/episodic_return 5908.54565
wandb:   eval/eval_episodes 100
wandb:      eval/iqm_return 5393.07414
wandb:    eval/is_perturbed 1
wandb:      eval/max_return 34634.93879
wandb:     eval/mean_return 6740.72592
wandb:   eval/median_return 5177.50845
wandb:      eval/min_return 15.1789
wandb:      eval/std_return 5882.44143
wandb: 
wandb: 🚀 View run s3_tv_friction_1p3 at: https://wandb.ai/arjun-mahesh-duke-university/cleanrl/runs/08n13die
wandb: ⭐️ View project at: https://wandb.ai/arjun-mahesh-duke-university/cleanrl
wandb: Synced 5 W&B file(s), 0 media file(s), 0 artifact file(s) and 0 other file(s)
wandb: Find logs at: ./wandb/run-20260222_213845-08n13die/logs
loaded normalization stats from /home/users/am1015/rl_runs/Walker2d-v4__ppo_cont_tv_final_cap3500__3__1771811496/ppo_cont_tv_final_cap3500.cleanrl_model.norm_stats.npz
eval_episode=0, episodic_return=5643.828377840037
eval_episode=1, episodic_return=4525.539636289073
eval_episode=2, episodic_return=11714.259008393186
eval_episode=3, episodic_return=7694.632238141522
eval_episode=4, episodic_return=9322.198845910129
eval_episode=5, episodic_return=3996.2479765647918
eval_episode=6, episodic_return=10152.172945219972
eval_episode=7, episodic_return=26830.195784772317
eval_episode=8, episodic_return=26074.645242766655
eval_episode=9, episodic_return=14308.323540627684
eval_episode=10, episodic_return=8338.257324874168
eval_episode=11, episodic_return=8100.717992921427
eval_episode=12, episodic_return=5995.894890143208
eval_episode=13, episodic_return=5126.926595165742
eval_episode=14, episodic_return=34634.938788492436
eval_episode=15, episodic_return=2802.021340188642
eval_episode=16, episodic_return=2361.560925123072
eval_episode=17, episodic_return=6119.34164191215
eval_episode=18, episodic_return=11795.661780366107
eval_episode=19, episodic_return=1391.38142118787
eval_episode=20, episodic_return=3237.4596111915885
eval_episode=21, episodic_return=1386.0388493984792
eval_episode=22, episodic_return=2419.685125506018
eval_episode=23, episodic_return=1684.7288350373458
eval_episode=24, episodic_return=11998.792815563198
eval_episode=25, episodic_return=9845.245342118551
eval_episode=26, episodic_return=10589.465822369793
eval_episode=27, episodic_return=22106.54676330796
eval_episode=28, episodic_return=288.3643467926253
eval_episode=29, episodic_return=8933.380709817831
eval_episode=30, episodic_return=2349.081781383447
eval_episode=31, episodic_return=6488.851877869316
eval_episode=32, episodic_return=12972.026538014703
eval_episode=33, episodic_return=8082.271915883964
eval_episode=34, episodic_return=2357.803944585858
eval_episode=35, episodic_return=5054.9002233075635
eval_episode=36, episodic_return=5228.090300903483
eval_episode=37, episodic_return=20558.208602665793
eval_episode=38, episodic_return=1938.540001295767
eval_episode=39, episodic_return=6568.522535612945
eval_episode=40, episodic_return=9482.041402999383
eval_episode=41, episodic_return=11060.065438451275
eval_episode=42, episodic_return=7491.693681801284
eval_episode=43, episodic_return=4134.075592701675
eval_episode=44, episodic_return=2738.247515098497
eval_episode=45, episodic_return=4441.907164088942
eval_episode=46, episodic_return=1282.7913751389808
eval_episode=47, episodic_return=4736.2344668497635
eval_episode=48, episodic_return=360.85477750866187
eval_episode=49, episodic_return=1485.4408272430792
eval_episode=50, episodic_return=2665.779744999185
eval_episode=51, episodic_return=6759.789103844399
eval_episode=52, episodic_return=2707.7213425844025
eval_episode=53, episodic_return=7200.020900852347
eval_episode=54, episodic_return=4046.427644941588
eval_episode=55, episodic_return=1653.0296445450067
eval_episode=56, episodic_return=10097.690419507144
eval_episode=57, episodic_return=2515.619513915932
eval_episode=58, episodic_return=14418.515134330404
eval_episode=59, episodic_return=10673.972327188549
eval_episode=60, episodic_return=11284.653713661188
eval_episode=61, episodic_return=333.16688807336277
eval_episode=62, episodic_return=10823.045973039218
eval_episode=63, episodic_return=2269.7325096949835
eval_episode=64, episodic_return=6815.786727656316
eval_episode=65, episodic_return=10662.481170505267
eval_episode=66, episodic_return=15055.582531480686
eval_episode=67, episodic_return=3622.1707469061303
eval_episode=68, episodic_return=2956.442889505509
eval_episode=69, episodic_return=6650.7769923689675
eval_episode=70, episodic_return=2368.5749070774855
eval_episode=71, episodic_return=7442.543140951177
eval_episode=72, episodic_return=13198.24716985183
eval_episode=73, episodic_return=2913.970120563353
eval_episode=74, episodic_return=2089.028006611012
eval_episode=75, episodic_return=5556.643724525465
eval_episode=76, episodic_return=1910.5900448810305
eval_episode=77, episodic_return=6638.457521502787
eval_episode=78, episodic_return=1722.543637826803
eval_episode=79, episodic_return=2875.8252917046793
eval_episode=80, episodic_return=6755.230415146218
eval_episode=81, episodic_return=1964.2809105218917
eval_episode=82, episodic_return=7926.762787303911
eval_episode=83, episodic_return=8422.224593372342
eval_episode=84, episodic_return=4769.234415040322
eval_episode=85, episodic_return=3135.996070923716
eval_episode=86, episodic_return=8142.574398111779
eval_episode=87, episodic_return=5751.01804862235
eval_episode=88, episodic_return=3332.4833329138523
eval_episode=89, episodic_return=1559.3960364499303
eval_episode=90, episodic_return=12796.565824486755
eval_episode=91, episodic_return=2637.4099850829903
eval_episode=92, episodic_return=1618.518351867527
eval_episode=93, episodic_return=5071.793712438153
eval_episode=94, episodic_return=4405.649222485068
eval_episode=95, episodic_return=3242.9395495174676
eval_episode=96, episodic_return=15.178896827939719
eval_episode=97, episodic_return=3917.3767495411234
eval_episode=98, episodic_return=4540.478655496289
eval_episode=99, episodic_return=5908.545650057291
mean_return=6740.7259
std_return=5882.4414
median_return=5177.5084
iqm_return=5393.0741
min_return=15.1789
max_return=34634.9388
metrics appended to /home/users/am1015/cleanrl/sweeps/metrics/seed_3.csv
