wandb: [wandb.login()] Loaded credentials for https://api.wandb.ai from /home/users/am1015/.netrc.
wandb: Currently logged in as: arjun-mahesh (arjun-mahesh-duke-university) to https://api.wandb.ai. Use `wandb login --relogin` to force relogin
wandb: setting up run v0rb3f6q
wandb: Tracking run with wandb version 0.25.0
wandb: Run data is saved locally in /home/users/am1015/cleanrl/wandb/run-20260222_211538-v0rb3f6q
wandb: Run `wandb offline` to turn off syncing.
wandb: Syncing run s1_vanilla_nominal
wandb: ⭐️ View project at https://wandb.ai/arjun-mahesh-duke-university/cleanrl
wandb: 🚀 View run at https://wandb.ai/arjun-mahesh-duke-university/cleanrl/runs/v0rb3f6q
/home/users/am1015/cleanrl/.venv/lib/python3.11/site-packages/gymnasium/envs/registration.py:512: DeprecationWarning: [33mWARN: The environment Walker2d-v4 is out of date. You should consider upgrading to version `v5`.[0m
  logger.deprecation(
/home/users/am1015/cleanrl/evaluate_ppo_robust.py:162: FutureWarning: You are using `torch.load` with `weights_only=False` (the current default value), which uses the default pickle module implicitly. It is possible to construct malicious pickle data which will execute arbitrary code during unpickling (See https://github.com/pytorch/pytorch/blob/main/SECURITY.md#untrusted-models for more details). In a future release, the default value for `weights_only` will be flipped to `True`. This limits the functions that could be executed during unpickling. Arbitrary objects will no longer be allowed to be loaded via this mode unless they are explicitly allowlisted by the user via `torch.serialization.add_safe_globals`. We recommend you start setting `weights_only=True` for any use case where you don't have full control of the loaded file. Please open an issue on GitHub for any issues related to this experimental feature.
  agent.load_state_dict(torch.load(args.model_path, map_location=device))
wandb: updating run metadata
wandb: uploading data
wandb: 
wandb: Run history:
wandb:         eval/episode ▁▁▁▁▁▁▁▂▂▂▂▂▂▃▃▃▃▄▄▄▄▄▅▅▅▅▅▅▆▆▆▆▆▆▇▇▇▇██
wandb: eval/episodic_return ▃██▇▂▂▇▆▆▆█▆█▂▆▂▅▁▅▁▁▁▁▃▂█▇▂▇▂▂▂▂▃▂▂█▅▄▂
wandb:   eval/eval_episodes ▁
wandb:      eval/iqm_return ▁
wandb:    eval/is_perturbed ▁
wandb:      eval/max_return ▁
wandb:     eval/mean_return ▁
wandb:   eval/median_return ▁
wandb:      eval/min_return ▁
wandb:      eval/std_return ▁
wandb: 
wandb: Run summary:
wandb:         eval/episode 99
wandb: eval/episodic_return 1737.63266
wandb:   eval/eval_episodes 100
wandb:      eval/iqm_return 2083.24565
wandb:    eval/is_perturbed 0
wandb:      eval/max_return 3904.34362
wandb:     eval/mean_return 2220.7634
wandb:   eval/median_return 1889.70175
wandb:      eval/min_return 755.53438
wandb:      eval/std_return 1006.50707
wandb: 
wandb: 🚀 View run s1_vanilla_nominal at: https://wandb.ai/arjun-mahesh-duke-university/cleanrl/runs/v0rb3f6q
wandb: ⭐️ View project at: https://wandb.ai/arjun-mahesh-duke-university/cleanrl
wandb: Synced 5 W&B file(s), 0 media file(s), 0 artifact file(s) and 0 other file(s)
wandb: Find logs at: ./wandb/run-20260222_211538-v0rb3f6q/logs
loaded normalization stats from /home/users/am1015/rl_runs/Walker2d-v4__ppo_cont_vanilla_final__1__1771811167/ppo_cont_vanilla_final.cleanrl_model.norm_stats.npz
eval_episode=0, episodic_return=1880.8027930020826
eval_episode=1, episodic_return=3730.6434748209676
eval_episode=2, episodic_return=3849.9705993904704
eval_episode=3, episodic_return=2357.3443635836466
eval_episode=4, episodic_return=3542.700490640496
eval_episode=5, episodic_return=1546.3221011413868
eval_episode=6, episodic_return=3405.57366593715
eval_episode=7, episodic_return=2605.752865539847
eval_episode=8, episodic_return=1425.6854813172931
eval_episode=9, episodic_return=3391.578919380386
eval_episode=10, episodic_return=1340.7236159299146
eval_episode=11, episodic_return=1287.4845353515268
eval_episode=12, episodic_return=3644.0580082891374
eval_episode=13, episodic_return=1970.451155660612
eval_episode=14, episodic_return=809.6175627116264
eval_episode=15, episodic_return=3205.1257779790317
eval_episode=16, episodic_return=2663.0583909009574
eval_episode=17, episodic_return=1009.0783192013903
eval_episode=18, episodic_return=1532.5573531311409
eval_episode=19, episodic_return=986.4877174549156
eval_episode=20, episodic_return=1557.74173247764
eval_episode=21, episodic_return=3180.2116111161226
eval_episode=22, episodic_return=2848.1020944697434
eval_episode=23, episodic_return=2535.1302962090313
eval_episode=24, episodic_return=3172.375533954889
eval_episode=25, episodic_return=1213.708380475409
eval_episode=26, episodic_return=3607.185492117133
eval_episode=27, episodic_return=3896.463851161905
eval_episode=28, episodic_return=755.5343792400826
eval_episode=29, episodic_return=3786.0873542360077
eval_episode=30, episodic_return=3849.8711312140094
eval_episode=31, episodic_return=841.6141358936443
eval_episode=32, episodic_return=2973.376606219391
eval_episode=33, episodic_return=3074.924465495441
eval_episode=34, episodic_return=3782.2854457955114
eval_episode=35, episodic_return=1256.684279331422
eval_episode=36, episodic_return=952.833200194237
eval_episode=37, episodic_return=1572.7956397415446
eval_episode=38, episodic_return=1757.4438924828262
eval_episode=39, episodic_return=2944.459111298869
eval_episode=40, episodic_return=2390.949374658316
eval_episode=41, episodic_return=1474.3339316964355
eval_episode=42, episodic_return=1443.6843925505286
eval_episode=43, episodic_return=2553.0961582026357
eval_episode=44, episodic_return=1192.9044233834038
eval_episode=45, episodic_return=1110.0584854220929
eval_episode=46, episodic_return=814.875863630961
eval_episode=47, episodic_return=2759.2427943222187
eval_episode=48, episodic_return=1036.7389949462813
eval_episode=49, episodic_return=3655.5913519399996
eval_episode=50, episodic_return=3084.2734551846456
eval_episode=51, episodic_return=3339.568700919824
eval_episode=52, episodic_return=3904.3436188550986
eval_episode=53, episodic_return=1629.91983028965
eval_episode=54, episodic_return=1069.4851765940682
eval_episode=55, episodic_return=1038.3277800692463
eval_episode=56, episodic_return=1165.1062260712622
eval_episode=57, episodic_return=1999.5169770865655
eval_episode=58, episodic_return=3628.3286748061823
eval_episode=59, episodic_return=1494.1611412039395
eval_episode=60, episodic_return=2045.3260521369714
eval_episode=61, episodic_return=1504.6685605235498
eval_episode=62, episodic_return=3116.28831264248
eval_episode=63, episodic_return=2914.1054943463814
eval_episode=64, episodic_return=3712.610208974861
eval_episode=65, episodic_return=1443.486140761703
eval_episode=66, episodic_return=3598.363452076594
eval_episode=67, episodic_return=2297.8056383627286
eval_episode=68, episodic_return=1243.0496901174504
eval_episode=69, episodic_return=3462.297698981934
eval_episode=70, episodic_return=830.4654326866682
eval_episode=71, episodic_return=1454.4796156441978
eval_episode=72, episodic_return=1476.1838320718298
eval_episode=73, episodic_return=1759.314408282693
eval_episode=74, episodic_return=1433.5468780761141
eval_episode=75, episodic_return=1267.1287921440678
eval_episode=76, episodic_return=2762.304179424054
eval_episode=77, episodic_return=1898.6007016196647
eval_episode=78, episodic_return=1774.785974109247
eval_episode=79, episodic_return=1454.6995484412594
eval_episode=80, episodic_return=1420.1792672846673
eval_episode=81, episodic_return=1741.413830240028
eval_episode=82, episodic_return=1420.5608884525216
eval_episode=83, episodic_return=3837.987613329543
eval_episode=84, episodic_return=1266.7795410134133
eval_episode=85, episodic_return=2138.263138980663
eval_episode=86, episodic_return=1493.6760799223982
eval_episode=87, episodic_return=1587.7362961535794
eval_episode=88, episodic_return=1290.6231063742655
eval_episode=89, episodic_return=3415.5367855158115
eval_episode=90, episodic_return=3607.4885729123293
eval_episode=91, episodic_return=2710.839330649097
eval_episode=92, episodic_return=1572.235933229174
eval_episode=93, episodic_return=3723.3042023474977
eval_episode=94, episodic_return=3717.0739917944734
eval_episode=95, episodic_return=2584.6198276081955
eval_episode=96, episodic_return=2399.532829888309
eval_episode=97, episodic_return=819.7570249562154
eval_episode=98, episodic_return=1613.235337879584
eval_episode=99, episodic_return=1737.6326629789
mean_return=2220.7634
std_return=1006.5071
median_return=1889.7017
iqm_return=2083.2457
min_return=755.5344
max_return=3904.3436
metrics appended to /home/users/am1015/cleanrl/sweeps/metrics/seed_1.csv
wandb: [wandb.login()] Loaded credentials for https://api.wandb.ai from /home/users/am1015/.netrc.
wandb: Currently logged in as: arjun-mahesh (arjun-mahesh-duke-university) to https://api.wandb.ai. Use `wandb login --relogin` to force relogin
wandb: setting up run gbd2erdu
wandb: Tracking run with wandb version 0.25.0
wandb: Run data is saved locally in /home/users/am1015/cleanrl/wandb/run-20260222_211628-gbd2erdu
wandb: Run `wandb offline` to turn off syncing.
wandb: Syncing run s1_tv_nominal
wandb: ⭐️ View project at https://wandb.ai/arjun-mahesh-duke-university/cleanrl
wandb: 🚀 View run at https://wandb.ai/arjun-mahesh-duke-university/cleanrl/runs/gbd2erdu
/home/users/am1015/cleanrl/.venv/lib/python3.11/site-packages/gymnasium/envs/registration.py:512: DeprecationWarning: [33mWARN: The environment Walker2d-v4 is out of date. You should consider upgrading to version `v5`.[0m
  logger.deprecation(
/home/users/am1015/cleanrl/evaluate_ppo_robust.py:162: FutureWarning: You are using `torch.load` with `weights_only=False` (the current default value), which uses the default pickle module implicitly. It is possible to construct malicious pickle data which will execute arbitrary code during unpickling (See https://github.com/pytorch/pytorch/blob/main/SECURITY.md#untrusted-models for more details). In a future release, the default value for `weights_only` will be flipped to `True`. This limits the functions that could be executed during unpickling. Arbitrary objects will no longer be allowed to be loaded via this mode unless they are explicitly allowlisted by the user via `torch.serialization.add_safe_globals`. We recommend you start setting `weights_only=True` for any use case where you don't have full control of the loaded file. Please open an issue on GitHub for any issues related to this experimental feature.
  agent.load_state_dict(torch.load(args.model_path, map_location=device))
wandb: updating run metadata
wandb: uploading history steps 0-100, summary, console lines 77-110
wandb: 
wandb: Run history:
wandb:         eval/episode ▁▁▂▂▂▂▂▃▃▃▃▃▃▄▄▄▅▅▅▅▅▅▅▅▆▆▆▆▆▆▆▇▇▇▇▇▇▇▇█
wandb: eval/episodic_return ▄▆▃▄▃▆▆▄▃▄▁▇▃▁▁█▆▆▄▃▃█▂▃▆▄▆▄▆▄▄▃▃█▆▃▇▄█▅
wandb:   eval/eval_episodes ▁
wandb:      eval/iqm_return ▁
wandb:    eval/is_perturbed ▁
wandb:      eval/max_return ▁
wandb:     eval/mean_return ▁
wandb:   eval/median_return ▁
wandb:      eval/min_return ▁
wandb:      eval/std_return ▁
wandb: 
wandb: Run summary:
wandb:         eval/episode 99
wandb: eval/episodic_return 2539.19647
wandb:   eval/eval_episodes 100
wandb:      eval/iqm_return 1990.19121
wandb:    eval/is_perturbed 0
wandb:      eval/max_return 3923.53401
wandb:     eval/mean_return 2116.88817
wandb:   eval/median_return 1914.68138
wandb:      eval/min_return 234.28799
wandb:      eval/std_return 966.53925
wandb: 
wandb: 🚀 View run s1_tv_nominal at: https://wandb.ai/arjun-mahesh-duke-university/cleanrl/runs/gbd2erdu
wandb: ⭐️ View project at: https://wandb.ai/arjun-mahesh-duke-university/cleanrl
wandb: Synced 5 W&B file(s), 0 media file(s), 0 artifact file(s) and 0 other file(s)
wandb: Find logs at: ./wandb/run-20260222_211628-gbd2erdu/logs
loaded normalization stats from /home/users/am1015/rl_runs/Walker2d-v4__ppo_cont_tv_final_cap3500__1__1771811496/ppo_cont_tv_final_cap3500.cleanrl_model.norm_stats.npz
eval_episode=0, episodic_return=1289.5749874162316
eval_episode=1, episodic_return=1724.430598856157
eval_episode=2, episodic_return=878.9599065111994
eval_episode=3, episodic_return=2007.5675741776645
eval_episode=4, episodic_return=2613.3058708258236
eval_episode=5, episodic_return=1091.8213097864186
eval_episode=6, episodic_return=1536.5268648756207
eval_episode=7, episodic_return=1915.0811487128503
eval_episode=8, episodic_return=1135.8046127822743
eval_episode=9, episodic_return=3806.9286687638346
eval_episode=10, episodic_return=3829.230322999334
eval_episode=11, episodic_return=1485.932057338238
eval_episode=12, episodic_return=1860.8960698089902
eval_episode=13, episodic_return=1994.9484187372855
eval_episode=14, episodic_return=1278.8310665230804
eval_episode=15, episodic_return=2740.5037118897712
eval_episode=16, episodic_return=2224.6873811786886
eval_episode=17, episodic_return=3790.385755783894
eval_episode=18, episodic_return=2625.6604747491533
eval_episode=19, episodic_return=1738.457309604455
eval_episode=20, episodic_return=1457.6064606714133
eval_episode=21, episodic_return=1577.1563996468574
eval_episode=22, episodic_return=1844.1533356838172
eval_episode=23, episodic_return=1477.9710117784073
eval_episode=24, episodic_return=2688.5364350324
eval_episode=25, episodic_return=1626.8658734528115
eval_episode=26, episodic_return=1775.0970426577442
eval_episode=27, episodic_return=307.71011825551443
eval_episode=28, episodic_return=1821.430793211221
eval_episode=29, episodic_return=1707.7185049884065
eval_episode=30, episodic_return=3444.1775674220826
eval_episode=31, episodic_return=1790.2840752406128
eval_episode=32, episodic_return=3444.113771431539
eval_episode=33, episodic_return=3771.3254186148665
eval_episode=34, episodic_return=3353.606717093351
eval_episode=35, episodic_return=1264.2332927046523
eval_episode=36, episodic_return=1648.1724591282652
eval_episode=37, episodic_return=335.2044026339675
eval_episode=38, episodic_return=1783.097371265884
eval_episode=39, episodic_return=290.22965739795353
eval_episode=40, episodic_return=1564.1310226308585
eval_episode=41, episodic_return=3884.8539380390084
eval_episode=42, episodic_return=2599.8413196936403
eval_episode=43, episodic_return=2623.05838033283
eval_episode=44, episodic_return=909.0101538124898
eval_episode=45, episodic_return=3069.6920658610475
eval_episode=46, episodic_return=1970.4697259238148
eval_episode=47, episodic_return=2036.460035812184
eval_episode=48, episodic_return=2772.9873797344862
eval_episode=49, episodic_return=1084.9631306153767
eval_episode=50, episodic_return=1109.767125727494
eval_episode=51, episodic_return=1167.1752937542701
eval_episode=52, episodic_return=1442.122859725442
eval_episode=53, episodic_return=3688.6039471445915
eval_episode=54, episodic_return=1725.2147646652718
eval_episode=55, episodic_return=805.8378481863773
eval_episode=56, episodic_return=1914.2816171207796
eval_episode=57, episodic_return=1946.0324218211895
eval_episode=58, episodic_return=3449.308683779439
eval_episode=59, episodic_return=1497.9968339649654
eval_episode=60, episodic_return=2903.9698135874487
eval_episode=61, episodic_return=873.8842207235663
eval_episode=62, episodic_return=3597.8194921003733
eval_episode=63, episodic_return=1767.7874496607456
eval_episode=64, episodic_return=1331.869064000181
eval_episode=65, episodic_return=385.7791244402013
eval_episode=66, episodic_return=2242.155028976306
eval_episode=67, episodic_return=2059.1716815740997
eval_episode=68, episodic_return=2697.6387518764327
eval_episode=69, episodic_return=3835.4635111731586
eval_episode=70, episodic_return=1598.9303027071026
eval_episode=71, episodic_return=1529.1030791172307
eval_episode=72, episodic_return=3104.045154342587
eval_episode=73, episodic_return=1644.9628607332934
eval_episode=74, episodic_return=1362.0857911205226
eval_episode=75, episodic_return=2888.903051973165
eval_episode=76, episodic_return=1713.50752396043
eval_episode=77, episodic_return=2153.568149335807
eval_episode=78, episodic_return=3790.0812092243473
eval_episode=79, episodic_return=3768.56877958146
eval_episode=80, episodic_return=234.2879923593891
eval_episode=81, episodic_return=2036.0052337874536
eval_episode=82, episodic_return=1398.6685308830288
eval_episode=83, episodic_return=2282.1381597416507
eval_episode=84, episodic_return=2301.9321749621936
eval_episode=85, episodic_return=1361.9137104322338
eval_episode=86, episodic_return=3099.4900994504624
eval_episode=87, episodic_return=1533.9575902624142
eval_episode=88, episodic_return=3881.2094180401687
eval_episode=89, episodic_return=2008.4611235219206
eval_episode=90, episodic_return=2620.1370302240734
eval_episode=91, episodic_return=2888.39486409309
eval_episode=92, episodic_return=2786.5034463397724
eval_episode=93, episodic_return=1134.4855995949406
eval_episode=94, episodic_return=3185.3174961356654
eval_episode=95, episodic_return=1341.776714335651
eval_episode=96, episodic_return=1921.9535180140006
eval_episode=97, episodic_return=3720.126843207019
eval_episode=98, episodic_return=3923.5340061016714
eval_episode=99, episodic_return=2539.196471964019
mean_return=2116.8882
std_return=966.5392
median_return=1914.6814
iqm_return=1990.1912
min_return=234.2880
max_return=3923.5340
metrics appended to /home/users/am1015/cleanrl/sweeps/metrics/seed_1.csv
wandb: [wandb.login()] Loaded credentials for https://api.wandb.ai from /home/users/am1015/.netrc.
wandb: Currently logged in as: arjun-mahesh (arjun-mahesh-duke-university) to https://api.wandb.ai. Use `wandb login --relogin` to force relogin
wandb: setting up run xxwa8rda
wandb: Tracking run with wandb version 0.25.0
wandb: Run data is saved locally in /home/users/am1015/cleanrl/wandb/run-20260222_211716-xxwa8rda
wandb: Run `wandb offline` to turn off syncing.
wandb: Syncing run s1_vanilla_friction_1p0
wandb: ⭐️ View project at https://wandb.ai/arjun-mahesh-duke-university/cleanrl
wandb: 🚀 View run at https://wandb.ai/arjun-mahesh-duke-university/cleanrl/runs/xxwa8rda
/home/users/am1015/cleanrl/.venv/lib/python3.11/site-packages/gymnasium/envs/registration.py:512: DeprecationWarning: [33mWARN: The environment Walker2d-v4 is out of date. You should consider upgrading to version `v5`.[0m
  logger.deprecation(
/home/users/am1015/cleanrl/evaluate_ppo_robust.py:162: FutureWarning: You are using `torch.load` with `weights_only=False` (the current default value), which uses the default pickle module implicitly. It is possible to construct malicious pickle data which will execute arbitrary code during unpickling (See https://github.com/pytorch/pytorch/blob/main/SECURITY.md#untrusted-models for more details). In a future release, the default value for `weights_only` will be flipped to `True`. This limits the functions that could be executed during unpickling. Arbitrary objects will no longer be allowed to be loaded via this mode unless they are explicitly allowlisted by the user via `torch.serialization.add_safe_globals`. We recommend you start setting `weights_only=True` for any use case where you don't have full control of the loaded file. Please open an issue on GitHub for any issues related to this experimental feature.
  agent.load_state_dict(torch.load(args.model_path, map_location=device))
wandb: updating run metadata
wandb: uploading history steps 0-100, summary, console lines 94-110
wandb: 
wandb: Run history:
wandb:         eval/episode ▁▁▁▂▂▂▂▃▃▃▃▃▃▃▄▄▄▄▅▅▅▅▅▅▅▆▆▆▆▆▆▆▆▆▇▇▇▇██
wandb: eval/episodic_return ▄▂▂▄▄▂▄▄█▆▄▇▅▄▄▃▃▄▃▂▂▂▃▂▂▂▃▂▂▃▃▃▂▆▅▃▂▃▁▅
wandb:   eval/eval_episodes ▁
wandb:      eval/iqm_return ▁
wandb:    eval/is_perturbed ▁
wandb:      eval/max_return ▁
wandb:     eval/mean_return ▁
wandb:   eval/median_return ▁
wandb:      eval/min_return ▁
wandb:      eval/std_return ▁
wandb: 
wandb: Run summary:
wandb:         eval/episode 99
wandb: eval/episodic_return 4464.26323
wandb:   eval/eval_episodes 100
wandb:      eval/iqm_return 2157.88874
wandb:    eval/is_perturbed 1
wandb:      eval/max_return 9351.13223
wandb:     eval/mean_return 2518.14968
wandb:   eval/median_return 2009.91495
wandb:      eval/min_return 101.0417
wandb:      eval/std_return 1566.72607
wandb: 
wandb: 🚀 View run s1_vanilla_friction_1p0 at: https://wandb.ai/arjun-mahesh-duke-university/cleanrl/runs/xxwa8rda
wandb: ⭐️ View project at: https://wandb.ai/arjun-mahesh-duke-university/cleanrl
wandb: Synced 5 W&B file(s), 0 media file(s), 0 artifact file(s) and 0 other file(s)
wandb: Find logs at: ./wandb/run-20260222_211716-xxwa8rda/logs
loaded normalization stats from /home/users/am1015/rl_runs/Walker2d-v4__ppo_cont_vanilla_final__1__1771811167/ppo_cont_vanilla_final.cleanrl_model.norm_stats.npz
eval_episode=0, episodic_return=1848.7965792781467
eval_episode=1, episodic_return=2192.9331977341894
eval_episode=2, episodic_return=2328.849016866349
eval_episode=3, episodic_return=5102.196040413101
eval_episode=4, episodic_return=1567.1801434943193
eval_episode=5, episodic_return=3186.30893314423
eval_episode=6, episodic_return=1221.0710291533658
eval_episode=7, episodic_return=1207.9867254972205
eval_episode=8, episodic_return=1273.9145263491034
eval_episode=9, episodic_return=1570.3943178772947
eval_episode=10, episodic_return=3027.266188869273
eval_episode=11, episodic_return=3562.984416779038
eval_episode=12, episodic_return=3022.5613788957407
eval_episode=13, episodic_return=1511.3517822299032
eval_episode=14, episodic_return=1290.187967931593
eval_episode=15, episodic_return=3412.160935566445
eval_episode=16, episodic_return=2331.3961519228524
eval_episode=17, episodic_return=2882.671209266815
eval_episode=18, episodic_return=3466.7504372599096
eval_episode=19, episodic_return=1886.233564377817
eval_episode=20, episodic_return=4243.7420024582225
eval_episode=21, episodic_return=7359.356980827969
eval_episode=22, episodic_return=5117.02744408135
eval_episode=23, episodic_return=9351.132234062863
eval_episode=24, episodic_return=4324.6370396406155
eval_episode=25, episodic_return=1114.0685838922925
eval_episode=26, episodic_return=947.0707079060335
eval_episode=27, episodic_return=1621.7550265248535
eval_episode=28, episodic_return=3201.987131274753
eval_episode=29, episodic_return=2915.25141720846
eval_episode=30, episodic_return=3153.171927215854
eval_episode=31, episodic_return=1797.5720800644692
eval_episode=32, episodic_return=1775.3441529278962
eval_episode=33, episodic_return=6433.886416707098
eval_episode=34, episodic_return=4708.2025279222635
eval_episode=35, episodic_return=2150.8760043147327
eval_episode=36, episodic_return=1652.5725246195327
eval_episode=37, episodic_return=1591.4644468465285
eval_episode=38, episodic_return=3037.4740482861635
eval_episode=39, episodic_return=1978.2830704316934
eval_episode=40, episodic_return=1633.2420471920725
eval_episode=41, episodic_return=3197.229354797974
eval_episode=42, episodic_return=1934.016952174665
eval_episode=43, episodic_return=2763.0068565653332
eval_episode=44, episodic_return=2527.8704479094513
eval_episode=45, episodic_return=1305.9064090927852
eval_episode=46, episodic_return=1668.8571208283915
eval_episode=47, episodic_return=1802.8695941409424
eval_episode=48, episodic_return=1974.252219000914
eval_episode=49, episodic_return=3495.6755689542506
eval_episode=50, episodic_return=2810.788148709587
eval_episode=51, episodic_return=3040.170626243836
eval_episode=52, episodic_return=2284.9622635147357
eval_episode=53, episodic_return=1224.4231994344775
eval_episode=54, episodic_return=1900.7328530577026
eval_episode=55, episodic_return=2385.362445880695
eval_episode=56, episodic_return=1002.8331340950222
eval_episode=57, episodic_return=2041.5468294955172
eval_episode=58, episodic_return=1234.1400667416876
eval_episode=59, episodic_return=845.6715386505022
eval_episode=60, episodic_return=1590.5686553030232
eval_episode=61, episodic_return=3857.879921134654
eval_episode=62, episodic_return=2272.4677431931254
eval_episode=63, episodic_return=1217.956441512047
eval_episode=64, episodic_return=4625.945636384801
eval_episode=65, episodic_return=1617.0829176135555
eval_episode=66, episodic_return=1177.209662010902
eval_episode=67, episodic_return=3228.8608668405436
eval_episode=68, episodic_return=1590.2869500086802
eval_episode=69, episodic_return=1128.470329688294
eval_episode=70, episodic_return=4569.345841070947
eval_episode=71, episodic_return=1820.4320710163313
eval_episode=72, episodic_return=2158.6730499746254
eval_episode=73, episodic_return=816.7044081950922
eval_episode=74, episodic_return=1260.8107241356336
eval_episode=75, episodic_return=1761.53001200884
eval_episode=76, episodic_return=1718.5026330842404
eval_episode=77, episodic_return=2686.870862802972
eval_episode=78, episodic_return=1918.7292552263868
eval_episode=79, episodic_return=3109.3277707047973
eval_episode=80, episodic_return=924.2355546096996
eval_episode=81, episodic_return=5636.065512223544
eval_episode=82, episodic_return=3925.6396719218583
eval_episode=83, episodic_return=2433.1558950610856
eval_episode=84, episodic_return=266.58291667137644
eval_episode=85, episodic_return=1364.4474439355292
eval_episode=86, episodic_return=2107.3006856995166
eval_episode=87, episodic_return=1701.5268445026616
eval_episode=88, episodic_return=1511.4199207613383
eval_episode=89, episodic_return=1419.7425927061092
eval_episode=90, episodic_return=1556.5369260977866
eval_episode=91, episodic_return=1749.0703933704071
eval_episode=92, episodic_return=7897.607287687181
eval_episode=93, episodic_return=3731.3645012855995
eval_episode=94, episodic_return=101.04169766585323
eval_episode=95, episodic_return=2451.6155199525856
eval_episode=96, episodic_return=2107.5711270826437
eval_episode=97, episodic_return=1275.6095591816893
eval_episode=98, episodic_return=3620.8870868118806
eval_episode=99, episodic_return=4464.2632258682725
mean_return=2518.1497
std_return=1566.7261
median_return=2009.9149
iqm_return=2157.8887
min_return=101.0417
max_return=9351.1322
metrics appended to /home/users/am1015/cleanrl/sweeps/metrics/seed_1.csv
wandb: [wandb.login()] Loaded credentials for https://api.wandb.ai from /home/users/am1015/.netrc.
wandb: Currently logged in as: arjun-mahesh (arjun-mahesh-duke-university) to https://api.wandb.ai. Use `wandb login --relogin` to force relogin
wandb: setting up run m0k95ljb
wandb: Tracking run with wandb version 0.25.0
wandb: Run data is saved locally in /home/users/am1015/cleanrl/wandb/run-20260222_211812-m0k95ljb
wandb: Run `wandb offline` to turn off syncing.
wandb: Syncing run s1_tv_friction_1p0
wandb: ⭐️ View project at https://wandb.ai/arjun-mahesh-duke-university/cleanrl
wandb: 🚀 View run at https://wandb.ai/arjun-mahesh-duke-university/cleanrl/runs/m0k95ljb
/home/users/am1015/cleanrl/.venv/lib/python3.11/site-packages/gymnasium/envs/registration.py:512: DeprecationWarning: [33mWARN: The environment Walker2d-v4 is out of date. You should consider upgrading to version `v5`.[0m
  logger.deprecation(
/home/users/am1015/cleanrl/evaluate_ppo_robust.py:162: FutureWarning: You are using `torch.load` with `weights_only=False` (the current default value), which uses the default pickle module implicitly. It is possible to construct malicious pickle data which will execute arbitrary code during unpickling (See https://github.com/pytorch/pytorch/blob/main/SECURITY.md#untrusted-models for more details). In a future release, the default value for `weights_only` will be flipped to `True`. This limits the functions that could be executed during unpickling. Arbitrary objects will no longer be allowed to be loaded via this mode unless they are explicitly allowlisted by the user via `torch.serialization.add_safe_globals`. We recommend you start setting `weights_only=True` for any use case where you don't have full control of the loaded file. Please open an issue on GitHub for any issues related to this experimental feature.
  agent.load_state_dict(torch.load(args.model_path, map_location=device))
wandb: updating run metadata
wandb: uploading history steps 0-100, summary, console lines 78-110
wandb: 
wandb: Run history:
wandb:         eval/episode ▁▁▁▁▂▂▂▂▂▃▃▃▃▃▄▄▄▄▄▄▅▅▅▅▅▆▆▆▆▆▇▇▇▇▇▇████
wandb: eval/episodic_return ▇▂▄▃▁▅▂▄▂▅▄▃▂▂▂▂▁▂▂▅▃█▁▂▃▃▂▄▄▂▃▅▃▆▂▂▂▂▄▂
wandb:   eval/eval_episodes ▁
wandb:      eval/iqm_return ▁
wandb:    eval/is_perturbed ▁
wandb:      eval/max_return ▁
wandb:     eval/mean_return ▁
wandb:   eval/median_return ▁
wandb:      eval/min_return ▁
wandb:      eval/std_return ▁
wandb: 
wandb: Run summary:
wandb:         eval/episode 99
wandb: eval/episodic_return 1496.36748
wandb:   eval/eval_episodes 100
wandb:      eval/iqm_return 2555.40202
wandb:    eval/is_perturbed 1
wandb:      eval/max_return 9615.93503
wandb:     eval/mean_return 2966.32463
wandb:   eval/median_return 2446.07774
wandb:      eval/min_return 293.60967
wandb:      eval/std_return 1903.27663
wandb: 
wandb: 🚀 View run s1_tv_friction_1p0 at: https://wandb.ai/arjun-mahesh-duke-university/cleanrl/runs/m0k95ljb
wandb: ⭐️ View project at: https://wandb.ai/arjun-mahesh-duke-university/cleanrl
wandb: Synced 5 W&B file(s), 0 media file(s), 0 artifact file(s) and 0 other file(s)
wandb: Find logs at: ./wandb/run-20260222_211812-m0k95ljb/logs
loaded normalization stats from /home/users/am1015/rl_runs/Walker2d-v4__ppo_cont_tv_final_cap3500__1__1771811496/ppo_cont_tv_final_cap3500.cleanrl_model.norm_stats.npz
eval_episode=0, episodic_return=7850.7265150136855
eval_episode=1, episodic_return=1743.6566024805188
eval_episode=2, episodic_return=4402.40715105411
eval_episode=3, episodic_return=1982.8731887760355
eval_episode=4, episodic_return=3656.824346354003
eval_episode=5, episodic_return=3309.6749621263625
eval_episode=6, episodic_return=366.9864629612314
eval_episode=7, episodic_return=1933.8156128111902
eval_episode=8, episodic_return=2059.362497140048
eval_episode=9, episodic_return=5066.772151196168
eval_episode=10, episodic_return=1381.3079236795581
eval_episode=11, episodic_return=1886.8902331126562
eval_episode=12, episodic_return=1138.2721539694141
eval_episode=13, episodic_return=3440.1892239764043
eval_episode=14, episodic_return=4358.837738334767
eval_episode=15, episodic_return=1167.6413976336805
eval_episode=16, episodic_return=1291.7230432683673
eval_episode=17, episodic_return=5344.002794984237
eval_episode=18, episodic_return=3863.083123800229
eval_episode=19, episodic_return=1077.1810445570475
eval_episode=20, episodic_return=5477.543993853117
eval_episode=21, episodic_return=3670.372126920551
eval_episode=22, episodic_return=3600.8445459301065
eval_episode=23, episodic_return=3841.126967082996
eval_episode=24, episodic_return=6114.318023406837
eval_episode=25, episodic_return=1958.624318191314
eval_episode=26, episodic_return=3264.100605377447
eval_episode=27, episodic_return=3538.562400293625
eval_episode=28, episodic_return=2497.296595996094
eval_episode=29, episodic_return=1341.552983667412
eval_episode=30, episodic_return=5295.378103959122
eval_episode=31, episodic_return=975.0640649692233
eval_episode=32, episodic_return=1266.0942895056814
eval_episode=33, episodic_return=1106.7305525730337
eval_episode=34, episodic_return=2142.80432719618
eval_episode=35, episodic_return=872.5571665423965
eval_episode=36, episodic_return=2083.667145175499
eval_episode=37, episodic_return=1193.9908845571244
eval_episode=38, episodic_return=4940.516760180522
eval_episode=39, episodic_return=2024.2934136497452
eval_episode=40, episodic_return=1559.3301537859402
eval_episode=41, episodic_return=973.0751523695566
eval_episode=42, episodic_return=2553.176533062877
eval_episode=43, episodic_return=2430.2429472851313
eval_episode=44, episodic_return=2409.5279647255857
eval_episode=45, episodic_return=2623.6158883316198
eval_episode=46, episodic_return=1795.7112804533263
eval_episode=47, episodic_return=1168.185429050727
eval_episode=48, episodic_return=5861.623472116611
eval_episode=49, episodic_return=1029.7692906000927
eval_episode=50, episodic_return=2965.9265961604497
eval_episode=51, episodic_return=2081.018830622137
eval_episode=52, episodic_return=3056.3167801056343
eval_episode=53, episodic_return=2461.9125413201627
eval_episode=54, episodic_return=985.5789990935419
eval_episode=55, episodic_return=8408.686322800386
eval_episode=56, episodic_return=3503.2763214555353
eval_episode=57, episodic_return=6428.83497744348
eval_episode=58, episodic_return=5077.609047189303
eval_episode=59, episodic_return=1698.0056804249634
eval_episode=60, episodic_return=5582.939362252041
eval_episode=61, episodic_return=3582.045442451336
eval_episode=62, episodic_return=6292.7538616608535
eval_episode=63, episodic_return=9615.935032627005
eval_episode=64, episodic_return=959.7536130183942
eval_episode=65, episodic_return=1943.324879463241
eval_episode=66, episodic_return=3020.67137348314
eval_episode=67, episodic_return=1773.6690608930828
eval_episode=68, episodic_return=3647.9582315123885
eval_episode=69, episodic_return=1133.7057579627124
eval_episode=70, episodic_return=4430.2169354212865
eval_episode=71, episodic_return=4241.217390211494
eval_episode=72, episodic_return=5558.8090756896545
eval_episode=73, episodic_return=3695.7058358204213
eval_episode=74, episodic_return=1571.38108656302
eval_episode=75, episodic_return=1253.1551701408941
eval_episode=76, episodic_return=1275.071600361504
eval_episode=77, episodic_return=2812.9734545328665
eval_episode=78, episodic_return=1309.5019981661142
eval_episode=79, episodic_return=5528.425728002651
eval_episode=80, episodic_return=3063.7137137560403
eval_episode=81, episodic_return=3581.29456805224
eval_episode=82, episodic_return=1500.3915207348145
eval_episode=83, episodic_return=6517.144146120796
eval_episode=84, episodic_return=4628.304170023168
eval_episode=85, episodic_return=1571.4589414678514
eval_episode=86, episodic_return=293.60967067631884
eval_episode=87, episodic_return=4320.504859947498
eval_episode=88, episodic_return=5710.997013629559
eval_episode=89, episodic_return=1541.16609238346
eval_episode=90, episodic_return=1173.169639565271
eval_episode=91, episodic_return=1210.7045449353911
eval_episode=92, episodic_return=1281.948889128903
eval_episode=93, episodic_return=1280.6858684081155
eval_episode=94, episodic_return=4685.595901624671
eval_episode=95, episodic_return=2861.1969243097046
eval_episode=96, episodic_return=4296.467524604718
eval_episode=97, episodic_return=1282.8544211984881
eval_episode=98, episodic_return=1506.580369900761
eval_episode=99, episodic_return=1496.36748150404
mean_return=2966.3246
std_return=1903.2766
median_return=2446.0777
iqm_return=2555.4020
min_return=293.6097
max_return=9615.9350
metrics appended to /home/users/am1015/cleanrl/sweeps/metrics/seed_1.csv
wandb: [wandb.login()] Loaded credentials for https://api.wandb.ai from /home/users/am1015/.netrc.
wandb: Currently logged in as: arjun-mahesh (arjun-mahesh-duke-university) to https://api.wandb.ai. Use `wandb login --relogin` to force relogin
wandb: setting up run vjds4hx1
wandb: Tracking run with wandb version 0.25.0
wandb: Run data is saved locally in /home/users/am1015/cleanrl/wandb/run-20260222_211916-vjds4hx1
wandb: Run `wandb offline` to turn off syncing.
wandb: Syncing run s1_vanilla_friction_1p1
wandb: ⭐️ View project at https://wandb.ai/arjun-mahesh-duke-university/cleanrl
wandb: 🚀 View run at https://wandb.ai/arjun-mahesh-duke-university/cleanrl/runs/vjds4hx1
/home/users/am1015/cleanrl/.venv/lib/python3.11/site-packages/gymnasium/envs/registration.py:512: DeprecationWarning: [33mWARN: The environment Walker2d-v4 is out of date. You should consider upgrading to version `v5`.[0m
  logger.deprecation(
/home/users/am1015/cleanrl/evaluate_ppo_robust.py:162: FutureWarning: You are using `torch.load` with `weights_only=False` (the current default value), which uses the default pickle module implicitly. It is possible to construct malicious pickle data which will execute arbitrary code during unpickling (See https://github.com/pytorch/pytorch/blob/main/SECURITY.md#untrusted-models for more details). In a future release, the default value for `weights_only` will be flipped to `True`. This limits the functions that could be executed during unpickling. Arbitrary objects will no longer be allowed to be loaded via this mode unless they are explicitly allowlisted by the user via `torch.serialization.add_safe_globals`. We recommend you start setting `weights_only=True` for any use case where you don't have full control of the loaded file. Please open an issue on GitHub for any issues related to this experimental feature.
  agent.load_state_dict(torch.load(args.model_path, map_location=device))
wandb: updating run metadata
wandb: uploading history steps 0-100, summary, console lines 85-110
wandb: 
wandb: Run history:
wandb:         eval/episode ▁▁▁▁▂▂▂▂▂▃▃▃▃▃▃▄▄▄▄▄▄▄▅▅▅▅▅▅▅▆▆▆▆▆▇▇▇▇▇█
wandb: eval/episodic_return ▂▄▁▃▂▂▂▃▁▃▅▂▁▁▃▃▁█▂▄▁▂▂▃▂▂▁▂▃▂▁▂▄▃▁▂▃▁▂▃
wandb:   eval/eval_episodes ▁
wandb:      eval/iqm_return ▁
wandb:    eval/is_perturbed ▁
wandb:      eval/max_return ▁
wandb:     eval/mean_return ▁
wandb:   eval/median_return ▁
wandb:      eval/min_return ▁
wandb:      eval/std_return ▁
wandb: 
wandb: Run summary:
wandb:         eval/episode 99
wandb: eval/episodic_return 2791.77312
wandb:   eval/eval_episodes 100
wandb:      eval/iqm_return 2378.39846
wandb:    eval/is_perturbed 1
wandb:      eval/max_return 10355.32871
wandb:     eval/mean_return 2668.79965
wandb:   eval/median_return 2346.52795
wandb:      eval/min_return 294.98795
wandb:      eval/std_return 1554.56116
wandb: 
wandb: 🚀 View run s1_vanilla_friction_1p1 at: https://wandb.ai/arjun-mahesh-duke-university/cleanrl/runs/vjds4hx1
wandb: ⭐️ View project at: https://wandb.ai/arjun-mahesh-duke-university/cleanrl
wandb: Synced 5 W&B file(s), 0 media file(s), 0 artifact file(s) and 0 other file(s)
wandb: Find logs at: ./wandb/run-20260222_211916-vjds4hx1/logs
loaded normalization stats from /home/users/am1015/rl_runs/Walker2d-v4__ppo_cont_vanilla_final__1__1771811167/ppo_cont_vanilla_final.cleanrl_model.norm_stats.npz
eval_episode=0, episodic_return=3314.1846630725568
eval_episode=1, episodic_return=2865.3949848368165
eval_episode=2, episodic_return=5501.214536289986
eval_episode=3, episodic_return=1193.4321053440892
eval_episode=4, episodic_return=3133.1208904762607
eval_episode=5, episodic_return=3515.1879862631235
eval_episode=6, episodic_return=2364.875019210444
eval_episode=7, episodic_return=1837.062057229456
eval_episode=8, episodic_return=1391.5699323253543
eval_episode=9, episodic_return=4175.049804533368
eval_episode=10, episodic_return=2267.640350769171
eval_episode=11, episodic_return=5831.536623978694
eval_episode=12, episodic_return=2222.05644463878
eval_episode=13, episodic_return=1821.2548519588472
eval_episode=14, episodic_return=2433.8242123678
eval_episode=15, episodic_return=3166.0067474482767
eval_episode=16, episodic_return=294.98795488625876
eval_episode=17, episodic_return=3351.8125712438577
eval_episode=18, episodic_return=3524.770876995437
eval_episode=19, episodic_return=961.842391718157
eval_episode=20, episodic_return=3060.6648998960736
eval_episode=21, episodic_return=6791.405692708309
eval_episode=22, episodic_return=6297.483944732002
eval_episode=23, episodic_return=3162.311035421467
eval_episode=24, episodic_return=4757.106732490724
eval_episode=25, episodic_return=2725.2681597663154
eval_episode=26, episodic_return=1392.597716340161
eval_episode=27, episodic_return=3008.5890637068796
eval_episode=28, episodic_return=1316.7321497527175
eval_episode=29, episodic_return=3296.888677902736
eval_episode=30, episodic_return=4299.370922400616
eval_episode=31, episodic_return=3762.516509813846
eval_episode=32, episodic_return=1282.1840610729832
eval_episode=33, episodic_return=3349.178137291947
eval_episode=34, episodic_return=5737.295410932398
eval_episode=35, episodic_return=2229.2675453907636
eval_episode=36, episodic_return=2364.00239860987
eval_episode=37, episodic_return=2474.3593063704043
eval_episode=38, episodic_return=1674.7018452842624
eval_episode=39, episodic_return=10355.32870814108
eval_episode=40, episodic_return=1834.7595736306923
eval_episode=41, episodic_return=2751.827839754959
eval_episode=42, episodic_return=2138.096064701518
eval_episode=43, episodic_return=944.170652190197
eval_episode=44, episodic_return=4698.344429091102
eval_episode=45, episodic_return=2374.9842940395515
eval_episode=46, episodic_return=2725.5373180528527
eval_episode=47, episodic_return=1040.7149784752814
eval_episode=48, episodic_return=1103.6525985430387
eval_episode=49, episodic_return=2338.2565093303574
eval_episode=50, episodic_return=4692.497640002294
eval_episode=51, episodic_return=1842.3969532850792
eval_episode=52, episodic_return=3608.7173717685073
eval_episode=53, episodic_return=1475.6746221898218
eval_episode=54, episodic_return=1052.9154417404377
eval_episode=55, episodic_return=2389.8629136840673
eval_episode=56, episodic_return=2354.7993859857215
eval_episode=57, episodic_return=2517.112554226629
eval_episode=58, episodic_return=1021.0203219707263
eval_episode=59, episodic_return=1354.7967876549947
eval_episode=60, episodic_return=2828.858394681866
eval_episode=61, episodic_return=2303.1178511636767
eval_episode=62, episodic_return=2639.7132370222207
eval_episode=63, episodic_return=2652.839345200302
eval_episode=64, episodic_return=3660.4476812979187
eval_episode=65, episodic_return=1295.9393581138104
eval_episode=66, episodic_return=2839.030946770953
eval_episode=67, episodic_return=2544.528916829361
eval_episode=68, episodic_return=1621.76337047149
eval_episode=69, episodic_return=2157.1340227437527
eval_episode=70, episodic_return=6799.359917903446
eval_episode=71, episodic_return=3195.8785927193594
eval_episode=72, episodic_return=2257.9559356618915
eval_episode=73, episodic_return=2310.8728821657983
eval_episode=74, episodic_return=2275.0730820446747
eval_episode=75, episodic_return=1622.7115249195301
eval_episode=76, episodic_return=1772.5890909257068
eval_episode=77, episodic_return=5099.692107882322
eval_episode=78, episodic_return=3022.82711993452
eval_episode=79, episodic_return=1144.6904074594688
eval_episode=80, episodic_return=1472.9283131422114
eval_episode=81, episodic_return=1951.0570220091165
eval_episode=82, episodic_return=1122.325961030338
eval_episode=83, episodic_return=614.8334556949499
eval_episode=84, episodic_return=2021.0425876966767
eval_episode=85, episodic_return=1373.3163815746725
eval_episode=86, episodic_return=4072.9804195265565
eval_episode=87, episodic_return=1917.1316093201492
eval_episode=88, episodic_return=1895.503935283029
eval_episode=89, episodic_return=1882.3606560188296
eval_episode=90, episodic_return=1101.2122815988916
eval_episode=91, episodic_return=1788.2194600561825
eval_episode=92, episodic_return=1110.2883764598291
eval_episode=93, episodic_return=2319.843401911162
eval_episode=94, episodic_return=1772.6630826330766
eval_episode=95, episodic_return=1355.972219944447
eval_episode=96, episodic_return=3923.1506479409445
eval_episode=97, episodic_return=1701.8752745011238
eval_episode=98, episodic_return=3882.246889152467
eval_episode=99, episodic_return=2791.773119856277
mean_return=2668.7997
std_return=1554.5612
median_return=2346.5279
iqm_return=2378.3985
min_return=294.9880
max_return=10355.3287
metrics appended to /home/users/am1015/cleanrl/sweeps/metrics/seed_1.csv
wandb: [wandb.login()] Loaded credentials for https://api.wandb.ai from /home/users/am1015/.netrc.
wandb: Currently logged in as: arjun-mahesh (arjun-mahesh-duke-university) to https://api.wandb.ai. Use `wandb login --relogin` to force relogin
wandb: setting up run gksja03d
wandb: Tracking run with wandb version 0.25.0
wandb: Run data is saved locally in /home/users/am1015/cleanrl/wandb/run-20260222_212014-gksja03d
wandb: Run `wandb offline` to turn off syncing.
wandb: Syncing run s1_tv_friction_1p1
wandb: ⭐️ View project at https://wandb.ai/arjun-mahesh-duke-university/cleanrl
wandb: 🚀 View run at https://wandb.ai/arjun-mahesh-duke-university/cleanrl/runs/gksja03d
/home/users/am1015/cleanrl/.venv/lib/python3.11/site-packages/gymnasium/envs/registration.py:512: DeprecationWarning: [33mWARN: The environment Walker2d-v4 is out of date. You should consider upgrading to version `v5`.[0m
  logger.deprecation(
/home/users/am1015/cleanrl/evaluate_ppo_robust.py:162: FutureWarning: You are using `torch.load` with `weights_only=False` (the current default value), which uses the default pickle module implicitly. It is possible to construct malicious pickle data which will execute arbitrary code during unpickling (See https://github.com/pytorch/pytorch/blob/main/SECURITY.md#untrusted-models for more details). In a future release, the default value for `weights_only` will be flipped to `True`. This limits the functions that could be executed during unpickling. Arbitrary objects will no longer be allowed to be loaded via this mode unless they are explicitly allowlisted by the user via `torch.serialization.add_safe_globals`. We recommend you start setting `weights_only=True` for any use case where you don't have full control of the loaded file. Please open an issue on GitHub for any issues related to this experimental feature.
  agent.load_state_dict(torch.load(args.model_path, map_location=device))
wandb: updating run metadata
wandb: uploading output.log; uploading wandb-summary.json; uploading config.yaml
wandb: 
wandb: Run history:
wandb:         eval/episode ▁▁▁▁▁▁▂▂▂▂▃▃▃▃▃▄▄▄▄▄▄▅▅▅▅▅▆▆▆▆▆▇▇▇▇▇▇▇██
wandb: eval/episodic_return ▂▃▃▂▂▃▂▂▂▄▂▄▂▁▁▂▁█▃▂▁▂▁▂▃▂▁▁▁▄▄▁▃▂▁▂▃▂▃▄
wandb:   eval/eval_episodes ▁
wandb:      eval/iqm_return ▁
wandb:    eval/is_perturbed ▁
wandb:      eval/max_return ▁
wandb:     eval/mean_return ▁
wandb:   eval/median_return ▁
wandb:      eval/min_return ▁
wandb:      eval/std_return ▁
wandb: 
wandb: Run summary:
wandb:         eval/episode 99
wandb: eval/episodic_return 1906.50084
wandb:   eval/eval_episodes 100
wandb:      eval/iqm_return 2202.82278
wandb:    eval/is_perturbed 1
wandb:      eval/max_return 8255.41846
wandb:     eval/mean_return 2440.32926
wandb:   eval/median_return 2097.36643
wandb:      eval/min_return 961.85281
wandb:      eval/std_return 1227.0391
wandb: 
wandb: 🚀 View run s1_tv_friction_1p1 at: https://wandb.ai/arjun-mahesh-duke-university/cleanrl/runs/gksja03d
wandb: ⭐️ View project at: https://wandb.ai/arjun-mahesh-duke-university/cleanrl
wandb: Synced 5 W&B file(s), 0 media file(s), 0 artifact file(s) and 0 other file(s)
wandb: Find logs at: ./wandb/run-20260222_212014-gksja03d/logs
loaded normalization stats from /home/users/am1015/rl_runs/Walker2d-v4__ppo_cont_tv_final_cap3500__1__1771811496/ppo_cont_tv_final_cap3500.cleanrl_model.norm_stats.npz
eval_episode=0, episodic_return=1354.8345831192905
eval_episode=1, episodic_return=1873.0332423997525
eval_episode=2, episodic_return=3339.8771031415195
eval_episode=3, episodic_return=3430.4178303778403
eval_episode=4, episodic_return=4459.089084506423
eval_episode=5, episodic_return=1015.7293828490618
eval_episode=6, episodic_return=3242.3052635888926
eval_episode=7, episodic_return=1749.3971487376427
eval_episode=8, episodic_return=3054.8863595322177
eval_episode=9, episodic_return=2342.094264993604
eval_episode=10, episodic_return=4007.957778299388
eval_episode=11, episodic_return=1633.0482763370314
eval_episode=12, episodic_return=2837.0757072796846
eval_episode=13, episodic_return=4596.3380540760245
eval_episode=14, episodic_return=3746.062851139785
eval_episode=15, episodic_return=2981.0506673153213
eval_episode=16, episodic_return=2089.176651897841
eval_episode=17, episodic_return=2199.0870670230415
eval_episode=18, episodic_return=1981.1075478971165
eval_episode=19, episodic_return=1934.4200347745525
eval_episode=20, episodic_return=2028.5213166359915
eval_episode=21, episodic_return=3608.8932316494147
eval_episode=22, episodic_return=2644.1019102052705
eval_episode=23, episodic_return=1998.1524218724387
eval_episode=24, episodic_return=2463.568430622234
eval_episode=25, episodic_return=4566.219618286329
eval_episode=26, episodic_return=3907.9653869658214
eval_episode=27, episodic_return=1741.4842670579617
eval_episode=28, episodic_return=3412.496447835132
eval_episode=29, episodic_return=1296.5234103371922
eval_episode=30, episodic_return=2126.9849254339156
eval_episode=31, episodic_return=1649.8899564884575
eval_episode=32, episodic_return=966.5132194665389
eval_episode=33, episodic_return=3773.6248410841395
eval_episode=34, episodic_return=2105.556215634448
eval_episode=35, episodic_return=1272.2831286483733
eval_episode=36, episodic_return=1200.9485443029578
eval_episode=37, episodic_return=4938.113591060245
eval_episode=38, episodic_return=2169.7947992267523
eval_episode=39, episodic_return=2925.5855219747623
eval_episode=40, episodic_return=3689.12591710511
eval_episode=41, episodic_return=1762.0705534982278
eval_episode=42, episodic_return=1954.341577285845
eval_episode=43, episodic_return=2500.305002514602
eval_episode=44, episodic_return=1529.1440595580511
eval_episode=45, episodic_return=1267.387035713597
eval_episode=46, episodic_return=1523.9754949161227
eval_episode=47, episodic_return=2737.135821473107
eval_episode=48, episodic_return=8255.418461287478
eval_episode=49, episodic_return=3100.5474857525573
eval_episode=50, episodic_return=3146.049410723027
eval_episode=51, episodic_return=1587.701289247666
eval_episode=52, episodic_return=2772.6279376885514
eval_episode=53, episodic_return=1218.157121987655
eval_episode=54, episodic_return=2473.1458678847703
eval_episode=55, episodic_return=1955.050913887984
eval_episode=56, episodic_return=1132.5230857802046
eval_episode=57, episodic_return=1596.369606324862
eval_episode=58, episodic_return=1430.7336520008673
eval_episode=59, episodic_return=961.8528118792207
eval_episode=60, episodic_return=1019.6137635730736
eval_episode=61, episodic_return=2415.3481388148366
eval_episode=62, episodic_return=3060.0138229162126
eval_episode=63, episodic_return=4381.736978146442
eval_episode=64, episodic_return=2893.685865184697
eval_episode=65, episodic_return=1216.3677706549904
eval_episode=66, episodic_return=5278.903434996535
eval_episode=67, episodic_return=1878.4411436626408
eval_episode=68, episodic_return=1322.6691861106156
eval_episode=69, episodic_return=1081.4825033921875
eval_episode=70, episodic_return=1612.773928222723
eval_episode=71, episodic_return=1291.5777380011273
eval_episode=72, episodic_return=3676.3678951787356
eval_episode=73, episodic_return=2588.091759656061
eval_episode=74, episodic_return=3693.2994250621346
eval_episode=75, episodic_return=1405.1844847650254
eval_episode=76, episodic_return=1105.805549866421
eval_episode=77, episodic_return=2508.731637894968
eval_episode=78, episodic_return=1604.1777642510651
eval_episode=79, episodic_return=1667.9731881292971
eval_episode=80, episodic_return=1957.3180211188862
eval_episode=81, episodic_return=3334.8109815579537
eval_episode=82, episodic_return=2249.5198850147685
eval_episode=83, episodic_return=1357.553414713629
eval_episode=84, episodic_return=1053.8860980948418
eval_episode=85, episodic_return=5153.139538923488
eval_episode=86, episodic_return=1252.378068036975
eval_episode=87, episodic_return=1454.1220569365119
eval_episode=88, episodic_return=2754.511951919634
eval_episode=89, episodic_return=4263.451020075391
eval_episode=90, episodic_return=1513.6161324979992
eval_episode=91, episodic_return=1633.5711860659756
eval_episode=92, episodic_return=2591.507830913039
eval_episode=93, episodic_return=2052.919812005909
eval_episode=94, episodic_return=2745.619670643468
eval_episode=95, episodic_return=3250.3366050981326
eval_episode=96, episodic_return=4002.3755299775303
eval_episode=97, episodic_return=1251.987881115154
eval_episode=98, episodic_return=1293.6799055406452
eval_episode=99, episodic_return=1906.5008409351158
mean_return=2440.3293
std_return=1227.0391
median_return=2097.3664
iqm_return=2202.8228
min_return=961.8528
max_return=8255.4185
metrics appended to /home/users/am1015/cleanrl/sweeps/metrics/seed_1.csv
wandb: [wandb.login()] Loaded credentials for https://api.wandb.ai from /home/users/am1015/.netrc.
wandb: Currently logged in as: arjun-mahesh (arjun-mahesh-duke-university) to https://api.wandb.ai. Use `wandb login --relogin` to force relogin
wandb: setting up run t5rfsh4n
wandb: Tracking run with wandb version 0.25.0
wandb: Run data is saved locally in /home/users/am1015/cleanrl/wandb/run-20260222_212108-t5rfsh4n
wandb: Run `wandb offline` to turn off syncing.
wandb: Syncing run s1_vanilla_friction_1p2
wandb: ⭐️ View project at https://wandb.ai/arjun-mahesh-duke-university/cleanrl
wandb: 🚀 View run at https://wandb.ai/arjun-mahesh-duke-university/cleanrl/runs/t5rfsh4n
/home/users/am1015/cleanrl/.venv/lib/python3.11/site-packages/gymnasium/envs/registration.py:512: DeprecationWarning: [33mWARN: The environment Walker2d-v4 is out of date. You should consider upgrading to version `v5`.[0m
  logger.deprecation(
/home/users/am1015/cleanrl/evaluate_ppo_robust.py:162: FutureWarning: You are using `torch.load` with `weights_only=False` (the current default value), which uses the default pickle module implicitly. It is possible to construct malicious pickle data which will execute arbitrary code during unpickling (See https://github.com/pytorch/pytorch/blob/main/SECURITY.md#untrusted-models for more details). In a future release, the default value for `weights_only` will be flipped to `True`. This limits the functions that could be executed during unpickling. Arbitrary objects will no longer be allowed to be loaded via this mode unless they are explicitly allowlisted by the user via `torch.serialization.add_safe_globals`. We recommend you start setting `weights_only=True` for any use case where you don't have full control of the loaded file. Please open an issue on GitHub for any issues related to this experimental feature.
  agent.load_state_dict(torch.load(args.model_path, map_location=device))
wandb: updating run metadata
wandb: uploading history steps 0-100, summary, console lines 71-110
wandb: 
wandb: Run history:
wandb:         eval/episode ▁▁▂▂▂▂▂▂▂▃▃▃▃▃▄▄▄▄▄▄▅▅▅▅▅▆▆▆▆▆▇▇▇▇▇█████
wandb: eval/episodic_return ▁▂▂▃▂▁▂▄▁▁▃█▃▂▃▂▃▃▂▂▂▂▂▃▂▁▁▄▁▁▃▂▁▂▂▂▂▂▂▂
wandb:   eval/eval_episodes ▁
wandb:      eval/iqm_return ▁
wandb:    eval/is_perturbed ▁
wandb:      eval/max_return ▁
wandb:     eval/mean_return ▁
wandb:   eval/median_return ▁
wandb:      eval/min_return ▁
wandb:      eval/std_return ▁
wandb: 
wandb: Run summary:
wandb:         eval/episode 99
wandb: eval/episodic_return 1603.21222
wandb:   eval/eval_episodes 100
wandb:      eval/iqm_return 1803.71754
wandb:    eval/is_perturbed 1
wandb:      eval/max_return 6964.67122
wandb:     eval/mean_return 2062.94012
wandb:   eval/median_return 1808.04399
wandb:      eval/min_return 925.1227
wandb:      eval/std_return 1021.58833
wandb: 
wandb: 🚀 View run s1_vanilla_friction_1p2 at: https://wandb.ai/arjun-mahesh-duke-university/cleanrl/runs/t5rfsh4n
wandb: ⭐️ View project at: https://wandb.ai/arjun-mahesh-duke-university/cleanrl
wandb: Synced 5 W&B file(s), 0 media file(s), 0 artifact file(s) and 0 other file(s)
wandb: Find logs at: ./wandb/run-20260222_212108-t5rfsh4n/logs
loaded normalization stats from /home/users/am1015/rl_runs/Walker2d-v4__ppo_cont_vanilla_final__1__1771811167/ppo_cont_vanilla_final.cleanrl_model.norm_stats.npz
eval_episode=0, episodic_return=4302.904001906191
eval_episode=1, episodic_return=1082.7841081177498
eval_episode=2, episodic_return=3591.1126826683426
eval_episode=3, episodic_return=1675.2339022157564
eval_episode=4, episodic_return=2053.4288503589482
eval_episode=5, episodic_return=1083.4011018757415
eval_episode=6, episodic_return=1595.7865212892289
eval_episode=7, episodic_return=5307.895932976552
eval_episode=8, episodic_return=2351.8362034955776
eval_episode=9, episodic_return=1570.349694676245
eval_episode=10, episodic_return=1610.6856129875027
eval_episode=11, episodic_return=2115.853560034982
eval_episode=12, episodic_return=1194.3984621609095
eval_episode=13, episodic_return=1404.6496169352736
eval_episode=14, episodic_return=2803.127510776171
eval_episode=15, episodic_return=1711.4663672194927
eval_episode=16, episodic_return=2481.6392086047854
eval_episode=17, episodic_return=1995.9969662490935
eval_episode=18, episodic_return=1318.1231627967422
eval_episode=19, episodic_return=1994.5538109865163
eval_episode=20, episodic_return=4008.0512124061056
eval_episode=21, episodic_return=1566.9332627132362
eval_episode=22, episodic_return=1274.7532946031909
eval_episode=23, episodic_return=1211.065701495848
eval_episode=24, episodic_return=3359.4333114105398
eval_episode=25, episodic_return=2576.0458531291656
eval_episode=26, episodic_return=6964.671218470271
eval_episode=27, episodic_return=1750.164943461342
eval_episode=28, episodic_return=5502.147049877798
eval_episode=29, episodic_return=2451.10484062505
eval_episode=30, episodic_return=1830.3731851664602
eval_episode=31, episodic_return=2258.6572977850747
eval_episode=32, episodic_return=2947.017952106759
eval_episode=33, episodic_return=1057.8056748724084
eval_episode=34, episodic_return=2027.7209123170164
eval_episode=35, episodic_return=1923.8569269563372
eval_episode=36, episodic_return=2189.0697302398594
eval_episode=37, episodic_return=3229.1638962360694
eval_episode=38, episodic_return=1812.6790040617248
eval_episode=39, episodic_return=1803.4089830293108
eval_episode=40, episodic_return=3097.601996578539
eval_episode=41, episodic_return=1325.6069838903904
eval_episode=42, episodic_return=1820.122223729449
eval_episode=43, episodic_return=3039.1212644510765
eval_episode=44, episodic_return=1531.9386458523725
eval_episode=45, episodic_return=1798.9128645213298
eval_episode=46, episodic_return=1728.9289578951737
eval_episode=47, episodic_return=1346.2471970484626
eval_episode=48, episodic_return=1112.0576630584585
eval_episode=49, episodic_return=2299.820415618564
eval_episode=50, episodic_return=1605.2244553306386
eval_episode=51, episodic_return=2936.4664044878723
eval_episode=52, episodic_return=2239.349877026288
eval_episode=53, episodic_return=1851.134365030081
eval_episode=54, episodic_return=2845.3292894123306
eval_episode=55, episodic_return=2745.4412439374582
eval_episode=56, episodic_return=2171.144626188315
eval_episode=57, episodic_return=1462.0644628496361
eval_episode=58, episodic_return=1357.2314719332376
eval_episode=59, episodic_return=1828.73488870218
eval_episode=60, episodic_return=1812.9824577534143
eval_episode=61, episodic_return=3013.39768623528
eval_episode=62, episodic_return=2228.7687155129006
eval_episode=63, episodic_return=1551.9074020970584
eval_episode=64, episodic_return=1141.123616321022
eval_episode=65, episodic_return=1142.0493368941916
eval_episode=66, episodic_return=1189.8052512618738
eval_episode=67, episodic_return=4067.8149135051044
eval_episode=68, episodic_return=1286.0737164367802
eval_episode=69, episodic_return=1126.9424948957758
eval_episode=70, episodic_return=3283.970528859901
eval_episode=71, episodic_return=925.1227028545961
eval_episode=72, episodic_return=1148.7577014604044
eval_episode=73, episodic_return=1360.0335055721557
eval_episode=74, episodic_return=1266.8627755438724
eval_episode=75, episodic_return=1156.583801683549
eval_episode=76, episodic_return=3660.3599472101787
eval_episode=77, episodic_return=1259.9646728567266
eval_episode=78, episodic_return=3154.8841672479116
eval_episode=79, episodic_return=1730.7059572998892
eval_episode=80, episodic_return=1509.9110416836397
eval_episode=81, episodic_return=2008.8107439653616
eval_episode=82, episodic_return=1148.9624756459384
eval_episode=83, episodic_return=1915.1687395007905
eval_episode=84, episodic_return=2773.196511822743
eval_episode=85, episodic_return=1655.8987768501413
eval_episode=86, episodic_return=1843.360949376572
eval_episode=87, episodic_return=1101.084406447592
eval_episode=88, episodic_return=1190.7013504385627
eval_episode=89, episodic_return=2272.08909371721
eval_episode=90, episodic_return=1485.8833511950738
eval_episode=91, episodic_return=1494.8972033923073
eval_episode=92, episodic_return=1980.6078155908951
eval_episode=93, episodic_return=1579.4942970272086
eval_episode=94, episodic_return=2072.866869513964
eval_episode=95, episodic_return=1931.8819762240503
eval_episode=96, episodic_return=1376.8215847101271
eval_episode=97, episodic_return=1166.8909067627694
eval_episode=98, episodic_return=1542.3294708115914
eval_episode=99, episodic_return=1603.212217870154
mean_return=2062.9401
std_return=1021.5883
median_return=1808.0440
iqm_return=1803.7175
min_return=925.1227
max_return=6964.6712
metrics appended to /home/users/am1015/cleanrl/sweeps/metrics/seed_1.csv
wandb: [wandb.login()] Loaded credentials for https://api.wandb.ai from /home/users/am1015/.netrc.
wandb: Currently logged in as: arjun-mahesh (arjun-mahesh-duke-university) to https://api.wandb.ai. Use `wandb login --relogin` to force relogin
wandb: Tracking run with wandb version 0.25.0
wandb: Run data is saved locally in /home/users/am1015/cleanrl/wandb/run-20260222_212155-2gmek6x8
wandb: Run `wandb offline` to turn off syncing.
wandb: Syncing run s1_tv_friction_1p2
wandb: ⭐️ View project at https://wandb.ai/arjun-mahesh-duke-university/cleanrl
wandb: 🚀 View run at https://wandb.ai/arjun-mahesh-duke-university/cleanrl/runs/2gmek6x8
/home/users/am1015/cleanrl/.venv/lib/python3.11/site-packages/gymnasium/envs/registration.py:512: DeprecationWarning: [33mWARN: The environment Walker2d-v4 is out of date. You should consider upgrading to version `v5`.[0m
  logger.deprecation(
/home/users/am1015/cleanrl/evaluate_ppo_robust.py:162: FutureWarning: You are using `torch.load` with `weights_only=False` (the current default value), which uses the default pickle module implicitly. It is possible to construct malicious pickle data which will execute arbitrary code during unpickling (See https://github.com/pytorch/pytorch/blob/main/SECURITY.md#untrusted-models for more details). In a future release, the default value for `weights_only` will be flipped to `True`. This limits the functions that could be executed during unpickling. Arbitrary objects will no longer be allowed to be loaded via this mode unless they are explicitly allowlisted by the user via `torch.serialization.add_safe_globals`. We recommend you start setting `weights_only=True` for any use case where you don't have full control of the loaded file. Please open an issue on GitHub for any issues related to this experimental feature.
  agent.load_state_dict(torch.load(args.model_path, map_location=device))
wandb: updating run metadata
wandb: uploading wandb-summary.json; uploading config.yaml; uploading output.log
wandb: 
wandb: Run history:
wandb:         eval/episode ▁▁▁▂▂▂▂▂▂▃▃▃▃▃▃▃▄▄▄▄▄▄▄▄▅▅▅▅▆▆▇▇▇▇▇▇▇▇▇█
wandb: eval/episodic_return ▄▃▄▃█▁▃▃▅▂▃▄▄▃▂▂▄▃▂▃▇▅▃▄▄▅▄▄▂▃▆▂▃▃▄▂▅▃▅▄
wandb:   eval/eval_episodes ▁
wandb:      eval/iqm_return ▁
wandb:    eval/is_perturbed ▁
wandb:      eval/max_return ▁
wandb:     eval/mean_return ▁
wandb:   eval/median_return ▁
wandb:      eval/min_return ▁
wandb:      eval/std_return ▁
wandb: 
wandb: Run summary:
wandb:         eval/episode 99
wandb: eval/episodic_return 2661.02198
wandb:   eval/eval_episodes 100
wandb:      eval/iqm_return 1990.83538
wandb:    eval/is_perturbed 1
wandb:      eval/max_return 5706.39052
wandb:     eval/mean_return 2187.72279
wandb:   eval/median_return 1948.7496
wandb:      eval/min_return 333.5207
wandb:      eval/std_return 1043.7928
wandb: 
wandb: 🚀 View run s1_tv_friction_1p2 at: https://wandb.ai/arjun-mahesh-duke-university/cleanrl/runs/2gmek6x8
wandb: ⭐️ View project at: https://wandb.ai/arjun-mahesh-duke-university/cleanrl
wandb: Synced 5 W&B file(s), 0 media file(s), 0 artifact file(s) and 0 other file(s)
wandb: Find logs at: ./wandb/run-20260222_212155-2gmek6x8/logs
loaded normalization stats from /home/users/am1015/rl_runs/Walker2d-v4__ppo_cont_tv_final_cap3500__1__1771811496/ppo_cont_tv_final_cap3500.cleanrl_model.norm_stats.npz
eval_episode=0, episodic_return=2153.6474596535304
eval_episode=1, episodic_return=1287.1057979714813
eval_episode=2, episodic_return=1569.0887817102393
eval_episode=3, episodic_return=2261.852274220468
eval_episode=4, episodic_return=2598.185311914847
eval_episode=5, episodic_return=2205.6478852943887
eval_episode=6, episodic_return=1489.5031664762732
eval_episode=7, episodic_return=5314.399211689667
eval_episode=8, episodic_return=4204.222224149428
eval_episode=9, episodic_return=2039.9892397612969
eval_episode=10, episodic_return=1308.774194996288
eval_episode=11, episodic_return=333.52070293493506
eval_episode=12, episodic_return=1835.4213556972454
eval_episode=13, episodic_return=1467.9498696609633
eval_episode=14, episodic_return=1259.9579560056345
eval_episode=15, episodic_return=2537.1188072673585
eval_episode=16, episodic_return=1898.5799140110578
eval_episode=17, episodic_return=5706.390517902759
eval_episode=18, episodic_return=3432.722562042554
eval_episode=19, episodic_return=1909.1208784275254
eval_episode=20, episodic_return=1869.8734544050105
eval_episode=21, episodic_return=2898.3711608543067
eval_episode=22, episodic_return=1074.4213151369552
eval_episode=23, episodic_return=1289.883741022439
eval_episode=24, episodic_return=5108.3281919931205
eval_episode=25, episodic_return=2014.1388006333966
eval_episode=26, episodic_return=2130.8432433861026
eval_episode=27, episodic_return=2599.0448577975203
eval_episode=28, episodic_return=1643.4843285195436
eval_episode=29, episodic_return=1190.5310712571275
eval_episode=30, episodic_return=3841.188961063238
eval_episode=31, episodic_return=1761.5106948270447
eval_episode=32, episodic_return=1273.5972607279662
eval_episode=33, episodic_return=2234.2106733233654
eval_episode=34, episodic_return=1645.1471526572202
eval_episode=35, episodic_return=1036.113546276164
eval_episode=36, episodic_return=4830.153495825536
eval_episode=37, episodic_return=3166.5951744754157
eval_episode=38, episodic_return=1843.8610054497506
eval_episode=39, episodic_return=2553.8412471045267
eval_episode=40, episodic_return=2463.9168952356517
eval_episode=41, episodic_return=2818.535297907249
eval_episode=42, episodic_return=1628.862198334462
eval_episode=43, episodic_return=1143.4829985928334
eval_episode=44, episodic_return=2709.5573665110655
eval_episode=45, episodic_return=2099.4459898058
eval_episode=46, episodic_return=1316.049849978994
eval_episode=47, episodic_return=1990.3873378333733
eval_episode=48, episodic_return=1846.6238570050832
eval_episode=49, episodic_return=2723.432213034484
eval_episode=50, episodic_return=5258.448727772385
eval_episode=51, episodic_return=4546.368762179418
eval_episode=52, episodic_return=2829.3817633330837
eval_episode=53, episodic_return=1260.8097907930771
eval_episode=54, episodic_return=1371.470619052269
eval_episode=55, episodic_return=1675.049619029198
eval_episode=56, episodic_return=1681.579558042847
eval_episode=57, episodic_return=2695.8675668127353
eval_episode=58, episodic_return=1682.5749282801744
eval_episode=59, episodic_return=2796.878816348343
eval_episode=60, episodic_return=2574.1589599742706
eval_episode=61, episodic_return=1110.7975725701754
eval_episode=62, episodic_return=3083.6246215052665
eval_episode=63, episodic_return=2248.2487513774017
eval_episode=64, episodic_return=2108.548326725347
eval_episode=65, episodic_return=1094.3650061843487
eval_episode=66, episodic_return=1221.2959997515413
eval_episode=67, episodic_return=2849.2731485151066
eval_episode=68, episodic_return=1275.5366768474328
eval_episode=69, episodic_return=2117.958324419548
eval_episode=70, episodic_return=2611.8667945221414
eval_episode=71, episodic_return=1701.7815235854766
eval_episode=72, episodic_return=2334.277461735225
eval_episode=73, episodic_return=1277.1811236578776
eval_episode=74, episodic_return=1728.3981621654866
eval_episode=75, episodic_return=3035.4286741402084
eval_episode=76, episodic_return=2858.8560621437055
eval_episode=77, episodic_return=1174.7860497021718
eval_episode=78, episodic_return=3715.8770946035534
eval_episode=79, episodic_return=1639.4042074031672
eval_episode=80, episodic_return=3671.4829788654074
eval_episode=81, episodic_return=1169.2332837140425
eval_episode=82, episodic_return=1092.143462476853
eval_episode=83, episodic_return=1433.9943728742767
eval_episode=84, episodic_return=1640.807500328891
eval_episode=85, episodic_return=1767.9778951160147
eval_episode=86, episodic_return=1310.005391854544
eval_episode=87, episodic_return=1322.3705567531722
eval_episode=88, episodic_return=1844.4499028017829
eval_episode=89, episodic_return=1988.3783301778508
eval_episode=90, episodic_return=2437.120580056607
eval_episode=91, episodic_return=1229.4506000455413
eval_episode=92, episodic_return=1037.1134031557335
eval_episode=93, episodic_return=1050.0949086549601
eval_episode=94, episodic_return=2907.0796368524207
eval_episode=95, episodic_return=2076.680718850537
eval_episode=96, episodic_return=3089.423757614753
eval_episode=97, episodic_return=2055.5300631528444
eval_episode=98, episodic_return=1869.1936434478125
eval_episode=99, episodic_return=2661.021975639818
mean_return=2187.7228
std_return=1043.7928
median_return=1948.7496
iqm_return=1990.8354
min_return=333.5207
max_return=5706.3905
metrics appended to /home/users/am1015/cleanrl/sweeps/metrics/seed_1.csv
wandb: [wandb.login()] Loaded credentials for https://api.wandb.ai from /home/users/am1015/.netrc.
wandb: Currently logged in as: arjun-mahesh (arjun-mahesh-duke-university) to https://api.wandb.ai. Use `wandb login --relogin` to force relogin
wandb: setting up run 7wnaprky
wandb: Tracking run with wandb version 0.25.0
wandb: Run data is saved locally in /home/users/am1015/cleanrl/wandb/run-20260222_212244-7wnaprky
wandb: Run `wandb offline` to turn off syncing.
wandb: Syncing run s1_vanilla_friction_1p3
wandb: ⭐️ View project at https://wandb.ai/arjun-mahesh-duke-university/cleanrl
wandb: 🚀 View run at https://wandb.ai/arjun-mahesh-duke-university/cleanrl/runs/7wnaprky
/home/users/am1015/cleanrl/.venv/lib/python3.11/site-packages/gymnasium/envs/registration.py:512: DeprecationWarning: [33mWARN: The environment Walker2d-v4 is out of date. You should consider upgrading to version `v5`.[0m
  logger.deprecation(
/home/users/am1015/cleanrl/evaluate_ppo_robust.py:162: FutureWarning: You are using `torch.load` with `weights_only=False` (the current default value), which uses the default pickle module implicitly. It is possible to construct malicious pickle data which will execute arbitrary code during unpickling (See https://github.com/pytorch/pytorch/blob/main/SECURITY.md#untrusted-models for more details). In a future release, the default value for `weights_only` will be flipped to `True`. This limits the functions that could be executed during unpickling. Arbitrary objects will no longer be allowed to be loaded via this mode unless they are explicitly allowlisted by the user via `torch.serialization.add_safe_globals`. We recommend you start setting `weights_only=True` for any use case where you don't have full control of the loaded file. Please open an issue on GitHub for any issues related to this experimental feature.
  agent.load_state_dict(torch.load(args.model_path, map_location=device))
wandb: updating run metadata
wandb: uploading history steps 0-100, summary, console lines 84-110
wandb: 
wandb: Run history:
wandb:         eval/episode ▁▁▁▁▁▂▂▂▂▂▂▂▃▃▃▃▄▄▄▄▅▅▅▆▆▆▆▆▇▇▇▇▇▇▇█████
wandb: eval/episodic_return ▁▅▁█▂▁▂▁▁▁▁▁▁▃▁▄▆▄▁▁▁▃▃▁▃▃▁▁▂▄▄▂▃▆▄▁▄▁▆▂
wandb:   eval/eval_episodes ▁
wandb:      eval/iqm_return ▁
wandb:    eval/is_perturbed ▁
wandb:      eval/max_return ▁
wandb:     eval/mean_return ▁
wandb:   eval/median_return ▁
wandb:      eval/min_return ▁
wandb:      eval/std_return ▁
wandb: 
wandb: Run summary:
wandb:         eval/episode 99
wandb: eval/episodic_return 1676.32031
wandb:   eval/eval_episodes 100
wandb:      eval/iqm_return 1654.30784
wandb:    eval/is_perturbed 1
wandb:      eval/max_return 5385.85957
wandb:     eval/mean_return 1881.02415
wandb:   eval/median_return 1600.55011
wandb:      eval/min_return 869.90981
wandb:      eval/std_return 884.02031
wandb: 
wandb: 🚀 View run s1_vanilla_friction_1p3 at: https://wandb.ai/arjun-mahesh-duke-university/cleanrl/runs/7wnaprky
wandb: ⭐️ View project at: https://wandb.ai/arjun-mahesh-duke-university/cleanrl
wandb: Synced 5 W&B file(s), 0 media file(s), 0 artifact file(s) and 0 other file(s)
wandb: Find logs at: ./wandb/run-20260222_212244-7wnaprky/logs
loaded normalization stats from /home/users/am1015/rl_runs/Walker2d-v4__ppo_cont_vanilla_final__1__1771811167/ppo_cont_vanilla_final.cleanrl_model.norm_stats.npz
eval_episode=0, episodic_return=3751.745978135277
eval_episode=1, episodic_return=1181.3064829298492
eval_episode=2, episodic_return=1081.231877074898
eval_episode=3, episodic_return=1224.9866369435924
eval_episode=4, episodic_return=1180.473009195836
eval_episode=5, episodic_return=1153.2710877042214
eval_episode=6, episodic_return=3034.351702709058
eval_episode=7, episodic_return=1227.656203062438
eval_episode=8, episodic_return=1289.7284736063407
eval_episode=9, episodic_return=4154.634024686911
eval_episode=10, episodic_return=2147.36194920277
eval_episode=11, episodic_return=1095.8069945894201
eval_episode=12, episodic_return=1594.6924606446942
eval_episode=13, episodic_return=1069.0938336390757
eval_episode=14, episodic_return=1241.2683289815272
eval_episode=15, episodic_return=2324.8510243525852
eval_episode=16, episodic_return=1791.5915660886776
eval_episode=17, episodic_return=869.9098134778005
eval_episode=18, episodic_return=1715.9368828519137
eval_episode=19, episodic_return=1048.147108107138
eval_episode=20, episodic_return=1064.3711974297155
eval_episode=21, episodic_return=1298.2089816237055
eval_episode=22, episodic_return=2094.5959948794243
eval_episode=23, episodic_return=1257.9749673576666
eval_episode=24, episodic_return=1453.937839601803
eval_episode=25, episodic_return=3103.4467516227296
eval_episode=26, episodic_return=1315.5683771015542
eval_episode=27, episodic_return=1230.3377410510052
eval_episode=28, episodic_return=880.4958800801412
eval_episode=29, episodic_return=1500.6672029911329
eval_episode=30, episodic_return=1131.7271591738693
eval_episode=31, episodic_return=1109.2107463411044
eval_episode=32, episodic_return=1317.1852323267894
eval_episode=33, episodic_return=1686.9738972245177
eval_episode=34, episodic_return=2310.3711684542163
eval_episode=35, episodic_return=2903.7666579170295
eval_episode=36, episodic_return=1146.4281751563938
eval_episode=37, episodic_return=2040.1237882731168
eval_episode=38, episodic_return=1091.5811918765194
eval_episode=39, episodic_return=1924.0623580570189
eval_episode=40, episodic_return=2455.688081772304
eval_episode=41, episodic_return=3454.1323386810986
eval_episode=42, episodic_return=5385.8595669637325
eval_episode=43, episodic_return=4664.779343201238
eval_episode=44, episodic_return=2381.4505021623854
eval_episode=45, episodic_return=1686.0354805313168
eval_episode=46, episodic_return=1232.2207002889907
eval_episode=47, episodic_return=1100.682125682666
eval_episode=48, episodic_return=1538.4207121392124
eval_episode=49, episodic_return=1409.2364616838438
eval_episode=50, episodic_return=1229.6367875792841
eval_episode=51, episodic_return=2142.7419042795013
eval_episode=52, episodic_return=2729.7067178237103
eval_episode=53, episodic_return=2213.3492206530723
eval_episode=54, episodic_return=2122.787249115051
eval_episode=55, episodic_return=2273.3862210416173
eval_episode=56, episodic_return=1803.162403838057
eval_episode=57, episodic_return=1383.4758655962846
eval_episode=58, episodic_return=1137.6363583318787
eval_episode=59, episodic_return=1755.1448891314647
eval_episode=60, episodic_return=1040.8174546447956
eval_episode=61, episodic_return=2911.7660897717888
eval_episode=62, episodic_return=1128.7351078443257
eval_episode=63, episodic_return=1246.8902447489802
eval_episode=64, episodic_return=2567.3745105828666
eval_episode=65, episodic_return=2974.576465483272
eval_episode=66, episodic_return=1780.468974509144
eval_episode=67, episodic_return=1209.784085020744
eval_episode=68, episodic_return=1830.2763905666172
eval_episode=69, episodic_return=1165.9743725685685
eval_episode=70, episodic_return=1142.8562851501213
eval_episode=71, episodic_return=1326.0401094573174
eval_episode=72, episodic_return=1177.9499388986198
eval_episode=73, episodic_return=1762.3141175202056
eval_episode=74, episodic_return=2386.0814150355523
eval_episode=75, episodic_return=1580.6465275011356
eval_episode=76, episodic_return=1833.8649367827334
eval_episode=77, episodic_return=2425.2479337792693
eval_episode=78, episodic_return=1606.4077679645236
eval_episode=79, episodic_return=2391.7453342368062
eval_episode=80, episodic_return=2088.097387673766
eval_episode=81, episodic_return=2072.5292030975693
eval_episode=82, episodic_return=3081.7578878007266
eval_episode=83, episodic_return=3121.97244475866
eval_episode=84, episodic_return=2561.387899955794
eval_episode=85, episodic_return=1407.8618816767148
eval_episode=86, episodic_return=986.8892042636238
eval_episode=87, episodic_return=2318.0396885149257
eval_episode=88, episodic_return=3371.7435728783034
eval_episode=89, episodic_return=1355.0824201983758
eval_episode=90, episodic_return=1148.8985786659857
eval_episode=91, episodic_return=2537.450280441381
eval_episode=92, episodic_return=2385.4103973536094
eval_episode=93, episodic_return=4122.440205785785
eval_episode=94, episodic_return=1076.4031779064994
eval_episode=95, episodic_return=1173.9023183778882
eval_episode=96, episodic_return=3144.7075397748335
eval_episode=97, episodic_return=1526.660471790067
eval_episode=98, episodic_return=1316.4284032307048
eval_episode=99, episodic_return=1676.3203059453697
mean_return=1881.0242
std_return=884.0203
median_return=1600.5501
iqm_return=1654.3078
min_return=869.9098
max_return=5385.8596
metrics appended to /home/users/am1015/cleanrl/sweeps/metrics/seed_1.csv
wandb: [wandb.login()] Loaded credentials for https://api.wandb.ai from /home/users/am1015/.netrc.
wandb: Currently logged in as: arjun-mahesh (arjun-mahesh-duke-university) to https://api.wandb.ai. Use `wandb login --relogin` to force relogin
wandb: setting up run frcqoh9t
wandb: Tracking run with wandb version 0.25.0
wandb: Run data is saved locally in /home/users/am1015/cleanrl/wandb/run-20260222_212328-frcqoh9t
wandb: Run `wandb offline` to turn off syncing.
wandb: Syncing run s1_tv_friction_1p3
wandb: ⭐️ View project at https://wandb.ai/arjun-mahesh-duke-university/cleanrl
wandb: 🚀 View run at https://wandb.ai/arjun-mahesh-duke-university/cleanrl/runs/frcqoh9t
/home/users/am1015/cleanrl/.venv/lib/python3.11/site-packages/gymnasium/envs/registration.py:512: DeprecationWarning: [33mWARN: The environment Walker2d-v4 is out of date. You should consider upgrading to version `v5`.[0m
  logger.deprecation(
/home/users/am1015/cleanrl/evaluate_ppo_robust.py:162: FutureWarning: You are using `torch.load` with `weights_only=False` (the current default value), which uses the default pickle module implicitly. It is possible to construct malicious pickle data which will execute arbitrary code during unpickling (See https://github.com/pytorch/pytorch/blob/main/SECURITY.md#untrusted-models for more details). In a future release, the default value for `weights_only` will be flipped to `True`. This limits the functions that could be executed during unpickling. Arbitrary objects will no longer be allowed to be loaded via this mode unless they are explicitly allowlisted by the user via `torch.serialization.add_safe_globals`. We recommend you start setting `weights_only=True` for any use case where you don't have full control of the loaded file. Please open an issue on GitHub for any issues related to this experimental feature.
  agent.load_state_dict(torch.load(args.model_path, map_location=device))
wandb: updating run metadata
wandb: uploading history steps 0-100, summary, console lines 87-110
wandb: 
wandb: Run history:
wandb:         eval/episode ▁▁▁▂▂▂▂▂▂▂▂▂▃▃▃▄▄▄▄▄▅▅▅▅▅▆▆▆▆▆▆▇▇▇▇▇████
wandb: eval/episodic_return ▂▂▂▃▄▂▁▃▃▂▅█▃▂▆▂▁▂▄▁▅▂▆▂▂▁▅▂▇▂▁▃▅▂▂▆▁▅▅▄
wandb:   eval/eval_episodes ▁
wandb:      eval/iqm_return ▁
wandb:    eval/is_perturbed ▁
wandb:      eval/max_return ▁
wandb:     eval/mean_return ▁
wandb:   eval/median_return ▁
wandb:      eval/min_return ▁
wandb:      eval/std_return ▁
wandb: 
wandb: Run summary:
wandb:         eval/episode 99
wandb: eval/episodic_return 2224.84978
wandb:   eval/eval_episodes 100
wandb:      eval/iqm_return 1595.30414
wandb:    eval/is_perturbed 1
wandb:      eval/max_return 4214.03763
wandb:     eval/mean_return 1791.5612
wandb:   eval/median_return 1565.40959
wandb:      eval/min_return 833.00972
wandb:      eval/std_return 754.40491
wandb: 
wandb: 🚀 View run s1_tv_friction_1p3 at: https://wandb.ai/arjun-mahesh-duke-university/cleanrl/runs/frcqoh9t
wandb: ⭐️ View project at: https://wandb.ai/arjun-mahesh-duke-university/cleanrl
wandb: Synced 5 W&B file(s), 0 media file(s), 0 artifact file(s) and 0 other file(s)
wandb: Find logs at: ./wandb/run-20260222_212328-frcqoh9t/logs
loaded normalization stats from /home/users/am1015/rl_runs/Walker2d-v4__ppo_cont_tv_final_cap3500__1__1771811496/ppo_cont_tv_final_cap3500.cleanrl_model.norm_stats.npz
eval_episode=0, episodic_return=1577.9905750612188
eval_episode=1, episodic_return=1008.2795948351416
eval_episode=2, episodic_return=1679.7318565617231
eval_episode=3, episodic_return=1209.8725435541176
eval_episode=4, episodic_return=1662.1507330827685
eval_episode=5, episodic_return=1075.269730237353
eval_episode=6, episodic_return=1568.44490087008
eval_episode=7, episodic_return=1210.432098569619
eval_episode=8, episodic_return=1415.3469947028675
eval_episode=9, episodic_return=1776.1829241665243
eval_episode=10, episodic_return=1305.2522235221895
eval_episode=11, episodic_return=1611.5631686380434
eval_episode=12, episodic_return=2337.2539761645025
eval_episode=13, episodic_return=1116.5398829240287
eval_episode=14, episodic_return=1372.2953886842927
eval_episode=15, episodic_return=2635.3454703162847
eval_episode=16, episodic_return=1010.7959620190458
eval_episode=17, episodic_return=1562.3742862793908
eval_episode=18, episodic_return=1999.0409975331452
eval_episode=19, episodic_return=1682.1306462289074
eval_episode=20, episodic_return=1190.04173595344
eval_episode=21, episodic_return=1802.1822036456722
eval_episode=22, episodic_return=2416.770765952477
eval_episode=23, episodic_return=928.3627748804837
eval_episode=24, episodic_return=2726.2181158235803
eval_episode=25, episodic_return=4214.037626854475
eval_episode=26, episodic_return=1894.8348570816565
eval_episode=27, episodic_return=1330.5680365866801
eval_episode=28, episodic_return=1506.2133738473756
eval_episode=29, episodic_return=3252.664514146569
eval_episode=30, episodic_return=3327.676311716629
eval_episode=31, episodic_return=1188.420497306018
eval_episode=32, episodic_return=929.6942927570711
eval_episode=33, episodic_return=1465.6099328538144
eval_episode=34, episodic_return=1481.0753696410377
eval_episode=35, episodic_return=2207.3125251392007
eval_episode=36, episodic_return=2184.259884994353
eval_episode=37, episodic_return=1149.3058315694166
eval_episode=38, episodic_return=1863.4742475371743
eval_episode=39, episodic_return=1121.5217212379725
eval_episode=40, episodic_return=1394.2889065291633
eval_episode=41, episodic_return=1465.8564633207834
eval_episode=42, episodic_return=1977.998336241276
eval_episode=43, episodic_return=2986.4226811975454
eval_episode=44, episodic_return=1570.2777552893244
eval_episode=45, episodic_return=3495.0441920995463
eval_episode=46, episodic_return=2433.8491150056993
eval_episode=47, episodic_return=1391.2611916732149
eval_episode=48, episodic_return=1289.2278748263873
eval_episode=49, episodic_return=1922.1432699689803
eval_episode=50, episodic_return=1304.2742895850324
eval_episode=51, episodic_return=1530.5189388532258
eval_episode=52, episodic_return=1283.7979669652996
eval_episode=53, episodic_return=1156.2660892346062
eval_episode=54, episodic_return=3471.0188609676343
eval_episode=55, episodic_return=1034.5722902705488
eval_episode=56, episodic_return=1245.91503325832
eval_episode=57, episodic_return=1050.3977713388663
eval_episode=58, episodic_return=1170.9696383603937
eval_episode=59, episodic_return=2652.2922552490813
eval_episode=60, episodic_return=1621.63667467133
eval_episode=61, episodic_return=1137.3141272702157
eval_episode=62, episodic_return=3634.9972474291994
eval_episode=63, episodic_return=1197.4751497306588
eval_episode=64, episodic_return=1289.7921029530862
eval_episode=65, episodic_return=1524.1212959989305
eval_episode=66, episodic_return=1623.8677761214872
eval_episode=67, episodic_return=1913.4888416195172
eval_episode=68, episodic_return=1812.8157577083634
eval_episode=69, episodic_return=4205.057362787439
eval_episode=70, episodic_return=1033.6884809480473
eval_episode=71, episodic_return=1984.5462636761995
eval_episode=72, episodic_return=1164.095342502959
eval_episode=73, episodic_return=2452.941552611446
eval_episode=74, episodic_return=2609.8153342149585
eval_episode=75, episodic_return=1813.4297902238732
eval_episode=76, episodic_return=1857.9864420769634
eval_episode=77, episodic_return=1201.7191430395824
eval_episode=78, episodic_return=1224.2201401224518
eval_episode=79, episodic_return=1508.918206915468
eval_episode=80, episodic_return=1351.8147616675024
eval_episode=81, episodic_return=1043.407404235372
eval_episode=82, episodic_return=2245.6636785888836
eval_episode=83, episodic_return=1235.1386259870299
eval_episode=84, episodic_return=3098.358576526587
eval_episode=85, episodic_return=2092.3142052894937
eval_episode=86, episodic_return=1126.477345045097
eval_episode=87, episodic_return=2150.4210296694005
eval_episode=88, episodic_return=1479.0856047686182
eval_episode=89, episodic_return=1977.2527737610876
eval_episode=90, episodic_return=833.0097192002056
eval_episode=91, episodic_return=1089.2409911351747
eval_episode=92, episodic_return=2673.99389074158
eval_episode=93, episodic_return=1902.3681018488012
eval_episode=94, episodic_return=1665.6867826940058
eval_episode=95, episodic_return=1444.232867460853
eval_episode=96, episodic_return=2595.100530743331
eval_episode=97, episodic_return=1510.4671622389017
eval_episode=98, episodic_return=3782.377333414513
eval_episode=99, episodic_return=2224.849779414837
mean_return=1791.5612
std_return=754.4049
median_return=1565.4096
iqm_return=1595.3041
min_return=833.0097
max_return=4214.0376
metrics appended to /home/users/am1015/cleanrl/sweeps/metrics/seed_1.csv
