wandb: [wandb.login()] Loaded credentials for https://api.wandb.ai from /home/users/am1015/.netrc.
wandb: Currently logged in as: arjun-mahesh (arjun-mahesh-duke-university) to https://api.wandb.ai. Use `wandb login --relogin` to force relogin
wandb: setting up run e5e0j5so
wandb: Tracking run with wandb version 0.25.0
wandb: Run data is saved locally in /home/users/am1015/cleanrl/wandb/run-20260222_211538-e5e0j5so
wandb: Run `wandb offline` to turn off syncing.
wandb: Syncing run s5_vanilla_nominal
wandb: ⭐️ View project at https://wandb.ai/arjun-mahesh-duke-university/cleanrl
wandb: 🚀 View run at https://wandb.ai/arjun-mahesh-duke-university/cleanrl/runs/e5e0j5so
/home/users/am1015/cleanrl/.venv/lib/python3.11/site-packages/gymnasium/envs/registration.py:512: DeprecationWarning: [33mWARN: The environment Walker2d-v4 is out of date. You should consider upgrading to version `v5`.[0m
  logger.deprecation(
/home/users/am1015/cleanrl/evaluate_ppo_robust.py:162: FutureWarning: You are using `torch.load` with `weights_only=False` (the current default value), which uses the default pickle module implicitly. It is possible to construct malicious pickle data which will execute arbitrary code during unpickling (See https://github.com/pytorch/pytorch/blob/main/SECURITY.md#untrusted-models for more details). In a future release, the default value for `weights_only` will be flipped to `True`. This limits the functions that could be executed during unpickling. Arbitrary objects will no longer be allowed to be loaded via this mode unless they are explicitly allowlisted by the user via `torch.serialization.add_safe_globals`. We recommend you start setting `weights_only=True` for any use case where you don't have full control of the loaded file. Please open an issue on GitHub for any issues related to this experimental feature.
  agent.load_state_dict(torch.load(args.model_path, map_location=device))
wandb: updating run metadata
wandb: uploading history steps 0-100, summary, console lines 88-110
wandb: 
wandb: Run history:
wandb:         eval/episode ▁▁▁▁▁▂▂▂▂▂▃▃▃▃▃▃▄▄▄▄▅▅▅▅▅▅▅▆▆▆▆▆▆▆▇▇▇▇▇█
wandb: eval/episodic_return █▂████████▇████▆███████████▇▁█████████▇█
wandb:   eval/eval_episodes ▁
wandb:      eval/iqm_return ▁
wandb:    eval/is_perturbed ▁
wandb:      eval/max_return ▁
wandb:     eval/mean_return ▁
wandb:   eval/median_return ▁
wandb:      eval/min_return ▁
wandb:      eval/std_return ▁
wandb: 
wandb: Run summary:
wandb:         eval/episode 99
wandb: eval/episodic_return 4610.12193
wandb:   eval/eval_episodes 100
wandb:      eval/iqm_return 4616.25236
wandb:    eval/is_perturbed 0
wandb:      eval/max_return 4765.69581
wandb:     eval/mean_return 4369.7379
wandb:   eval/median_return 4617.77442
wandb:      eval/min_return 40.01678
wandb:      eval/std_return 868.14614
wandb: 
wandb: 🚀 View run s5_vanilla_nominal at: https://wandb.ai/arjun-mahesh-duke-university/cleanrl/runs/e5e0j5so
wandb: ⭐️ View project at: https://wandb.ai/arjun-mahesh-duke-university/cleanrl
wandb: Synced 5 W&B file(s), 0 media file(s), 0 artifact file(s) and 0 other file(s)
wandb: Find logs at: ./wandb/run-20260222_211538-e5e0j5so/logs
loaded normalization stats from /home/users/am1015/rl_runs/Walker2d-v4__ppo_cont_vanilla_final__5__1771811166/ppo_cont_vanilla_final.cleanrl_model.norm_stats.npz
eval_episode=0, episodic_return=4691.95495219807
eval_episode=1, episodic_return=4578.430018388694
eval_episode=2, episodic_return=1277.27126887643
eval_episode=3, episodic_return=4632.878658098792
eval_episode=4, episodic_return=4569.440074400706
eval_episode=5, episodic_return=4479.730873714035
eval_episode=6, episodic_return=4594.309808684268
eval_episode=7, episodic_return=4532.91863286847
eval_episode=8, episodic_return=4596.285033603233
eval_episode=9, episodic_return=4552.572660277243
eval_episode=10, episodic_return=4615.663604053031
eval_episode=11, episodic_return=2910.7579047038384
eval_episode=12, episodic_return=4656.301517732204
eval_episode=13, episodic_return=4529.102377369401
eval_episode=14, episodic_return=4729.278383667285
eval_episode=15, episodic_return=4542.945189801735
eval_episode=16, episodic_return=4507.955833200381
eval_episode=17, episodic_return=4734.748137736458
eval_episode=18, episodic_return=4441.840332903239
eval_episode=19, episodic_return=4637.559444137461
eval_episode=20, episodic_return=4470.206925910244
eval_episode=21, episodic_return=4706.340179591342
eval_episode=22, episodic_return=4697.52760762413
eval_episode=23, episodic_return=4678.639306742592
eval_episode=24, episodic_return=4635.798154687647
eval_episode=25, episodic_return=4647.150213704602
eval_episode=26, episodic_return=4533.603546823981
eval_episode=27, episodic_return=4581.188449524684
eval_episode=28, episodic_return=4062.4979553617195
eval_episode=29, episodic_return=4608.363849592363
eval_episode=30, episodic_return=3640.2741525948773
eval_episode=31, episodic_return=4733.275963174758
eval_episode=32, episodic_return=4662.731362710068
eval_episode=33, episodic_return=4466.200750411975
eval_episode=34, episodic_return=4761.471812752352
eval_episode=35, episodic_return=2630.934028700827
eval_episode=36, episodic_return=4725.061399851603
eval_episode=37, episodic_return=4602.054887174846
eval_episode=38, episodic_return=4675.111301700803
eval_episode=39, episodic_return=4571.643970239428
eval_episode=40, episodic_return=4602.807548489793
eval_episode=41, episodic_return=4625.547122910018
eval_episode=42, episodic_return=4711.295002896589
eval_episode=43, episodic_return=4659.252478537913
eval_episode=44, episodic_return=4619.7862162705815
eval_episode=45, episodic_return=4647.388875745842
eval_episode=46, episodic_return=4689.20500217657
eval_episode=47, episodic_return=4711.946396925518
eval_episode=48, episodic_return=4690.889317222483
eval_episode=49, episodic_return=4639.170370771265
eval_episode=50, episodic_return=4652.744758426804
eval_episode=51, episodic_return=4653.394503912193
eval_episode=52, episodic_return=4670.0486336371805
eval_episode=53, episodic_return=4672.643614955215
eval_episode=54, episodic_return=4617.54898827596
eval_episode=55, episodic_return=1386.4216339282675
eval_episode=56, episodic_return=4679.184469207967
eval_episode=57, episodic_return=4755.630777132264
eval_episode=58, episodic_return=4575.684095351575
eval_episode=59, episodic_return=1206.0338997140948
eval_episode=60, episodic_return=4547.907891829937
eval_episode=61, episodic_return=4662.833354942327
eval_episode=62, episodic_return=4536.489154422587
eval_episode=63, episodic_return=4679.618179613017
eval_episode=64, episodic_return=4568.3836485722195
eval_episode=65, episodic_return=4551.0990011787935
eval_episode=66, episodic_return=4579.551516605439
eval_episode=67, episodic_return=4735.919858201655
eval_episode=68, episodic_return=4499.642230086736
eval_episode=69, episodic_return=3948.177507882092
eval_episode=70, episodic_return=4516.073132763836
eval_episode=71, episodic_return=502.86708094664914
eval_episode=72, episodic_return=4680.787404067539
eval_episode=73, episodic_return=4624.706580042517
eval_episode=74, episodic_return=4667.294723454223
eval_episode=75, episodic_return=4701.239358427786
eval_episode=76, episodic_return=4608.003820057869
eval_episode=77, episodic_return=4578.602376653321
eval_episode=78, episodic_return=40.01677704039177
eval_episode=79, episodic_return=4555.26212765968
eval_episode=80, episodic_return=4680.077528562885
eval_episode=81, episodic_return=4668.196929281743
eval_episode=82, episodic_return=4623.9926174270795
eval_episode=83, episodic_return=4698.70025343289
eval_episode=84, episodic_return=4384.767051589099
eval_episode=85, episodic_return=4583.358303377634
eval_episode=86, episodic_return=4592.66968244383
eval_episode=87, episodic_return=4500.065116905909
eval_episode=88, episodic_return=4688.7842411931015
eval_episode=89, episodic_return=4628.721401996186
eval_episode=90, episodic_return=4617.9998467434225
eval_episode=91, episodic_return=4695.869794099731
eval_episode=92, episodic_return=4605.2965691963545
eval_episode=93, episodic_return=4679.19959715577
eval_episode=94, episodic_return=4569.108238928648
eval_episode=95, episodic_return=3886.2427308949714
eval_episode=96, episodic_return=4765.6958063946095
eval_episode=97, episodic_return=4637.367752113822
eval_episode=98, episodic_return=4704.434270433438
eval_episode=99, episodic_return=4610.121927162338
mean_return=4369.7379
std_return=868.1461
median_return=4617.7744
iqm_return=4616.2524
min_return=40.0168
max_return=4765.6958
metrics appended to /home/users/am1015/cleanrl/sweeps/metrics/seed_5.csv
wandb: [wandb.login()] Loaded credentials for https://api.wandb.ai from /home/users/am1015/.netrc.
wandb: Currently logged in as: arjun-mahesh (arjun-mahesh-duke-university) to https://api.wandb.ai. Use `wandb login --relogin` to force relogin
wandb: setting up run e3zxxemx
wandb: Tracking run with wandb version 0.25.0
wandb: Run data is saved locally in /home/users/am1015/cleanrl/wandb/run-20260222_211656-e3zxxemx
wandb: Run `wandb offline` to turn off syncing.
wandb: Syncing run s5_tv_nominal
wandb: ⭐️ View project at https://wandb.ai/arjun-mahesh-duke-university/cleanrl
wandb: 🚀 View run at https://wandb.ai/arjun-mahesh-duke-university/cleanrl/runs/e3zxxemx
/home/users/am1015/cleanrl/.venv/lib/python3.11/site-packages/gymnasium/envs/registration.py:512: DeprecationWarning: [33mWARN: The environment Walker2d-v4 is out of date. You should consider upgrading to version `v5`.[0m
  logger.deprecation(
/home/users/am1015/cleanrl/evaluate_ppo_robust.py:162: FutureWarning: You are using `torch.load` with `weights_only=False` (the current default value), which uses the default pickle module implicitly. It is possible to construct malicious pickle data which will execute arbitrary code during unpickling (See https://github.com/pytorch/pytorch/blob/main/SECURITY.md#untrusted-models for more details). In a future release, the default value for `weights_only` will be flipped to `True`. This limits the functions that could be executed during unpickling. Arbitrary objects will no longer be allowed to be loaded via this mode unless they are explicitly allowlisted by the user via `torch.serialization.add_safe_globals`. We recommend you start setting `weights_only=True` for any use case where you don't have full control of the loaded file. Please open an issue on GitHub for any issues related to this experimental feature.
  agent.load_state_dict(torch.load(args.model_path, map_location=device))
wandb: updating run metadata
wandb: uploading history steps 0-100, summary, console lines 88-110
wandb: 
wandb: Run history:
wandb:         eval/episode ▁▁▁▁▁▂▂▂▂▂▂▃▃▃▃▃▃▃▄▄▄▄▄▅▅▅▅▅▅▅▆▆▇▇▇▇▇███
wandb: eval/episodic_return █▇████████████▂████████▄████▁███████████
wandb:   eval/eval_episodes ▁
wandb:      eval/iqm_return ▁
wandb:    eval/is_perturbed ▁
wandb:      eval/max_return ▁
wandb:     eval/mean_return ▁
wandb:   eval/median_return ▁
wandb:      eval/min_return ▁
wandb:      eval/std_return ▁
wandb: 
wandb: Run summary:
wandb:         eval/episode 99
wandb: eval/episodic_return 4562.07574
wandb:   eval/eval_episodes 100
wandb:      eval/iqm_return 4610.80232
wandb:    eval/is_perturbed 0
wandb:      eval/max_return 4792.94841
wandb:     eval/mean_return 4394.52955
wandb:   eval/median_return 4619.16225
wandb:      eval/min_return 739.25548
wandb:      eval/std_return 783.17692
wandb: 
wandb: 🚀 View run s5_tv_nominal at: https://wandb.ai/arjun-mahesh-duke-university/cleanrl/runs/e3zxxemx
wandb: ⭐️ View project at: https://wandb.ai/arjun-mahesh-duke-university/cleanrl
wandb: Synced 5 W&B file(s), 0 media file(s), 0 artifact file(s) and 0 other file(s)
wandb: Find logs at: ./wandb/run-20260222_211656-e3zxxemx/logs
loaded normalization stats from /home/users/am1015/rl_runs/Walker2d-v4__ppo_cont_tv_final_cap3500__5__1771811496/ppo_cont_tv_final_cap3500.cleanrl_model.norm_stats.npz
eval_episode=0, episodic_return=4661.4015488276855
eval_episode=1, episodic_return=4547.08455583192
eval_episode=2, episodic_return=4346.836823666
eval_episode=3, episodic_return=4512.324988093262
eval_episode=4, episodic_return=4757.453594540977
eval_episode=5, episodic_return=4631.053444398871
eval_episode=6, episodic_return=2005.7411975875784
eval_episode=7, episodic_return=4542.590158251235
eval_episode=8, episodic_return=4632.317415651709
eval_episode=9, episodic_return=2065.9012693429545
eval_episode=10, episodic_return=4670.450692380314
eval_episode=11, episodic_return=4534.071905377615
eval_episode=12, episodic_return=4792.948410163981
eval_episode=13, episodic_return=4593.210953274827
eval_episode=14, episodic_return=4709.008809589734
eval_episode=15, episodic_return=4712.2718875657565
eval_episode=16, episodic_return=4644.7364274092415
eval_episode=17, episodic_return=4671.455835921994
eval_episode=18, episodic_return=4600.1485811393095
eval_episode=19, episodic_return=4625.892141933949
eval_episode=20, episodic_return=4484.988244933177
eval_episode=21, episodic_return=1175.3564101146885
eval_episode=22, episodic_return=4518.358738710354
eval_episode=23, episodic_return=4519.263820501901
eval_episode=24, episodic_return=4664.300574946169
eval_episode=25, episodic_return=4457.661212575694
eval_episode=26, episodic_return=4674.545572947988
eval_episode=27, episodic_return=4661.577094749053
eval_episode=28, episodic_return=4665.733137332617
eval_episode=29, episodic_return=1396.3041494269887
eval_episode=30, episodic_return=4636.902557420919
eval_episode=31, episodic_return=4602.562773318915
eval_episode=32, episodic_return=4622.244866494654
eval_episode=33, episodic_return=4747.109376981164
eval_episode=34, episodic_return=4452.695869719751
eval_episode=35, episodic_return=1606.901278560431
eval_episode=36, episodic_return=4676.636725774512
eval_episode=37, episodic_return=4641.484031561008
eval_episode=38, episodic_return=4722.318789723408
eval_episode=39, episodic_return=4621.412103515883
eval_episode=40, episodic_return=4593.508456591694
eval_episode=41, episodic_return=4555.614037883777
eval_episode=42, episodic_return=4665.3949493703385
eval_episode=43, episodic_return=4637.3678489942895
eval_episode=44, episodic_return=4717.010544023749
eval_episode=45, episodic_return=4602.699536728604
eval_episode=46, episodic_return=4645.8714650798975
eval_episode=47, episodic_return=4677.387084454314
eval_episode=48, episodic_return=4597.780968442376
eval_episode=49, episodic_return=4724.0438393862405
eval_episode=50, episodic_return=4505.072663039151
eval_episode=51, episodic_return=4512.963919239633
eval_episode=52, episodic_return=4499.93428910423
eval_episode=53, episodic_return=4619.715597518549
eval_episode=54, episodic_return=4361.425101334782
eval_episode=55, episodic_return=4541.549019763032
eval_episode=56, episodic_return=2519.560269216827
eval_episode=57, episodic_return=4641.394013053007
eval_episode=58, episodic_return=4697.289324441377
eval_episode=59, episodic_return=4591.203236018602
eval_episode=60, episodic_return=4628.733568915173
eval_episode=61, episodic_return=4509.73692884552
eval_episode=62, episodic_return=4711.569880686365
eval_episode=63, episodic_return=4565.172832061897
eval_episode=64, episodic_return=4511.973938636125
eval_episode=65, episodic_return=4658.522262584606
eval_episode=66, episodic_return=4716.591371385631
eval_episode=67, episodic_return=4702.045236618216
eval_episode=68, episodic_return=4683.05017963475
eval_episode=69, episodic_return=4609.345626714837
eval_episode=70, episodic_return=739.2554796145621
eval_episode=71, episodic_return=4620.024437834665
eval_episode=72, episodic_return=4661.27890979058
eval_episode=73, episodic_return=4665.017223876689
eval_episode=74, episodic_return=4618.608903201378
eval_episode=75, episodic_return=4423.822131420918
eval_episode=76, episodic_return=4726.354854314647
eval_episode=77, episodic_return=4504.514110772154
eval_episode=78, episodic_return=4616.156586269202
eval_episode=79, episodic_return=4371.793984981884
eval_episode=80, episodic_return=4527.747776850098
eval_episode=81, episodic_return=4678.291645863173
eval_episode=82, episodic_return=3678.5760685496257
eval_episode=83, episodic_return=4580.741615489629
eval_episode=84, episodic_return=4709.373609422654
eval_episode=85, episodic_return=4604.858864759056
eval_episode=86, episodic_return=4772.028541504092
eval_episode=87, episodic_return=4556.98262547145
eval_episode=88, episodic_return=4595.388876804476
eval_episode=89, episodic_return=4700.052380502925
eval_episode=90, episodic_return=4558.405811024655
eval_episode=91, episodic_return=4564.656880375506
eval_episode=92, episodic_return=4589.100641025105
eval_episode=93, episodic_return=4476.494609418236
eval_episode=94, episodic_return=4648.049508697407
eval_episode=95, episodic_return=4671.48394904203
eval_episode=96, episodic_return=4632.35829587788
eval_episode=97, episodic_return=4734.609465732669
eval_episode=98, episodic_return=4656.065434789691
eval_episode=99, episodic_return=4562.075736424457
mean_return=4394.5295
std_return=783.1769
median_return=4619.1623
iqm_return=4610.8023
min_return=739.2555
max_return=4792.9484
metrics appended to /home/users/am1015/cleanrl/sweeps/metrics/seed_5.csv
wandb: [wandb.login()] Loaded credentials for https://api.wandb.ai from /home/users/am1015/.netrc.
wandb: Currently logged in as: arjun-mahesh (arjun-mahesh-duke-university) to https://api.wandb.ai. Use `wandb login --relogin` to force relogin
wandb: Tracking run with wandb version 0.25.0
wandb: Run data is saved locally in /home/users/am1015/cleanrl/wandb/run-20260222_211813-9cj2eo6b
wandb: Run `wandb offline` to turn off syncing.
wandb: Syncing run s5_vanilla_friction_1p0
wandb: ⭐️ View project at https://wandb.ai/arjun-mahesh-duke-university/cleanrl
wandb: 🚀 View run at https://wandb.ai/arjun-mahesh-duke-university/cleanrl/runs/9cj2eo6b
/home/users/am1015/cleanrl/.venv/lib/python3.11/site-packages/gymnasium/envs/registration.py:512: DeprecationWarning: [33mWARN: The environment Walker2d-v4 is out of date. You should consider upgrading to version `v5`.[0m
  logger.deprecation(
/home/users/am1015/cleanrl/evaluate_ppo_robust.py:162: FutureWarning: You are using `torch.load` with `weights_only=False` (the current default value), which uses the default pickle module implicitly. It is possible to construct malicious pickle data which will execute arbitrary code during unpickling (See https://github.com/pytorch/pytorch/blob/main/SECURITY.md#untrusted-models for more details). In a future release, the default value for `weights_only` will be flipped to `True`. This limits the functions that could be executed during unpickling. Arbitrary objects will no longer be allowed to be loaded via this mode unless they are explicitly allowlisted by the user via `torch.serialization.add_safe_globals`. We recommend you start setting `weights_only=True` for any use case where you don't have full control of the loaded file. Please open an issue on GitHub for any issues related to this experimental feature.
  agent.load_state_dict(torch.load(args.model_path, map_location=device))
wandb: updating run metadata
wandb: uploading history steps 0-100, summary, console lines 103-110
wandb: 
wandb: Run history:
wandb:         eval/episode ▁▁▂▂▂▂▂▂▂▃▃▃▃▃▃▃▃▄▄▄▄▅▅▅▅▅▅▆▆▆▇▇▇▇▇▇▇▇██
wandb: eval/episodic_return ▁▇▃▁▄▂▅█▂▃▆▅▁▅▂▁▁▅▁▄▃▇▁▅▄▃▃▄▅▃▁▄▃▂▆▂▁▃▁▁
wandb:   eval/eval_episodes ▁
wandb:      eval/iqm_return ▁
wandb:    eval/is_perturbed ▁
wandb:      eval/max_return ▁
wandb:     eval/mean_return ▁
wandb:   eval/median_return ▁
wandb:      eval/min_return ▁
wandb:      eval/std_return ▁
wandb: 
wandb: Run summary:
wandb:         eval/episode 99
wandb: eval/episodic_return 1170.53635
wandb:   eval/eval_episodes 100
wandb:      eval/iqm_return 14630.89205
wandb:    eval/is_perturbed 1
wandb:      eval/max_return 163410.37934
wandb:     eval/mean_return 22355.76735
wandb:   eval/median_return 12944.7859
wandb:      eval/min_return 34.96774
wandb:      eval/std_return 27361.99973
wandb: 
wandb: 🚀 View run s5_vanilla_friction_1p0 at: https://wandb.ai/arjun-mahesh-duke-university/cleanrl/runs/9cj2eo6b
wandb: ⭐️ View project at: https://wandb.ai/arjun-mahesh-duke-university/cleanrl
wandb: Synced 5 W&B file(s), 0 media file(s), 0 artifact file(s) and 0 other file(s)
wandb: Find logs at: ./wandb/run-20260222_211813-9cj2eo6b/logs
loaded normalization stats from /home/users/am1015/rl_runs/Walker2d-v4__ppo_cont_vanilla_final__5__1771811166/ppo_cont_vanilla_final.cleanrl_model.norm_stats.npz
eval_episode=0, episodic_return=101.27311160859733
eval_episode=1, episodic_return=48074.10738609095
eval_episode=2, episodic_return=117169.11468941657
eval_episode=3, episodic_return=7904.392006115458
eval_episode=4, episodic_return=48652.81340669167
eval_episode=5, episodic_return=163410.37933629507
eval_episode=6, episodic_return=568.2287258125149
eval_episode=7, episodic_return=63278.553225250944
eval_episode=8, episodic_return=405.9967824411617
eval_episode=9, episodic_return=271.1928397203215
eval_episode=10, episodic_return=31221.797987825972
eval_episode=11, episodic_return=17099.984671679875
eval_episode=12, episodic_return=3691.3065586552048
eval_episode=13, episodic_return=35342.531701216125
eval_episode=14, episodic_return=7377.575711963628
eval_episode=15, episodic_return=14563.531449556323
eval_episode=16, episodic_return=6906.411427546857
eval_episode=17, episodic_return=93065.8106310466
eval_episode=18, episodic_return=43976.23078506693
eval_episode=19, episodic_return=77213.38215098207
eval_episode=20, episodic_return=9956.152922531763
eval_episode=21, episodic_return=22120.62524831146
eval_episode=22, episodic_return=25375.629037017105
eval_episode=23, episodic_return=18883.02258295844
eval_episode=24, episodic_return=12922.66149113269
eval_episode=25, episodic_return=9407.539892025905
eval_episode=26, episodic_return=25017.01608027491
eval_episode=27, episodic_return=22288.475454371997
eval_episode=28, episodic_return=1667.4540542288353
eval_episode=29, episodic_return=53562.23843968414
eval_episode=30, episodic_return=48242.27375736847
eval_episode=31, episodic_return=25553.26785542008
eval_episode=32, episodic_return=9894.40973832416
eval_episode=33, episodic_return=281.814500147743
eval_episode=34, episodic_return=34.96774498502237
eval_episode=35, episodic_return=2432.064201867693
eval_episode=36, episodic_return=12966.910313711556
eval_episode=37, episodic_return=39132.88560929525
eval_episode=38, episodic_return=15372.22872454865
eval_episode=39, episodic_return=64369.135015030486
eval_episode=40, episodic_return=15208.679607576689
eval_episode=41, episodic_return=5023.261081320583
eval_episode=42, episodic_return=101218.27038489822
eval_episode=43, episodic_return=4405.056550972653
eval_episode=44, episodic_return=525.4925611026441
eval_episode=45, episodic_return=670.0296808314715
eval_episode=46, episodic_return=26850.38121450778
eval_episode=47, episodic_return=54867.59830514584
eval_episode=48, episodic_return=47679.752966299246
eval_episode=49, episodic_return=2906.450050859903
eval_episode=50, episodic_return=6763.707371254186
eval_episode=51, episodic_return=26314.420150617443
eval_episode=52, episodic_return=22856.839196787463
eval_episode=53, episodic_return=34420.05720055199
eval_episode=54, episodic_return=30840.99832093027
eval_episode=55, episodic_return=3793.9045014893454
eval_episode=56, episodic_return=7078.329350828374
eval_episode=57, episodic_return=20438.445647373846
eval_episode=58, episodic_return=25701.944119139513
eval_episode=59, episodic_return=63663.65765048753
eval_episode=60, episodic_return=1773.2618864524834
eval_episode=61, episodic_return=4779.9669962840735
eval_episode=62, episodic_return=1386.8068643749582
eval_episode=63, episodic_return=24654.766387844415
eval_episode=64, episodic_return=41262.16552733325
eval_episode=65, episodic_return=32580.61030033759
eval_episode=66, episodic_return=6579.420037818573
eval_episode=67, episodic_return=1116.596960189417
eval_episode=68, episodic_return=24411.2207757342
eval_episode=69, episodic_return=3182.779227325901
eval_episode=70, episodic_return=23223.993070124485
eval_episode=71, episodic_return=35885.96575701801
eval_episode=72, episodic_return=42041.27554715936
eval_episode=73, episodic_return=22016.21512301323
eval_episode=74, episodic_return=12882.694450266148
eval_episode=75, episodic_return=543.0111089740246
eval_episode=76, episodic_return=984.1841476919997
eval_episode=77, episodic_return=1839.1993391369058
eval_episode=78, episodic_return=9194.287971896676
eval_episode=79, episodic_return=8756.932307825626
eval_episode=80, episodic_return=34617.465401139714
eval_episode=81, episodic_return=5929.822415088231
eval_episode=82, episodic_return=26984.82417958371
eval_episode=83, episodic_return=6627.370100412935
eval_episode=84, episodic_return=59461.28840298494
eval_episode=85, episodic_return=8188.325275850342
eval_episode=86, episodic_return=8921.632664531098
eval_episode=87, episodic_return=22156.756442062877
eval_episode=88, episodic_return=4472.5833096619435
eval_episode=89, episodic_return=1126.3514078083551
eval_episode=90, episodic_return=20063.279203034246
eval_episode=91, episodic_return=1211.8711182130523
eval_episode=92, episodic_return=96.41667025702193
eval_episode=93, episodic_return=14065.982957942406
eval_episode=94, episodic_return=7034.693216575448
eval_episode=95, episodic_return=1656.118714588203
eval_episode=96, episodic_return=1057.4959342267523
eval_episode=97, episodic_return=2613.1769506479695
eval_episode=98, episodic_return=8022.727532245634
eval_episode=99, episodic_return=1170.5363485898308
mean_return=22355.7674
std_return=27361.9997
median_return=12944.7859
iqm_return=14630.8921
min_return=34.9677
max_return=163410.3793
metrics appended to /home/users/am1015/cleanrl/sweeps/metrics/seed_5.csv
wandb: [wandb.login()] Loaded credentials for https://api.wandb.ai from /home/users/am1015/.netrc.
wandb: Currently logged in as: arjun-mahesh (arjun-mahesh-duke-university) to https://api.wandb.ai. Use `wandb login --relogin` to force relogin
wandb: setting up run toiaj9sc
wandb: Tracking run with wandb version 0.25.0
wandb: Run data is saved locally in /home/users/am1015/cleanrl/wandb/run-20260222_212349-toiaj9sc
wandb: Run `wandb offline` to turn off syncing.
wandb: Syncing run s5_tv_friction_1p0
wandb: ⭐️ View project at https://wandb.ai/arjun-mahesh-duke-university/cleanrl
wandb: 🚀 View run at https://wandb.ai/arjun-mahesh-duke-university/cleanrl/runs/toiaj9sc
/home/users/am1015/cleanrl/.venv/lib/python3.11/site-packages/gymnasium/envs/registration.py:512: DeprecationWarning: [33mWARN: The environment Walker2d-v4 is out of date. You should consider upgrading to version `v5`.[0m
  logger.deprecation(
/home/users/am1015/cleanrl/evaluate_ppo_robust.py:162: FutureWarning: You are using `torch.load` with `weights_only=False` (the current default value), which uses the default pickle module implicitly. It is possible to construct malicious pickle data which will execute arbitrary code during unpickling (See https://github.com/pytorch/pytorch/blob/main/SECURITY.md#untrusted-models for more details). In a future release, the default value for `weights_only` will be flipped to `True`. This limits the functions that could be executed during unpickling. Arbitrary objects will no longer be allowed to be loaded via this mode unless they are explicitly allowlisted by the user via `torch.serialization.add_safe_globals`. We recommend you start setting `weights_only=True` for any use case where you don't have full control of the loaded file. Please open an issue on GitHub for any issues related to this experimental feature.
  agent.load_state_dict(torch.load(args.model_path, map_location=device))
wandb: updating run metadata
wandb: uploading config.yaml
wandb: 
wandb: Run history:
wandb:         eval/episode ▁▁▁▂▂▂▂▂▂▃▃▃▃▃▃▄▄▄▄▄▅▅▅▅▅▆▆▆▆▆▇▇▇▇▇▇▇███
wandb: eval/episodic_return ▁█▅▂▃▂▃▂▁▂▁▂▄▄▃▃▃▁▂▃▂▃▃▁▂▁▁▁▃▂▁▁▁▁▁▃▁▂▁▃
wandb:   eval/eval_episodes ▁
wandb:      eval/iqm_return ▁
wandb:    eval/is_perturbed ▁
wandb:      eval/max_return ▁
wandb:     eval/mean_return ▁
wandb:   eval/median_return ▁
wandb:      eval/min_return ▁
wandb:      eval/std_return ▁
wandb: 
wandb: Run summary:
wandb:         eval/episode 99
wandb: eval/episodic_return 20929.59658
wandb:   eval/eval_episodes 100
wandb:      eval/iqm_return 14388.59855
wandb:    eval/is_perturbed 1
wandb:      eval/max_return 125894.0989
wandb:     eval/mean_return 23182.21924
wandb:   eval/median_return 11515.60155
wandb:      eval/min_return -12.19481
wandb:      eval/std_return 28502.40328
wandb: 
wandb: 🚀 View run s5_tv_friction_1p0 at: https://wandb.ai/arjun-mahesh-duke-university/cleanrl/runs/toiaj9sc
wandb: ⭐️ View project at: https://wandb.ai/arjun-mahesh-duke-university/cleanrl
wandb: Synced 5 W&B file(s), 0 media file(s), 0 artifact file(s) and 0 other file(s)
wandb: Find logs at: ./wandb/run-20260222_212349-toiaj9sc/logs
loaded normalization stats from /home/users/am1015/rl_runs/Walker2d-v4__ppo_cont_tv_final_cap3500__5__1771811496/ppo_cont_tv_final_cap3500.cleanrl_model.norm_stats.npz
eval_episode=0, episodic_return=285.76213076503336
eval_episode=1, episodic_return=109511.2975128589
eval_episode=2, episodic_return=8344.58960422671
eval_episode=3, episodic_return=125894.09889969483
eval_episode=4, episodic_return=23661.89025354491
eval_episode=5, episodic_return=78459.10183679889
eval_episode=6, episodic_return=15440.010606680344
eval_episode=7, episodic_return=70971.06151148982
eval_episode=8, episodic_return=66481.9849492853
eval_episode=9, episodic_return=2672.1149664330687
eval_episode=10, episodic_return=2623.9941516480962
eval_episode=11, episodic_return=23535.09231729716
eval_episode=12, episodic_return=37603.24389363676
eval_episode=13, episodic_return=9001.837606886449
eval_episode=14, episodic_return=87812.38536221479
eval_episode=15, episodic_return=8085.136492991427
eval_episode=16, episodic_return=15749.098143153318
eval_episode=17, episodic_return=46558.08677670661
eval_episode=18, episodic_return=7491.522786545626
eval_episode=19, episodic_return=124322.40045266629
eval_episode=20, episodic_return=41115.68287033197
eval_episode=21, episodic_return=42468.230659267625
eval_episode=22, episodic_return=5466.112562780388
eval_episode=23, episodic_return=82768.12947928338
eval_episode=24, episodic_return=15.379584942511823
eval_episode=25, episodic_return=25825.75999434161
eval_episode=26, episodic_return=1152.085476864977
eval_episode=27, episodic_return=16098.577379253722
eval_episode=28, episodic_return=3902.936123574353
eval_episode=29, episodic_return=567.8798017111361
eval_episode=30, episodic_return=8474.701804167886
eval_episode=31, episodic_return=24808.273805127264
eval_episode=32, episodic_return=25839.745880923256
eval_episode=33, episodic_return=54382.759747758275
eval_episode=34, episodic_return=82530.25577913421
eval_episode=35, episodic_return=6784.6042679874045
eval_episode=36, episodic_return=62657.864316548075
eval_episode=37, episodic_return=147.15582768933888
eval_episode=38, episodic_return=177.4986659502959
eval_episode=39, episodic_return=18240.197127766034
eval_episode=40, episodic_return=33326.2752301393
eval_episode=41, episodic_return=96023.10762165072
eval_episode=42, episodic_return=29962.924322821327
eval_episode=43, episodic_return=11885.0965722652
eval_episode=44, episodic_return=38715.48841719602
eval_episode=45, episodic_return=38.79463103624046
eval_episode=46, episodic_return=4052.0161854086105
eval_episode=47, episodic_return=15350.867002052544
eval_episode=48, episodic_return=30394.19347928108
eval_episode=49, episodic_return=30191.994831658118
eval_episode=50, episodic_return=1665.7730105204084
eval_episode=51, episodic_return=27395.064374001588
eval_episode=52, episodic_return=20300.700428671396
eval_episode=53, episodic_return=43488.44983515255
eval_episode=54, episodic_return=37147.70135171431
eval_episode=55, episodic_return=1221.7001056959757
eval_episode=56, episodic_return=16289.3085441906
eval_episode=57, episodic_return=54.60498984250614
eval_episode=58, episodic_return=10549.379359586028
eval_episode=59, episodic_return=33838.84024890289
eval_episode=60, episodic_return=8458.060810289588
eval_episode=61, episodic_return=9068.13274563906
eval_episode=62, episodic_return=11146.106534514676
eval_episode=63, episodic_return=3927.6966739229297
eval_episode=64, episodic_return=541.6383566966177
eval_episode=65, episodic_return=31932.158580464064
eval_episode=66, episodic_return=23345.75112587959
eval_episode=67, episodic_return=4606.747860565938
eval_episode=68, episodic_return=16248.669182245225
eval_episode=69, episodic_return=15606.191252635952
eval_episode=70, episodic_return=72834.57180381852
eval_episode=71, episodic_return=1058.8999739172818
eval_episode=72, episodic_return=554.7935257370419
eval_episode=73, episodic_return=2985.897210043032
eval_episode=74, episodic_return=12936.327729208364
eval_episode=75, episodic_return=8499.222888637983
eval_episode=76, episodic_return=9735.446552749214
eval_episode=77, episodic_return=852.8291595933168
eval_episode=78, episodic_return=783.3602453814143
eval_episode=79, episodic_return=327.6068584730128
eval_episode=80, episodic_return=900.8470822523059
eval_episode=81, episodic_return=10209.735133448274
eval_episode=82, episodic_return=35954.636609442256
eval_episode=83, episodic_return=-12.194808788791681
eval_episode=84, episodic_return=1167.1161183556817
eval_episode=85, episodic_return=4310.3623009127205
eval_episode=86, episodic_return=8164.124077491895
eval_episode=87, episodic_return=5104.793089031669
eval_episode=88, episodic_return=1266.3236417697597
eval_episode=89, episodic_return=1094.078243602037
eval_episode=90, episodic_return=32873.24504290118
eval_episode=91, episodic_return=1192.262315306682
eval_episode=92, episodic_return=1306.2584256788423
eval_episode=93, episodic_return=24550.976684463214
eval_episode=94, episodic_return=5499.858181775194
eval_episode=95, episodic_return=32611.50883999419
eval_episode=96, episodic_return=1708.5275574943828
eval_episode=97, episodic_return=40360.121016332974
eval_episode=98, episodic_return=3758.8167691959407
eval_episode=99, episodic_return=20929.59657728973
mean_return=23182.2192
std_return=28502.4033
median_return=11515.6016
iqm_return=14388.5986
min_return=-12.1948
max_return=125894.0989
metrics appended to /home/users/am1015/cleanrl/sweeps/metrics/seed_5.csv
wandb: [wandb.login()] Loaded credentials for https://api.wandb.ai from /home/users/am1015/.netrc.
wandb: Currently logged in as: arjun-mahesh (arjun-mahesh-duke-university) to https://api.wandb.ai. Use `wandb login --relogin` to force relogin
wandb: setting up run 8bjyu3tu
wandb: Tracking run with wandb version 0.25.0
wandb: Run data is saved locally in /home/users/am1015/cleanrl/wandb/run-20260222_212937-8bjyu3tu
wandb: Run `wandb offline` to turn off syncing.
wandb: Syncing run s5_vanilla_friction_1p1
wandb: ⭐️ View project at https://wandb.ai/arjun-mahesh-duke-university/cleanrl
wandb: 🚀 View run at https://wandb.ai/arjun-mahesh-duke-university/cleanrl/runs/8bjyu3tu
/home/users/am1015/cleanrl/.venv/lib/python3.11/site-packages/gymnasium/envs/registration.py:512: DeprecationWarning: [33mWARN: The environment Walker2d-v4 is out of date. You should consider upgrading to version `v5`.[0m
  logger.deprecation(
/home/users/am1015/cleanrl/evaluate_ppo_robust.py:162: FutureWarning: You are using `torch.load` with `weights_only=False` (the current default value), which uses the default pickle module implicitly. It is possible to construct malicious pickle data which will execute arbitrary code during unpickling (See https://github.com/pytorch/pytorch/blob/main/SECURITY.md#untrusted-models for more details). In a future release, the default value for `weights_only` will be flipped to `True`. This limits the functions that could be executed during unpickling. Arbitrary objects will no longer be allowed to be loaded via this mode unless they are explicitly allowlisted by the user via `torch.serialization.add_safe_globals`. We recommend you start setting `weights_only=True` for any use case where you don't have full control of the loaded file. Please open an issue on GitHub for any issues related to this experimental feature.
  agent.load_state_dict(torch.load(args.model_path, map_location=device))
wandb: updating run metadata
wandb: uploading history steps 0-100, summary, console lines 97-110
wandb: 
wandb: Run history:
wandb:         eval/episode ▁▁▁▁▂▂▂▂▂▂▃▃▃▃▃▄▄▄▄▄▅▅▅▅▅▆▆▆▆▆▆▆▇▇▇▇▇███
wandb: eval/episodic_return ▅█▃▃▃▄▅▂▃▂▄▁▆▂▄▃▂▂▅▅▄▄▂▄▂▁▃▆▅▂▂▁▁▄▄▂▃▂▃▅
wandb:   eval/eval_episodes ▁
wandb:      eval/iqm_return ▁
wandb:    eval/is_perturbed ▁
wandb:      eval/max_return ▁
wandb:     eval/mean_return ▁
wandb:   eval/median_return ▁
wandb:      eval/min_return ▁
wandb:      eval/std_return ▁
wandb: 
wandb: Run summary:
wandb:         eval/episode 99
wandb: eval/episodic_return 2917.54794
wandb:   eval/eval_episodes 100
wandb:      eval/iqm_return 7016.85839
wandb:    eval/is_perturbed 1
wandb:      eval/max_return 46837.76305
wandb:     eval/mean_return 8609.03344
wandb:   eval/median_return 6947.07893
wandb:      eval/min_return 16.09538
wandb:      eval/std_return 7126.23327
wandb: 
wandb: 🚀 View run s5_vanilla_friction_1p1 at: https://wandb.ai/arjun-mahesh-duke-university/cleanrl/runs/8bjyu3tu
wandb: ⭐️ View project at: https://wandb.ai/arjun-mahesh-duke-university/cleanrl
wandb: Synced 5 W&B file(s), 0 media file(s), 0 artifact file(s) and 0 other file(s)
wandb: Find logs at: ./wandb/run-20260222_212937-8bjyu3tu/logs
loaded normalization stats from /home/users/am1015/rl_runs/Walker2d-v4__ppo_cont_vanilla_final__5__1771811166/ppo_cont_vanilla_final.cleanrl_model.norm_stats.npz
eval_episode=0, episodic_return=5421.219200934376
eval_episode=1, episodic_return=21679.785534789527
eval_episode=2, episodic_return=13920.158280184396
eval_episode=3, episodic_return=30531.975496665164
eval_episode=4, episodic_return=46837.763045957705
eval_episode=5, episodic_return=16176.71121325623
eval_episode=6, episodic_return=22890.55938956626
eval_episode=7, episodic_return=19790.40348774486
eval_episode=8, episodic_return=4416.127435339009
eval_episode=9, episodic_return=12830.797409984072
eval_episode=10, episodic_return=7751.91982079939
eval_episode=11, episodic_return=6790.90982696978
eval_episode=12, episodic_return=7096.110813819431
eval_episode=13, episodic_return=9190.104255906941
eval_episode=14, episodic_return=6291.913706299906
eval_episode=15, episodic_return=6611.219714199005
eval_episode=16, episodic_return=8186.954363516978
eval_episode=17, episodic_return=9693.278531112564
eval_episode=18, episodic_return=12489.07501753841
eval_episode=19, episodic_return=4467.25765937331
eval_episode=20, episodic_return=9030.374335629398
eval_episode=21, episodic_return=6628.1718195675885
eval_episode=22, episodic_return=3884.374609975034
eval_episode=23, episodic_return=6450.625959556347
eval_episode=24, episodic_return=31280.23655326009
eval_episode=25, episodic_return=8167.859683629337
eval_episode=26, episodic_return=12045.708107784758
eval_episode=27, episodic_return=7990.841986766275
eval_episode=28, episodic_return=8541.528251364505
eval_episode=29, episodic_return=29808.32202659552
eval_episode=30, episodic_return=9191.088745612096
eval_episode=31, episodic_return=305.3364914610231
eval_episode=32, episodic_return=16578.990697133857
eval_episode=33, episodic_return=4656.307862485723
eval_episode=34, episodic_return=3041.874027501285
eval_episode=35, episodic_return=3384.310264811243
eval_episode=36, episodic_return=3964.8468929189207
eval_episode=37, episodic_return=4620.014289376965
eval_episode=38, episodic_return=11334.778194208879
eval_episode=39, episodic_return=3541.820494090394
eval_episode=40, episodic_return=13236.056494759385
eval_episode=41, episodic_return=6798.047036223859
eval_episode=42, episodic_return=1981.7908979675838
eval_episode=43, episodic_return=5137.783258185509
eval_episode=44, episodic_return=7477.155954892448
eval_episode=45, episodic_return=5273.848658041814
eval_episode=46, episodic_return=3830.8829687813804
eval_episode=47, episodic_return=12135.24237193587
eval_episode=48, episodic_return=335.7561861765314
eval_episode=49, episodic_return=6203.164302810018
eval_episode=50, episodic_return=14069.475367519024
eval_episode=51, episodic_return=5467.3283115140175
eval_episode=52, episodic_return=4640.665815405854
eval_episode=53, episodic_return=15175.969965502616
eval_episode=54, episodic_return=10558.798669747814
eval_episode=55, episodic_return=3207.864892756765
eval_episode=56, episodic_return=7476.291403621862
eval_episode=57, episodic_return=10187.806660341454
eval_episode=58, episodic_return=561.637933959978
eval_episode=59, episodic_return=4359.157621186251
eval_episode=60, episodic_return=10884.825379133945
eval_episode=61, episodic_return=4512.528294217182
eval_episode=62, episodic_return=3480.5065534413434
eval_episode=63, episodic_return=5040.654522387824
eval_episode=64, episodic_return=11373.607131175218
eval_episode=65, episodic_return=5766.814420603807
eval_episode=66, episodic_return=16.095376510615843
eval_episode=67, episodic_return=4414.490671418382
eval_episode=68, episodic_return=5179.303536578091
eval_episode=69, episodic_return=8928.39765014858
eval_episode=70, episodic_return=7494.169967667298
eval_episode=71, episodic_return=588.4834288297785
eval_episode=72, episodic_return=5146.591877554125
eval_episode=73, episodic_return=10784.45434715875
eval_episode=74, episodic_return=16793.43420672248
eval_episode=75, episodic_return=13226.366983338377
eval_episode=76, episodic_return=9650.35956513653
eval_episode=77, episodic_return=4461.071354269792
eval_episode=78, episodic_return=9012.013712033922
eval_episode=79, episodic_return=7133.662503167355
eval_episode=80, episodic_return=8151.5210062101905
eval_episode=81, episodic_return=8714.350126509944
eval_episode=82, episodic_return=4511.758844791308
eval_episode=83, episodic_return=8616.33168275675
eval_episode=84, episodic_return=664.9820457075971
eval_episode=85, episodic_return=6034.281822239837
eval_episode=86, episodic_return=1106.7638280686133
eval_episode=87, episodic_return=8885.45650073178
eval_episode=88, episodic_return=9757.105171905192
eval_episode=89, episodic_return=4679.241365288921
eval_episode=90, episodic_return=8554.20963425787
eval_episode=91, episodic_return=4324.549391551726
eval_episode=92, episodic_return=3934.633077983739
eval_episode=93, episodic_return=3291.00138814009
eval_episode=94, episodic_return=8077.079972482806
eval_episode=95, episodic_return=3761.5929864331665
eval_episode=96, episodic_return=6445.827655225089
eval_episode=97, episodic_return=5111.467388392311
eval_episode=98, episodic_return=13849.430233675681
eval_episode=99, episodic_return=2917.5479397839226
mean_return=8609.0334
std_return=7126.2333
median_return=6947.0789
iqm_return=7016.8584
min_return=16.0954
max_return=46837.7630
metrics appended to /home/users/am1015/cleanrl/sweeps/metrics/seed_5.csv
wandb: [wandb.login()] Loaded credentials for https://api.wandb.ai from /home/users/am1015/.netrc.
wandb: Currently logged in as: arjun-mahesh (arjun-mahesh-duke-university) to https://api.wandb.ai. Use `wandb login --relogin` to force relogin
wandb: setting up run 7gag34bw
wandb: Tracking run with wandb version 0.25.0
wandb: Run data is saved locally in /home/users/am1015/cleanrl/wandb/run-20260222_213149-7gag34bw
wandb: Run `wandb offline` to turn off syncing.
wandb: Syncing run s5_tv_friction_1p1
wandb: ⭐️ View project at https://wandb.ai/arjun-mahesh-duke-university/cleanrl
wandb: 🚀 View run at https://wandb.ai/arjun-mahesh-duke-university/cleanrl/runs/7gag34bw
/home/users/am1015/cleanrl/.venv/lib/python3.11/site-packages/gymnasium/envs/registration.py:512: DeprecationWarning: [33mWARN: The environment Walker2d-v4 is out of date. You should consider upgrading to version `v5`.[0m
  logger.deprecation(
/home/users/am1015/cleanrl/evaluate_ppo_robust.py:162: FutureWarning: You are using `torch.load` with `weights_only=False` (the current default value), which uses the default pickle module implicitly. It is possible to construct malicious pickle data which will execute arbitrary code during unpickling (See https://github.com/pytorch/pytorch/blob/main/SECURITY.md#untrusted-models for more details). In a future release, the default value for `weights_only` will be flipped to `True`. This limits the functions that could be executed during unpickling. Arbitrary objects will no longer be allowed to be loaded via this mode unless they are explicitly allowlisted by the user via `torch.serialization.add_safe_globals`. We recommend you start setting `weights_only=True` for any use case where you don't have full control of the loaded file. Please open an issue on GitHub for any issues related to this experimental feature.
  agent.load_state_dict(torch.load(args.model_path, map_location=device))
wandb: updating run metadata
wandb: uploading history steps 0-100, summary, console lines 102-110
wandb: 
wandb: Run history:
wandb:         eval/episode ▁▁▁▁▂▂▂▂▂▂▃▃▃▃▃▄▄▄▄▄▅▅▅▅▅▅▅▆▆▆▆▆▆▇▇▇▇███
wandb: eval/episodic_return ▂█▅▂▂▃▂▅▆▂▅▃▄▄▃▁▄▅▂▆▄▃▁▃▁▁▂▅▅▂▂▄▂▁▂▃▂▃▄▆
wandb:   eval/eval_episodes ▁
wandb:      eval/iqm_return ▁
wandb:    eval/is_perturbed ▁
wandb:      eval/max_return ▁
wandb:     eval/mean_return ▁
wandb:   eval/median_return ▁
wandb:      eval/min_return ▁
wandb:      eval/std_return ▁
wandb: 
wandb: Run summary:
wandb:         eval/episode 99
wandb: eval/episodic_return 17149.81652
wandb:   eval/eval_episodes 100
wandb:      eval/iqm_return 6369.31283
wandb:    eval/is_perturbed 1
wandb:      eval/max_return 30304.22079
wandb:     eval/mean_return 7432.81254
wandb:   eval/median_return 5944.24389
wandb:      eval/min_return 28.43446
wandb:      eval/std_return 5360.85555
wandb: 
wandb: 🚀 View run s5_tv_friction_1p1 at: https://wandb.ai/arjun-mahesh-duke-university/cleanrl/runs/7gag34bw
wandb: ⭐️ View project at: https://wandb.ai/arjun-mahesh-duke-university/cleanrl
wandb: Synced 5 W&B file(s), 0 media file(s), 0 artifact file(s) and 0 other file(s)
wandb: Find logs at: ./wandb/run-20260222_213149-7gag34bw/logs
loaded normalization stats from /home/users/am1015/rl_runs/Walker2d-v4__ppo_cont_tv_final_cap3500__5__1771811496/ppo_cont_tv_final_cap3500.cleanrl_model.norm_stats.npz
eval_episode=0, episodic_return=18111.074234503703
eval_episode=1, episodic_return=2183.5474482635364
eval_episode=2, episodic_return=3553.3412369792127
eval_episode=3, episodic_return=22781.252707943175
eval_episode=4, episodic_return=11607.073608205284
eval_episode=5, episodic_return=3385.0387427922383
eval_episode=6, episodic_return=4443.348889261871
eval_episode=7, episodic_return=8355.713001170721
eval_episode=8, episodic_return=19796.877111937105
eval_episode=9, episodic_return=10240.667169060678
eval_episode=10, episodic_return=2493.9108941383342
eval_episode=11, episodic_return=9978.695404256721
eval_episode=12, episodic_return=2420.231424721097
eval_episode=13, episodic_return=7733.27804432057
eval_episode=14, episodic_return=3440.7266600403614
eval_episode=15, episodic_return=10849.148369944174
eval_episode=16, episodic_return=14096.547327608198
eval_episode=17, episodic_return=16098.379846886477
eval_episode=18, episodic_return=5866.032452293481
eval_episode=19, episodic_return=4203.994778910843
eval_episode=20, episodic_return=4876.586981002382
eval_episode=21, episodic_return=3511.0714337932086
eval_episode=22, episodic_return=30304.220787233487
eval_episode=23, episodic_return=12595.108983881953
eval_episode=24, episodic_return=13757.572807983648
eval_episode=25, episodic_return=6567.274140237057
eval_episode=26, episodic_return=9404.255994968804
eval_episode=27, episodic_return=9470.979321483239
eval_episode=28, episodic_return=7765.880672618733
eval_episode=29, episodic_return=9367.593872557236
eval_episode=30, episodic_return=5576.620512894054
eval_episode=31, episodic_return=8229.353275221836
eval_episode=32, episodic_return=5023.835070955463
eval_episode=33, episodic_return=23178.389292137657
eval_episode=34, episodic_return=3816.571833759206
eval_episode=35, episodic_return=5464.301747147298
eval_episode=36, episodic_return=6621.367777800363
eval_episode=37, episodic_return=6484.943918269584
eval_episode=38, episodic_return=1079.4874577351522
eval_episode=39, episodic_return=10542.149572629362
eval_episode=40, episodic_return=10252.239009382069
eval_episode=41, episodic_return=14547.945869775367
eval_episode=42, episodic_return=6212.67290597134
eval_episode=43, episodic_return=1739.0803007892175
eval_episode=44, episodic_return=4330.447016364718
eval_episode=45, episodic_return=323.14854089628733
eval_episode=46, episodic_return=3159.0345517269507
eval_episode=47, episodic_return=3414.101840390997
eval_episode=48, episodic_return=4200.394332070852
eval_episode=49, episodic_return=17245.200987863427
eval_episode=50, episodic_return=5641.240052416167
eval_episode=51, episodic_return=2528.6798911447045
eval_episode=52, episodic_return=28.434463910167054
eval_episode=53, episodic_return=11925.778079417925
eval_episode=54, episodic_return=1600.1910366905113
eval_episode=55, episodic_return=5221.73899032828
eval_episode=56, episodic_return=11043.589300193644
eval_episode=57, episodic_return=6327.93246253512
eval_episode=58, episodic_return=698.8539739381841
eval_episode=59, episodic_return=8476.20672202847
eval_episode=60, episodic_return=6022.455332947508
eval_episode=61, episodic_return=350.35126722011887
eval_episode=62, episodic_return=3246.6630111671766
eval_episode=63, episodic_return=7599.264566374076
eval_episode=64, episodic_return=8628.645250803054
eval_episode=65, episodic_return=1032.4868044650104
eval_episode=66, episodic_return=5011.2578036968125
eval_episode=67, episodic_return=6180.570863997029
eval_episode=68, episodic_return=4039.821782121086
eval_episode=69, episodic_return=4697.760008896114
eval_episode=70, episodic_return=4953.159221450462
eval_episode=71, episodic_return=13743.665746585111
eval_episode=72, episodic_return=11301.567082143732
eval_episode=73, episodic_return=12238.429073917468
eval_episode=74, episodic_return=3001.0202920233796
eval_episode=75, episodic_return=4430.852707293743
eval_episode=76, episodic_return=5520.99024788702
eval_episode=77, episodic_return=2821.8126984561377
eval_episode=78, episodic_return=11014.681595338958
eval_episode=79, episodic_return=5700.093996110665
eval_episode=80, episodic_return=7784.2154823349065
eval_episode=81, episodic_return=3960.7230945537713
eval_episode=82, episodic_return=625.2416999635064
eval_episode=83, episodic_return=3250.1685084312794
eval_episode=84, episodic_return=5397.2559364581675
eval_episode=85, episodic_return=5839.824517500191
eval_episode=86, episodic_return=6414.692361074142
eval_episode=87, episodic_return=10660.581762916143
eval_episode=88, episodic_return=3726.629837870868
eval_episode=89, episodic_return=5280.853530020474
eval_episode=90, episodic_return=5276.298613665408
eval_episode=91, episodic_return=3183.0884596315677
eval_episode=92, episodic_return=9007.733714927188
eval_episode=93, episodic_return=6822.504537049023
eval_episode=94, episodic_return=7118.737996948203
eval_episode=95, episodic_return=3293.2979469248844
eval_episode=96, episodic_return=9149.37298899014
eval_episode=97, episodic_return=10523.889967089406
eval_episode=98, episodic_return=13087.42164888091
eval_episode=99, episodic_return=17149.816517047522
mean_return=7432.8125
std_return=5360.8556
median_return=5944.2439
iqm_return=6369.3128
min_return=28.4345
max_return=30304.2208
metrics appended to /home/users/am1015/cleanrl/sweeps/metrics/seed_5.csv
wandb: [wandb.login()] Loaded credentials for https://api.wandb.ai from /home/users/am1015/.netrc.
wandb: Currently logged in as: arjun-mahesh (arjun-mahesh-duke-university) to https://api.wandb.ai. Use `wandb login --relogin` to force relogin
wandb: setting up run rw6dw0z6
wandb: Tracking run with wandb version 0.25.0
wandb: Run data is saved locally in /home/users/am1015/cleanrl/wandb/run-20260222_213344-rw6dw0z6
wandb: Run `wandb offline` to turn off syncing.
wandb: Syncing run s5_vanilla_friction_1p2
wandb: ⭐️ View project at https://wandb.ai/arjun-mahesh-duke-university/cleanrl
wandb: 🚀 View run at https://wandb.ai/arjun-mahesh-duke-university/cleanrl/runs/rw6dw0z6
/home/users/am1015/cleanrl/.venv/lib/python3.11/site-packages/gymnasium/envs/registration.py:512: DeprecationWarning: [33mWARN: The environment Walker2d-v4 is out of date. You should consider upgrading to version `v5`.[0m
  logger.deprecation(
/home/users/am1015/cleanrl/evaluate_ppo_robust.py:162: FutureWarning: You are using `torch.load` with `weights_only=False` (the current default value), which uses the default pickle module implicitly. It is possible to construct malicious pickle data which will execute arbitrary code during unpickling (See https://github.com/pytorch/pytorch/blob/main/SECURITY.md#untrusted-models for more details). In a future release, the default value for `weights_only` will be flipped to `True`. This limits the functions that could be executed during unpickling. Arbitrary objects will no longer be allowed to be loaded via this mode unless they are explicitly allowlisted by the user via `torch.serialization.add_safe_globals`. We recommend you start setting `weights_only=True` for any use case where you don't have full control of the loaded file. Please open an issue on GitHub for any issues related to this experimental feature.
  agent.load_state_dict(torch.load(args.model_path, map_location=device))
wandb: updating run metadata
wandb: uploading history steps 0-100, summary, console lines 102-110
wandb: 
wandb: Run history:
wandb:         eval/episode ▁▁▁▁▁▂▂▂▂▃▃▃▃▃▄▄▄▄▄▄▅▅▅▅▅▅▆▆▆▆▆▆▆▆▇▇▇▇▇█
wandb: eval/episodic_return █▁▅▄▅▄▄▄▄▅▆▂▅▇▄▄▁▅▄▅▄▃▅▄▅▄▅▅▄▄▄▄▅▄▅▅▅▄▅▅
wandb:   eval/eval_episodes ▁
wandb:      eval/iqm_return ▁
wandb:    eval/is_perturbed ▁
wandb:      eval/max_return ▁
wandb:     eval/mean_return ▁
wandb:   eval/median_return ▁
wandb:      eval/min_return ▁
wandb:      eval/std_return ▁
wandb: 
wandb: Run summary:
wandb:         eval/episode 99
wandb: eval/episodic_return 3287.28755
wandb:   eval/eval_episodes 100
wandb:      eval/iqm_return 2727.75947
wandb:    eval/is_perturbed 1
wandb:      eval/max_return 7117.91891
wandb:     eval/mean_return 2766.3016
wandb:   eval/median_return 2650.77107
wandb:      eval/min_return 19.29856
wandb:      eval/std_return 1165.39304
wandb: 
wandb: 🚀 View run s5_vanilla_friction_1p2 at: https://wandb.ai/arjun-mahesh-duke-university/cleanrl/runs/rw6dw0z6
wandb: ⭐️ View project at: https://wandb.ai/arjun-mahesh-duke-university/cleanrl
wandb: Synced 5 W&B file(s), 0 media file(s), 0 artifact file(s) and 0 other file(s)
wandb: Find logs at: ./wandb/run-20260222_213344-rw6dw0z6/logs
loaded normalization stats from /home/users/am1015/rl_runs/Walker2d-v4__ppo_cont_vanilla_final__5__1771811166/ppo_cont_vanilla_final.cleanrl_model.norm_stats.npz
eval_episode=0, episodic_return=4393.32652135347
eval_episode=1, episodic_return=5449.786513404513
eval_episode=2, episodic_return=2565.931290783766
eval_episode=3, episodic_return=2397.295762476705
eval_episode=4, episodic_return=19.298556016544133
eval_episode=5, episodic_return=4326.490316536787
eval_episode=6, episodic_return=2104.9226184078348
eval_episode=7, episodic_return=3381.1341095721973
eval_episode=8, episodic_return=2568.9798596911432
eval_episode=9, episodic_return=3125.1083835135078
eval_episode=10, episodic_return=3742.150429742183
eval_episode=11, episodic_return=2133.6904543555124
eval_episode=12, episodic_return=3841.1902061808737
eval_episode=13, episodic_return=2461.4907305962533
eval_episode=14, episodic_return=2372.2567306799074
eval_episode=15, episodic_return=2577.8610111513676
eval_episode=16, episodic_return=4282.506777882123
eval_episode=17, episodic_return=2474.8864368962577
eval_episode=18, episodic_return=3468.3483471525983
eval_episode=19, episodic_return=2214.2020828300156
eval_episode=20, episodic_return=2590.7019900673367
eval_episode=21, episodic_return=2347.816373108242
eval_episode=22, episodic_return=2839.024759134704
eval_episode=23, episodic_return=3927.7962387441603
eval_episode=24, episodic_return=4774.847283978805
eval_episode=25, episodic_return=3895.9667998877803
eval_episode=26, episodic_return=2667.133507640547
eval_episode=27, episodic_return=3303.6272522255626
eval_episode=28, episodic_return=846.8878697363547
eval_episode=29, episodic_return=3484.972256790002
eval_episode=30, episodic_return=1677.1129916165
eval_episode=31, episodic_return=4572.549678946736
eval_episode=32, episodic_return=7117.918905430638
eval_episode=33, episodic_return=2565.7161440466452
eval_episode=34, episodic_return=3495.0099192688613
eval_episode=35, episodic_return=2609.2195502124196
eval_episode=36, episodic_return=801.0344716188546
eval_episode=37, episodic_return=324.3577196170863
eval_episode=38, episodic_return=3803.0564537080495
eval_episode=39, episodic_return=1555.1886309089532
eval_episode=40, episodic_return=2528.4383476496073
eval_episode=41, episodic_return=3305.2269227637585
eval_episode=42, episodic_return=2580.1514594033756
eval_episode=43, episodic_return=2111.073371030934
eval_episode=44, episodic_return=3559.2216169677786
eval_episode=45, episodic_return=2980.3174942774363
eval_episode=46, episodic_return=6645.179019406723
eval_episode=47, episodic_return=2612.944723402393
eval_episode=48, episodic_return=2025.1911938854837
eval_episode=49, episodic_return=2216.886689925844
eval_episode=50, episodic_return=2972.705531046491
eval_episode=51, episodic_return=1740.5002819129875
eval_episode=52, episodic_return=3831.1657913898102
eval_episode=53, episodic_return=3092.901078994501
eval_episode=54, episodic_return=2205.347019449589
eval_episode=55, episodic_return=3105.4398891529636
eval_episode=56, episodic_return=984.0841589138984
eval_episode=57, episodic_return=2777.0140788679237
eval_episode=58, episodic_return=2857.3782311091704
eval_episode=59, episodic_return=2351.910399126274
eval_episode=60, episodic_return=2721.537944687348
eval_episode=61, episodic_return=2394.8306627697048
eval_episode=62, episodic_return=3188.4124057124086
eval_episode=63, episodic_return=2030.6229371550962
eval_episode=64, episodic_return=2215.744546283326
eval_episode=65, episodic_return=3034.850621796396
eval_episode=66, episodic_return=940.8092728552227
eval_episode=67, episodic_return=3353.0202208700225
eval_episode=68, episodic_return=2661.2552781343466
eval_episode=69, episodic_return=2496.7474569672845
eval_episode=70, episodic_return=2640.2868519270496
eval_episode=71, episodic_return=89.52292214104064
eval_episode=72, episodic_return=819.7652873831609
eval_episode=73, episodic_return=2030.2614404322383
eval_episode=74, episodic_return=3288.2891909433183
eval_episode=75, episodic_return=2913.269582252889
eval_episode=76, episodic_return=781.5977226844943
eval_episode=77, episodic_return=2532.6395358329337
eval_episode=78, episodic_return=2934.9271411376844
eval_episode=79, episodic_return=2390.6809185627435
eval_episode=80, episodic_return=2761.195298742542
eval_episode=81, episodic_return=2098.2645823156895
eval_episode=82, episodic_return=3811.209009788076
eval_episode=83, episodic_return=2539.4350867842345
eval_episode=84, episodic_return=3362.2467750088217
eval_episode=85, episodic_return=3191.88813764514
eval_episode=86, episodic_return=252.60646192728973
eval_episode=87, episodic_return=2360.0382174964857
eval_episode=88, episodic_return=2913.308395324175
eval_episode=89, episodic_return=2774.534844014896
eval_episode=90, episodic_return=3158.859131541376
eval_episode=91, episodic_return=3072.0070111157847
eval_episode=92, episodic_return=4603.471983543696
eval_episode=93, episodic_return=2054.3897276191906
eval_episode=94, episodic_return=3821.9572436725093
eval_episode=95, episodic_return=2090.5817483457017
eval_episode=96, episodic_return=2979.604514472925
eval_episode=97, episodic_return=2393.2053238905064
eval_episode=98, episodic_return=2061.123746342984
eval_episode=99, episodic_return=3287.2875528445406
mean_return=2766.3016
std_return=1165.3930
median_return=2650.7711
iqm_return=2727.7595
min_return=19.2986
max_return=7117.9189
metrics appended to /home/users/am1015/cleanrl/sweeps/metrics/seed_5.csv
wandb: [wandb.login()] Loaded credentials for https://api.wandb.ai from /home/users/am1015/.netrc.
wandb: Currently logged in as: arjun-mahesh (arjun-mahesh-duke-university) to https://api.wandb.ai. Use `wandb login --relogin` to force relogin
wandb: setting up run bfussg0j
wandb: Tracking run with wandb version 0.25.0
wandb: Run data is saved locally in /home/users/am1015/cleanrl/wandb/run-20260222_213436-bfussg0j
wandb: Run `wandb offline` to turn off syncing.
wandb: Syncing run s5_tv_friction_1p2
wandb: ⭐️ View project at https://wandb.ai/arjun-mahesh-duke-university/cleanrl
wandb: 🚀 View run at https://wandb.ai/arjun-mahesh-duke-university/cleanrl/runs/bfussg0j
/home/users/am1015/cleanrl/.venv/lib/python3.11/site-packages/gymnasium/envs/registration.py:512: DeprecationWarning: [33mWARN: The environment Walker2d-v4 is out of date. You should consider upgrading to version `v5`.[0m
  logger.deprecation(
/home/users/am1015/cleanrl/evaluate_ppo_robust.py:162: FutureWarning: You are using `torch.load` with `weights_only=False` (the current default value), which uses the default pickle module implicitly. It is possible to construct malicious pickle data which will execute arbitrary code during unpickling (See https://github.com/pytorch/pytorch/blob/main/SECURITY.md#untrusted-models for more details). In a future release, the default value for `weights_only` will be flipped to `True`. This limits the functions that could be executed during unpickling. Arbitrary objects will no longer be allowed to be loaded via this mode unless they are explicitly allowlisted by the user via `torch.serialization.add_safe_globals`. We recommend you start setting `weights_only=True` for any use case where you don't have full control of the loaded file. Please open an issue on GitHub for any issues related to this experimental feature.
  agent.load_state_dict(torch.load(args.model_path, map_location=device))
wandb: updating run metadata
wandb: uploading history steps 0-100, summary, console lines 98-110
wandb: 
wandb: Run history:
wandb:         eval/episode ▁▁▁▁▁▂▂▂▂▂▂▂▂▃▃▃▃▃▄▄▄▅▅▅▅▅▅▅▆▆▆▆▇▇▇▇▇███
wandb: eval/episodic_return ▅▃▄▆▄█▄▁▄▄▅▅▅▄▅▄▆▃▄▅▅▄▄▆▄▂▂▃▄▄▄▇▄▅█▃▄▅▇▆
wandb:   eval/eval_episodes ▁
wandb:      eval/iqm_return ▁
wandb:    eval/is_perturbed ▁
wandb:      eval/max_return ▁
wandb:     eval/mean_return ▁
wandb:   eval/median_return ▁
wandb:      eval/min_return ▁
wandb:      eval/std_return ▁
wandb: 
wandb: Run summary:
wandb:         eval/episode 99
wandb: eval/episodic_return 2603.88653
wandb:   eval/eval_episodes 100
wandb:      eval/iqm_return 2870.35313
wandb:    eval/is_perturbed 1
wandb:      eval/max_return 6246.13816
wandb:     eval/mean_return 2979.74323
wandb:   eval/median_return 2841.43801
wandb:      eval/min_return 17.41853
wandb:      eval/std_return 1106.61946
wandb: 
wandb: 🚀 View run s5_tv_friction_1p2 at: https://wandb.ai/arjun-mahesh-duke-university/cleanrl/runs/bfussg0j
wandb: ⭐️ View project at: https://wandb.ai/arjun-mahesh-duke-university/cleanrl
wandb: Synced 5 W&B file(s), 0 media file(s), 0 artifact file(s) and 0 other file(s)
wandb: Find logs at: ./wandb/run-20260222_213436-bfussg0j/logs
loaded normalization stats from /home/users/am1015/rl_runs/Walker2d-v4__ppo_cont_tv_final_cap3500__5__1771811496/ppo_cont_tv_final_cap3500.cleanrl_model.norm_stats.npz
eval_episode=0, episodic_return=3951.4848473632674
eval_episode=1, episodic_return=3404.8925730844862
eval_episode=2, episodic_return=1881.7878650247126
eval_episode=3, episodic_return=2452.457373094399
eval_episode=4, episodic_return=2110.1202254114482
eval_episode=5, episodic_return=5351.604267858557
eval_episode=6, episodic_return=2711.76777128003
eval_episode=7, episodic_return=4099.494352903491
eval_episode=8, episodic_return=3429.3711288340824
eval_episode=9, episodic_return=2270.22683676386
eval_episode=10, episodic_return=2589.775167280732
eval_episode=11, episodic_return=1715.476152812237
eval_episode=12, episodic_return=5996.739576997781
eval_episode=13, episodic_return=2888.3101545761024
eval_episode=14, episodic_return=2932.7542188646867
eval_episode=15, episodic_return=3899.3437495925746
eval_episode=16, episodic_return=2538.9305108533244
eval_episode=17, episodic_return=17.418528896005917
eval_episode=18, episodic_return=4327.819062209333
eval_episode=19, episodic_return=1197.9932801953225
eval_episode=20, episodic_return=2837.134265037975
eval_episode=21, episodic_return=3278.864645794069
eval_episode=22, episodic_return=3105.161572642645
eval_episode=23, episodic_return=3151.186585740591
eval_episode=24, episodic_return=2333.6445736875216
eval_episode=25, episodic_return=2952.194014222411
eval_episode=26, episodic_return=3757.894114658528
eval_episode=27, episodic_return=3968.100361326056
eval_episode=28, episodic_return=3878.2818158683567
eval_episode=29, episodic_return=4486.1702568020655
eval_episode=30, episodic_return=3433.610551869148
eval_episode=31, episodic_return=3850.314999231405
eval_episode=32, episodic_return=1996.639438972549
eval_episode=33, episodic_return=2514.3589268531605
eval_episode=34, episodic_return=1819.3797798995759
eval_episode=35, episodic_return=3806.6331864400054
eval_episode=36, episodic_return=4336.922641952227
eval_episode=37, episodic_return=4987.854621646225
eval_episode=38, episodic_return=3020.262483266197
eval_episode=39, episodic_return=2715.979328815044
eval_episode=40, episodic_return=2604.0746049864556
eval_episode=41, episodic_return=295.24941536806654
eval_episode=42, episodic_return=3021.451161091395
eval_episode=43, episodic_return=4027.623921604223
eval_episode=44, episodic_return=1774.2427319523692
eval_episode=45, episodic_return=2005.0018253805479
eval_episode=46, episodic_return=2336.931335518459
eval_episode=47, episodic_return=2334.0650769360464
eval_episode=48, episodic_return=4408.366902279135
eval_episode=49, episodic_return=3522.363116890979
eval_episode=50, episodic_return=1187.70786672777
eval_episode=51, episodic_return=3216.4497539469653
eval_episode=52, episodic_return=2639.596805200168
eval_episode=53, episodic_return=4373.804599355134
eval_episode=54, episodic_return=2189.302215804629
eval_episode=55, episodic_return=4207.425090569662
eval_episode=56, episodic_return=1529.651980612714
eval_episode=57, episodic_return=3890.5327088900212
eval_episode=58, episodic_return=3228.7870532620304
eval_episode=59, episodic_return=2500.9687214803207
eval_episode=60, episodic_return=2335.3605982991503
eval_episode=61, episodic_return=4195.928487451745
eval_episode=62, episodic_return=2474.3865487031694
eval_episode=63, episodic_return=1792.6284636792475
eval_episode=64, episodic_return=1070.9237561173243
eval_episode=65, episodic_return=1092.2542346168768
eval_episode=66, episodic_return=2712.749316005323
eval_episode=67, episodic_return=2174.343554733544
eval_episode=68, episodic_return=2702.199468942351
eval_episode=69, episodic_return=2536.536400317773
eval_episode=70, episodic_return=2886.8410390641748
eval_episode=71, episodic_return=2916.9845826374453
eval_episode=72, episodic_return=3082.1457488054457
eval_episode=73, episodic_return=2513.6095164907206
eval_episode=74, episodic_return=3076.3816362217503
eval_episode=75, episodic_return=2845.7417600836056
eval_episode=76, episodic_return=2166.863884099647
eval_episode=77, episodic_return=2051.39667168748
eval_episode=78, episodic_return=2309.4449433716136
eval_episode=79, episodic_return=2607.8273012033233
eval_episode=80, episodic_return=4966.572651128404
eval_episode=81, episodic_return=2596.80434862238
eval_episode=82, episodic_return=1939.0815200825143
eval_episode=83, episodic_return=3707.1347902325574
eval_episode=84, episodic_return=6246.1381556604865
eval_episode=85, episodic_return=4444.644071084116
eval_episode=86, episodic_return=2906.2246871909997
eval_episode=87, episodic_return=1999.4160060759411
eval_episode=88, episodic_return=2287.4808218807166
eval_episode=89, episodic_return=2927.4774695732567
eval_episode=90, episodic_return=4220.3021773745095
eval_episode=91, episodic_return=2428.5977450236974
eval_episode=92, episodic_return=2162.5542043490927
eval_episode=93, episodic_return=3285.316369533815
eval_episode=94, episodic_return=5416.583432808884
eval_episode=95, episodic_return=3538.0423354268205
eval_episode=96, episodic_return=2751.285740335055
eval_episode=97, episodic_return=4081.3946729835206
eval_episode=98, episodic_return=2628.884956422363
eval_episode=99, episodic_return=2603.8865349449657
mean_return=2979.7432
std_return=1106.6195
median_return=2841.4380
iqm_return=2870.3531
min_return=17.4185
max_return=6246.1382
metrics appended to /home/users/am1015/cleanrl/sweeps/metrics/seed_5.csv
wandb: [wandb.login()] Loaded credentials for https://api.wandb.ai from /home/users/am1015/.netrc.
wandb: Currently logged in as: arjun-mahesh (arjun-mahesh-duke-university) to https://api.wandb.ai. Use `wandb login --relogin` to force relogin
wandb: setting up run 7az24xw0
wandb: Tracking run with wandb version 0.25.0
wandb: Run data is saved locally in /home/users/am1015/cleanrl/wandb/run-20260222_213529-7az24xw0
wandb: Run `wandb offline` to turn off syncing.
wandb: Syncing run s5_vanilla_friction_1p3
wandb: ⭐️ View project at https://wandb.ai/arjun-mahesh-duke-university/cleanrl
wandb: 🚀 View run at https://wandb.ai/arjun-mahesh-duke-university/cleanrl/runs/7az24xw0
/home/users/am1015/cleanrl/.venv/lib/python3.11/site-packages/gymnasium/envs/registration.py:512: DeprecationWarning: [33mWARN: The environment Walker2d-v4 is out of date. You should consider upgrading to version `v5`.[0m
  logger.deprecation(
/home/users/am1015/cleanrl/evaluate_ppo_robust.py:162: FutureWarning: You are using `torch.load` with `weights_only=False` (the current default value), which uses the default pickle module implicitly. It is possible to construct malicious pickle data which will execute arbitrary code during unpickling (See https://github.com/pytorch/pytorch/blob/main/SECURITY.md#untrusted-models for more details). In a future release, the default value for `weights_only` will be flipped to `True`. This limits the functions that could be executed during unpickling. Arbitrary objects will no longer be allowed to be loaded via this mode unless they are explicitly allowlisted by the user via `torch.serialization.add_safe_globals`. We recommend you start setting `weights_only=True` for any use case where you don't have full control of the loaded file. Please open an issue on GitHub for any issues related to this experimental feature.
  agent.load_state_dict(torch.load(args.model_path, map_location=device))
wandb: updating run metadata
wandb: uploading history steps 0-100, summary, console lines 99-110
wandb: 
wandb: Run history:
wandb:         eval/episode ▁▁▁▁▂▂▂▂▂▃▃▃▃▄▄▄▄▄▄▅▅▅▅▅▅▆▆▆▆▇▇▇▇▇▇▇████
wandb: eval/episodic_return ▃▃▃▂▄▆▆▂▄▅▃▄▄▅▄▆▆▃▃█▅▃▄▄▄█▃▆▂▄▄▃▁▁▂▆▃▂▆▁
wandb:   eval/eval_episodes ▁
wandb:      eval/iqm_return ▁
wandb:    eval/is_perturbed ▁
wandb:      eval/max_return ▁
wandb:     eval/mean_return ▁
wandb:   eval/median_return ▁
wandb:      eval/min_return ▁
wandb:      eval/std_return ▁
wandb: 
wandb: Run summary:
wandb:         eval/episode 99
wandb: eval/episodic_return 2306.23914
wandb:   eval/eval_episodes 100
wandb:      eval/iqm_return 1717.09678
wandb:    eval/is_perturbed 1
wandb:      eval/max_return 3573.11217
wandb:     eval/mean_return 1747.90498
wandb:   eval/median_return 1762.82276
wandb:      eval/min_return 12.27104
wandb:      eval/std_return 639.73191
wandb: 
wandb: 🚀 View run s5_vanilla_friction_1p3 at: https://wandb.ai/arjun-mahesh-duke-university/cleanrl/runs/7az24xw0
wandb: ⭐️ View project at: https://wandb.ai/arjun-mahesh-duke-university/cleanrl
wandb: Synced 5 W&B file(s), 0 media file(s), 0 artifact file(s) and 0 other file(s)
wandb: Find logs at: ./wandb/run-20260222_213529-7az24xw0/logs
loaded normalization stats from /home/users/am1015/rl_runs/Walker2d-v4__ppo_cont_vanilla_final__5__1771811166/ppo_cont_vanilla_final.cleanrl_model.norm_stats.npz
eval_episode=0, episodic_return=1203.3953781377747
eval_episode=1, episodic_return=1488.4419039502525
eval_episode=2, episodic_return=1675.9043065452202
eval_episode=3, episodic_return=1517.1032156425258
eval_episode=4, episodic_return=2767.439399411072
eval_episode=5, episodic_return=2702.6194274821246
eval_episode=6, episodic_return=1965.079587767042
eval_episode=7, episodic_return=1374.2793561473143
eval_episode=8, episodic_return=1796.1151630807444
eval_episode=9, episodic_return=1653.1047368236805
eval_episode=10, episodic_return=1492.2716276383985
eval_episode=11, episodic_return=1699.5422742806647
eval_episode=12, episodic_return=3573.112173774442
eval_episode=13, episodic_return=1438.8635241016614
eval_episode=14, episodic_return=1133.8122458850426
eval_episode=15, episodic_return=1797.1112663267595
eval_episode=16, episodic_return=2312.6600097231767
eval_episode=17, episodic_return=1783.666155195396
eval_episode=18, episodic_return=2011.8889469217636
eval_episode=19, episodic_return=2622.1631225558763
eval_episode=20, episodic_return=2592.305102349688
eval_episode=21, episodic_return=1133.4444147107251
eval_episode=22, episodic_return=1848.3789922024216
eval_episode=23, episodic_return=2067.5716685794305
eval_episode=24, episodic_return=1898.688891879225
eval_episode=25, episodic_return=1991.2760417068491
eval_episode=26, episodic_return=1410.0591975603672
eval_episode=27, episodic_return=1890.1632560726573
eval_episode=28, episodic_return=2333.807766122522
eval_episode=29, episodic_return=1949.422719982632
eval_episode=30, episodic_return=1980.2998881903636
eval_episode=31, episodic_return=996.2364612349221
eval_episode=32, episodic_return=2106.007548775987
eval_episode=33, episodic_return=1215.8928599028673
eval_episode=34, episodic_return=1989.4481510288622
eval_episode=35, episodic_return=1755.112181587888
eval_episode=36, episodic_return=2660.5651486871207
eval_episode=37, episodic_return=1208.974065933722
eval_episode=38, episodic_return=2503.4902011377785
eval_episode=39, episodic_return=34.135964795210356
eval_episode=40, episodic_return=1770.5333366483505
eval_episode=41, episodic_return=1271.6142991780998
eval_episode=42, episodic_return=1870.2076499488667
eval_episode=43, episodic_return=2505.057090353522
eval_episode=44, episodic_return=1806.5314291126876
eval_episode=45, episodic_return=2020.183109492551
eval_episode=46, episodic_return=3030.526442182741
eval_episode=47, episodic_return=1390.2729635530172
eval_episode=48, episodic_return=1427.8916491953166
eval_episode=49, episodic_return=3175.7872588579976
eval_episode=50, episodic_return=1392.116310786866
eval_episode=51, episodic_return=2101.2082664744544
eval_episode=52, episodic_return=1436.8478188664467
eval_episode=53, episodic_return=791.3034889665199
eval_episode=54, episodic_return=1841.060400179303
eval_episode=55, episodic_return=1719.205737195059
eval_episode=56, episodic_return=1729.7636351023455
eval_episode=57, episodic_return=1582.4217576727528
eval_episode=58, episodic_return=1995.6112546109714
eval_episode=59, episodic_return=12.271035291565521
eval_episode=60, episodic_return=1975.292220256542
eval_episode=61, episodic_return=1832.8434492572546
eval_episode=62, episodic_return=153.3901373054036
eval_episode=63, episodic_return=1531.0492821563769
eval_episode=64, episodic_return=3062.487403865818
eval_episode=65, episodic_return=1451.6936682584249
eval_episode=66, episodic_return=2484.766602298819
eval_episode=67, episodic_return=1264.6745336650665
eval_episode=68, episodic_return=1816.9275082692316
eval_episode=69, episodic_return=2062.3002782082826
eval_episode=70, episodic_return=1916.7687201894614
eval_episode=71, episodic_return=873.6637602772723
eval_episode=72, episodic_return=1603.9047496386165
eval_episode=73, episodic_return=1528.7666297761084
eval_episode=74, episodic_return=2124.5622858353945
eval_episode=75, episodic_return=946.9432719305468
eval_episode=76, episodic_return=1350.956628588381
eval_episode=77, episodic_return=920.6986807841176
eval_episode=78, episodic_return=1146.8960300588635
eval_episode=79, episodic_return=1149.9045225506857
eval_episode=80, episodic_return=1371.277035618209
eval_episode=81, episodic_return=2055.1136023102645
eval_episode=82, episodic_return=2607.9251918774507
eval_episode=83, episodic_return=2155.780242388601
eval_episode=84, episodic_return=1464.0330336718434
eval_episode=85, episodic_return=1351.4368179541082
eval_episode=86, episodic_return=1893.9764002985082
eval_episode=87, episodic_return=2487.63227072776
eval_episode=88, episodic_return=894.7484107295014
eval_episode=89, episodic_return=1549.617051976117
eval_episode=90, episodic_return=2557.8006754524486
eval_episode=91, episodic_return=993.3447812706372
eval_episode=92, episodic_return=894.0871970692506
eval_episode=93, episodic_return=1268.9349088273927
eval_episode=94, episodic_return=1427.6561834627726
eval_episode=95, episodic_return=1808.637497618657
eval_episode=96, episodic_return=3191.974895641798
eval_episode=97, episodic_return=1257.8325526147912
eval_episode=98, episodic_return=1609.690744567799
eval_episode=99, episodic_return=2306.2391411564445
mean_return=1747.9050
std_return=639.7319
median_return=1762.8228
iqm_return=1717.0968
min_return=12.2710
max_return=3573.1122
metrics appended to /home/users/am1015/cleanrl/sweeps/metrics/seed_5.csv
wandb: [wandb.login()] Loaded credentials for https://api.wandb.ai from /home/users/am1015/.netrc.
wandb: Currently logged in as: arjun-mahesh (arjun-mahesh-duke-university) to https://api.wandb.ai. Use `wandb login --relogin` to force relogin
wandb: setting up run khz5705n
wandb: Tracking run with wandb version 0.25.0
wandb: Run data is saved locally in /home/users/am1015/cleanrl/wandb/run-20260222_213606-khz5705n
wandb: Run `wandb offline` to turn off syncing.
wandb: Syncing run s5_tv_friction_1p3
wandb: ⭐️ View project at https://wandb.ai/arjun-mahesh-duke-university/cleanrl
wandb: 🚀 View run at https://wandb.ai/arjun-mahesh-duke-university/cleanrl/runs/khz5705n
/home/users/am1015/cleanrl/.venv/lib/python3.11/site-packages/gymnasium/envs/registration.py:512: DeprecationWarning: [33mWARN: The environment Walker2d-v4 is out of date. You should consider upgrading to version `v5`.[0m
  logger.deprecation(
/home/users/am1015/cleanrl/evaluate_ppo_robust.py:162: FutureWarning: You are using `torch.load` with `weights_only=False` (the current default value), which uses the default pickle module implicitly. It is possible to construct malicious pickle data which will execute arbitrary code during unpickling (See https://github.com/pytorch/pytorch/blob/main/SECURITY.md#untrusted-models for more details). In a future release, the default value for `weights_only` will be flipped to `True`. This limits the functions that could be executed during unpickling. Arbitrary objects will no longer be allowed to be loaded via this mode unless they are explicitly allowlisted by the user via `torch.serialization.add_safe_globals`. We recommend you start setting `weights_only=True` for any use case where you don't have full control of the loaded file. Please open an issue on GitHub for any issues related to this experimental feature.
  agent.load_state_dict(torch.load(args.model_path, map_location=device))
wandb: updating run metadata
wandb: uploading history steps 0-100, summary, console lines 93-110
wandb: 
wandb: Run history:
wandb:         eval/episode ▁▁▂▂▂▂▂▂▂▃▃▃▃▃▃▄▄▄▄▅▅▅▅▅▅▆▆▆▆▆▆▆▇▇▇▇▇▇▇█
wandb: eval/episodic_return ▆█▄▃▄▅▆▆▄▇▆▃▂▅▄▆▅▃▄▂▃▃▃▁▃▆▄▇▆▃▃█▃▂▃▅▄▃▁▃
wandb:   eval/eval_episodes ▁
wandb:      eval/iqm_return ▁
wandb:    eval/is_perturbed ▁
wandb:      eval/max_return ▁
wandb:     eval/mean_return ▁
wandb:   eval/median_return ▁
wandb:      eval/min_return ▁
wandb:      eval/std_return ▁
wandb: 
wandb: Run summary:
wandb:         eval/episode 99
wandb: eval/episodic_return 1952.41295
wandb:   eval/eval_episodes 100
wandb:      eval/iqm_return 1778.99461
wandb:    eval/is_perturbed 1
wandb:      eval/max_return 3880.23429
wandb:     eval/mean_return 1867.67384
wandb:   eval/median_return 1785.76493
wandb:      eval/min_return 642.90347
wandb:      eval/std_return 617.73365
wandb: 
wandb: 🚀 View run s5_tv_friction_1p3 at: https://wandb.ai/arjun-mahesh-duke-university/cleanrl/runs/khz5705n
wandb: ⭐️ View project at: https://wandb.ai/arjun-mahesh-duke-university/cleanrl
wandb: Synced 5 W&B file(s), 0 media file(s), 0 artifact file(s) and 0 other file(s)
wandb: Find logs at: ./wandb/run-20260222_213606-khz5705n/logs
loaded normalization stats from /home/users/am1015/rl_runs/Walker2d-v4__ppo_cont_tv_final_cap3500__5__1771811496/ppo_cont_tv_final_cap3500.cleanrl_model.norm_stats.npz
eval_episode=0, episodic_return=1414.3622490960827
eval_episode=1, episodic_return=2602.4137098242913
eval_episode=2, episodic_return=1195.072033300876
eval_episode=3, episodic_return=3178.8383689811662
eval_episode=4, episodic_return=1799.35785036684
eval_episode=5, episodic_return=1788.7488506154166
eval_episode=6, episodic_return=1513.7773747840117
eval_episode=7, episodic_return=1834.12637062386
eval_episode=8, episodic_return=1489.100095024853
eval_episode=9, episodic_return=2048.5503914824394
eval_episode=10, episodic_return=2227.7684324237366
eval_episode=11, episodic_return=2156.0120002777503
eval_episode=12, episodic_return=1409.2326182037887
eval_episode=13, episodic_return=2764.1006793652373
eval_episode=14, episodic_return=2390.967754629121
eval_episode=15, episodic_return=2385.980594878122
eval_episode=16, episodic_return=1953.2742411341749
eval_episode=17, episodic_return=1714.9555761173804
eval_episode=18, episodic_return=2966.175998185192
eval_episode=19, episodic_return=1996.0145668173084
eval_episode=20, episodic_return=896.9561023902224
eval_episode=21, episodic_return=2707.352235295571
eval_episode=22, episodic_return=1443.0489033423105
eval_episode=23, episodic_return=2705.1296492808906
eval_episode=24, episodic_return=1627.6936828445569
eval_episode=25, episodic_return=1317.3304206659254
eval_episode=26, episodic_return=1123.6930015125606
eval_episode=27, episodic_return=2702.882492469174
eval_episode=28, episodic_return=2070.3428285243776
eval_episode=29, episodic_return=2701.1066941734343
eval_episode=30, episodic_return=1876.8951668967832
eval_episode=31, episodic_return=1695.341935080869
eval_episode=32, episodic_return=1492.3182876040837
eval_episode=33, episodic_return=2000.8044769919286
eval_episode=34, episodic_return=1595.2103309254603
eval_episode=35, episodic_return=1996.292495667628
eval_episode=36, episodic_return=1334.547447423653
eval_episode=37, episodic_return=2372.7028667062923
eval_episode=38, episodic_return=1490.037587485908
eval_episode=39, episodic_return=2108.5491048647573
eval_episode=40, episodic_return=2364.43979201457
eval_episode=41, episodic_return=2859.6922201993157
eval_episode=42, episodic_return=1957.775866362299
eval_episode=43, episodic_return=2002.5775466097389
eval_episode=44, episodic_return=1822.2835896179454
eval_episode=45, episodic_return=1625.6905100994873
eval_episode=46, episodic_return=1464.7274915077073
eval_episode=47, episodic_return=1828.3495086712983
eval_episode=48, episodic_return=1203.383598527542
eval_episode=49, episodic_return=915.1270920145213
eval_episode=50, episodic_return=1660.025757309027
eval_episode=51, episodic_return=1563.1953848070364
eval_episode=52, episodic_return=1888.1718394838213
eval_episode=53, episodic_return=3115.0071243174125
eval_episode=54, episodic_return=1726.6151419593862
eval_episode=55, episodic_return=1177.6352680739203
eval_episode=56, episodic_return=1676.3258290348294
eval_episode=57, episodic_return=1437.2959198519095
eval_episode=58, episodic_return=1466.3533346682448
eval_episode=59, episodic_return=1398.04686646514
eval_episode=60, episodic_return=1397.1778493833197
eval_episode=61, episodic_return=786.6527535482143
eval_episode=62, episodic_return=2369.9022957524226
eval_episode=63, episodic_return=2915.1131184614624
eval_episode=64, episodic_return=1416.8981845790204
eval_episode=65, episodic_return=1994.4087507166603
eval_episode=66, episodic_return=2319.425367718506
eval_episode=67, episodic_return=2702.767127061245
eval_episode=68, episodic_return=1684.6133238382656
eval_episode=69, episodic_return=1688.454567678013
eval_episode=70, episodic_return=2978.2096080600027
eval_episode=71, episodic_return=2599.777529321315
eval_episode=72, episodic_return=1782.7810013600913
eval_episode=73, episodic_return=2630.6028209596143
eval_episode=74, episodic_return=1487.2145348447677
eval_episode=75, episodic_return=3880.234291423781
eval_episode=76, episodic_return=1458.2081238502149
eval_episode=77, episodic_return=1509.9987977824997
eval_episode=78, episodic_return=3250.9462785687083
eval_episode=79, episodic_return=1484.7035173858787
eval_episode=80, episodic_return=642.9034665223528
eval_episode=81, episodic_return=1193.4243146615977
eval_episode=82, episodic_return=2319.7355093485617
eval_episode=83, episodic_return=1410.9266442820244
eval_episode=84, episodic_return=671.8305613657218
eval_episode=85, episodic_return=2275.9722148054025
eval_episode=86, episodic_return=1862.6334196338858
eval_episode=87, episodic_return=1944.085972258798
eval_episode=88, episodic_return=1631.2300112712303
eval_episode=89, episodic_return=1992.7282563163608
eval_episode=90, episodic_return=871.7130176571625
eval_episode=91, episodic_return=1575.6512806904866
eval_episode=92, episodic_return=1288.7474177169893
eval_episode=93, episodic_return=1530.9003382510934
eval_episode=94, episodic_return=1385.3624925236006
eval_episode=95, episodic_return=1434.5134280583488
eval_episode=96, episodic_return=2363.4109898087536
eval_episode=97, episodic_return=1936.4700069382166
eval_episode=98, episodic_return=904.8570682640235
eval_episode=99, episodic_return=1952.4129535824738
mean_return=1867.6738
std_return=617.7337
median_return=1785.7649
iqm_return=1778.9946
min_return=642.9035
max_return=3880.2343
metrics appended to /home/users/am1015/cleanrl/sweeps/metrics/seed_5.csv
