wandb: [wandb.login()] Loaded credentials for https://api.wandb.ai from /home/users/am1015/.netrc.
wandb: Currently logged in as: arjun-mahesh (arjun-mahesh-duke-university) to https://api.wandb.ai. Use `wandb login --relogin` to force relogin
wandb: Tracking run with wandb version 0.25.0
wandb: Run data is saved locally in /home/users/am1015/cleanrl/wandb/run-20260222_211538-t1x8xlpl
wandb: Run `wandb offline` to turn off syncing.
wandb: Syncing run s2_vanilla_nominal
wandb: ⭐️ View project at https://wandb.ai/arjun-mahesh-duke-university/cleanrl
wandb: 🚀 View run at https://wandb.ai/arjun-mahesh-duke-university/cleanrl/runs/t1x8xlpl
/home/users/am1015/cleanrl/.venv/lib/python3.11/site-packages/gymnasium/envs/registration.py:512: DeprecationWarning: [33mWARN: The environment Walker2d-v4 is out of date. You should consider upgrading to version `v5`.[0m
  logger.deprecation(
/home/users/am1015/cleanrl/evaluate_ppo_robust.py:162: FutureWarning: You are using `torch.load` with `weights_only=False` (the current default value), which uses the default pickle module implicitly. It is possible to construct malicious pickle data which will execute arbitrary code during unpickling (See https://github.com/pytorch/pytorch/blob/main/SECURITY.md#untrusted-models for more details). In a future release, the default value for `weights_only` will be flipped to `True`. This limits the functions that could be executed during unpickling. Arbitrary objects will no longer be allowed to be loaded via this mode unless they are explicitly allowlisted by the user via `torch.serialization.add_safe_globals`. We recommend you start setting `weights_only=True` for any use case where you don't have full control of the loaded file. Please open an issue on GitHub for any issues related to this experimental feature.
  agent.load_state_dict(torch.load(args.model_path, map_location=device))
wandb: updating run metadata
wandb: uploading history steps 0-100, summary, console lines 83-110
wandb: 
wandb: Run history:
wandb:         eval/episode ▁▁▁▂▂▂▂▂▂▂▃▃▃▃▃▄▄▄▄▄▅▅▅▅▅▅▅▅▆▆▆▇▇▇▇▇▇▇▇█
wandb: eval/episodic_return ▇▇▃▄▇▅▂▁▇███▃▁▆▇█▃▇▇▅▇▄▇▂▅▂▄▁████▁▅█▂▁██
wandb:   eval/eval_episodes ▁
wandb:      eval/iqm_return ▁
wandb:    eval/is_perturbed ▁
wandb:      eval/max_return ▁
wandb:     eval/mean_return ▁
wandb:   eval/median_return ▁
wandb:      eval/min_return ▁
wandb:      eval/std_return ▁
wandb: 
wandb: Run summary:
wandb:         eval/episode 99
wandb: eval/episodic_return 1889.86143
wandb:   eval/eval_episodes 100
wandb:      eval/iqm_return 3150.76419
wandb:    eval/is_perturbed 0
wandb:      eval/max_return 4038.70879
wandb:     eval/mean_return 2910.17022
wandb:   eval/median_return 3420.25698
wandb:      eval/min_return 592.15824
wandb:      eval/std_return 1020.4992
wandb: 
wandb: 🚀 View run s2_vanilla_nominal at: https://wandb.ai/arjun-mahesh-duke-university/cleanrl/runs/t1x8xlpl
wandb: ⭐️ View project at: https://wandb.ai/arjun-mahesh-duke-university/cleanrl
wandb: Synced 5 W&B file(s), 0 media file(s), 0 artifact file(s) and 0 other file(s)
wandb: Find logs at: ./wandb/run-20260222_211538-t1x8xlpl/logs
loaded normalization stats from /home/users/am1015/rl_runs/Walker2d-v4__ppo_cont_vanilla_final__2__1771811166/ppo_cont_vanilla_final.cleanrl_model.norm_stats.npz
eval_episode=0, episodic_return=3726.1702098333008
eval_episode=1, episodic_return=3632.146894713705
eval_episode=2, episodic_return=3459.7963931876848
eval_episode=3, episodic_return=3839.6410042472407
eval_episode=4, episodic_return=2143.6763432934645
eval_episode=5, episodic_return=3741.170982125561
eval_episode=6, episodic_return=1762.0224236790314
eval_episode=7, episodic_return=2303.061888720332
eval_episode=8, episodic_return=3717.187762895151
eval_episode=9, episodic_return=3866.0567879317096
eval_episode=10, episodic_return=3810.0349008098765
eval_episode=11, episodic_return=2062.5628184054844
eval_episode=12, episodic_return=3588.009214161122
eval_episode=13, episodic_return=2586.795356602651
eval_episode=14, episodic_return=1534.4081513502383
eval_episode=15, episodic_return=1162.060562922845
eval_episode=16, episodic_return=3768.1565049132455
eval_episode=17, episodic_return=3846.4230834295563
eval_episode=18, episodic_return=3814.9845619119315
eval_episode=19, episodic_return=3540.819583984878
eval_episode=20, episodic_return=3771.6837871418693
eval_episode=21, episodic_return=3941.9051788275997
eval_episode=22, episodic_return=3924.006394271176
eval_episode=23, episodic_return=3124.2578654987205
eval_episode=24, episodic_return=3760.4168937269014
eval_episode=25, episodic_return=3837.141087894392
eval_episode=26, episodic_return=2077.100175923944
eval_episode=27, episodic_return=1141.2413623584396
eval_episode=28, episodic_return=3926.4570887613722
eval_episode=29, episodic_return=3100.7266489582044
eval_episode=30, episodic_return=2643.588666507955
eval_episode=31, episodic_return=3611.8638001948657
eval_episode=32, episodic_return=3687.704046629134
eval_episode=33, episodic_return=1810.0193674374825
eval_episode=34, episodic_return=1136.9758413233224
eval_episode=35, episodic_return=592.1582356014399
eval_episode=36, episodic_return=1523.6926376417941
eval_episode=37, episodic_return=3794.63398348246
eval_episode=38, episodic_return=1783.070241915333
eval_episode=39, episodic_return=3579.1209959977414
eval_episode=40, episodic_return=3931.6841520493376
eval_episode=41, episodic_return=3895.4933925136406
eval_episode=42, episodic_return=3380.717569172079
eval_episode=43, episodic_return=2372.8222192914027
eval_episode=44, episodic_return=1894.957635346698
eval_episode=45, episodic_return=2468.0450044533864
eval_episode=46, episodic_return=3882.057638764107
eval_episode=47, episodic_return=3869.6651274030687
eval_episode=48, episodic_return=2913.8855141059375
eval_episode=49, episodic_return=3733.381768386121
eval_episode=50, episodic_return=1477.8967187936125
eval_episode=51, episodic_return=2432.657937406647
eval_episode=52, episodic_return=3963.644388788728
eval_episode=53, episodic_return=2937.114113416565
eval_episode=54, episodic_return=4000.220169755896
eval_episode=55, episodic_return=1480.5251107462877
eval_episode=56, episodic_return=3616.4444841141535
eval_episode=57, episodic_return=3982.9236786118827
eval_episode=58, episodic_return=1501.3946421524483
eval_episode=59, episodic_return=1975.6220819377143
eval_episode=60, episodic_return=1525.2811060005677
eval_episode=61, episodic_return=2815.322722392454
eval_episode=62, episodic_return=3957.6563124929653
eval_episode=63, episodic_return=1355.113734043535
eval_episode=64, episodic_return=2241.640197870978
eval_episode=65, episodic_return=1215.0343237426112
eval_episode=66, episodic_return=1975.4938295887118
eval_episode=67, episodic_return=3822.3038858433056
eval_episode=68, episodic_return=3827.0170795969198
eval_episode=69, episodic_return=3854.117215352953
eval_episode=70, episodic_return=2126.084568661576
eval_episode=71, episodic_return=3847.388298068762
eval_episode=72, episodic_return=1748.2196775724142
eval_episode=73, episodic_return=3872.407629092482
eval_episode=74, episodic_return=3731.570167639378
eval_episode=75, episodic_return=1122.1285110793033
eval_episode=76, episodic_return=2563.019642024307
eval_episode=77, episodic_return=3887.4513853630006
eval_episode=78, episodic_return=3729.7765692617145
eval_episode=79, episodic_return=1246.8329930321913
eval_episode=80, episodic_return=879.9015072855279
eval_episode=81, episodic_return=2856.9033983688614
eval_episode=82, episodic_return=3566.60473995145
eval_episode=83, episodic_return=2841.2791634346895
eval_episode=84, episodic_return=3733.964216495894
eval_episode=85, episodic_return=3146.88245382632
eval_episode=86, episodic_return=2918.1148624926236
eval_episode=87, episodic_return=3635.370071172102
eval_episode=88, episodic_return=3938.6718183980392
eval_episode=89, episodic_return=1582.139949411964
eval_episode=90, episodic_return=3750.7343791851736
eval_episode=91, episodic_return=3822.024072552537
eval_episode=92, episodic_return=3056.9657954682216
eval_episode=93, episodic_return=1197.1382081228392
eval_episode=94, episodic_return=3884.0459528189176
eval_episode=95, episodic_return=1479.968743324651
eval_episode=96, episodic_return=4038.7087932721006
eval_episode=97, episodic_return=2125.5913949189908
eval_episode=98, episodic_return=3824.188458240217
eval_episode=99, episodic_return=1889.861428891225
mean_return=2910.1702
std_return=1020.4992
median_return=3420.2570
iqm_return=3150.7642
min_return=592.1582
max_return=4038.7088
metrics appended to /home/users/am1015/cleanrl/sweeps/metrics/seed_2.csv
wandb: [wandb.login()] Loaded credentials for https://api.wandb.ai from /home/users/am1015/.netrc.
wandb: Currently logged in as: arjun-mahesh (arjun-mahesh-duke-university) to https://api.wandb.ai. Use `wandb login --relogin` to force relogin
wandb: Tracking run with wandb version 0.25.0
wandb: Run data is saved locally in /home/users/am1015/cleanrl/wandb/run-20260222_211641-b80h6t46
wandb: Run `wandb offline` to turn off syncing.
wandb: Syncing run s2_tv_nominal
wandb: ⭐️ View project at https://wandb.ai/arjun-mahesh-duke-university/cleanrl
wandb: 🚀 View run at https://wandb.ai/arjun-mahesh-duke-university/cleanrl/runs/b80h6t46
/home/users/am1015/cleanrl/.venv/lib/python3.11/site-packages/gymnasium/envs/registration.py:512: DeprecationWarning: [33mWARN: The environment Walker2d-v4 is out of date. You should consider upgrading to version `v5`.[0m
  logger.deprecation(
/home/users/am1015/cleanrl/evaluate_ppo_robust.py:162: FutureWarning: You are using `torch.load` with `weights_only=False` (the current default value), which uses the default pickle module implicitly. It is possible to construct malicious pickle data which will execute arbitrary code during unpickling (See https://github.com/pytorch/pytorch/blob/main/SECURITY.md#untrusted-models for more details). In a future release, the default value for `weights_only` will be flipped to `True`. This limits the functions that could be executed during unpickling. Arbitrary objects will no longer be allowed to be loaded via this mode unless they are explicitly allowlisted by the user via `torch.serialization.add_safe_globals`. We recommend you start setting `weights_only=True` for any use case where you don't have full control of the loaded file. Please open an issue on GitHub for any issues related to this experimental feature.
  agent.load_state_dict(torch.load(args.model_path, map_location=device))
wandb: updating run metadata
wandb: uploading output.log; uploading config.yaml
wandb: 
wandb: Run history:
wandb:         eval/episode ▁▁▁▁▁▂▂▂▃▃▃▃▃▃▄▄▄▄▄▄▅▅▅▅▅▆▆▆▆▆▇▇▇▇▇▇████
wandb: eval/episodic_return ██▁▅▃▅▃██▃██▂███▄▅▇███▅▆▁▃▇▅▃▂█▇▅████▂▂▇
wandb:   eval/eval_episodes ▁
wandb:      eval/iqm_return ▁
wandb:    eval/is_perturbed ▁
wandb:      eval/max_return ▁
wandb:     eval/mean_return ▁
wandb:   eval/median_return ▁
wandb:      eval/min_return ▁
wandb:      eval/std_return ▁
wandb: 
wandb: Run summary:
wandb:         eval/episode 99
wandb: eval/episodic_return 3590.39215
wandb:   eval/eval_episodes 100
wandb:      eval/iqm_return 3155.91931
wandb:    eval/is_perturbed 0
wandb:      eval/max_return 3960.89586
wandb:     eval/mean_return 2907.45063
wandb:   eval/median_return 3353.51451
wandb:      eval/min_return 497.23191
wandb:      eval/std_return 1008.56341
wandb: 
wandb: 🚀 View run s2_tv_nominal at: https://wandb.ai/arjun-mahesh-duke-university/cleanrl/runs/b80h6t46
wandb: ⭐️ View project at: https://wandb.ai/arjun-mahesh-duke-university/cleanrl
wandb: Synced 5 W&B file(s), 0 media file(s), 0 artifact file(s) and 0 other file(s)
wandb: Find logs at: ./wandb/run-20260222_211641-b80h6t46/logs
loaded normalization stats from /home/users/am1015/rl_runs/Walker2d-v4__ppo_cont_tv_final_cap3500__2__1771811496/ppo_cont_tv_final_cap3500.cleanrl_model.norm_stats.npz
eval_episode=0, episodic_return=3763.932260637559
eval_episode=1, episodic_return=3812.4499203325277
eval_episode=2, episodic_return=3377.9839655593946
eval_episode=3, episodic_return=3884.867637742776
eval_episode=4, episodic_return=3562.0905422211727
eval_episode=5, episodic_return=2471.6645020293695
eval_episode=6, episodic_return=2307.0194166064575
eval_episode=7, episodic_return=2690.2040112289546
eval_episode=8, episodic_return=3894.8814406971865
eval_episode=9, episodic_return=1396.9464974710781
eval_episode=10, episodic_return=1098.0607458893207
eval_episode=11, episodic_return=2502.3239309124024
eval_episode=12, episodic_return=3294.4478456551515
eval_episode=13, episodic_return=2698.9933344660058
eval_episode=14, episodic_return=2919.4965772219816
eval_episode=15, episodic_return=3748.9979711669193
eval_episode=16, episodic_return=2410.6601062196946
eval_episode=17, episodic_return=1940.8875923612145
eval_episode=18, episodic_return=3762.7789054855134
eval_episode=19, episodic_return=3851.691679419226
eval_episode=20, episodic_return=2769.9170428314437
eval_episode=21, episodic_return=1871.7026427817577
eval_episode=22, episodic_return=3716.146796462963
eval_episode=23, episodic_return=3880.9469658423222
eval_episode=24, episodic_return=3867.0980237456565
eval_episode=25, episodic_return=3862.9927208281415
eval_episode=26, episodic_return=3751.0197983343705
eval_episode=27, episodic_return=1739.41558189001
eval_episode=28, episodic_return=2300.000205843292
eval_episode=29, episodic_return=1411.0405533042822
eval_episode=30, episodic_return=3785.5499418307068
eval_episode=31, episodic_return=3887.787547280585
eval_episode=32, episodic_return=1533.367364005676
eval_episode=33, episodic_return=1322.8094697972008
eval_episode=34, episodic_return=2018.0459706643337
eval_episode=35, episodic_return=3880.8785054206364
eval_episode=36, episodic_return=3840.024667156969
eval_episode=37, episodic_return=3774.821799155986
eval_episode=38, episodic_return=3960.8958575565434
eval_episode=39, episodic_return=3860.6543591340346
eval_episode=40, episodic_return=2144.3212779492924
eval_episode=41, episodic_return=3922.3797361275956
eval_episode=42, episodic_return=2761.3188580082897
eval_episode=43, episodic_return=3790.7958186314113
eval_episode=44, episodic_return=1849.0572121534453
eval_episode=45, episodic_return=3407.4030556359658
eval_episode=46, episodic_return=1739.9251780925379
eval_episode=47, episodic_return=3835.089487451907
eval_episode=48, episodic_return=1330.3948760513963
eval_episode=49, episodic_return=3831.1521049690264
eval_episode=50, episodic_return=1908.92814683133
eval_episode=51, episodic_return=3768.0121499677994
eval_episode=52, episodic_return=2828.836404386542
eval_episode=53, episodic_return=1644.612978978017
eval_episode=54, episodic_return=3280.813334366789
eval_episode=55, episodic_return=2906.4153895062746
eval_episode=56, episodic_return=1132.4790608418334
eval_episode=57, episodic_return=3821.0332269166875
eval_episode=58, episodic_return=3680.601357450643
eval_episode=59, episodic_return=3868.8700881651753
eval_episode=60, episodic_return=3788.4264664752973
eval_episode=61, episodic_return=899.2765167333456
eval_episode=62, episodic_return=3823.5721913601546
eval_episode=63, episodic_return=2884.4994999814317
eval_episode=64, episodic_return=1830.2564911681136
eval_episode=65, episodic_return=3776.698174261711
eval_episode=66, episodic_return=1084.1485945605284
eval_episode=67, episodic_return=3498.1543998212887
eval_episode=68, episodic_return=2645.080818063405
eval_episode=69, episodic_return=3891.4877470309098
eval_episode=70, episodic_return=2034.0636783404386
eval_episode=71, episodic_return=1485.2145580396998
eval_episode=72, episodic_return=3775.902056385218
eval_episode=73, episodic_return=1544.5705447320888
eval_episode=74, episodic_return=1320.7790809493908
eval_episode=75, episodic_return=3732.4905633890303
eval_episode=76, episodic_return=3900.1901211554487
eval_episode=77, episodic_return=2122.5882631228787
eval_episode=78, episodic_return=3677.9665715425003
eval_episode=79, episodic_return=2023.9424572079004
eval_episode=80, episodic_return=3821.8676707955083
eval_episode=81, episodic_return=1416.9338015644335
eval_episode=82, episodic_return=3683.2678377677644
eval_episode=83, episodic_return=2722.3375348790128
eval_episode=84, episodic_return=3752.725810398276
eval_episode=85, episodic_return=3853.1280107327602
eval_episode=86, episodic_return=3906.7064879132004
eval_episode=87, episodic_return=3945.5106087646404
eval_episode=88, episodic_return=3754.955301391452
eval_episode=89, episodic_return=3855.733510394445
eval_episode=90, episodic_return=1413.80641981125
eval_episode=91, episodic_return=3329.0450633502423
eval_episode=92, episodic_return=3694.9420056290323
eval_episode=93, episodic_return=2983.7226672219545
eval_episode=94, episodic_return=1571.9470714902998
eval_episode=95, episodic_return=2516.591657475168
eval_episode=96, episodic_return=1203.4145322286872
eval_episode=97, episodic_return=497.2319095885828
eval_episode=98, episodic_return=3613.5597767843624
eval_episode=99, episodic_return=3590.3921544186574
mean_return=2907.4506
std_return=1008.5634
median_return=3353.5145
iqm_return=3155.9193
min_return=497.2319
max_return=3960.8959
metrics appended to /home/users/am1015/cleanrl/sweeps/metrics/seed_2.csv
wandb: [wandb.login()] Loaded credentials for https://api.wandb.ai from /home/users/am1015/.netrc.
wandb: Currently logged in as: arjun-mahesh (arjun-mahesh-duke-university) to https://api.wandb.ai. Use `wandb login --relogin` to force relogin
wandb: setting up run b6xshhsv
wandb: Tracking run with wandb version 0.25.0
wandb: Run data is saved locally in /home/users/am1015/cleanrl/wandb/run-20260222_211742-b6xshhsv
wandb: Run `wandb offline` to turn off syncing.
wandb: Syncing run s2_vanilla_friction_1p0
wandb: ⭐️ View project at https://wandb.ai/arjun-mahesh-duke-university/cleanrl
wandb: 🚀 View run at https://wandb.ai/arjun-mahesh-duke-university/cleanrl/runs/b6xshhsv
/home/users/am1015/cleanrl/.venv/lib/python3.11/site-packages/gymnasium/envs/registration.py:512: DeprecationWarning: [33mWARN: The environment Walker2d-v4 is out of date. You should consider upgrading to version `v5`.[0m
  logger.deprecation(
/home/users/am1015/cleanrl/evaluate_ppo_robust.py:162: FutureWarning: You are using `torch.load` with `weights_only=False` (the current default value), which uses the default pickle module implicitly. It is possible to construct malicious pickle data which will execute arbitrary code during unpickling (See https://github.com/pytorch/pytorch/blob/main/SECURITY.md#untrusted-models for more details). In a future release, the default value for `weights_only` will be flipped to `True`. This limits the functions that could be executed during unpickling. Arbitrary objects will no longer be allowed to be loaded via this mode unless they are explicitly allowlisted by the user via `torch.serialization.add_safe_globals`. We recommend you start setting `weights_only=True` for any use case where you don't have full control of the loaded file. Please open an issue on GitHub for any issues related to this experimental feature.
  agent.load_state_dict(torch.load(args.model_path, map_location=device))
wandb: updating run metadata
wandb: uploading history steps 0-100, summary, console lines 102-110
wandb: 
wandb: Run history:
wandb:         eval/episode ▁▁▁▁▂▂▂▂▂▂▃▃▃▄▄▄▄▄▅▅▅▅▆▆▆▆▆▇▇▇▇▇▇▇▇█████
wandb: eval/episodic_return ▂▂▃▂▄▁▃▁▂▄▁▅▁▂▆▂▂▂▅▁▃▄▃▂▃▁▅▂█▂▂▂▂▂▂▁▂▁▆▃
wandb:   eval/eval_episodes ▁
wandb:      eval/iqm_return ▁
wandb:    eval/is_perturbed ▁
wandb:      eval/max_return ▁
wandb:     eval/mean_return ▁
wandb:   eval/median_return ▁
wandb:      eval/min_return ▁
wandb:      eval/std_return ▁
wandb: 
wandb: Run summary:
wandb:         eval/episode 99
wandb: eval/episodic_return 4833.31604
wandb:   eval/eval_episodes 100
wandb:      eval/iqm_return 3446.78227
wandb:    eval/is_perturbed 1
wandb:      eval/max_return 15402.11674
wandb:     eval/mean_return 4193.74468
wandb:   eval/median_return 3320.72745
wandb:      eval/min_return 355.97221
wandb:      eval/std_return 2949.84341
wandb: 
wandb: 🚀 View run s2_vanilla_friction_1p0 at: https://wandb.ai/arjun-mahesh-duke-university/cleanrl/runs/b6xshhsv
wandb: ⭐️ View project at: https://wandb.ai/arjun-mahesh-duke-university/cleanrl
wandb: Synced 5 W&B file(s), 0 media file(s), 0 artifact file(s) and 0 other file(s)
wandb: Find logs at: ./wandb/run-20260222_211742-b6xshhsv/logs
loaded normalization stats from /home/users/am1015/rl_runs/Walker2d-v4__ppo_cont_vanilla_final__2__1771811166/ppo_cont_vanilla_final.cleanrl_model.norm_stats.npz
eval_episode=0, episodic_return=3595.3898987733332
eval_episode=1, episodic_return=1303.039309955725
eval_episode=2, episodic_return=2125.2640655612827
eval_episode=3, episodic_return=4128.112452651707
eval_episode=4, episodic_return=8071.906266702911
eval_episode=5, episodic_return=2749.5684064418106
eval_episode=6, episodic_return=7952.07750505019
eval_episode=7, episodic_return=2179.225923851928
eval_episode=8, episodic_return=2551.4493227996913
eval_episode=9, episodic_return=4695.544662913133
eval_episode=10, episodic_return=3047.777518207927
eval_episode=11, episodic_return=1495.3367270713509
eval_episode=12, episodic_return=4735.538428322001
eval_episode=13, episodic_return=4140.165466581325
eval_episode=14, episodic_return=2229.3498211262004
eval_episode=15, episodic_return=2539.5734187004496
eval_episode=16, episodic_return=1838.709898900714
eval_episode=17, episodic_return=10230.563625438559
eval_episode=18, episodic_return=3927.431132752133
eval_episode=19, episodic_return=6219.8481312709455
eval_episode=20, episodic_return=1733.5944703625037
eval_episode=21, episodic_return=5062.784134803786
eval_episode=22, episodic_return=1997.1706932182337
eval_episode=23, episodic_return=10052.769196850288
eval_episode=24, episodic_return=968.5503548057835
eval_episode=25, episodic_return=1924.172375405711
eval_episode=26, episodic_return=8355.734260397925
eval_episode=27, episodic_return=6479.757259531079
eval_episode=28, episodic_return=833.7736653355302
eval_episode=29, episodic_return=2324.7300377584156
eval_episode=30, episodic_return=2088.385320142651
eval_episode=31, episodic_return=1274.0550478463367
eval_episode=32, episodic_return=12035.580737019909
eval_episode=33, episodic_return=3557.8580112234986
eval_episode=34, episodic_return=1460.9480728069673
eval_episode=35, episodic_return=3269.879949242131
eval_episode=36, episodic_return=5841.148954595554
eval_episode=37, episodic_return=2581.7795190633174
eval_episode=38, episodic_return=4054.094129434954
eval_episode=39, episodic_return=2842.332004154382
eval_episode=40, episodic_return=4280.511632781078
eval_episode=41, episodic_return=2617.4332835078526
eval_episode=42, episodic_return=8220.919364886151
eval_episode=43, episodic_return=4206.250663213773
eval_episode=44, episodic_return=2755.429480445103
eval_episode=45, episodic_return=2720.737301841742
eval_episode=46, episodic_return=1250.5096133879963
eval_episode=47, episodic_return=14455.845309714585
eval_episode=48, episodic_return=4834.581915913969
eval_episode=49, episodic_return=8040.418406054737
eval_episode=50, episodic_return=4631.366562950233
eval_episode=51, episodic_return=7619.0847768864805
eval_episode=52, episodic_return=5717.176251765378
eval_episode=53, episodic_return=1574.5390204867979
eval_episode=54, episodic_return=2402.473909953718
eval_episode=55, episodic_return=5927.599087795433
eval_episode=56, episodic_return=2433.7267515098138
eval_episode=57, episodic_return=1445.5509009866423
eval_episode=58, episodic_return=1130.503920891605
eval_episode=59, episodic_return=2102.8636467456568
eval_episode=60, episodic_return=6625.405908100557
eval_episode=61, episodic_return=3953.4910128854067
eval_episode=62, episodic_return=1353.0026606596102
eval_episode=63, episodic_return=9651.473503716556
eval_episode=64, episodic_return=2137.6997820871543
eval_episode=65, episodic_return=3912.109519688796
eval_episode=66, episodic_return=2978.5283917689426
eval_episode=67, episodic_return=15402.116739773088
eval_episode=68, episodic_return=3183.0977178409535
eval_episode=69, episodic_return=2126.6653126499527
eval_episode=70, episodic_return=1658.165743215848
eval_episode=71, episodic_return=2360.7335292243306
eval_episode=72, episodic_return=4654.983921110488
eval_episode=73, episodic_return=3819.7678058149672
eval_episode=74, episodic_return=1817.9710869566445
eval_episode=75, episodic_return=7145.469966308817
eval_episode=76, episodic_return=5057.464750122061
eval_episode=77, episodic_return=3183.2488081992124
eval_episode=78, episodic_return=3827.9012785260807
eval_episode=79, episodic_return=4826.806081724986
eval_episode=80, episodic_return=355.97220791597675
eval_episode=81, episodic_return=2258.9734650182027
eval_episode=82, episodic_return=3968.8760385386554
eval_episode=83, episodic_return=1065.8287664078014
eval_episode=84, episodic_return=5790.120975067711
eval_episode=85, episodic_return=2251.8170353085484
eval_episode=86, episodic_return=3371.574955236253
eval_episode=87, episodic_return=7777.664507877623
eval_episode=88, episodic_return=2950.8374220212095
eval_episode=89, episodic_return=1161.1216273743123
eval_episode=90, episodic_return=3846.3494581741793
eval_episode=91, episodic_return=1937.0650009226315
eval_episode=92, episodic_return=3051.5753231040844
eval_episode=93, episodic_return=12155.578395610555
eval_episode=94, episodic_return=5499.974342572607
eval_episode=95, episodic_return=4324.583508100799
eval_episode=96, episodic_return=2490.281757230095
eval_episode=97, episodic_return=6902.4160509268995
eval_episode=98, episodic_return=6841.945390355432
eval_episode=99, episodic_return=4833.316037721848
mean_return=4193.7447
std_return=2949.8434
median_return=3320.7275
iqm_return=3446.7823
min_return=355.9722
max_return=15402.1167
metrics appended to /home/users/am1015/cleanrl/sweeps/metrics/seed_2.csv
wandb: [wandb.login()] Loaded credentials for https://api.wandb.ai from /home/users/am1015/.netrc.
wandb: Currently logged in as: arjun-mahesh (arjun-mahesh-duke-university) to https://api.wandb.ai. Use `wandb login --relogin` to force relogin
wandb: setting up run p2mqyx3u
wandb: Tracking run with wandb version 0.25.0
wandb: Run data is saved locally in /home/users/am1015/cleanrl/wandb/run-20260222_211906-p2mqyx3u
wandb: Run `wandb offline` to turn off syncing.
wandb: Syncing run s2_tv_friction_1p0
wandb: ⭐️ View project at https://wandb.ai/arjun-mahesh-duke-university/cleanrl
wandb: 🚀 View run at https://wandb.ai/arjun-mahesh-duke-university/cleanrl/runs/p2mqyx3u
/home/users/am1015/cleanrl/.venv/lib/python3.11/site-packages/gymnasium/envs/registration.py:512: DeprecationWarning: [33mWARN: The environment Walker2d-v4 is out of date. You should consider upgrading to version `v5`.[0m
  logger.deprecation(
/home/users/am1015/cleanrl/evaluate_ppo_robust.py:162: FutureWarning: You are using `torch.load` with `weights_only=False` (the current default value), which uses the default pickle module implicitly. It is possible to construct malicious pickle data which will execute arbitrary code during unpickling (See https://github.com/pytorch/pytorch/blob/main/SECURITY.md#untrusted-models for more details). In a future release, the default value for `weights_only` will be flipped to `True`. This limits the functions that could be executed during unpickling. Arbitrary objects will no longer be allowed to be loaded via this mode unless they are explicitly allowlisted by the user via `torch.serialization.add_safe_globals`. We recommend you start setting `weights_only=True` for any use case where you don't have full control of the loaded file. Please open an issue on GitHub for any issues related to this experimental feature.
  agent.load_state_dict(torch.load(args.model_path, map_location=device))
wandb: updating run metadata
wandb: uploading output.log; uploading wandb-summary.json; uploading config.yaml
wandb: 
wandb: Run history:
wandb:         eval/episode ▁▁▁▁▂▂▂▂▂▂▃▃▃▃▃▃▄▄▄▄▄▅▅▅▅▆▆▆▆▆▆▆▇▇▇▇▇▇██
wandb: eval/episodic_return ▁▂▃▂▃▂▂▁▃█▄▁▅▃▂▄▃▂▂▂▂▃▂▁▂▄▂▇▂▁▁▂▁▁▁▂▁▂▂▂
wandb:   eval/eval_episodes ▁
wandb:      eval/iqm_return ▁
wandb:    eval/is_perturbed ▁
wandb:      eval/max_return ▁
wandb:     eval/mean_return ▁
wandb:   eval/median_return ▁
wandb:      eval/min_return ▁
wandb:      eval/std_return ▁
wandb: 
wandb: Run summary:
wandb:         eval/episode 99
wandb: eval/episodic_return 1261.29444
wandb:   eval/eval_episodes 100
wandb:      eval/iqm_return 3751.38885
wandb:    eval/is_perturbed 1
wandb:      eval/max_return 18846.13587
wandb:     eval/mean_return 4611.21577
wandb:   eval/median_return 3519.14718
wandb:      eval/min_return 1132.62587
wandb:      eval/std_return 3510.41563
wandb: 
wandb: 🚀 View run s2_tv_friction_1p0 at: https://wandb.ai/arjun-mahesh-duke-university/cleanrl/runs/p2mqyx3u
wandb: ⭐️ View project at: https://wandb.ai/arjun-mahesh-duke-university/cleanrl
wandb: Synced 5 W&B file(s), 0 media file(s), 0 artifact file(s) and 0 other file(s)
wandb: Find logs at: ./wandb/run-20260222_211906-p2mqyx3u/logs
loaded normalization stats from /home/users/am1015/rl_runs/Walker2d-v4__ppo_cont_tv_final_cap3500__2__1771811496/ppo_cont_tv_final_cap3500.cleanrl_model.norm_stats.npz
eval_episode=0, episodic_return=1656.9666308725905
eval_episode=1, episodic_return=1761.0808779267948
eval_episode=2, episodic_return=2537.710225469132
eval_episode=3, episodic_return=2359.5634301354476
eval_episode=4, episodic_return=2684.623224768191
eval_episode=5, episodic_return=9280.309835690421
eval_episode=6, episodic_return=3838.496591612025
eval_episode=7, episodic_return=5999.905682179849
eval_episode=8, episodic_return=3408.7500389725424
eval_episode=9, episodic_return=5201.90054728013
eval_episode=10, episodic_return=1349.506063658045
eval_episode=11, episodic_return=3651.393786652287
eval_episode=12, episodic_return=5664.848550872481
eval_episode=13, episodic_return=3445.3743485454434
eval_episode=14, episodic_return=12177.03860260394
eval_episode=15, episodic_return=5375.223754146822
eval_episode=16, episodic_return=3550.5960686511817
eval_episode=17, episodic_return=5447.437071418679
eval_episode=18, episodic_return=3844.7333697392523
eval_episode=19, episodic_return=2840.8736342358447
eval_episode=20, episodic_return=7666.7911015677755
eval_episode=21, episodic_return=1505.4859920987717
eval_episode=22, episodic_return=6286.3377087093895
eval_episode=23, episodic_return=3132.8910778075406
eval_episode=24, episodic_return=5968.8530590862765
eval_episode=25, episodic_return=2199.0709787204532
eval_episode=26, episodic_return=1792.3467390518979
eval_episode=27, episodic_return=4863.082555088708
eval_episode=28, episodic_return=18846.135873309147
eval_episode=29, episodic_return=5315.539883234154
eval_episode=30, episodic_return=4773.035476677843
eval_episode=31, episodic_return=1132.6258713669383
eval_episode=32, episodic_return=1970.1330671814871
eval_episode=33, episodic_return=2533.0248490098325
eval_episode=34, episodic_return=2156.993582454869
eval_episode=35, episodic_return=2336.5745250958184
eval_episode=36, episodic_return=2641.4119881700676
eval_episode=37, episodic_return=7587.7741663415145
eval_episode=38, episodic_return=1340.1802912936064
eval_episode=39, episodic_return=2256.0892639726367
eval_episode=40, episodic_return=11252.74385095495
eval_episode=41, episodic_return=7109.974211961498
eval_episode=42, episodic_return=3302.7031250056175
eval_episode=43, episodic_return=5986.457734856087
eval_episode=44, episodic_return=7966.697217908839
eval_episode=45, episodic_return=3487.6982983211183
eval_episode=46, episodic_return=7603.500366034434
eval_episode=47, episodic_return=5234.4029507781015
eval_episode=48, episodic_return=4194.8123428669405
eval_episode=49, episodic_return=10210.97180419315
eval_episode=50, episodic_return=4415.287376942463
eval_episode=51, episodic_return=4627.907106887529
eval_episode=52, episodic_return=6302.6066838671895
eval_episode=53, episodic_return=3551.4350349972633
eval_episode=54, episodic_return=17068.622921246642
eval_episode=55, episodic_return=2514.2165068687564
eval_episode=56, episodic_return=1385.323975886237
eval_episode=57, episodic_return=10151.406589216733
eval_episode=58, episodic_return=3425.563795357769
eval_episode=59, episodic_return=3585.287328427431
eval_episode=60, episodic_return=6658.855604645904
eval_episode=61, episodic_return=5270.0985899043835
eval_episode=62, episodic_return=6509.628059212355
eval_episode=63, episodic_return=2960.39787779524
eval_episode=64, episodic_return=1140.5477209880507
eval_episode=65, episodic_return=2534.078906391704
eval_episode=66, episodic_return=4543.76793227643
eval_episode=67, episodic_return=1426.3983531137878
eval_episode=68, episodic_return=7825.286495997633
eval_episode=69, episodic_return=10169.778936946199
eval_episode=70, episodic_return=2653.466394341504
eval_episode=71, episodic_return=15473.439797625908
eval_episode=72, episodic_return=2979.7178621692965
eval_episode=73, episodic_return=1147.3625895170826
eval_episode=74, episodic_return=3125.3808950439566
eval_episode=75, episodic_return=2482.173543700442
eval_episode=76, episodic_return=1547.660562451375
eval_episode=77, episodic_return=5990.1698588693735
eval_episode=78, episodic_return=2272.0714917954997
eval_episode=79, episodic_return=2838.164350762966
eval_episode=80, episodic_return=3426.059663498242
eval_episode=81, episodic_return=1163.9411721686386
eval_episode=82, episodic_return=1667.961504575744
eval_episode=83, episodic_return=2284.5580088728943
eval_episode=84, episodic_return=1825.1319697268214
eval_episode=85, episodic_return=2054.7595556812953
eval_episode=86, episodic_return=1246.696774710561
eval_episode=87, episodic_return=5804.767988426997
eval_episode=88, episodic_return=8384.900547500058
eval_episode=89, episodic_return=5816.171467803372
eval_episode=90, episodic_return=4291.790383733472
eval_episode=91, episodic_return=2277.3328874647395
eval_episode=92, episodic_return=3027.5850330698513
eval_episode=93, episodic_return=4738.023520523955
eval_episode=94, episodic_return=4053.5127960610175
eval_episode=95, episodic_return=1451.7873855946066
eval_episode=96, episodic_return=15203.845611753954
eval_episode=97, episodic_return=4675.995503400139
eval_episode=98, episodic_return=1158.6849337511414
eval_episode=99, episodic_return=1261.2944388010428
mean_return=4611.2158
std_return=3510.4156
median_return=3519.1472
iqm_return=3751.3888
min_return=1132.6259
max_return=18846.1359
metrics appended to /home/users/am1015/cleanrl/sweeps/metrics/seed_2.csv
wandb: [wandb.login()] Loaded credentials for https://api.wandb.ai from /home/users/am1015/.netrc.
wandb: Currently logged in as: arjun-mahesh (arjun-mahesh-duke-university) to https://api.wandb.ai. Use `wandb login --relogin` to force relogin
wandb: setting up run twj4vcmq
wandb: Tracking run with wandb version 0.25.0
wandb: Run data is saved locally in /home/users/am1015/cleanrl/wandb/run-20260222_212039-twj4vcmq
wandb: Run `wandb offline` to turn off syncing.
wandb: Syncing run s2_vanilla_friction_1p1
wandb: ⭐️ View project at https://wandb.ai/arjun-mahesh-duke-university/cleanrl
wandb: 🚀 View run at https://wandb.ai/arjun-mahesh-duke-university/cleanrl/runs/twj4vcmq
/home/users/am1015/cleanrl/.venv/lib/python3.11/site-packages/gymnasium/envs/registration.py:512: DeprecationWarning: [33mWARN: The environment Walker2d-v4 is out of date. You should consider upgrading to version `v5`.[0m
  logger.deprecation(
/home/users/am1015/cleanrl/evaluate_ppo_robust.py:162: FutureWarning: You are using `torch.load` with `weights_only=False` (the current default value), which uses the default pickle module implicitly. It is possible to construct malicious pickle data which will execute arbitrary code during unpickling (See https://github.com/pytorch/pytorch/blob/main/SECURITY.md#untrusted-models for more details). In a future release, the default value for `weights_only` will be flipped to `True`. This limits the functions that could be executed during unpickling. Arbitrary objects will no longer be allowed to be loaded via this mode unless they are explicitly allowlisted by the user via `torch.serialization.add_safe_globals`. We recommend you start setting `weights_only=True` for any use case where you don't have full control of the loaded file. Please open an issue on GitHub for any issues related to this experimental feature.
  agent.load_state_dict(torch.load(args.model_path, map_location=device))
wandb: updating run metadata
wandb: uploading history steps 0-100, summary, console lines 93-110
wandb: 
wandb: Run history:
wandb:         eval/episode ▁▁▁▁▂▂▂▃▃▃▃▃▄▄▄▄▄▄▅▅▅▅▅▅▆▆▆▆▆▆▇▇▇▇▇▇▇▇▇█
wandb: eval/episodic_return ▄▁▆▆▆▃▁▁▁▁▃▁▄▅▇▂▁▅▂█▂▁▁▁▄▂▄▂▂▂▁▁▄▂▁▁▁▁▃▂
wandb:   eval/eval_episodes ▁
wandb:      eval/iqm_return ▁
wandb:    eval/is_perturbed ▁
wandb:      eval/max_return ▁
wandb:     eval/mean_return ▁
wandb:   eval/median_return ▁
wandb:      eval/min_return ▁
wandb:      eval/std_return ▁
wandb: 
wandb: Run summary:
wandb:         eval/episode 99
wandb: eval/episodic_return 2216.51222
wandb:   eval/eval_episodes 100
wandb:      eval/iqm_return 2718.35244
wandb:    eval/is_perturbed 1
wandb:      eval/max_return 11159.01892
wandb:     eval/mean_return 3447.26042
wandb:   eval/median_return 2380.81462
wandb:      eval/min_return 454.21791
wandb:      eval/std_return 2395.1891
wandb: 
wandb: 🚀 View run s2_vanilla_friction_1p1 at: https://wandb.ai/arjun-mahesh-duke-university/cleanrl/runs/twj4vcmq
wandb: ⭐️ View project at: https://wandb.ai/arjun-mahesh-duke-university/cleanrl
wandb: Synced 5 W&B file(s), 0 media file(s), 0 artifact file(s) and 0 other file(s)
wandb: Find logs at: ./wandb/run-20260222_212039-twj4vcmq/logs
loaded normalization stats from /home/users/am1015/rl_runs/Walker2d-v4__ppo_cont_vanilla_final__2__1771811166/ppo_cont_vanilla_final.cleanrl_model.norm_stats.npz
eval_episode=0, episodic_return=8632.156106116456
eval_episode=1, episodic_return=1470.9058596574944
eval_episode=2, episodic_return=2344.31228980029
eval_episode=3, episodic_return=4745.017396161356
eval_episode=4, episodic_return=5583.794111690101
eval_episode=5, episodic_return=2068.362364411832
eval_episode=6, episodic_return=1309.542048849813
eval_episode=7, episodic_return=8776.991529999179
eval_episode=8, episodic_return=454.2179143148914
eval_episode=9, episodic_return=2524.8823275502646
eval_episode=10, episodic_return=2455.662171425077
eval_episode=11, episodic_return=4369.446275652024
eval_episode=12, episodic_return=8879.859445705508
eval_episode=13, episodic_return=7793.40239746836
eval_episode=14, episodic_return=1967.9296892870966
eval_episode=15, episodic_return=4726.619889218245
eval_episode=16, episodic_return=1845.12805217457
eval_episode=17, episodic_return=1675.7811794981235
eval_episode=18, episodic_return=4211.869704745621
eval_episode=19, episodic_return=1227.8346610346207
eval_episode=20, episodic_return=1785.0642327886626
eval_episode=21, episodic_return=6029.047336674428
eval_episode=22, episodic_return=1202.7401214976255
eval_episode=23, episodic_return=1894.1923247234618
eval_episode=24, episodic_return=1852.920221639758
eval_episode=25, episodic_return=4458.214879872235
eval_episode=26, episodic_return=1211.315550489792
eval_episode=27, episodic_return=3974.4790497745157
eval_episode=28, episodic_return=1613.8924943624397
eval_episode=29, episodic_return=5752.533280722333
eval_episode=30, episodic_return=4930.534625306004
eval_episode=31, episodic_return=2473.009214677212
eval_episode=32, episodic_return=4360.222299561895
eval_episode=33, episodic_return=7563.271449229901
eval_episode=34, episodic_return=10023.04952531794
eval_episode=35, episodic_return=1514.4097684552687
eval_episode=36, episodic_return=2466.6045645945474
eval_episode=37, episodic_return=5260.452763382584
eval_episode=38, episodic_return=1623.2834398335851
eval_episode=39, episodic_return=1475.7606360511859
eval_episode=40, episodic_return=7365.822753639871
eval_episode=41, episodic_return=1455.1420120276575
eval_episode=42, episodic_return=2202.186811780054
eval_episode=43, episodic_return=1251.9430847299136
eval_episode=44, episodic_return=11159.018918864413
eval_episode=45, episodic_return=2092.6464247776476
eval_episode=46, episodic_return=4731.727200613258
eval_episode=47, episodic_return=3781.5048737841835
eval_episode=48, episodic_return=2862.178282758515
eval_episode=49, episodic_return=4127.2576857341855
eval_episode=50, episodic_return=1760.7920882314133
eval_episode=51, episodic_return=1659.8231230354718
eval_episode=52, episodic_return=1907.6675586483407
eval_episode=53, episodic_return=4530.06559507153
eval_episode=54, episodic_return=1281.2155194775942
eval_episode=55, episodic_return=1255.4202129754851
eval_episode=56, episodic_return=4886.122428851
eval_episode=57, episodic_return=1740.6870399015754
eval_episode=58, episodic_return=1490.9900901397766
eval_episode=59, episodic_return=2200.7411473990205
eval_episode=60, episodic_return=6207.735584276247
eval_episode=61, episodic_return=1473.0476264626118
eval_episode=62, episodic_return=4776.393646155729
eval_episode=63, episodic_return=3807.911891105103
eval_episode=64, episodic_return=9836.99822868087
eval_episode=65, episodic_return=1803.1857738083552
eval_episode=66, episodic_return=2197.224575103633
eval_episode=67, episodic_return=2403.4216041916625
eval_episode=68, episodic_return=6744.489855409694
eval_episode=69, episodic_return=2494.8711750461375
eval_episode=70, episodic_return=6945.717290059122
eval_episode=71, episodic_return=4984.434428461816
eval_episode=72, episodic_return=2507.346566639953
eval_episode=73, episodic_return=4184.865907462659
eval_episode=74, episodic_return=2945.0160230678425
eval_episode=75, episodic_return=7952.7288591561255
eval_episode=76, episodic_return=2005.1074238969159
eval_episode=77, episodic_return=1610.3249661627995
eval_episode=78, episodic_return=1661.1243652077692
eval_episode=79, episodic_return=2850.6969465739544
eval_episode=80, episodic_return=2144.744445649695
eval_episode=81, episodic_return=5840.117429616493
eval_episode=82, episodic_return=2869.8915439327216
eval_episode=83, episodic_return=1741.6953887733957
eval_episode=84, episodic_return=2358.2076445436082
eval_episode=85, episodic_return=1475.2881159124674
eval_episode=86, episodic_return=1910.2425417463307
eval_episode=87, episodic_return=1850.7286005025067
eval_episode=88, episodic_return=1681.6532022719384
eval_episode=89, episodic_return=1611.5322249084911
eval_episode=90, episodic_return=6076.982774307559
eval_episode=91, episodic_return=1814.9473491318383
eval_episode=92, episodic_return=1817.489611289234
eval_episode=93, episodic_return=3673.2576400872194
eval_episode=94, episodic_return=912.764942544061
eval_episode=95, episodic_return=2192.519124679199
eval_episode=96, episodic_return=2411.363783868997
eval_episode=97, episodic_return=1167.0300156781445
eval_episode=98, episodic_return=7294.764856256394
eval_episode=99, episodic_return=2216.5122198074314
mean_return=3447.2604
std_return=2395.1891
median_return=2380.8146
iqm_return=2718.3524
min_return=454.2179
max_return=11159.0189
metrics appended to /home/users/am1015/cleanrl/sweeps/metrics/seed_2.csv
wandb: [wandb.login()] Loaded credentials for https://api.wandb.ai from /home/users/am1015/.netrc.
wandb: Currently logged in as: arjun-mahesh (arjun-mahesh-duke-university) to https://api.wandb.ai. Use `wandb login --relogin` to force relogin
wandb: setting up run 3ms1iip6
wandb: Tracking run with wandb version 0.25.0
wandb: Run data is saved locally in /home/users/am1015/cleanrl/wandb/run-20260222_212150-3ms1iip6
wandb: Run `wandb offline` to turn off syncing.
wandb: Syncing run s2_tv_friction_1p1
wandb: ⭐️ View project at https://wandb.ai/arjun-mahesh-duke-university/cleanrl
wandb: 🚀 View run at https://wandb.ai/arjun-mahesh-duke-university/cleanrl/runs/3ms1iip6
/home/users/am1015/cleanrl/.venv/lib/python3.11/site-packages/gymnasium/envs/registration.py:512: DeprecationWarning: [33mWARN: The environment Walker2d-v4 is out of date. You should consider upgrading to version `v5`.[0m
  logger.deprecation(
/home/users/am1015/cleanrl/evaluate_ppo_robust.py:162: FutureWarning: You are using `torch.load` with `weights_only=False` (the current default value), which uses the default pickle module implicitly. It is possible to construct malicious pickle data which will execute arbitrary code during unpickling (See https://github.com/pytorch/pytorch/blob/main/SECURITY.md#untrusted-models for more details). In a future release, the default value for `weights_only` will be flipped to `True`. This limits the functions that could be executed during unpickling. Arbitrary objects will no longer be allowed to be loaded via this mode unless they are explicitly allowlisted by the user via `torch.serialization.add_safe_globals`. We recommend you start setting `weights_only=True` for any use case where you don't have full control of the loaded file. Please open an issue on GitHub for any issues related to this experimental feature.
  agent.load_state_dict(torch.load(args.model_path, map_location=device))
wandb: updating run metadata
wandb: uploading output.log; uploading wandb-summary.json; uploading config.yaml
wandb: 
wandb: Run history:
wandb:         eval/episode ▁▁▁▁▂▂▂▂▂▃▃▃▃▄▄▄▄▄▅▅▅▅▅▆▆▆▆▆▆▆▇▇▇▇▇▇▇███
wandb: eval/episodic_return ▂▂▂▂▁▃▇▂▃▄▁▁▄▃▄▁▁▃▃▁▁▅▂▃▃▅▁█▄▇▁▆▃▁▂▂▁▄▄▂
wandb:   eval/eval_episodes ▁
wandb:      eval/iqm_return ▁
wandb:    eval/is_perturbed ▁
wandb:      eval/max_return ▁
wandb:     eval/mean_return ▁
wandb:   eval/median_return ▁
wandb:      eval/min_return ▁
wandb:      eval/std_return ▁
wandb: 
wandb: Run summary:
wandb:         eval/episode 99
wandb: eval/episodic_return 1869.27583
wandb:   eval/eval_episodes 100
wandb:      eval/iqm_return 2879.61647
wandb:    eval/is_perturbed 1
wandb:      eval/max_return 11259.32409
wandb:     eval/mean_return 3565.39887
wandb:   eval/median_return 2829.92932
wandb:      eval/min_return 1092.68882
wandb:      eval/std_return 2424.54738
wandb: 
wandb: 🚀 View run s2_tv_friction_1p1 at: https://wandb.ai/arjun-mahesh-duke-university/cleanrl/runs/3ms1iip6
wandb: ⭐️ View project at: https://wandb.ai/arjun-mahesh-duke-university/cleanrl
wandb: Synced 5 W&B file(s), 0 media file(s), 0 artifact file(s) and 0 other file(s)
wandb: Find logs at: ./wandb/run-20260222_212150-3ms1iip6/logs
loaded normalization stats from /home/users/am1015/rl_runs/Walker2d-v4__ppo_cont_tv_final_cap3500__2__1771811496/ppo_cont_tv_final_cap3500.cleanrl_model.norm_stats.npz
eval_episode=0, episodic_return=3517.1229835692557
eval_episode=1, episodic_return=1188.8762980442636
eval_episode=2, episodic_return=2496.101392435177
eval_episode=3, episodic_return=3127.7017503914885
eval_episode=4, episodic_return=2112.3303986166507
eval_episode=5, episodic_return=2937.3354047109083
eval_episode=6, episodic_return=1480.4830653104862
eval_episode=7, episodic_return=2881.2625934672396
eval_episode=8, episodic_return=1946.7152639216183
eval_episode=9, episodic_return=3319.3941578077543
eval_episode=10, episodic_return=1229.9909914970856
eval_episode=11, episodic_return=1414.3207699707116
eval_episode=12, episodic_return=1164.550784023833
eval_episode=13, episodic_return=1899.5385557478612
eval_episode=14, episodic_return=3326.0370676325056
eval_episode=15, episodic_return=6630.313929808787
eval_episode=16, episodic_return=8857.321536454023
eval_episode=17, episodic_return=6704.782455076521
eval_episode=18, episodic_return=2459.145782019039
eval_episode=19, episodic_return=1259.466202456261
eval_episode=20, episodic_return=3365.5522650781354
eval_episode=21, episodic_return=11094.622943420683
eval_episode=22, episodic_return=5426.3342134650775
eval_episode=23, episodic_return=5258.671669908158
eval_episode=24, episodic_return=2199.5527689867054
eval_episode=25, episodic_return=1911.72629683484
eval_episode=26, episodic_return=1092.688820390545
eval_episode=27, episodic_return=1671.830748841386
eval_episode=28, episodic_return=1187.2924738965653
eval_episode=29, episodic_return=4801.538263710709
eval_episode=30, episodic_return=4290.9973688661
eval_episode=31, episodic_return=3677.243066789159
eval_episode=32, episodic_return=1698.8663299229697
eval_episode=33, episodic_return=1508.9054701939754
eval_episode=34, episodic_return=4270.310976499415
eval_episode=35, episodic_return=2852.8235505996017
eval_episode=36, episodic_return=1294.0218213565565
eval_episode=37, episodic_return=1123.2030503496467
eval_episode=38, episodic_return=3318.2625839639923
eval_episode=39, episodic_return=3890.2008084429567
eval_episode=40, episodic_return=3494.802150294532
eval_episode=41, episodic_return=3612.2136781440527
eval_episode=42, episodic_return=2843.6047417280142
eval_episode=43, episodic_return=1230.1163820379027
eval_episode=44, episodic_return=1964.8177209717055
eval_episode=45, episodic_return=1406.7488803930855
eval_episode=46, episodic_return=1800.9882461942243
eval_episode=47, episodic_return=2399.5427787859117
eval_episode=48, episodic_return=11259.324088580435
eval_episode=49, episodic_return=4796.130444166197
eval_episode=50, episodic_return=2311.5543803650626
eval_episode=51, episodic_return=1205.312892371193
eval_episode=52, episodic_return=5752.956114755438
eval_episode=53, episodic_return=7513.486578407452
eval_episode=54, episodic_return=5215.335536155818
eval_episode=55, episodic_return=8533.916285554315
eval_episode=56, episodic_return=1912.0928023008958
eval_episode=57, episodic_return=3578.47592443843
eval_episode=58, episodic_return=1223.9589542471317
eval_episode=59, episodic_return=2553.9274068548725
eval_episode=60, episodic_return=8552.77235077864
eval_episode=61, episodic_return=2191.1390063880694
eval_episode=62, episodic_return=3653.132244787863
eval_episode=63, episodic_return=3299.935650635393
eval_episode=64, episodic_return=1540.9258596518223
eval_episode=65, episodic_return=2204.5887188511647
eval_episode=66, episodic_return=2093.9140587361826
eval_episode=67, episodic_return=1905.2311625718494
eval_episode=68, episodic_return=6685.524443542138
eval_episode=69, episodic_return=3012.3973316273577
eval_episode=70, episodic_return=1594.8005397095014
eval_episode=71, episodic_return=1410.1091826455574
eval_episode=72, episodic_return=5331.622951708735
eval_episode=73, episodic_return=9780.155666690644
eval_episode=74, episodic_return=4921.823384148061
eval_episode=75, episodic_return=8259.275496051498
eval_episode=76, episodic_return=7734.994213329232
eval_episode=77, episodic_return=1720.868104719296
eval_episode=78, episodic_return=6855.726549683786
eval_episode=79, episodic_return=3926.427046393111
eval_episode=80, episodic_return=1316.5647802897684
eval_episode=81, episodic_return=2403.4378572882015
eval_episode=82, episodic_return=5542.414036612857
eval_episode=83, episodic_return=2207.787263192991
eval_episode=84, episodic_return=5841.024477198906
eval_episode=85, episodic_return=2207.1927349824828
eval_episode=86, episodic_return=2069.081888617743
eval_episode=87, episodic_return=2772.9269663842188
eval_episode=88, episodic_return=2816.253892322286
eval_episode=89, episodic_return=1973.7291742889156
eval_episode=90, episodic_return=1484.3514378878647
eval_episode=91, episodic_return=1517.5931401674143
eval_episode=92, episodic_return=4899.451465411883
eval_episode=93, episodic_return=10087.245666655272
eval_episode=94, episodic_return=3636.715223225096
eval_episode=95, episodic_return=4956.879772021338
eval_episode=96, episodic_return=2145.0421013456453
eval_episode=97, episodic_return=3524.5599675634508
eval_episode=98, episodic_return=6096.252563252737
eval_episode=99, episodic_return=1869.275829921657
mean_return=3565.3989
std_return=2424.5474
median_return=2829.9293
iqm_return=2879.6165
min_return=1092.6888
max_return=11259.3241
metrics appended to /home/users/am1015/cleanrl/sweeps/metrics/seed_2.csv
wandb: [wandb.login()] Loaded credentials for https://api.wandb.ai from /home/users/am1015/.netrc.
wandb: Currently logged in as: arjun-mahesh (arjun-mahesh-duke-university) to https://api.wandb.ai. Use `wandb login --relogin` to force relogin
wandb: setting up run t7prp22q
wandb: Tracking run with wandb version 0.25.0
wandb: Run data is saved locally in /home/users/am1015/cleanrl/wandb/run-20260222_212305-t7prp22q
wandb: Run `wandb offline` to turn off syncing.
wandb: Syncing run s2_vanilla_friction_1p2
wandb: ⭐️ View project at https://wandb.ai/arjun-mahesh-duke-university/cleanrl
wandb: 🚀 View run at https://wandb.ai/arjun-mahesh-duke-university/cleanrl/runs/t7prp22q
/home/users/am1015/cleanrl/.venv/lib/python3.11/site-packages/gymnasium/envs/registration.py:512: DeprecationWarning: [33mWARN: The environment Walker2d-v4 is out of date. You should consider upgrading to version `v5`.[0m
  logger.deprecation(
/home/users/am1015/cleanrl/evaluate_ppo_robust.py:162: FutureWarning: You are using `torch.load` with `weights_only=False` (the current default value), which uses the default pickle module implicitly. It is possible to construct malicious pickle data which will execute arbitrary code during unpickling (See https://github.com/pytorch/pytorch/blob/main/SECURITY.md#untrusted-models for more details). In a future release, the default value for `weights_only` will be flipped to `True`. This limits the functions that could be executed during unpickling. Arbitrary objects will no longer be allowed to be loaded via this mode unless they are explicitly allowlisted by the user via `torch.serialization.add_safe_globals`. We recommend you start setting `weights_only=True` for any use case where you don't have full control of the loaded file. Please open an issue on GitHub for any issues related to this experimental feature.
  agent.load_state_dict(torch.load(args.model_path, map_location=device))
wandb: updating run metadata
wandb: uploading history steps 0-100, summary, console lines 98-110
wandb: 
wandb: Run history:
wandb:         eval/episode ▁▁▂▂▂▂▂▂▂▂▃▃▃▃▃▄▄▄▄▄▄▄▅▅▅▅▅▆▆▆▆▆▆▇▇▇▇▇▇█
wandb: eval/episodic_return ▃▁▄▃█▃▂▁▂▃▃▃▁▁▂▁▁▆▃▁▂▂▁▁▅▂▂▃▁▂▄▂▂▁▅▂▂▂▂▃
wandb:   eval/eval_episodes ▁
wandb:      eval/iqm_return ▁
wandb:    eval/is_perturbed ▁
wandb:      eval/max_return ▁
wandb:     eval/mean_return ▁
wandb:   eval/median_return ▁
wandb:      eval/min_return ▁
wandb:      eval/std_return ▁
wandb: 
wandb: Run summary:
wandb:         eval/episode 99
wandb: eval/episodic_return 3283.60039
wandb:   eval/eval_episodes 100
wandb:      eval/iqm_return 2039.72573
wandb:    eval/is_perturbed 1
wandb:      eval/max_return 9217.78949
wandb:     eval/mean_return 2383.74436
wandb:   eval/median_return 1874.33652
wandb:      eval/min_return 955.76338
wandb:      eval/std_return 1370.54465
wandb: 
wandb: 🚀 View run s2_vanilla_friction_1p2 at: https://wandb.ai/arjun-mahesh-duke-university/cleanrl/runs/t7prp22q
wandb: ⭐️ View project at: https://wandb.ai/arjun-mahesh-duke-university/cleanrl
wandb: Synced 5 W&B file(s), 0 media file(s), 0 artifact file(s) and 0 other file(s)
wandb: Find logs at: ./wandb/run-20260222_212305-t7prp22q/logs
loaded normalization stats from /home/users/am1015/rl_runs/Walker2d-v4__ppo_cont_vanilla_final__2__1771811166/ppo_cont_vanilla_final.cleanrl_model.norm_stats.npz
eval_episode=0, episodic_return=3464.191986843055
eval_episode=1, episodic_return=1115.2786985763148
eval_episode=2, episodic_return=4126.715093901105
eval_episode=3, episodic_return=2924.2835932249236
eval_episode=4, episodic_return=1271.4999708033868
eval_episode=5, episodic_return=2925.156904222639
eval_episode=6, episodic_return=9217.789486921234
eval_episode=7, episodic_return=2026.6539116058073
eval_episode=8, episodic_return=1848.8189963763243
eval_episode=9, episodic_return=1149.3578363226559
eval_episode=10, episodic_return=3245.093662595085
eval_episode=11, episodic_return=3321.4881713022683
eval_episode=12, episodic_return=1642.0969929088146
eval_episode=13, episodic_return=1467.7651477990612
eval_episode=14, episodic_return=1546.7137121754981
eval_episode=15, episodic_return=3513.460389228105
eval_episode=16, episodic_return=1176.1947910426404
eval_episode=17, episodic_return=1408.457416140777
eval_episode=18, episodic_return=1882.2704732898505
eval_episode=19, episodic_return=3292.6654982298714
eval_episode=20, episodic_return=1282.9939014885892
eval_episode=21, episodic_return=1565.0102171706708
eval_episode=22, episodic_return=3523.6677516362943
eval_episode=23, episodic_return=1850.5774284533752
eval_episode=24, episodic_return=2803.7016008054306
eval_episode=25, episodic_return=3357.680555040359
eval_episode=26, episodic_return=3614.549970473794
eval_episode=27, episodic_return=1394.6541208932222
eval_episode=28, episodic_return=1136.047407471327
eval_episode=29, episodic_return=1150.3521614284368
eval_episode=30, episodic_return=2764.321457273761
eval_episode=31, episodic_return=2136.1670244855445
eval_episode=32, episodic_return=1800.3218748648856
eval_episode=33, episodic_return=1233.081474375495
eval_episode=34, episodic_return=1839.8106956752163
eval_episode=35, episodic_return=955.7633839268871
eval_episode=36, episodic_return=1506.6938745516866
eval_episode=37, episodic_return=4567.604956637895
eval_episode=38, episodic_return=1448.3959077224638
eval_episode=39, episodic_return=6686.963378918438
eval_episode=40, episodic_return=2318.9562575793343
eval_episode=41, episodic_return=2880.5584334117134
eval_episode=42, episodic_return=2945.2326754598826
eval_episode=43, episodic_return=6072.517185752476
eval_episode=44, episodic_return=1257.363887403392
eval_episode=45, episodic_return=1549.9806611653835
eval_episode=46, episodic_return=1394.6447890952736
eval_episode=47, episodic_return=2114.0110600509447
eval_episode=48, episodic_return=3143.7520500825335
eval_episode=49, episodic_return=2216.1184318429696
eval_episode=50, episodic_return=1341.498078705019
eval_episode=51, episodic_return=1191.8215300853003
eval_episode=52, episodic_return=1155.5585091417386
eval_episode=53, episodic_return=1752.3428742751933
eval_episode=54, episodic_return=5591.060562424621
eval_episode=55, episodic_return=1091.4925374028405
eval_episode=56, episodic_return=2541.8277504990488
eval_episode=57, episodic_return=1720.2759991940595
eval_episode=58, episodic_return=2210.50315475733
eval_episode=59, episodic_return=3782.8970724174123
eval_episode=60, episodic_return=2297.470222605199
eval_episode=61, episodic_return=1996.230360737908
eval_episode=62, episodic_return=1867.39883757828
eval_episode=63, episodic_return=1345.3684242796548
eval_episode=64, episodic_return=1813.2401319273708
eval_episode=65, episodic_return=1597.6712800692305
eval_episode=66, episodic_return=1326.2516020069127
eval_episode=67, episodic_return=2157.2884874410574
eval_episode=68, episodic_return=4737.632228491833
eval_episode=69, episodic_return=1797.3717794207712
eval_episode=70, episodic_return=1877.2461646243514
eval_episode=71, episodic_return=1725.2155474957353
eval_episode=72, episodic_return=2765.9653642323387
eval_episode=73, episodic_return=4274.64489029671
eval_episode=74, episodic_return=1134.379591115541
eval_episode=75, episodic_return=1595.048880614719
eval_episode=76, episodic_return=3775.716394515408
eval_episode=77, episodic_return=1221.379283047241
eval_episode=78, episodic_return=1871.4268732108403
eval_episode=79, episodic_return=1435.805255845271
eval_episode=80, episodic_return=5633.920265846543
eval_episode=81, episodic_return=2329.790647343288
eval_episode=82, episodic_return=2938.260758350472
eval_episode=83, episodic_return=1827.6164650293783
eval_episode=84, episodic_return=1102.447991619391
eval_episode=85, episodic_return=1817.8712133746458
eval_episode=86, episodic_return=2036.6423359162761
eval_episode=87, episodic_return=3336.8664027957207
eval_episode=88, episodic_return=3013.512375146309
eval_episode=89, episodic_return=2110.2404666165935
eval_episode=90, episodic_return=1228.9356236039118
eval_episode=91, episodic_return=1276.646893647415
eval_episode=92, episodic_return=1337.8245378978947
eval_episode=93, episodic_return=4269.926872948985
eval_episode=94, episodic_return=2580.628012095651
eval_episode=95, episodic_return=2955.4713567999866
eval_episode=96, episodic_return=2275.2400536539258
eval_episode=97, episodic_return=1313.923222826332
eval_episode=98, episodic_return=1635.592711312615
eval_episode=99, episodic_return=3283.600389500036
mean_return=2383.7444
std_return=1370.5447
median_return=1874.3365
iqm_return=2039.7257
min_return=955.7634
max_return=9217.7895
metrics appended to /home/users/am1015/cleanrl/sweeps/metrics/seed_2.csv
wandb: [wandb.login()] Loaded credentials for https://api.wandb.ai from /home/users/am1015/.netrc.
wandb: Currently logged in as: arjun-mahesh (arjun-mahesh-duke-university) to https://api.wandb.ai. Use `wandb login --relogin` to force relogin
wandb: setting up run eyuqdio7
wandb: Tracking run with wandb version 0.25.0
wandb: Run data is saved locally in /home/users/am1015/cleanrl/wandb/run-20260222_212358-eyuqdio7
wandb: Run `wandb offline` to turn off syncing.
wandb: Syncing run s2_tv_friction_1p2
wandb: ⭐️ View project at https://wandb.ai/arjun-mahesh-duke-university/cleanrl
wandb: 🚀 View run at https://wandb.ai/arjun-mahesh-duke-university/cleanrl/runs/eyuqdio7
/home/users/am1015/cleanrl/.venv/lib/python3.11/site-packages/gymnasium/envs/registration.py:512: DeprecationWarning: [33mWARN: The environment Walker2d-v4 is out of date. You should consider upgrading to version `v5`.[0m
  logger.deprecation(
/home/users/am1015/cleanrl/evaluate_ppo_robust.py:162: FutureWarning: You are using `torch.load` with `weights_only=False` (the current default value), which uses the default pickle module implicitly. It is possible to construct malicious pickle data which will execute arbitrary code during unpickling (See https://github.com/pytorch/pytorch/blob/main/SECURITY.md#untrusted-models for more details). In a future release, the default value for `weights_only` will be flipped to `True`. This limits the functions that could be executed during unpickling. Arbitrary objects will no longer be allowed to be loaded via this mode unless they are explicitly allowlisted by the user via `torch.serialization.add_safe_globals`. We recommend you start setting `weights_only=True` for any use case where you don't have full control of the loaded file. Please open an issue on GitHub for any issues related to this experimental feature.
  agent.load_state_dict(torch.load(args.model_path, map_location=device))
wandb: updating run metadata
wandb: uploading output.log; uploading wandb-summary.json; uploading config.yaml
wandb: 
wandb: Run history:
wandb:         eval/episode ▁▁▁▁▁▁▂▂▂▂▂▂▂▃▃▃▃▄▄▄▅▅▅▅▅▅▅▆▆▆▆▆▆▆▇▇▇▇██
wandb: eval/episodic_return ▂▇▂▄▄▁▇▃▂▄▁▅▂▃▄▂▃▂▂▁▂█▆▆▂▁▃▅▆▁▂▁▇▂▅▁▁▂▄▂
wandb:   eval/eval_episodes ▁
wandb:      eval/iqm_return ▁
wandb:    eval/is_perturbed ▁
wandb:      eval/max_return ▁
wandb:     eval/mean_return ▁
wandb:   eval/median_return ▁
wandb:      eval/min_return ▁
wandb:      eval/std_return ▁
wandb: 
wandb: Run summary:
wandb:         eval/episode 99
wandb: eval/episodic_return 1599.688
wandb:   eval/eval_episodes 100
wandb:      eval/iqm_return 2101.39857
wandb:    eval/is_perturbed 1
wandb:      eval/max_return 5940.99646
wandb:     eval/mean_return 2424.12256
wandb:   eval/median_return 1932.55787
wandb:      eval/min_return 926.21439
wandb:      eval/std_return 1212.22902
wandb: 
wandb: 🚀 View run s2_tv_friction_1p2 at: https://wandb.ai/arjun-mahesh-duke-university/cleanrl/runs/eyuqdio7
wandb: ⭐️ View project at: https://wandb.ai/arjun-mahesh-duke-university/cleanrl
wandb: Synced 5 W&B file(s), 0 media file(s), 0 artifact file(s) and 0 other file(s)
wandb: Find logs at: ./wandb/run-20260222_212358-eyuqdio7/logs
loaded normalization stats from /home/users/am1015/rl_runs/Walker2d-v4__ppo_cont_tv_final_cap3500__2__1771811496/ppo_cont_tv_final_cap3500.cleanrl_model.norm_stats.npz
eval_episode=0, episodic_return=1785.3441237094892
eval_episode=1, episodic_return=5012.242855657327
eval_episode=2, episodic_return=1677.4662145399882
eval_episode=3, episodic_return=3291.521343342567
eval_episode=4, episodic_return=2500.7213779080375
eval_episode=5, episodic_return=3035.906477319125
eval_episode=6, episodic_return=2467.8012812915786
eval_episode=7, episodic_return=1300.9200174724776
eval_episode=8, episodic_return=1082.4021439979256
eval_episode=9, episodic_return=1274.9545396921856
eval_episode=10, episodic_return=3103.365508020838
eval_episode=11, episodic_return=4732.727783877745
eval_episode=12, episodic_return=1154.0706138692567
eval_episode=13, episodic_return=2899.5073050809797
eval_episode=14, episodic_return=5428.488379310287
eval_episode=15, episodic_return=1964.057380194758
eval_episode=16, episodic_return=2499.845932553626
eval_episode=17, episodic_return=2578.7039431082085
eval_episode=18, episodic_return=4178.2285797991335
eval_episode=19, episodic_return=1577.4385779171562
eval_episode=20, episodic_return=3275.8842468995085
eval_episode=21, episodic_return=2242.1107409971423
eval_episode=22, episodic_return=1878.325730428223
eval_episode=23, episodic_return=1668.2891869816215
eval_episode=24, episodic_return=1222.1526824530476
eval_episode=25, episodic_return=2114.3340212965395
eval_episode=26, episodic_return=3558.548117781068
eval_episode=27, episodic_return=1365.3724121395505
eval_episode=28, episodic_return=2763.6672298775634
eval_episode=29, episodic_return=1835.041864637484
eval_episode=30, episodic_return=2787.0327556877255
eval_episode=31, episodic_return=2514.6415937844654
eval_episode=32, episodic_return=3271.236880604708
eval_episode=33, episodic_return=1109.3292320218422
eval_episode=34, episodic_return=2807.7622527066687
eval_episode=35, episodic_return=1910.1439862506268
eval_episode=36, episodic_return=1633.719377083908
eval_episode=37, episodic_return=1710.3024371454876
eval_episode=38, episodic_return=2675.3447859258013
eval_episode=39, episodic_return=1666.348711432225
eval_episode=40, episodic_return=1829.0194994893664
eval_episode=41, episodic_return=2201.346161257738
eval_episode=42, episodic_return=1739.0671299377211
eval_episode=43, episodic_return=1327.1972065209886
eval_episode=44, episodic_return=1765.6279945887766
eval_episode=45, episodic_return=1906.072611386823
eval_episode=46, episodic_return=5940.996456499775
eval_episode=47, episodic_return=4680.556683363994
eval_episode=48, episodic_return=2225.2163061017254
eval_episode=49, episodic_return=1178.4325848601281
eval_episode=50, episodic_return=1412.2451546409939
eval_episode=51, episodic_return=4299.753390994979
eval_episode=52, episodic_return=1837.5915675706515
eval_episode=53, episodic_return=1141.1923496133882
eval_episode=54, episodic_return=1591.8152723490086
eval_episode=55, episodic_return=1245.0083174988358
eval_episode=56, episodic_return=2558.139687546747
eval_episode=57, episodic_return=1305.5255799281308
eval_episode=58, episodic_return=1574.2143264246192
eval_episode=59, episodic_return=926.2143927169546
eval_episode=60, episodic_return=1299.0150213028298
eval_episode=61, episodic_return=1526.658161136927
eval_episode=62, episodic_return=3950.5628151356013
eval_episode=63, episodic_return=1954.971745757294
eval_episode=64, episodic_return=2295.514064370304
eval_episode=65, episodic_return=3789.3123740472593
eval_episode=66, episodic_return=4599.331047622674
eval_episode=67, episodic_return=1352.7811022656138
eval_episode=68, episodic_return=4718.02061275869
eval_episode=69, episodic_return=2695.639593275394
eval_episode=70, episodic_return=1124.9166625265539
eval_episode=71, episodic_return=5069.795002940828
eval_episode=72, episodic_return=1879.1613760984778
eval_episode=73, episodic_return=1907.3473362986701
eval_episode=74, episodic_return=2266.789307501547
eval_episode=75, episodic_return=1310.7303485017808
eval_episode=76, episodic_return=1479.3441662949042
eval_episode=77, episodic_return=5247.866825223277
eval_episode=78, episodic_return=1531.1328988899154
eval_episode=79, episodic_return=1686.881925243762
eval_episode=80, episodic_return=3490.9691947355777
eval_episode=81, episodic_return=2519.8473578444214
eval_episode=82, episodic_return=1813.2760670968878
eval_episode=83, episodic_return=2533.415621970872
eval_episode=84, episodic_return=1891.8665465331885
eval_episode=85, episodic_return=3912.097275044211
eval_episode=86, episodic_return=4519.95234376408
eval_episode=87, episodic_return=2335.071642658464
eval_episode=88, episodic_return=1179.5131438054002
eval_episode=89, episodic_return=1241.5365633255874
eval_episode=90, episodic_return=1141.611427296261
eval_episode=91, episodic_return=1593.9328750919503
eval_episode=92, episodic_return=2185.593016922092
eval_episode=93, episodic_return=1537.9925399939934
eval_episode=94, episodic_return=3057.561712521652
eval_episode=95, episodic_return=3907.2762411395547
eval_episode=96, episodic_return=5499.876554311125
eval_episode=97, episodic_return=1853.8044284391
eval_episode=98, episodic_return=2671.0662002959857
eval_episode=99, episodic_return=1599.6879990068824
mean_return=2424.1226
std_return=1212.2290
median_return=1932.5579
iqm_return=2101.3986
min_return=926.2144
max_return=5940.9965
metrics appended to /home/users/am1015/cleanrl/sweeps/metrics/seed_2.csv
wandb: [wandb.login()] Loaded credentials for https://api.wandb.ai from /home/users/am1015/.netrc.
wandb: Currently logged in as: arjun-mahesh (arjun-mahesh-duke-university) to https://api.wandb.ai. Use `wandb login --relogin` to force relogin
wandb: setting up run 6i8j3a8j
wandb: Tracking run with wandb version 0.25.0
wandb: Run data is saved locally in /home/users/am1015/cleanrl/wandb/run-20260222_212452-6i8j3a8j
wandb: Run `wandb offline` to turn off syncing.
wandb: Syncing run s2_vanilla_friction_1p3
wandb: ⭐️ View project at https://wandb.ai/arjun-mahesh-duke-university/cleanrl
wandb: 🚀 View run at https://wandb.ai/arjun-mahesh-duke-university/cleanrl/runs/6i8j3a8j
/home/users/am1015/cleanrl/.venv/lib/python3.11/site-packages/gymnasium/envs/registration.py:512: DeprecationWarning: [33mWARN: The environment Walker2d-v4 is out of date. You should consider upgrading to version `v5`.[0m
  logger.deprecation(
/home/users/am1015/cleanrl/evaluate_ppo_robust.py:162: FutureWarning: You are using `torch.load` with `weights_only=False` (the current default value), which uses the default pickle module implicitly. It is possible to construct malicious pickle data which will execute arbitrary code during unpickling (See https://github.com/pytorch/pytorch/blob/main/SECURITY.md#untrusted-models for more details). In a future release, the default value for `weights_only` will be flipped to `True`. This limits the functions that could be executed during unpickling. Arbitrary objects will no longer be allowed to be loaded via this mode unless they are explicitly allowlisted by the user via `torch.serialization.add_safe_globals`. We recommend you start setting `weights_only=True` for any use case where you don't have full control of the loaded file. Please open an issue on GitHub for any issues related to this experimental feature.
  agent.load_state_dict(torch.load(args.model_path, map_location=device))
wandb: updating run metadata
wandb: uploading history steps 0-100, summary, console lines 87-110
wandb: 
wandb: Run history:
wandb:         eval/episode ▁▁▁▁▁▂▂▂▂▂▃▃▃▃▃▄▄▄▄▄▄▅▅▅▅▅▅▅▆▆▆▆▆▇▇▇████
wandb: eval/episodic_return ▂▁▃▂▄▂▂▂▅▃▁▁▂▂▄▂▁▁▃▁▂▁▁▄▁▂▂▅▂▂▂▁▂▄▂▃▂▂█▁
wandb:   eval/eval_episodes ▁
wandb:      eval/iqm_return ▁
wandb:    eval/is_perturbed ▁
wandb:      eval/max_return ▁
wandb:     eval/mean_return ▁
wandb:   eval/median_return ▁
wandb:      eval/min_return ▁
wandb:      eval/std_return ▁
wandb: 
wandb: Run summary:
wandb:         eval/episode 99
wandb: eval/episodic_return 1232.95332
wandb:   eval/eval_episodes 100
wandb:      eval/iqm_return 1528.36472
wandb:    eval/is_perturbed 1
wandb:      eval/max_return 6775.27171
wandb:     eval/mean_return 1755.61909
wandb:   eval/median_return 1536.71074
wandb:      eval/min_return 895.61774
wandb:      eval/std_return 832.2116
wandb: 
wandb: 🚀 View run s2_vanilla_friction_1p3 at: https://wandb.ai/arjun-mahesh-duke-university/cleanrl/runs/6i8j3a8j
wandb: ⭐️ View project at: https://wandb.ai/arjun-mahesh-duke-university/cleanrl
wandb: Synced 5 W&B file(s), 0 media file(s), 0 artifact file(s) and 0 other file(s)
wandb: Find logs at: ./wandb/run-20260222_212452-6i8j3a8j/logs
loaded normalization stats from /home/users/am1015/rl_runs/Walker2d-v4__ppo_cont_vanilla_final__2__1771811166/ppo_cont_vanilla_final.cleanrl_model.norm_stats.npz
eval_episode=0, episodic_return=1636.1877436385146
eval_episode=1, episodic_return=1097.8988544496956
eval_episode=2, episodic_return=1747.7760580546924
eval_episode=3, episodic_return=1256.2535209740497
eval_episode=4, episodic_return=2445.0898747696297
eval_episode=5, episodic_return=1682.665780844153
eval_episode=6, episodic_return=1627.3631591220017
eval_episode=7, episodic_return=1516.572372815374
eval_episode=8, episodic_return=3222.8808149132365
eval_episode=9, episodic_return=2234.307513324478
eval_episode=10, episodic_return=1353.5665375497208
eval_episode=11, episodic_return=1309.9591950596805
eval_episode=12, episodic_return=2346.0415244663054
eval_episode=13, episodic_return=1903.0343317408306
eval_episode=14, episodic_return=1352.5862032834643
eval_episode=15, episodic_return=1848.567510110525
eval_episode=16, episodic_return=4606.355733459938
eval_episode=17, episodic_return=1247.9513273050595
eval_episode=18, episodic_return=2287.7809914679774
eval_episode=19, episodic_return=1158.8359369355999
eval_episode=20, episodic_return=1555.0718684006617
eval_episode=21, episodic_return=1189.7789456125613
eval_episode=22, episodic_return=1304.7955235235515
eval_episode=23, episodic_return=1270.168868731145
eval_episode=24, episodic_return=1532.8342881058102
eval_episode=25, episodic_return=1203.2727834250486
eval_episode=26, episodic_return=1248.3676050276688
eval_episode=27, episodic_return=1526.4225306408682
eval_episode=28, episodic_return=1542.4218452292714
eval_episode=29, episodic_return=2962.6827150311065
eval_episode=30, episodic_return=1594.6330231617524
eval_episode=31, episodic_return=3478.197946549269
eval_episode=32, episodic_return=1324.6267400542172
eval_episode=33, episodic_return=1508.4919868763518
eval_episode=34, episodic_return=2108.6666989925816
eval_episode=35, episodic_return=1417.2296469955597
eval_episode=36, episodic_return=1190.7376787647188
eval_episode=37, episodic_return=1259.5372146566142
eval_episode=38, episodic_return=1216.850292362393
eval_episode=39, episodic_return=2951.6280276995694
eval_episode=40, episodic_return=2264.3493239984673
eval_episode=41, episodic_return=1385.55507294602
eval_episode=42, episodic_return=1248.7131338893867
eval_episode=43, episodic_return=1042.008980322998
eval_episode=44, episodic_return=1830.5129970439232
eval_episode=45, episodic_return=2256.860588240246
eval_episode=46, episodic_return=1248.576299312746
eval_episode=47, episodic_return=2469.043368741042
eval_episode=48, episodic_return=1199.1339905763566
eval_episode=49, episodic_return=1121.564087824171
eval_episode=50, episodic_return=3590.6572910863647
eval_episode=51, episodic_return=1716.313717334474
eval_episode=52, episodic_return=2261.188646593193
eval_episode=53, episodic_return=1647.0314769961235
eval_episode=54, episodic_return=1691.526612257669
eval_episode=55, episodic_return=1084.1718068524256
eval_episode=56, episodic_return=1422.5964598641397
eval_episode=57, episodic_return=1570.8116494535097
eval_episode=58, episodic_return=1962.9402916103825
eval_episode=59, episodic_return=1540.587188722975
eval_episode=60, episodic_return=1297.8576910192064
eval_episode=61, episodic_return=1190.0243815913211
eval_episode=62, episodic_return=1794.6883039344555
eval_episode=63, episodic_return=1193.7712927958405
eval_episode=64, episodic_return=3899.4589541155424
eval_episode=65, episodic_return=1649.2794233986992
eval_episode=66, episodic_return=2047.745806892391
eval_episode=67, episodic_return=1473.195442417705
eval_episode=68, episodic_return=1688.1423489076037
eval_episode=69, episodic_return=1194.023516868681
eval_episode=70, episodic_return=1446.9406241565182
eval_episode=71, episodic_return=1527.985125847488
eval_episode=72, episodic_return=1109.59174788871
eval_episode=73, episodic_return=1877.6638432889306
eval_episode=74, episodic_return=1165.0263402086046
eval_episode=75, episodic_return=1289.7003547869672
eval_episode=76, episodic_return=1155.4630750030854
eval_episode=77, episodic_return=1565.6432834213315
eval_episode=78, episodic_return=1609.383297781078
eval_episode=79, episodic_return=895.6177422563688
eval_episode=80, episodic_return=1566.0008679307555
eval_episode=81, episodic_return=1251.6740285550225
eval_episode=82, episodic_return=3172.9224532169414
eval_episode=83, episodic_return=1784.6797419850166
eval_episode=84, episodic_return=2612.0272797792077
eval_episode=85, episodic_return=1063.1566123488797
eval_episode=86, episodic_return=1024.0871280116837
eval_episode=87, episodic_return=2235.7055040765417
eval_episode=88, episodic_return=1931.5223273606407
eval_episode=89, episodic_return=1595.9139860575647
eval_episode=90, episodic_return=6775.27171097721
eval_episode=91, episodic_return=1710.4733773089556
eval_episode=92, episodic_return=1585.8457798413058
eval_episode=93, episodic_return=2200.6053005570298
eval_episode=94, episodic_return=1527.33020278169
eval_episode=95, episodic_return=1461.4025020386068
eval_episode=96, episodic_return=1492.6872257764796
eval_episode=97, episodic_return=1249.0817154775311
eval_episode=98, episodic_return=1195.1310351662744
eval_episode=99, episodic_return=1232.9533151058765
mean_return=1755.6191
std_return=832.2116
median_return=1536.7107
iqm_return=1528.3647
min_return=895.6177
max_return=6775.2717
metrics appended to /home/users/am1015/cleanrl/sweeps/metrics/seed_2.csv
wandb: [wandb.login()] Loaded credentials for https://api.wandb.ai from /home/users/am1015/.netrc.
wandb: Currently logged in as: arjun-mahesh (arjun-mahesh-duke-university) to https://api.wandb.ai. Use `wandb login --relogin` to force relogin
wandb: setting up run cj5ebuup
wandb: Tracking run with wandb version 0.25.0
wandb: Run data is saved locally in /home/users/am1015/cleanrl/wandb/run-20260222_212534-cj5ebuup
wandb: Run `wandb offline` to turn off syncing.
wandb: Syncing run s2_tv_friction_1p3
wandb: ⭐️ View project at https://wandb.ai/arjun-mahesh-duke-university/cleanrl
wandb: 🚀 View run at https://wandb.ai/arjun-mahesh-duke-university/cleanrl/runs/cj5ebuup
/home/users/am1015/cleanrl/.venv/lib/python3.11/site-packages/gymnasium/envs/registration.py:512: DeprecationWarning: [33mWARN: The environment Walker2d-v4 is out of date. You should consider upgrading to version `v5`.[0m
  logger.deprecation(
/home/users/am1015/cleanrl/evaluate_ppo_robust.py:162: FutureWarning: You are using `torch.load` with `weights_only=False` (the current default value), which uses the default pickle module implicitly. It is possible to construct malicious pickle data which will execute arbitrary code during unpickling (See https://github.com/pytorch/pytorch/blob/main/SECURITY.md#untrusted-models for more details). In a future release, the default value for `weights_only` will be flipped to `True`. This limits the functions that could be executed during unpickling. Arbitrary objects will no longer be allowed to be loaded via this mode unless they are explicitly allowlisted by the user via `torch.serialization.add_safe_globals`. We recommend you start setting `weights_only=True` for any use case where you don't have full control of the loaded file. Please open an issue on GitHub for any issues related to this experimental feature.
  agent.load_state_dict(torch.load(args.model_path, map_location=device))
wandb: updating run metadata
wandb: uploading history steps 0-100, summary, console lines 87-110
wandb: 
wandb: Run history:
wandb:         eval/episode ▁▁▁▁▁▂▂▂▃▃▃▃▃▄▄▄▄▄▄▄▄▅▅▅▅▅▆▆▆▆▆▇▇▇▇▇▇▇██
wandb: eval/episodic_return ▁▁▂▂▂▃▁▄▁▄▁▁█▁▂▅▂▃▁▁▃▂▁▁▂▂▂▂▃▅▁▂▄▅▃▁▂▂▁▁
wandb:   eval/eval_episodes ▁
wandb:      eval/iqm_return ▁
wandb:    eval/is_perturbed ▁
wandb:      eval/max_return ▁
wandb:     eval/mean_return ▁
wandb:   eval/median_return ▁
wandb:      eval/min_return ▁
wandb:      eval/std_return ▁
wandb: 
wandb: Run summary:
wandb:         eval/episode 99
wandb: eval/episodic_return 1179.9178
wandb:   eval/eval_episodes 100
wandb:      eval/iqm_return 1543.80191
wandb:    eval/is_perturbed 1
wandb:      eval/max_return 4373.03428
wandb:     eval/mean_return 1753.6024
wandb:   eval/median_return 1504.8304
wandb:      eval/min_return 950.83444
wandb:      eval/std_return 705.3172
wandb: 
wandb: 🚀 View run s2_tv_friction_1p3 at: https://wandb.ai/arjun-mahesh-duke-university/cleanrl/runs/cj5ebuup
wandb: ⭐️ View project at: https://wandb.ai/arjun-mahesh-duke-university/cleanrl
wandb: Synced 5 W&B file(s), 0 media file(s), 0 artifact file(s) and 0 other file(s)
wandb: Find logs at: ./wandb/run-20260222_212534-cj5ebuup/logs
loaded normalization stats from /home/users/am1015/rl_runs/Walker2d-v4__ppo_cont_tv_final_cap3500__2__1771811496/ppo_cont_tv_final_cap3500.cleanrl_model.norm_stats.npz
eval_episode=0, episodic_return=1303.1579484306812
eval_episode=1, episodic_return=1137.2556271895573
eval_episode=2, episodic_return=1493.4953115470337
eval_episode=3, episodic_return=1265.1189659870197
eval_episode=4, episodic_return=1712.2821239391994
eval_episode=5, episodic_return=1407.8175011811416
eval_episode=6, episodic_return=1438.3549392903494
eval_episode=7, episodic_return=1521.8600664761889
eval_episode=8, episodic_return=1750.5633530710763
eval_episode=9, episodic_return=4373.034281243305
eval_episode=10, episodic_return=2132.799453600388
eval_episode=11, episodic_return=1937.5567134569399
eval_episode=12, episodic_return=1263.1083413535164
eval_episode=13, episodic_return=1549.5641367666233
eval_episode=14, episodic_return=1150.8355138416712
eval_episode=15, episodic_return=1429.1187144593403
eval_episode=16, episodic_return=1334.4538001461128
eval_episode=17, episodic_return=1522.9368943032625
eval_episode=18, episodic_return=2511.4895150273605
eval_episode=19, episodic_return=1164.9839983807076
eval_episode=20, episodic_return=2361.4226281730907
eval_episode=21, episodic_return=1512.9809000740659
eval_episode=22, episodic_return=1618.259449074575
eval_episode=23, episodic_return=2889.402936064728
eval_episode=24, episodic_return=1215.5253000952273
eval_episode=25, episodic_return=1099.43940020701
eval_episode=26, episodic_return=2369.4568947462894
eval_episode=27, episodic_return=4213.754249747967
eval_episode=28, episodic_return=1183.706507534596
eval_episode=29, episodic_return=1626.4146015451147
eval_episode=30, episodic_return=1433.4329991759796
eval_episode=31, episodic_return=2431.3183157211556
eval_episode=32, episodic_return=1155.9739289866523
eval_episode=33, episodic_return=1182.8537673137928
eval_episode=34, episodic_return=1214.2150769800721
eval_episode=35, episodic_return=1190.3164691754778
eval_episode=36, episodic_return=2872.8969015425496
eval_episode=37, episodic_return=1441.727524620717
eval_episode=38, episodic_return=1912.6783488241986
eval_episode=39, episodic_return=1508.5569634658239
eval_episode=40, episodic_return=1887.884609507931
eval_episode=41, episodic_return=950.8344370308783
eval_episode=42, episodic_return=1592.6869747101732
eval_episode=43, episodic_return=1694.4003076115364
eval_episode=44, episodic_return=1167.4869926645652
eval_episode=45, episodic_return=3349.930967460129
eval_episode=46, episodic_return=1878.6996689831356
eval_episode=47, episodic_return=1082.9087311233054
eval_episode=48, episodic_return=3632.331350783431
eval_episode=49, episodic_return=1224.909395366614
eval_episode=50, episodic_return=2282.6155702183196
eval_episode=51, episodic_return=1732.6558245036695
eval_episode=52, episodic_return=3844.639560062872
eval_episode=53, episodic_return=1771.6505983614795
eval_episode=54, episodic_return=1560.1063901401521
eval_episode=55, episodic_return=1104.2543436371736
eval_episode=56, episodic_return=3255.5196551985523
eval_episode=57, episodic_return=1982.8237816145127
eval_episode=58, episodic_return=1502.7103765303352
eval_episode=59, episodic_return=1298.4229469265592
eval_episode=60, episodic_return=1374.2831126472925
eval_episode=61, episodic_return=1485.422748715351
eval_episode=62, episodic_return=1497.4091147047327
eval_episode=63, episodic_return=1340.3494877068915
eval_episode=64, episodic_return=1221.3958717296496
eval_episode=65, episodic_return=2139.177963180577
eval_episode=66, episodic_return=1581.4486129642344
eval_episode=67, episodic_return=1546.8879168047083
eval_episode=68, episodic_return=1178.9132679557435
eval_episode=69, episodic_return=1793.050274239079
eval_episode=70, episodic_return=1366.3889876433825
eval_episode=71, episodic_return=1368.1458896431318
eval_episode=72, episodic_return=2948.6570526944324
eval_episode=73, episodic_return=2792.2749539648466
eval_episode=74, episodic_return=1658.252776455695
eval_episode=75, episodic_return=1170.683894762974
eval_episode=76, episodic_return=1426.6372192198025
eval_episode=77, episodic_return=1383.4487710181552
eval_episode=78, episodic_return=2346.9552959675657
eval_episode=79, episodic_return=1099.781571455883
eval_episode=80, episodic_return=2846.502669565887
eval_episode=81, episodic_return=1978.098213632511
eval_episode=82, episodic_return=1506.9504168526696
eval_episode=83, episodic_return=1299.4779043982958
eval_episode=84, episodic_return=2777.9525499983556
eval_episode=85, episodic_return=1469.9153010607295
eval_episode=86, episodic_return=1847.618928002169
eval_episode=87, episodic_return=2629.047993454757
eval_episode=88, episodic_return=1430.847689427015
eval_episode=89, episodic_return=2155.8400545288723
eval_episode=90, episodic_return=1471.453527856785
eval_episode=91, episodic_return=1799.1951290594582
eval_episode=92, episodic_return=1283.3656398001726
eval_episode=93, episodic_return=1337.3993484554298
eval_episode=94, episodic_return=1383.8444177348354
eval_episode=95, episodic_return=1946.4472921770266
eval_episode=96, episodic_return=985.1742680110352
eval_episode=97, episodic_return=1447.2380866555122
eval_episode=98, episodic_return=1232.7949864563843
eval_episode=99, episodic_return=1179.9178036555963
mean_return=1753.6024
std_return=705.3172
median_return=1504.8304
iqm_return=1543.8019
min_return=950.8344
max_return=4373.0343
metrics appended to /home/users/am1015/cleanrl/sweeps/metrics/seed_2.csv
